[福城建设-接口监控平台]:方法POST  路径/login/LOGINAUTO  状态200
[福城建设-接口监控平台]:方法POST  路径/login/LOGINU  状态200
[福城建设-接口监控平台]:方法POST  路径/adminlogin/GETADMINSTATE  状态200
[福城建设-接口监控平台]:方法POST  路径/login/GETUSERINFO  状态200
[福城建设-接口监控平台]:方法POST  路径/adminlogin/GETROUTER  状态200
[福城建设-接口监控平台]:方法POST  路径/sort/GETSORTS  状态200
[福城建设-接口监控平台]:方法POST  路径/brand/GETBRANDS  状态200
[福城建设-接口监控平台]:方法POST  路径/shop/GETSHOPS  状态200
[福城建设-接口监控平台]:方法POST  路径/sort/GETSORTS  状态200
[福城建设-接口监控平台]:方法POST  路径/brand/GETBRANDS  状态200
[福城建设-接口监控平台]:方法POST  路径/shop/GETSHOPS  状态200
[福城建设-接口监控平台]:方法POST  路径/shop/GETSHOPBYID  状态200
[福城建设-接口监控平台]:方法POST  路径/stock/GETSTOCKBYID  状态200
[福城建设-接口监控平台]:方法POST  路径/shop/GETSHOPS  状态200
[福城建设-接口监控平台]:方法POST  路径/sort/GETSORTS  状态200
[福城建设-接口监控平台]:方法POST  路径/brand/GETBRANDS  状态200
[福城建设-接口监控平台]:方法POST  路径/shop/GETSHOPBYID  状态200
[福城建设-接口监控平台]:方法POST  路径/stock/GETSTOCKBYID  状态200
[福城建设-接口监控平台]:方法POST  路径/spec/GETSPECS  状态200
[福城建设-接口监控平台]:方法POST  路径/ad/GETADS  状态200
[福城建设-接口监控平台]:方法GET  路径/ad/20203511311237947.png  状态304
[福城建设-接口监控平台]:方法GET  路径/ad/2020351117275342.png  状态304
[福城建设-接口监控平台]:方法GET  路径/ad/2020351117871858.png  状态304
[福城建设-接口监控平台]:方法GET  路径/ad/2020351117414984.png  状态304
[福城建设-接口监控平台]:方法POST  路径/ad/GETADS  状态200
[福城建设-接口监控平台]:方法POST  路径/ad/GETADS  状态200
[福城建设-接口监控平台]:方法POST  路径/login/LOGINAUTO  状态200
[福城建设-接口监控平台]:方法POST  路径/login/GETUSERINFO  状态200
[福城建设-接口监控平台]:方法POST  路径/ad/GETADS  状态200
[福城建设-接口监控平台]:方法GET  路径/ad/20203511311237947.png  状态200
[福城建设-接口监控平台]:方法GET  路径/ad/2020351117275342.png  状态200
[福城建设-接口监控平台]:方法GET  路径/ad/2020351117414984.png  状态200
[福城建设-接口监控平台]:方法GET  路径/ad/2020351117871858.png  状态200
[福城建设-接口监控平台]:方法POST  路径/login/LOGINAUTO  状态200
[福城建设-接口监控平台]:方法POST  路径/ad/GETADS  状态200
[福城建设-接口监控平台]:方法POST  路径/login/GETUSERINFO  状态200
[福城建设-接口监控平台]:方法GET  路径/ad/2020351117414984.png  状态200
[福城建设-接口监控平台]:方法GET  路径/ad/20203511311237947.png  状态200
[福城建设-接口监控平台]:方法GET  路径/ad/2020351117275342.png  状态200
[福城建设-接口监控平台]:方法GET  路径/ad/2020351117871858.png  状态200
[福城建设-接口监控平台]:方法POST  路径/ad/GETADS  状态200
[福城建设-接口监控平台]:方法POST  路径/ad/GETADS  状态200
[福城建设-接口监控平台]:方法GET  路径/ad/20203511311237947.png  状态200
[福城建设-接口监控平台]:方法GET  路径/ad/2020351117871858.png  状态200
[福城建设-接口监控平台]:方法GET  路径/ad/2020351117275342.png  状态200
[福城建设-接口监控平台]:方法GET  路径/ad/2020351117414984.png  状态200
[福城建设-接口监控平台]:方法GET  路径/ad/2020351117414984.png  状态200
[福城建设-接口监控平台]:方法GET  路径/ad/20203511311237947.png  状态200
[福城建设-接口监控平台]:方法GET  路径/ad/2020351117275342.png  状态200
[福城建设-接口监控平台]:方法GET  路径/ad/2020351117871858.png  状态200
[福城建设-接口监控平台]:方法POST  路径/ad/GETADS  状态200
[福城建设-接口监控平台]:方法POST  路径/login/LOGINAUTO  状态200
[福城建设-接口监控平台]:方法POST  路径/login/GETUSERINFO  状态200
[福城建设-接口监控平台]:方法POST  路径/ad/GETADS  状态200
[福城建设-接口监控平台]:方法GET  路径/ad/2020351117414984.png  状态200
[福城建设-接口监控平台]:方法GET  路径/ad/20203511311237947.png  状态200
[福城建设-接口监控平台]:方法GET  路径/ad/2020351117275342.png  状态200
[福城建设-接口监控平台]:方法GET  路径/ad/2020351117871858.png  状态200
[福城建设-接口监控平台]:方法POST  路径/login/LOGINAUTO  状态200
[福城建设-接口监控平台]:方法POST  路径/login/GETUSERINFO  状态200
[福城建设-接口监控平台]:方法POST  路径/shop/GETSHOPS  状态200
[福城建设-接口监控平台]:方法POST  路径/sort/GETSORTS  状态200
[福城建设-接口监控平台]:方法POST  路径/brand/GETBRANDS  状态200
[福城建设-接口监控平台]:方法POST  路径/receive/GETRECEIVE  状态200
[福城建设-接口监控平台]:方法POST  路径/brand/GETBRANDS  状态200
[福城建设-接口监控平台]:方法GET  路径/brand/20201521145640377.png  状态200
[福城建设-接口监控平台]:方法GET  路径/brand/20201521152281778.png  状态200
[福城建设-接口监控平台]:方法GET  路径/brand/20201521155187065.png  状态200
[福城建设-接口监控平台]:方法GET  路径/brand/20201521153573176.png  状态200
[福城建设-接口监控平台]:方法GET  路径/brand/20201620524488626.png  状态200
[福城建设-接口监控平台]:方法POST  路径/login/LOGINAUTO  状态200
[福城建设-接口监控平台]:方法POST  路径/login/LOGINU  状态200
[福城建设-接口监控平台]:方法POST  路径/adminlogin/GETADMINSTATE  状态200
[福城建设-接口监控平台]:方法POST  路径/login/GETUSERINFO  状态200
[福城建设-接口监控平台]:方法POST  路径/adminlogin/GETROUTER  状态200
[福城建设-接口监控平台]:方法POST  路径/sort/GETSORTS  状态200
[福城建设-接口监控平台]:方法POST  路径/brand/GETBRANDS  状态200
[福城建设-接口监控平台]:方法POST  路径/shop/GETSHOPS  状态200
[福城建设-接口监控平台]:方法POST  路径/sort/GETSORTS  状态200
[福城建设-接口监控平台]:方法POST  路径/coupon/GETCOUPONBYSORT  状态200
[福城建设-接口监控平台]:方法POST  路径/fixmodel/GETMODELS  状态200
[福城建设-接口监控平台]:方法POST  路径/fixitem/GETFIXITEMS  状态200
[福城建设-接口监控平台]:方法POST  路径/order/GETUNFIX  状态200
[福城建设-接口监控平台]:方法POST  路径/order/GETFIXORDERDETAIL  状态200
[福城建设-接口监控平台]:方法POST  路径/login/LOGINAUTO  状态200
[福城建设-接口监控平台]:方法POST  路径/login/LOGINU  状态200
[福城建设-接口监控平台]:方法POST  路径/adminlogin/GETADMINSTATE  状态200
[福城建设-接口监控平台]:方法POST  路径/login/GETUSERINFO  状态200
[福城建设-接口监控平台]:方法POST  路径/adminlogin/GETROUTER  状态200
[福城建设-接口监控平台]:方法POST  路径/fixmodel/GETWAITFIX  状态200
[福城建设-接口监控平台]:方法POST  路径/fixitemsort/GETSORTS  状态200
[福城建设-接口监控平台]:方法POST  路径/order/GETUNDELIVER  状态200
[福城建设-接口监控平台]:方法POST  路径/order/GETORDERSHOP  状态200
[福城建设-接口监控平台]:方法POST  路径/order/GETORDERDETAIL  状态200
[福城建设-接口监控平台]:方法POST  路径/order/GETORDERSHOP  状态200
[福城建设-接口监控平台]:方法POST  路径/order/GETORDERDETAIL  状态200
[福城建设-接口监控平台]:方法POST  路径/order/GETCENTERORDERINFO  状态200
[福城建设-接口监控平台]:方法POST  路径/order/GETORDERSHOP  状态200
[福城建设-接口监控平台]:方法POST  路径/order/GETORDERDETAIL  状态200
[福城建设-接口监控平台]:方法POST  路径/order/GETORDERDETAIL  状态200
[福城建设-接口监控平台]:方法POST  路径/order/GETORDERSHOP  状态200
[福城建设-接口监控平台]:方法POST  路径/order/GETCENTERORDERINFO  状态200
[福城建设-接口监控平台]:方法POST  路径/aftersail/GETUSERAFTERSAIL  状态200
[福城建设-接口监控平台]:方法POST  路径/aftersail/AFTERSAILDETAIL  状态200
[福城建设-接口监控平台]:方法POST  路径/order/GETORDERSHOP  状态200
[福城建设-接口监控平台]:方法POST  路径/order/GETORDERDETAIL  状态200
