[福城建设-接口监控平台]:方法POST  路径/ad/GETAD  状态200
[福城建设-接口监控平台]:方法POST  路径/ad/GETAD  状态200
[福城建设-接口监控平台]:方法POST  路径/sort/GETSORT  状态200
[福城建设-接口监控平台]:方法POST  路径/login/LOGINAUTO  状态200
[福城建设-接口监控平台]:方法POST  路径/ad/GETAD  状态200
[福城建设-接口监控平台]:方法POST  路径/ad/GETAD  状态200
[福城建设-接口监控平台]:方法POST  路径/sort/GETSORT  状态200
[福城建设-接口监控平台]:方法POST  路径/login/LOGINAUTO  状态200
[福城建设-接口监控平台]:方法GET  路径/  状态200
[福城建设-接口监控平台]:方法GET  路径/favicon.ico  状态404
[福城建设-接口监控平台]:方法POST  路径/login/LOGINU  状态200
[福城建设-接口监控平台]:方法POST  路径/adminlogin/GETADMINSTATE  状态200
[福城建设-接口监控平台]:方法POST  路径/login/GETUSERINFO  状态200
[福城建设-接口监控平台]:方法POST  路径/login/LOGINU  状态200
[福城建设-接口监控平台]:方法POST  路径/login/LOGINU  状态200
[福城建设-接口监控平台]:方法POST  路径/login/LOGINU  状态200
[福城建设-接口监控平台]:方法POST  路径/adminlogin/GETROUTER  状态200
[福城建设-接口监控平台]:方法POST  路径/login/LOGINU  状态200
[福城建设-接口监控平台]:方法POST  路径/adminlogin/GETADMINSTATE  状态200
[福城建设-接口监控平台]:方法POST  路径/adminlogin/GETADMINSTATE  状态200
[福城建设-接口监控平台]:方法POST  路径/adminlogin/GETADMINSTATE  状态200
[福城建设-接口监控平台]:方法POST  路径/adminlogin/GETADMINSTATE  状态200
[福城建设-接口监控平台]:方法POST  路径/login/GETUSERINFO  状态200
[福城建设-接口监控平台]:方法POST  路径/adminlogin/GETROUTER  状态200
[福城建设-接口监控平台]:方法POST  路径/order/GETCENTERORDERINFO  状态200
[福城建设-接口监控平台]:方法POST  路径/fixmodel/GETWAITFIX  状态200
[福城建设-接口监控平台]:方法POST  路径/order/GETCENTERORDERINFO  状态200
[福城建设-接口监控平台]:方法GET  路径/  状态200
[福城建设-接口监控平台]:方法POST  路径/imgValidator/GET  状态200
[福城建设-接口监控平台]:方法POST  路径/imgValidator/CHECK  状态200
[福城建设-接口监控平台]:方法POST  路径/imgValidator/GET  状态200
[福城建设-接口监控平台]:方法POST  路径/imgValidator/CHECK  状态200
[福城建设-接口监控平台]:方法POST  路径/login/LOGINU  状态200
[福城建设-接口监控平台]:方法POST  路径/login/GETUSERINFO  状态200
[福城建设-接口监控平台]:方法POST  路径/shopcar/GETSHOPCAR  状态200
[福城建设-接口监控平台]:方法GET  路径/userHead/default.png  状态304
[福城建设-接口监控平台]:方法POST  路径/ad/GETAD  状态200
[福城建设-接口监控平台]:方法POST  路径/sort/GETSORT  状态200
[福城建设-接口监控平台]:方法POST  路径/ad/GETAD  状态200
[福城建设-接口监控平台]:方法POST  路径/order/GETCENTERORDERINFO  状态200
[福城建设-接口监控平台]:方法POST  路径/order/GETFIXORDERITEM  状态200
[福城建设-接口监控平台]:方法POST  路径/order/GETORDERDETAIL  状态200
[福城建设-接口监控平台]:方法POST  路径/coupon/GETUSERCOUPON  状态200
[福城建设-接口监控平台]:方法POST  路径/receive/GETUSERRECEIVE  状态200
[福城建设-接口监控平台]:方法POST  路径/order/GETCENTERORDERINFO  状态200
[福城建设-接口监控平台]:方法POST  路径/order/GETCENTERORDERINFO  状态200
[福城建设-接口监控平台]:方法POST  路径/order/GETCENTERORDERINFO  状态200
[福城建设-接口监控平台]:方法POST  路径/order/GETORDERDETAIL  状态200
[福城建设-接口监控平台]:方法POST  路径/order/GETORDERSHOP  状态200
[福城建设-接口监控平台]:方法POST  路径/order/GETORDERDETAIL  状态200
[福城建设-接口监控平台]:方法POST  路径/order/GETORDERSHOP  状态200
[福城建设-接口监控平台]:方法POST  路径/order/GETUNDELIVER  状态200
[福城建设-接口监控平台]:方法POST  路径/order/GETORDERDETAIL  状态200
[福城建设-接口监控平台]:方法POST  路径/order/GETORDERSHOP  状态200
[福城建设-接口监控平台]:方法POST  路径/order/SEND  状态200
[福城建设-接口监控平台]:方法POST  路径/order/GETUNDELIVER  状态200
[福城建设-接口监控平台]:方法POST  路径/ad/GETAD  状态200
[福城建设-接口监控平台]:方法POST  路径/ad/GETAD  状态200
[福城建设-接口监控平台]:方法POST  路径/sort/GETSORT  状态200
[福城建设-接口监控平台]:方法POST  路径/phoneValidator/GET  状态200
[福城建设-接口监控平台]:方法POST  路径/phoneValidator/CHECK  状态200
[福城建设-接口监控平台]:方法POST  路径/register/REGISTERNEW  状态200
[福城建设-接口监控平台]:方法POST  路径/login/LOGINU  状态200
[福城建设-接口监控平台]:方法GET  路径/  状态200
[福城建设-接口监控平台]:方法POST  路径/imgValidator/GET  状态200
[福城建设-接口监控平台]:方法POST  路径/imgValidator/CHECK  状态200
[福城建设-接口监控平台]:方法POST  路径/login/LOGINU  状态200
[福城建设-接口监控平台]:方法POST  路径/login/GETUSERINFO  状态200
[福城建设-接口监控平台]:方法POST  路径/shopcar/GETSHOPCAR  状态200
[福城建设-接口监控平台]:方法GET  路径/userHead/default.png  状态304
[福城建设-接口监控平台]:方法POST  路径/sort/GETSORT  状态200
[福城建设-接口监控平台]:方法POST  路径/ad/GETAD  状态200
[福城建设-接口监控平台]:方法POST  路径/ad/GETAD  状态200
[福城建设-接口监控平台]:方法POST  路径/order/GETCENTERORDERINFO  状态200
[福城建设-接口监控平台]:方法POST  路径/coupon/GETUSERCOUPON  状态200
[福城建设-接口监控平台]:方法POST  路径/order/GETCENTERORDERINFO  状态200
[福城建设-接口监控平台]:方法GET  路径/  状态200
[福城建设-接口监控平台]:方法POST  路径/login/LOGINAUTO  状态200
[福城建设-接口监控平台]:方法POST  路径/login/GETUSERINFO  状态200
[福城建设-接口监控平台]:方法POST  路径/shopcar/GETSHOPCAR  状态200
[福城建设-接口监控平台]:方法GET  路径/userHead/default.png  状态304
[福城建设-接口监控平台]:方法POST  路径/order/GETCENTERORDERINFO  状态200
[福城建设-接口监控平台]:方法POST  路径/coupon/GETUSERCOUPON  状态200
[福城建设-接口监控平台]:方法POST  路径/receive/GETUSERRECEIVE  状态200
[福城建设-接口监控平台]:方法POST  路径/order/GETCENTERORDERINFO  状态200
[福城建设-接口监控平台]:方法POST  路径/search/SEARCHLIST  状态200
[福城建设-接口监控平台]:方法POST  路径/search/SEARCHLIST  状态200
[福城建设-接口监控平台]:方法POST  路径/search/SEARCHLIST  状态200
[福城建设-接口监控平台]:方法POST  路径/search/SEARCHLIST  状态200
[福城建设-接口监控平台]:方法POST  路径/search/SEARCHLIST  状态200
[福城建设-接口监控平台]:方法POST  路径/search/SEARCHRESULT  状态200
[福城建设-接口监控平台]:方法POST  路径/login/LOGINAUTO  状态200
[福城建设-接口监控平台]:方法POST  路径/shop/GETSTOCK  状态200
[福城建设-接口监控平台]:方法POST  路径/login/GETUSERINFO  状态200
[福城建设-接口监控平台]:方法POST  路径/shop/GETSHOPBYID  状态200
[福城建设-接口监控平台]:方法POST  路径/comment/GETFIRST  状态200
[福城建设-接口监控平台]:方法POST  路径/coupon/GETSHOPCOUPON  状态200
[福城建设-接口监控平台]:方法POST  路径/shopcar/ADDSHOPCAR  状态200
[福城建设-接口监控平台]:方法POST  路径/shopcar/GETSHOPCAR  状态200
[福城建设-接口监控平台]:方法POST  路径/order/CREATEORDERSHOP  状态200
[福城建设-接口监控平台]:方法POST  路径/shopcar/GETSHOPCAR  状态200
[福城建设-接口监控平台]:方法POST  路径/address/GETADDRESS  状态200
[福城建设-接口监控平台]:方法POST  路径/order/GETORDERSHOP  状态200
[福城建设-接口监控平台]:方法POST  路径/receive/GETUSERRECEIVE  状态200
[福城建设-接口监控平台]:方法POST  路径/order/GETORDERCOUPON  状态200
[福城建设-接口监控平台]:方法POST  路径/address/ADDADDRESS  状态200
[福城建设-接口监控平台]:方法POST  路径/address/GETADDRESS  状态200
[福城建设-接口监控平台]:方法POST  路径/order/GETORDERCOUNT  状态200
[福城建设-接口监控平台]:方法POST  路径/receive/GETUSERRECEIVE  状态200
[福城建设-接口监控平台]:方法POST  路径/receive/GETRECEIVE  状态200
[福城建设-接口监控平台]:方法POST  路径/receive/ADDUSERPAY  状态200
[福城建设-接口监控平台]:方法POST  路径/receive/GETUSERRECEIVE  状态200
[福城建设-接口监控平台]:方法POST  路径/order/GETCENTERORDERINFO  状态200
[福城建设-接口监控平台]:方法POST  路径/address/GETADDRESS  状态200
[福城建设-接口监控平台]:方法POST  路径/receive/GETUSERRECEIVE  状态200
[福城建设-接口监控平台]:方法POST  路径/order/GETORDERSHOP  状态200
[福城建设-接口监控平台]:方法POST  路径/order/GETORDERCOUPON  状态200
[福城建设-接口监控平台]:方法POST  路径/order/PAY  状态200
[福城建设-接口监控平台]:方法POST  路径/order/GETCENTERORDERINFO  状态200
[福城建设-接口监控平台]:方法POST  路径/order/GETCENTERORDERINFO  状态200
[福城建设-接口监控平台]:方法POST  路径/order/GETUNDELIVER  状态200
[福城建设-接口监控平台]:方法POST  路径/order/GETORDERDETAIL  状态200
[福城建设-接口监控平台]:方法POST  路径/order/GETORDERSHOP  状态200
[福城建设-接口监控平台]:方法POST  路径/order/GETORDERDETAIL  状态200
[福城建设-接口监控平台]:方法POST  路径/order/GETORDERSHOP  状态200
[福城建设-接口监控平台]:方法POST  路径/order/SEND  状态200
[福城建设-接口监控平台]:方法POST  路径/order/GETUNDELIVER  状态200
[福城建设-接口监控平台]:方法POST  路径/aftersail/AFTERSAILDETAIL  状态200
[福城建设-接口监控平台]:方法POST  路径/aftersail/GETUSERAFTERSAIL  状态200
[福城建设-接口监控平台]:方法POST  路径/login/LOGINAUTO  状态200
[福城建设-接口监控平台]:方法POST  路径/login/GETUSERINFO  状态200
[福城建设-接口监控平台]:方法POST  路径/shopcar/GETSHOPCAR  状态200
[福城建设-接口监控平台]:方法GET  路径/userHead/default.png  状态304
[福城建设-接口监控平台]:方法POST  路径/order/GETCENTERORDERINFO  状态200
[福城建设-接口监控平台]:方法POST  路径/order/CONFIRM  状态200
[福城建设-接口监控平台]:方法POST  路径/order/GETORDERSHOP  状态200
[福城建设-接口监控平台]:方法POST  路径/comment/ADDCOMMENT  状态200
[福城建设-接口监控平台]:方法POST  路径/order/GETCENTERORDERINFO  状态200
[福城建设-接口监控平台]:方法POST  路径/search/SEARCHLIST  状态200
[福城建设-接口监控平台]:方法POST  路径/search/SEARCHLIST  状态200
[福城建设-接口监控平台]:方法POST  路径/search/SEARCHRESULT  状态200
[福城建设-接口监控平台]:方法POST  路径/shop/GETSTOCK  状态200
[福城建设-接口监控平台]:方法POST  路径/shop/GETSHOPBYID  状态200
[福城建设-接口监控平台]:方法POST  路径/login/LOGINAUTO  状态200
[福城建设-接口监控平台]:方法POST  路径/login/GETUSERINFO  状态200
[福城建设-接口监控平台]:方法POST  路径/coupon/GETSHOPCOUPON  状态200
[福城建设-接口监控平台]:方法POST  路径/comment/GETFIRST  状态200
[福城建设-接口监控平台]:方法POST  路径/comment/GETCOMMENT  状态200
[福城建设-接口监控平台]:方法POST  路径/login/LOGINAUTO  状态200
[福城建设-接口监控平台]:方法POST  路径/shop/GETSHOPBYID  状态200
[福城建设-接口监控平台]:方法POST  路径/shop/GETSTOCK  状态200
[福城建设-接口监控平台]:方法POST  路径/login/LOGINAUTO  状态200
[福城建设-接口监控平台]:方法POST  路径/login/GETUSERINFO  状态200
[福城建设-接口监控平台]:方法POST  路径/login/GETUSERINFO  状态200
[福城建设-接口监控平台]:方法POST  路径/comment/GETFIRST  状态200
[福城建设-接口监控平台]:方法POST  路径/coupon/GETSHOPCOUPON  状态200
[福城建设-接口监控平台]:方法GET  路径/userHead/default.png  状态304
[福城建设-接口监控平台]:方法POST  路径/shopcar/GETSHOPCAR  状态200
[福城建设-接口监控平台]:方法POST  路径/comment/GETCOMMENT  状态200
[福城建设-接口监控平台]:方法POST  路径/login/LOGINAUTO  状态200
[福城建设-接口监控平台]:方法POST  路径/shop/GETSHOPBYID  状态200
[福城建设-接口监控平台]:方法POST  路径/shop/GETSTOCK  状态200
[福城建设-接口监控平台]:方法POST  路径/login/LOGINAUTO  状态200
[福城建设-接口监控平台]:方法POST  路径/login/GETUSERINFO  状态200
[福城建设-接口监控平台]:方法POST  路径/login/GETUSERINFO  状态200
[福城建设-接口监控平台]:方法POST  路径/coupon/GETSHOPCOUPON  状态200
[福城建设-接口监控平台]:方法GET  路径/userHead/default.png  状态304
[福城建设-接口监控平台]:方法POST  路径/shopcar/GETSHOPCAR  状态200
[福城建设-接口监控平台]:方法POST  路径/comment/GETFIRST  状态200
[福城建设-接口监控平台]:方法POST  路径/comment/GETCOMMENT  状态200
[福城建设-接口监控平台]:方法POST  路径/login/LOGINAUTO  状态200
[福城建设-接口监控平台]:方法POST  路径/shop/GETSHOPBYID  状态200
[福城建设-接口监控平台]:方法POST  路径/login/LOGINAUTO  状态200
[福城建设-接口监控平台]:方法POST  路径/shop/GETSTOCK  状态200
[福城建设-接口监控平台]:方法POST  路径/login/GETUSERINFO  状态200
[福城建设-接口监控平台]:方法POST  路径/login/GETUSERINFO  状态200
[福城建设-接口监控平台]:方法POST  路径/comment/GETFIRST  状态200
[福城建设-接口监控平台]:方法POST  路径/coupon/GETSHOPCOUPON  状态200
[福城建设-接口监控平台]:方法GET  路径/userHead/default.png  状态304
[福城建设-接口监控平台]:方法POST  路径/shopcar/GETSHOPCAR  状态200
[福城建设-接口监控平台]:方法POST  路径/comment/GETCOMMENT  状态200
[福城建设-接口监控平台]:方法POST  路径/login/LOGINAUTO  状态200
[福城建设-接口监控平台]:方法POST  路径/shop/GETSHOPBYID  状态200
[福城建设-接口监控平台]:方法POST  路径/shop/GETSTOCK  状态200
[福城建设-接口监控平台]:方法POST  路径/login/LOGINAUTO  状态200
[福城建设-接口监控平台]:方法POST  路径/login/GETUSERINFO  状态200
[福城建设-接口监控平台]:方法POST  路径/login/GETUSERINFO  状态200
[福城建设-接口监控平台]:方法POST  路径/comment/GETFIRST  状态200
[福城建设-接口监控平台]:方法POST  路径/coupon/GETSHOPCOUPON  状态200
[福城建设-接口监控平台]:方法GET  路径/userHead/default.png  状态304
[福城建设-接口监控平台]:方法POST  路径/shopcar/GETSHOPCAR  状态200
[福城建设-接口监控平台]:方法POST  路径/comment/GETCOMMENT  状态200
[福城建设-接口监控平台]:方法POST  路径/login/LOGINAUTO  状态200
[福城建设-接口监控平台]:方法POST  路径/login/LOGINAUTO  状态200
[福城建设-接口监控平台]:方法POST  路径/shop/GETSTOCK  状态200
[福城建设-接口监控平台]:方法POST  路径/shop/GETSHOPBYID  状态200
[福城建设-接口监控平台]:方法POST  路径/login/GETUSERINFO  状态200
[福城建设-接口监控平台]:方法POST  路径/login/GETUSERINFO  状态200
[福城建设-接口监控平台]:方法POST  路径/comment/GETFIRST  状态200
[福城建设-接口监控平台]:方法POST  路径/coupon/GETSHOPCOUPON  状态200
[福城建设-接口监控平台]:方法GET  路径/userHead/default.png  状态304
[福城建设-接口监控平台]:方法POST  路径/shopcar/GETSHOPCAR  状态200
[福城建设-接口监控平台]:方法POST  路径/comment/GETCOMMENT  状态200
[福城建设-接口监控平台]:方法POST  路径/login/LOGINAUTO  状态200
[福城建设-接口监控平台]:方法POST  路径/login/LOGINAUTO  状态200
[福城建设-接口监控平台]:方法POST  路径/shop/GETSTOCK  状态200
[福城建设-接口监控平台]:方法POST  路径/shop/GETSHOPBYID  状态200
[福城建设-接口监控平台]:方法POST  路径/login/GETUSERINFO  状态200
[福城建设-接口监控平台]:方法POST  路径/login/GETUSERINFO  状态200
[福城建设-接口监控平台]:方法POST  路径/coupon/GETSHOPCOUPON  状态200
[福城建设-接口监控平台]:方法GET  路径/userHead/default.png  状态304
[福城建设-接口监控平台]:方法POST  路径/shopcar/GETSHOPCAR  状态200
[福城建设-接口监控平台]:方法POST  路径/comment/GETFIRST  状态200
[福城建设-接口监控平台]:方法POST  路径/comment/GETCOMMENT  状态200
[福城建设-接口监控平台]:方法POST  路径/login/LOGINAUTO  状态200
[福城建设-接口监控平台]:方法POST  路径/login/LOGINAUTO  状态200
[福城建设-接口监控平台]:方法POST  路径/shop/GETSTOCK  状态200
[福城建设-接口监控平台]:方法POST  路径/shop/GETSHOPBYID  状态200
[福城建设-接口监控平台]:方法POST  路径/login/GETUSERINFO  状态200
[福城建设-接口监控平台]:方法POST  路径/login/GETUSERINFO  状态200
[福城建设-接口监控平台]:方法POST  路径/coupon/GETSHOPCOUPON  状态200
[福城建设-接口监控平台]:方法GET  路径/userHead/default.png  状态304
[福城建设-接口监控平台]:方法POST  路径/shopcar/GETSHOPCAR  状态200
[福城建设-接口监控平台]:方法POST  路径/comment/GETFIRST  状态200
[福城建设-接口监控平台]:方法POST  路径/comment/GETCOMMENT  状态200
[福城建设-接口监控平台]:方法POST  路径/ad/GETAD  状态200
[福城建设-接口监控平台]:方法POST  路径/ad/GETAD  状态200
[福城建设-接口监控平台]:方法POST  路径/sort/GETSORT  状态200
[福城建设-接口监控平台]:方法POST  路径/login/LOGINAUTO  状态200
[福城建设-接口监控平台]:方法POST  路径/ad/GETAD  状态200
[福城建设-接口监控平台]:方法POST  路径/sort/GETSORT  状态200
[福城建设-接口监控平台]:方法POST  路径/ad/GETAD  状态200
[福城建设-接口监控平台]:方法POST  路径/sort/GETSORT  状态200
[福城建设-接口监控平台]:方法POST  路径/ad/GETAD  状态200
[福城建设-接口监控平台]:方法POST  路径/ad/GETAD  状态200
[福城建设-接口监控平台]:方法POST  路径/ad/GETAD  状态200
[福城建设-接口监控平台]:方法POST  路径/ad/GETAD  状态200
[福城建设-接口监控平台]:方法POST  路径/sort/GETSORT  状态200
[福城建设-接口监控平台]:方法POST  路径/login/LOGINAUTO  状态200
[福城建设-接口监控平台]:方法POST  路径/sort/GETSORT  状态200
[福城建设-接口监控平台]:方法POST  路径/ad/GETAD  状态200
[福城建设-接口监控平台]:方法POST  路径/ad/GETAD  状态200
[福城建设-接口监控平台]:方法POST  路径/shop/GETSTOCK  状态200
[福城建设-接口监控平台]:方法POST  路径/shop/GETSHOPBYID  状态200
[福城建设-接口监控平台]:方法POST  路径/coupon/GETSHOPCOUPON  状态200
[福城建设-接口监控平台]:方法POST  路径/shop/GETSHOPBYID  状态200
[福城建设-接口监控平台]:方法POST  路径/shop/GETSTOCK  状态200
[福城建设-接口监控平台]:方法POST  路径/login/LOGINAUTO  状态200
[福城建设-接口监控平台]:方法POST  路径/ad/GETAD  状态200
[福城建设-接口监控平台]:方法POST  路径/sort/GETSORT  状态200
[福城建设-接口监控平台]:方法POST  路径/ad/GETAD  状态200
[福城建设-接口监控平台]:方法POST  路径/coupon/GETSHOPCOUPON  状态200
[福城建设-接口监控平台]:方法POST  路径/imgValidator/GET  状态200
[福城建设-接口监控平台]:方法POST  路径/imgValidator/CHECK  状态200
[福城建设-接口监控平台]:方法POST  路径/imgValidator/GET  状态200
[福城建设-接口监控平台]:方法POST  路径/imgValidator/CHECK  状态200
[福城建设-接口监控平台]:方法POST  路径/login/LOGINU  状态200
[福城建设-接口监控平台]:方法POST  路径/login/GETUSERINFO  状态200
[福城建设-接口监控平台]:方法POST  路径/shopcar/GETSHOPCAR  状态200
[福城建设-接口监控平台]:方法GET  路径/userHead/default.png  状态304
[福城建设-接口监控平台]:方法POST  路径/ad/GETAD  状态200
[福城建设-接口监控平台]:方法POST  路径/ad/GETAD  状态200
[福城建设-接口监控平台]:方法POST  路径/sort/GETSORT  状态200
[福城建设-接口监控平台]:方法POST  路径/shop/GETSHOPBYID  状态200
[福城建设-接口监控平台]:方法POST  路径/login/LOGINAUTO  状态200
[福城建设-接口监控平台]:方法POST  路径/shop/GETSTOCK  状态200
[福城建设-接口监控平台]:方法POST  路径/ad/GETAD  状态200
[福城建设-接口监控平台]:方法POST  路径/sort/GETSORT  状态200
[福城建设-接口监控平台]:方法POST  路径/ad/GETAD  状态200
[福城建设-接口监控平台]:方法POST  路径/login/GETUSERINFO  状态200
[福城建设-接口监控平台]:方法POST  路径/coupon/GETSHOPCOUPON  状态200
[福城建设-接口监控平台]:方法POST  路径/comment/GETFIRST  状态200
[福城建设-接口监控平台]:方法POST  路径/shop/GETSHOPBYID  状态200
[福城建设-接口监控平台]:方法POST  路径/shop/GETSTOCK  状态200
[福城建设-接口监控平台]:方法POST  路径/login/LOGINAUTO  状态200
[福城建设-接口监控平台]:方法POST  路径/ad/GETAD  状态200
[福城建设-接口监控平台]:方法POST  路径/ad/GETAD  状态200
[福城建设-接口监控平台]:方法POST  路径/sort/GETSORT  状态200
[福城建设-接口监控平台]:方法POST  路径/coupon/GETSHOPCOUPON  状态200
[福城建设-接口监控平台]:方法POST  路径/login/GETUSERINFO  状态200
[福城建设-接口监控平台]:方法POST  路径/comment/GETFIRST  状态200
[福城建设-接口监控平台]:方法POST  路径/shop/GETSTOCK  状态200
[福城建设-接口监控平台]:方法POST  路径/shop/GETSHOPBYID  状态200
[福城建设-接口监控平台]:方法POST  路径/login/LOGINAUTO  状态200
[福城建设-接口监控平台]:方法POST  路径/ad/GETAD  状态200
[福城建设-接口监控平台]:方法POST  路径/ad/GETAD  状态200
[福城建设-接口监控平台]:方法POST  路径/sort/GETSORT  状态200
[福城建设-接口监控平台]:方法POST  路径/coupon/GETSHOPCOUPON  状态200
[福城建设-接口监控平台]:方法POST  路径/login/GETUSERINFO  状态200
[福城建设-接口监控平台]:方法POST  路径/comment/GETFIRST  状态200
[福城建设-接口监控平台]:方法POST  路径/shop/GETSHOPBYID  状态200
[福城建设-接口监控平台]:方法POST  路径/shop/GETSTOCK  状态200
[福城建设-接口监控平台]:方法POST  路径/login/LOGINAUTO  状态200
[福城建设-接口监控平台]:方法POST  路径/ad/GETAD  状态200
[福城建设-接口监控平台]:方法POST  路径/sort/GETSORT  状态200
[福城建设-接口监控平台]:方法POST  路径/ad/GETAD  状态200
[福城建设-接口监控平台]:方法POST  路径/login/GETUSERINFO  状态200
[福城建设-接口监控平台]:方法POST  路径/coupon/GETSHOPCOUPON  状态200
[福城建设-接口监控平台]:方法POST  路径/comment/GETFIRST  状态200
[福城建设-接口监控平台]:方法POST  路径/shop/GETSTOCK  状态200
[福城建设-接口监控平台]:方法POST  路径/shop/GETSHOPBYID  状态200
[福城建设-接口监控平台]:方法POST  路径/login/LOGINAUTO  状态200
[福城建设-接口监控平台]:方法POST  路径/ad/GETAD  状态200
[福城建设-接口监控平台]:方法POST  路径/sort/GETSORT  状态200
[福城建设-接口监控平台]:方法POST  路径/ad/GETAD  状态200
[福城建设-接口监控平台]:方法POST  路径/coupon/GETSHOPCOUPON  状态200
[福城建设-接口监控平台]:方法POST  路径/login/GETUSERINFO  状态200
[福城建设-接口监控平台]:方法POST  路径/comment/GETFIRST  状态200
[福城建设-接口监控平台]:方法POST  路径/search/SEARCHLIST  状态200
[福城建设-接口监控平台]:方法POST  路径/search/SEARCHLIST  状态200
[福城建设-接口监控平台]:方法POST  路径/search/SEARCHLIST  状态200
[福城建设-接口监控平台]:方法POST  路径/search/SEARCHRESULT  状态200
[福城建设-接口监控平台]:方法POST  路径/shop/GETSHOPBYID  状态200
[福城建设-接口监控平台]:方法POST  路径/login/LOGINAUTO  状态200
[福城建设-接口监控平台]:方法POST  路径/shop/GETSTOCK  状态200
[福城建设-接口监控平台]:方法POST  路径/login/GETUSERINFO  状态200
[福城建设-接口监控平台]:方法POST  路径/coupon/GETSHOPCOUPON  状态200
[福城建设-接口监控平台]:方法POST  路径/comment/GETFIRST  状态200
[福城建设-接口监控平台]:方法POST  路径/ad/GETAD  状态200
[福城建设-接口监控平台]:方法POST  路径/ad/GETAD  状态200
[福城建设-接口监控平台]:方法POST  路径/sort/GETSORT  状态200
[福城建设-接口监控平台]:方法POST  路径/shop/GETSHOPBYID  状态200
[福城建设-接口监控平台]:方法POST  路径/login/LOGINAUTO  状态200
[福城建设-接口监控平台]:方法POST  路径/shop/GETSTOCK  状态200
[福城建设-接口监控平台]:方法POST  路径/ad/GETAD  状态200
[福城建设-接口监控平台]:方法POST  路径/ad/GETAD  状态200
[福城建设-接口监控平台]:方法POST  路径/sort/GETSORT  状态200
[福城建设-接口监控平台]:方法POST  路径/coupon/GETSHOPCOUPON  状态200
[福城建设-接口监控平台]:方法POST  路径/login/GETUSERINFO  状态200
[福城建设-接口监控平台]:方法POST  路径/comment/GETFIRST  状态200
[福城建设-接口监控平台]:方法POST  路径/shop/GETSTOCK  状态200
[福城建设-接口监控平台]:方法POST  路径/shop/GETSHOPBYID  状态200
[福城建设-接口监控平台]:方法POST  路径/login/LOGINAUTO  状态200
[福城建设-接口监控平台]:方法POST  路径/ad/GETAD  状态200
[福城建设-接口监控平台]:方法POST  路径/ad/GETAD  状态200
[福城建设-接口监控平台]:方法POST  路径/sort/GETSORT  状态200
[福城建设-接口监控平台]:方法POST  路径/coupon/GETSHOPCOUPON  状态200
[福城建设-接口监控平台]:方法POST  路径/login/GETUSERINFO  状态200
[福城建设-接口监控平台]:方法POST  路径/comment/GETFIRST  状态200
[福城建设-接口监控平台]:方法POST  路径/shop/GETSTOCK  状态200
[福城建设-接口监控平台]:方法POST  路径/shop/GETSHOPBYID  状态200
[福城建设-接口监控平台]:方法POST  路径/login/LOGINAUTO  状态200
[福城建设-接口监控平台]:方法POST  路径/ad/GETAD  状态200
[福城建设-接口监控平台]:方法POST  路径/sort/GETSORT  状态200
[福城建设-接口监控平台]:方法POST  路径/ad/GETAD  状态200
[福城建设-接口监控平台]:方法POST  路径/coupon/GETSHOPCOUPON  状态200
[福城建设-接口监控平台]:方法POST  路径/login/GETUSERINFO  状态200
[福城建设-接口监控平台]:方法POST  路径/comment/GETFIRST  状态200
[福城建设-接口监控平台]:方法POST  路径/shop/GETSTOCK  状态200
[福城建设-接口监控平台]:方法POST  路径/shop/GETSHOPBYID  状态200
[福城建设-接口监控平台]:方法POST  路径/login/LOGINAUTO  状态200
[福城建设-接口监控平台]:方法POST  路径/ad/GETAD  状态200
[福城建设-接口监控平台]:方法POST  路径/ad/GETAD  状态200
[福城建设-接口监控平台]:方法POST  路径/sort/GETSORT  状态200
[福城建设-接口监控平台]:方法POST  路径/login/GETUSERINFO  状态200
[福城建设-接口监控平台]:方法POST  路径/coupon/GETSHOPCOUPON  状态200
[福城建设-接口监控平台]:方法POST  路径/comment/GETFIRST  状态200
[福城建设-接口监控平台]:方法POST  路径/shop/GETSHOPBYID  状态200
[福城建设-接口监控平台]:方法POST  路径/shop/GETSTOCK  状态200
[福城建设-接口监控平台]:方法POST  路径/login/LOGINAUTO  状态200
[福城建设-接口监控平台]:方法POST  路径/ad/GETAD  状态200
[福城建设-接口监控平台]:方法POST  路径/sort/GETSORT  状态200
[福城建设-接口监控平台]:方法POST  路径/ad/GETAD  状态200
[福城建设-接口监控平台]:方法POST  路径/login/GETUSERINFO  状态200
[福城建设-接口监控平台]:方法POST  路径/coupon/GETSHOPCOUPON  状态200
[福城建设-接口监控平台]:方法POST  路径/comment/GETFIRST  状态200
[福城建设-接口监控平台]:方法POST  路径/shop/GETSHOPBYID  状态200
[福城建设-接口监控平台]:方法POST  路径/shop/GETSTOCK  状态200
[福城建设-接口监控平台]:方法POST  路径/login/LOGINAUTO  状态200
[福城建设-接口监控平台]:方法POST  路径/ad/GETAD  状态200
[福城建设-接口监控平台]:方法POST  路径/ad/GETAD  状态200
[福城建设-接口监控平台]:方法POST  路径/sort/GETSORT  状态200
[福城建设-接口监控平台]:方法POST  路径/coupon/GETSHOPCOUPON  状态200
[福城建设-接口监控平台]:方法POST  路径/login/GETUSERINFO  状态200
[福城建设-接口监控平台]:方法POST  路径/comment/GETFIRST  状态200
[福城建设-接口监控平台]:方法POST  路径/shop/GETSTOCK  状态200
[福城建设-接口监控平台]:方法POST  路径/shop/GETSHOPBYID  状态200
[福城建设-接口监控平台]:方法POST  路径/login/LOGINAUTO  状态200
[福城建设-接口监控平台]:方法POST  路径/ad/GETAD  状态200
[福城建设-接口监控平台]:方法POST  路径/sort/GETSORT  状态200
[福城建设-接口监控平台]:方法POST  路径/ad/GETAD  状态200
[福城建设-接口监控平台]:方法POST  路径/coupon/GETSHOPCOUPON  状态200
[福城建设-接口监控平台]:方法POST  路径/login/GETUSERINFO  状态200
[福城建设-接口监控平台]:方法POST  路径/comment/GETFIRST  状态200
[福城建设-接口监控平台]:方法POST  路径/ad/GETAD  状态200
[福城建设-接口监控平台]:方法POST  路径/sort/GETSORT  状态200
[福城建设-接口监控平台]:方法POST  路径/ad/GETAD  状态200
[福城建设-接口监控平台]:方法POST  路径/shop/GETSTOCK  状态200
[福城建设-接口监控平台]:方法POST  路径/shop/GETSHOPBYID  状态200
[福城建设-接口监控平台]:方法POST  路径/login/LOGINAUTO  状态200
[福城建设-接口监控平台]:方法POST  路径/ad/GETAD  状态200
[福城建设-接口监控平台]:方法POST  路径/sort/GETSORT  状态200
[福城建设-接口监控平台]:方法POST  路径/ad/GETAD  状态200
[福城建设-接口监控平台]:方法POST  路径/login/GETUSERINFO  状态200
[福城建设-接口监控平台]:方法POST  路径/coupon/GETSHOPCOUPON  状态200
[福城建设-接口监控平台]:方法POST  路径/comment/GETFIRST  状态200
[福城建设-接口监控平台]:方法POST  路径/sort/GETSORT  状态200
[福城建设-接口监控平台]:方法POST  路径/ad/GETAD  状态200
[福城建设-接口监控平台]:方法POST  路径/ad/GETAD  状态200
[福城建设-接口监控平台]:方法POST  路径/login/LOGINAUTO  状态200
[福城建设-接口监控平台]:方法POST  路径/shop/GETSTOCK  状态200
[福城建设-接口监控平台]:方法POST  路径/shop/GETSHOPBYID  状态200
[福城建设-接口监控平台]:方法POST  路径/ad/GETAD  状态200
[福城建设-接口监控平台]:方法POST  路径/sort/GETSORT  状态200
[福城建设-接口监控平台]:方法POST  路径/ad/GETAD  状态200
[福城建设-接口监控平台]:方法POST  路径/login/GETUSERINFO  状态200
[福城建设-接口监控平台]:方法POST  路径/coupon/GETSHOPCOUPON  状态200
[福城建设-接口监控平台]:方法POST  路径/comment/GETFIRST  状态200
[福城建设-接口监控平台]:方法POST  路径/ad/GETAD  状态200
[福城建设-接口监控平台]:方法POST  路径/ad/GETAD  状态200
[福城建设-接口监控平台]:方法POST  路径/sort/GETSORT  状态200
[福城建设-接口监控平台]:方法POST  路径/ad/GETAD  状态200
[福城建设-接口监控平台]:方法POST  路径/ad/GETAD  状态200
[福城建设-接口监控平台]:方法POST  路径/sort/GETSORT  状态200
[福城建设-接口监控平台]:方法POST  路径/shop/GETSHOPBYID  状态200
[福城建设-接口监控平台]:方法POST  路径/shop/GETSTOCK  状态200
[福城建设-接口监控平台]:方法POST  路径/login/LOGINAUTO  状态200
[福城建设-接口监控平台]:方法POST  路径/ad/GETAD  状态200
[福城建设-接口监控平台]:方法POST  路径/ad/GETAD  状态200
[福城建设-接口监控平台]:方法POST  路径/sort/GETSORT  状态200
[福城建设-接口监控平台]:方法POST  路径/coupon/GETSHOPCOUPON  状态200
[福城建设-接口监控平台]:方法POST  路径/login/GETUSERINFO  状态200
[福城建设-接口监控平台]:方法POST  路径/comment/GETFIRST  状态200
[福城建设-接口监控平台]:方法POST  路径/shop/GETSTOCK  状态200
[福城建设-接口监控平台]:方法POST  路径/shop/GETSHOPBYID  状态200
[福城建设-接口监控平台]:方法POST  路径/login/LOGINAUTO  状态200
[福城建设-接口监控平台]:方法POST  路径/ad/GETAD  状态200
[福城建设-接口监控平台]:方法POST  路径/sort/GETSORT  状态200
[福城建设-接口监控平台]:方法POST  路径/ad/GETAD  状态200
[福城建设-接口监控平台]:方法POST  路径/login/GETUSERINFO  状态200
[福城建设-接口监控平台]:方法POST  路径/coupon/GETSHOPCOUPON  状态200
[福城建设-接口监控平台]:方法POST  路径/comment/GETFIRST  状态200
[福城建设-接口监控平台]:方法POST  路径/shop/GETSTOCK  状态200
[福城建设-接口监控平台]:方法POST  路径/login/LOGINAUTO  状态200
[福城建设-接口监控平台]:方法POST  路径/shop/GETSHOPBYID  状态200
[福城建设-接口监控平台]:方法POST  路径/ad/GETAD  状态200
[福城建设-接口监控平台]:方法POST  路径/sort/GETSORT  状态200
[福城建设-接口监控平台]:方法POST  路径/ad/GETAD  状态200
[福城建设-接口监控平台]:方法POST  路径/coupon/GETSHOPCOUPON  状态200
[福城建设-接口监控平台]:方法POST  路径/login/GETUSERINFO  状态200
[福城建设-接口监控平台]:方法POST  路径/comment/GETFIRST  状态200
[福城建设-接口监控平台]:方法POST  路径/shop/GETSTOCK  状态200
[福城建设-接口监控平台]:方法POST  路径/login/LOGINAUTO  状态200
[福城建设-接口监控平台]:方法POST  路径/shop/GETSHOPBYID  状态200
[福城建设-接口监控平台]:方法POST  路径/ad/GETAD  状态200
[福城建设-接口监控平台]:方法POST  路径/ad/GETAD  状态200
[福城建设-接口监控平台]:方法POST  路径/sort/GETSORT  状态200
[福城建设-接口监控平台]:方法POST  路径/coupon/GETSHOPCOUPON  状态200
[福城建设-接口监控平台]:方法POST  路径/login/GETUSERINFO  状态200
[福城建设-接口监控平台]:方法POST  路径/comment/GETFIRST  状态200
[福城建设-接口监控平台]:方法POST  路径/search/SEARCHLIST  状态200
[福城建设-接口监控平台]:方法POST  路径/search/SEARCHLIST  状态200
[福城建设-接口监控平台]:方法POST  路径/search/SEARCHLIST  状态200
[福城建设-接口监控平台]:方法POST  路径/search/SEARCHRESULT  状态200
[福城建设-接口监控平台]:方法POST  路径/shop/GETSTOCK  状态200
[福城建设-接口监控平台]:方法POST  路径/shop/GETSHOPBYID  状态200
[福城建设-接口监控平台]:方法POST  路径/coupon/GETSHOPCOUPON  状态200
[福城建设-接口监控平台]:方法POST  路径/shop/GETSHOPBYID  状态200
[福城建设-接口监控平台]:方法POST  路径/shop/GETSTOCK  状态200
[福城建设-接口监控平台]:方法POST  路径/coupon/GETSHOPCOUPON  状态200
[福城建设-接口监控平台]:方法POST  路径/ad/GETAD  状态200
[福城建设-接口监控平台]:方法POST  路径/ad/GETAD  状态200
[福城建设-接口监控平台]:方法POST  路径/sort/GETSORT  状态200
[福城建设-接口监控平台]:方法POST  路径/search/SEARCHLIST  状态200
[福城建设-接口监控平台]:方法POST  路径/search/SEARCHLIST  状态200
[福城建设-接口监控平台]:方法POST  路径/search/SEARCHLIST  状态200
[福城建设-接口监控平台]:方法POST  路径/search/SEARCHLIST  状态200
[福城建设-接口监控平台]:方法POST  路径/search/SEARCHLIST  状态200
[福城建设-接口监控平台]:方法POST  路径/search/SEARCHRESULT  状态200
[福城建设-接口监控平台]:方法POST  路径/shop/GETSTOCK  状态200
[福城建设-接口监控平台]:方法POST  路径/shop/GETSHOPBYID  状态200
[福城建设-接口监控平台]:方法POST  路径/coupon/GETSHOPCOUPON  状态200
[福城建设-接口监控平台]:方法POST  路径/shop/GETSHOPBYID  状态200
[福城建设-接口监控平台]:方法POST  路径/shop/GETSTOCK  状态200
[福城建设-接口监控平台]:方法POST  路径/coupon/GETSHOPCOUPON  状态200
[福城建设-接口监控平台]:方法POST  路径/shop/GETSTOCK  状态200
[福城建设-接口监控平台]:方法POST  路径/shop/GETSHOPBYID  状态200
[福城建设-接口监控平台]:方法POST  路径/coupon/GETSHOPCOUPON  状态200
[福城建设-接口监控平台]:方法POST  路径/shop/GETSHOPBYID  状态200
[福城建设-接口监控平台]:方法POST  路径/shop/GETSTOCK  状态200
[福城建设-接口监控平台]:方法POST  路径/coupon/GETSHOPCOUPON  状态200
[福城建设-接口监控平台]:方法POST  路径/shop/GETSHOPBYID  状态200
[福城建设-接口监控平台]:方法POST  路径/shop/GETSTOCK  状态200
[福城建设-接口监控平台]:方法POST  路径/coupon/GETSHOPCOUPON  状态200
[福城建设-接口监控平台]:方法POST  路径/shop/GETSTOCK  状态200
[福城建设-接口监控平台]:方法POST  路径/shop/GETSHOPBYID  状态200
[福城建设-接口监控平台]:方法POST  路径/coupon/GETSHOPCOUPON  状态200
[福城建设-接口监控平台]:方法POST  路径/shop/GETSTOCK  状态200
[福城建设-接口监控平台]:方法POST  路径/shop/GETSHOPBYID  状态200
[福城建设-接口监控平台]:方法POST  路径/coupon/GETSHOPCOUPON  状态200
[福城建设-接口监控平台]:方法POST  路径/comment/GETFIRST  状态-
[福城建设-接口监控平台]:方法POST  路径/shop/GETSTOCK  状态200
[福城建设-接口监控平台]:方法POST  路径/shop/GETSHOPBYID  状态200
[福城建设-接口监控平台]:方法POST  路径/coupon/GETSHOPCOUPON  状态200
[福城建设-接口监控平台]:方法POST  路径/comment/GETFIRST  状态-
[福城建设-接口监控平台]:方法POST  路径/shop/GETSHOPBYID  状态200
[福城建设-接口监控平台]:方法POST  路径/shop/GETSTOCK  状态200
[福城建设-接口监控平台]:方法POST  路径/coupon/GETSHOPCOUPON  状态200
[福城建设-接口监控平台]:方法POST  路径/comment/GETFIRST  状态-
[福城建设-接口监控平台]:方法POST  路径/shop/GETSTOCK  状态200
[福城建设-接口监控平台]:方法POST  路径/shop/GETSHOPBYID  状态200
[福城建设-接口监控平台]:方法POST  路径/comment/GETFIRST  状态200
[福城建设-接口监控平台]:方法GET  路径/userHead/default.png  状态304
[福城建设-接口监控平台]:方法POST  路径/coupon/GETSHOPCOUPON  状态200
[福城建设-接口监控平台]:方法POST  路径/comment/GETCOMMENT  状态200
[福城建设-接口监控平台]:方法POST  路径/shop/GETSTOCK  状态200
[福城建设-接口监控平台]:方法POST  路径/shop/GETSHOPBYID  状态200
[福城建设-接口监控平台]:方法POST  路径/comment/GETFIRST  状态200
[福城建设-接口监控平台]:方法GET  路径/userHead/default.png  状态304
[福城建设-接口监控平台]:方法POST  路径/coupon/GETSHOPCOUPON  状态200
[福城建设-接口监控平台]:方法POST  路径/comment/GETCOMMENT  状态200
[福城建设-接口监控平台]:方法POST  路径/shop/GETSTOCK  状态200
[福城建设-接口监控平台]:方法POST  路径/shop/GETSHOPBYID  状态200
[福城建设-接口监控平台]:方法POST  路径/comment/GETFIRST  状态200
[福城建设-接口监控平台]:方法GET  路径/userHead/default.png  状态304
[福城建设-接口监控平台]:方法POST  路径/coupon/GETSHOPCOUPON  状态200
[福城建设-接口监控平台]:方法POST  路径/comment/GETCOMMENT  状态200
[福城建设-接口监控平台]:方法POST  路径/ad/GETAD  状态200
[福城建设-接口监控平台]:方法POST  路径/ad/GETAD  状态200
[福城建设-接口监控平台]:方法POST  路径/sort/GETSORT  状态200
[福城建设-接口监控平台]:方法POST  路径/shop/GETSTOCK  状态200
[福城建设-接口监控平台]:方法POST  路径/shop/GETSHOPBYID  状态200
[福城建设-接口监控平台]:方法POST  路径/comment/GETFIRST  状态200
[福城建设-接口监控平台]:方法POST  路径/ad/GETAD  状态200
[福城建设-接口监控平台]:方法POST  路径/sort/GETSORT  状态200
[福城建设-接口监控平台]:方法POST  路径/ad/GETAD  状态200
[福城建设-接口监控平台]:方法POST  路径/coupon/GETSHOPCOUPON  状态200
[福城建设-接口监控平台]:方法POST  路径/ad/GETAD  状态200
[福城建设-接口监控平台]:方法POST  路径/sort/GETSORT  状态200
[福城建设-接口监控平台]:方法POST  路径/ad/GETAD  状态200
[福城建设-接口监控平台]:方法POST  路径/shop/GETSHOPBYID  状态200
[福城建设-接口监控平台]:方法POST  路径/shop/GETSTOCK  状态200
[福城建设-接口监控平台]:方法POST  路径/comment/GETFIRST  状态200
[福城建设-接口监控平台]:方法POST  路径/ad/GETAD  状态200
[福城建设-接口监控平台]:方法POST  路径/sort/GETSORT  状态200
[福城建设-接口监控平台]:方法POST  路径/ad/GETAD  状态200
[福城建设-接口监控平台]:方法POST  路径/coupon/GETSHOPCOUPON  状态200
[福城建设-接口监控平台]:方法POST  路径/shop/GETSHOPBYID  状态200
[福城建设-接口监控平台]:方法POST  路径/shop/GETSTOCK  状态200
[福城建设-接口监控平台]:方法POST  路径/comment/GETFIRST  状态200
[福城建设-接口监控平台]:方法POST  路径/sort/GETSORT  状态200
[福城建设-接口监控平台]:方法POST  路径/ad/GETAD  状态200
[福城建设-接口监控平台]:方法POST  路径/ad/GETAD  状态200
[福城建设-接口监控平台]:方法POST  路径/coupon/GETSHOPCOUPON  状态200
[福城建设-接口监控平台]:方法POST  路径/ad/GETAD  状态200
[福城建设-接口监控平台]:方法POST  路径/sort/GETSORT  状态200
[福城建设-接口监控平台]:方法POST  路径/ad/GETAD  状态200
[福城建设-接口监控平台]:方法POST  路径/sort/GETSORT  状态200
[福城建设-接口监控平台]:方法POST  路径/ad/GETAD  状态200
[福城建设-接口监控平台]:方法POST  路径/ad/GETAD  状态200
[福城建设-接口监控平台]:方法POST  路径/shop/GETSTOCK  状态200
[福城建设-接口监控平台]:方法POST  路径/shop/GETSHOPBYID  状态200
[福城建设-接口监控平台]:方法POST  路径/comment/GETFIRST  状态200
[福城建设-接口监控平台]:方法POST  路径/ad/GETAD  状态200
[福城建设-接口监控平台]:方法POST  路径/ad/GETAD  状态200
[福城建设-接口监控平台]:方法POST  路径/sort/GETSORT  状态200
[福城建设-接口监控平台]:方法POST  路径/coupon/GETSHOPCOUPON  状态200
[福城建设-接口监控平台]:方法POST  路径/shop/GETSHOPBYID  状态200
[福城建设-接口监控平台]:方法POST  路径/shop/GETSTOCK  状态200
[福城建设-接口监控平台]:方法POST  路径/comment/GETFIRST  状态200
[福城建设-接口监控平台]:方法POST  路径/sort/GETSORT  状态200
[福城建设-接口监控平台]:方法POST  路径/ad/GETAD  状态200
[福城建设-接口监控平台]:方法POST  路径/ad/GETAD  状态200
[福城建设-接口监控平台]:方法POST  路径/shop/GETSTOCK  状态200
[福城建设-接口监控平台]:方法POST  路径/shop/GETSHOPBYID  状态200
[福城建设-接口监控平台]:方法POST  路径/comment/GETFIRST  状态200
[福城建设-接口监控平台]:方法POST  路径/ad/GETAD  状态200
[福城建设-接口监控平台]:方法POST  路径/ad/GETAD  状态200
[福城建设-接口监控平台]:方法POST  路径/sort/GETSORT  状态200
[福城建设-接口监控平台]:方法POST  路径/shop/GETSHOPBYID  状态200
[福城建设-接口监控平台]:方法POST  路径/shop/GETSTOCK  状态200
[福城建设-接口监控平台]:方法POST  路径/comment/GETFIRST  状态200
[福城建设-接口监控平台]:方法POST  路径/sort/GETSORT  状态200
[福城建设-接口监控平台]:方法POST  路径/ad/GETAD  状态200
[福城建设-接口监控平台]:方法POST  路径/ad/GETAD  状态200
[福城建设-接口监控平台]:方法POST  路径/shop/GETSTOCK  状态200
[福城建设-接口监控平台]:方法POST  路径/shop/GETSHOPBYID  状态200
[福城建设-接口监控平台]:方法POST  路径/comment/GETFIRST  状态200
[福城建设-接口监控平台]:方法POST  路径/sort/GETSORT  状态200
[福城建设-接口监控平台]:方法POST  路径/ad/GETAD  状态200
[福城建设-接口监控平台]:方法POST  路径/ad/GETAD  状态200
[福城建设-接口监控平台]:方法POST  路径/shop/GETSHOPBYID  状态200
[福城建设-接口监控平台]:方法POST  路径/shop/GETSTOCK  状态200
[福城建设-接口监控平台]:方法POST  路径/comment/GETFIRST  状态200
[福城建设-接口监控平台]:方法POST  路径/sort/GETSORT  状态200
[福城建设-接口监控平台]:方法POST  路径/ad/GETAD  状态200
[福城建设-接口监控平台]:方法POST  路径/ad/GETAD  状态200
[福城建设-接口监控平台]:方法POST  路径/shop/GETSTOCK  状态200
[福城建设-接口监控平台]:方法POST  路径/shop/GETSHOPBYID  状态200
[福城建设-接口监控平台]:方法POST  路径/comment/GETFIRST  状态200
[福城建设-接口监控平台]:方法POST  路径/ad/GETAD  状态200
[福城建设-接口监控平台]:方法POST  路径/sort/GETSORT  状态200
[福城建设-接口监控平台]:方法POST  路径/ad/GETAD  状态200
[福城建设-接口监控平台]:方法POST  路径/shop/GETSTOCK  状态200
[福城建设-接口监控平台]:方法POST  路径/shop/GETSHOPBYID  状态200
[福城建设-接口监控平台]:方法POST  路径/comment/GETFIRST  状态200
[福城建设-接口监控平台]:方法POST  路径/ad/GETAD  状态200
[福城建设-接口监控平台]:方法POST  路径/sort/GETSORT  状态200
[福城建设-接口监控平台]:方法POST  路径/ad/GETAD  状态200
[福城建设-接口监控平台]:方法POST  路径/shop/GETSHOPBYID  状态200
[福城建设-接口监控平台]:方法POST  路径/shop/GETSTOCK  状态200
[福城建设-接口监控平台]:方法POST  路径/comment/GETFIRST  状态200
[福城建设-接口监控平台]:方法POST  路径/sort/GETSORT  状态200
[福城建设-接口监控平台]:方法POST  路径/ad/GETAD  状态200
[福城建设-接口监控平台]:方法POST  路径/ad/GETAD  状态200
[福城建设-接口监控平台]:方法POST  路径/shop/GETSHOPBYID  状态200
[福城建设-接口监控平台]:方法POST  路径/shop/GETSTOCK  状态200
[福城建设-接口监控平台]:方法POST  路径/comment/GETFIRST  状态200
[福城建设-接口监控平台]:方法POST  路径/ad/GETAD  状态200
[福城建设-接口监控平台]:方法POST  路径/ad/GETAD  状态200
[福城建设-接口监控平台]:方法POST  路径/sort/GETSORT  状态200
[福城建设-接口监控平台]:方法POST  路径/ad/GETAD  状态200
[福城建设-接口监控平台]:方法POST  路径/sort/GETSORT  状态200
[福城建设-接口监控平台]:方法POST  路径/ad/GETAD  状态200
[福城建设-接口监控平台]:方法POST  路径/shop/GETSHOPBYID  状态200
[福城建设-接口监控平台]:方法POST  路径/shop/GETSTOCK  状态200
[福城建设-接口监控平台]:方法POST  路径/comment/GETFIRST  状态200
[福城建设-接口监控平台]:方法POST  路径/ad/GETAD  状态200
[福城建设-接口监控平台]:方法POST  路径/ad/GETAD  状态200
[福城建设-接口监控平台]:方法POST  路径/sort/GETSORT  状态200
[福城建设-接口监控平台]:方法POST  路径/coupon/GETSHOPCOUPON  状态200
[福城建设-接口监控平台]:方法POST  路径/shop/GETSHOPBYID  状态200
[福城建设-接口监控平台]:方法POST  路径/shop/GETSTOCK  状态200
[福城建设-接口监控平台]:方法POST  路径/comment/GETFIRST  状态200
[福城建设-接口监控平台]:方法POST  路径/ad/GETAD  状态200
[福城建设-接口监控平台]:方法POST  路径/ad/GETAD  状态200
[福城建设-接口监控平台]:方法POST  路径/sort/GETSORT  状态200
[福城建设-接口监控平台]:方法POST  路径/shop/GETSHOPBYID  状态200
[福城建设-接口监控平台]:方法POST  路径/shop/GETSTOCK  状态200
[福城建设-接口监控平台]:方法POST  路径/comment/GETFIRST  状态200
[福城建设-接口监控平台]:方法POST  路径/ad/GETAD  状态200
[福城建设-接口监控平台]:方法POST  路径/sort/GETSORT  状态200
[福城建设-接口监控平台]:方法POST  路径/ad/GETAD  状态200
[福城建设-接口监控平台]:方法POST  路径/coupon/GETSHOPCOUPON  状态200
[福城建设-接口监控平台]:方法POST  路径/shop/GETSHOPBYID  状态200
[福城建设-接口监控平台]:方法POST  路径/shop/GETSTOCK  状态200
[福城建设-接口监控平台]:方法POST  路径/comment/GETFIRST  状态200
[福城建设-接口监控平台]:方法POST  路径/ad/GETAD  状态200
[福城建设-接口监控平台]:方法POST  路径/sort/GETSORT  状态200
[福城建设-接口监控平台]:方法POST  路径/ad/GETAD  状态200
[福城建设-接口监控平台]:方法POST  路径/coupon/GETSHOPCOUPON  状态200
[福城建设-接口监控平台]:方法POST  路径/shop/GETSTOCK  状态200
[福城建设-接口监控平台]:方法POST  路径/shop/GETSHOPBYID  状态200
[福城建设-接口监控平台]:方法POST  路径/comment/GETFIRST  状态200
[福城建设-接口监控平台]:方法POST  路径/ad/GETAD  状态200
[福城建设-接口监控平台]:方法POST  路径/ad/GETAD  状态200
[福城建设-接口监控平台]:方法POST  路径/sort/GETSORT  状态200
[福城建设-接口监控平台]:方法POST  路径/coupon/GETSHOPCOUPON  状态200
[福城建设-接口监控平台]:方法POST  路径/shop/GETSTOCK  状态200
[福城建设-接口监控平台]:方法POST  路径/shop/GETSHOPBYID  状态200
[福城建设-接口监控平台]:方法POST  路径/comment/GETFIRST  状态200
[福城建设-接口监控平台]:方法POST  路径/ad/GETAD  状态200
[福城建设-接口监控平台]:方法POST  路径/ad/GETAD  状态200
[福城建设-接口监控平台]:方法POST  路径/sort/GETSORT  状态200
[福城建设-接口监控平台]:方法POST  路径/coupon/GETSHOPCOUPON  状态200
[福城建设-接口监控平台]:方法POST  路径/shop/GETSHOPBYID  状态200
[福城建设-接口监控平台]:方法POST  路径/shop/GETSTOCK  状态200
[福城建设-接口监控平台]:方法POST  路径/comment/GETFIRST  状态200
[福城建设-接口监控平台]:方法POST  路径/sort/GETSORT  状态200
[福城建设-接口监控平台]:方法POST  路径/ad/GETAD  状态200
[福城建设-接口监控平台]:方法POST  路径/ad/GETAD  状态200
[福城建设-接口监控平台]:方法POST  路径/coupon/GETSHOPCOUPON  状态200
[福城建设-接口监控平台]:方法POST  路径/shop/GETSHOPBYID  状态200
[福城建设-接口监控平台]:方法POST  路径/shop/GETSTOCK  状态200
[福城建设-接口监控平台]:方法POST  路径/comment/GETFIRST  状态200
[福城建设-接口监控平台]:方法POST  路径/ad/GETAD  状态200
[福城建设-接口监控平台]:方法POST  路径/ad/GETAD  状态200
[福城建设-接口监控平台]:方法POST  路径/sort/GETSORT  状态200
[福城建设-接口监控平台]:方法POST  路径/coupon/GETSHOPCOUPON  状态200
[福城建设-接口监控平台]:方法POST  路径/shop/GETSHOPBYID  状态200
[福城建设-接口监控平台]:方法POST  路径/shop/GETSTOCK  状态200
[福城建设-接口监控平台]:方法POST  路径/comment/GETFIRST  状态200
[福城建设-接口监控平台]:方法POST  路径/ad/GETAD  状态200
[福城建设-接口监控平台]:方法POST  路径/sort/GETSORT  状态200
[福城建设-接口监控平台]:方法POST  路径/ad/GETAD  状态200
[福城建设-接口监控平台]:方法POST  路径/coupon/GETSHOPCOUPON  状态200
[福城建设-接口监控平台]:方法POST  路径/shop/GETSTOCK  状态200
[福城建设-接口监控平台]:方法POST  路径/shop/GETSHOPBYID  状态200
[福城建设-接口监控平台]:方法POST  路径/comment/GETFIRST  状态200
[福城建设-接口监控平台]:方法POST  路径/ad/GETAD  状态200
[福城建设-接口监控平台]:方法POST  路径/sort/GETSORT  状态200
[福城建设-接口监控平台]:方法POST  路径/ad/GETAD  状态200
[福城建设-接口监控平台]:方法POST  路径/coupon/GETSHOPCOUPON  状态200
[福城建设-接口监控平台]:方法POST  路径/shop/GETSHOPBYID  状态200
[福城建设-接口监控平台]:方法POST  路径/shop/GETSTOCK  状态200
[福城建设-接口监控平台]:方法POST  路径/comment/GETFIRST  状态200
[福城建设-接口监控平台]:方法POST  路径/ad/GETAD  状态200
[福城建设-接口监控平台]:方法POST  路径/ad/GETAD  状态200
[福城建设-接口监控平台]:方法POST  路径/sort/GETSORT  状态200
[福城建设-接口监控平台]:方法POST  路径/coupon/GETSHOPCOUPON  状态200
[福城建设-接口监控平台]:方法POST  路径/shop/GETSTOCK  状态200
[福城建设-接口监控平台]:方法POST  路径/shop/GETSHOPBYID  状态200
[福城建设-接口监控平台]:方法POST  路径/comment/GETFIRST  状态200
[福城建设-接口监控平台]:方法POST  路径/ad/GETAD  状态200
[福城建设-接口监控平台]:方法POST  路径/ad/GETAD  状态200
[福城建设-接口监控平台]:方法POST  路径/sort/GETSORT  状态200
[福城建设-接口监控平台]:方法POST  路径/coupon/GETSHOPCOUPON  状态200
[福城建设-接口监控平台]:方法POST  路径/search/SEARCHLIST  状态200
[福城建设-接口监控平台]:方法POST  路径/search/SEARCHLIST  状态200
[福城建设-接口监控平台]:方法POST  路径/search/SEARCHLIST  状态200
[福城建设-接口监控平台]:方法POST  路径/search/SEARCHLIST  状态200
[福城建设-接口监控平台]:方法POST  路径/search/SEARCHLIST  状态200
[福城建设-接口监控平台]:方法POST  路径/search/SEARCHRESULT  状态200
[福城建设-接口监控平台]:方法POST  路径/shop/GETSHOPBYID  状态200
[福城建设-接口监控平台]:方法POST  路径/shop/GETSTOCK  状态200
[福城建设-接口监控平台]:方法POST  路径/comment/GETFIRST  状态200
[福城建设-接口监控平台]:方法POST  路径/coupon/GETSHOPCOUPON  状态200
[福城建设-接口监控平台]:方法GET  路径/userHead/default.png  状态304
[福城建设-接口监控平台]:方法POST  路径/sort/GETSORT  状态200
[福城建设-接口监控平台]:方法POST  路径/ad/GETAD  状态200
[福城建设-接口监控平台]:方法POST  路径/ad/GETAD  状态200
[福城建设-接口监控平台]:方法POST  路径/shop/GETSTOCK  状态200
[福城建设-接口监控平台]:方法POST  路径/shop/GETSHOPBYID  状态200
[福城建设-接口监控平台]:方法POST  路径/comment/GETFIRST  状态200
[福城建设-接口监控平台]:方法POST  路径/ad/GETAD  状态200
[福城建设-接口监控平台]:方法POST  路径/sort/GETSORT  状态200
[福城建设-接口监控平台]:方法POST  路径/ad/GETAD  状态200
[福城建设-接口监控平台]:方法POST  路径/coupon/GETSHOPCOUPON  状态200
[福城建设-接口监控平台]:方法POST  路径/shop/GETSHOPBYID  状态200
[福城建设-接口监控平台]:方法POST  路径/shop/GETSTOCK  状态200
[福城建设-接口监控平台]:方法POST  路径/comment/GETFIRST  状态200
[福城建设-接口监控平台]:方法POST  路径/ad/GETAD  状态200
[福城建设-接口监控平台]:方法POST  路径/ad/GETAD  状态200
[福城建设-接口监控平台]:方法POST  路径/sort/GETSORT  状态200
[福城建设-接口监控平台]:方法POST  路径/coupon/GETSHOPCOUPON  状态200
[福城建设-接口监控平台]:方法POST  路径/shop/GETSTOCK  状态200
[福城建设-接口监控平台]:方法POST  路径/shop/GETSHOPBYID  状态200
[福城建设-接口监控平台]:方法POST  路径/comment/GETFIRST  状态200
[福城建设-接口监控平台]:方法POST  路径/ad/GETAD  状态200
[福城建设-接口监控平台]:方法POST  路径/ad/GETAD  状态200
[福城建设-接口监控平台]:方法POST  路径/sort/GETSORT  状态200
[福城建设-接口监控平台]:方法POST  路径/coupon/GETSHOPCOUPON  状态200
[福城建设-接口监控平台]:方法POST  路径/shop/GETSTOCK  状态200
[福城建设-接口监控平台]:方法POST  路径/shop/GETSHOPBYID  状态200
[福城建设-接口监控平台]:方法POST  路径/comment/GETFIRST  状态200
[福城建设-接口监控平台]:方法POST  路径/ad/GETAD  状态200
[福城建设-接口监控平台]:方法POST  路径/ad/GETAD  状态200
[福城建设-接口监控平台]:方法POST  路径/sort/GETSORT  状态200
[福城建设-接口监控平台]:方法POST  路径/coupon/GETSHOPCOUPON  状态200
[福城建设-接口监控平台]:方法POST  路径/shop/GETSHOPBYID  状态200
[福城建设-接口监控平台]:方法POST  路径/shop/GETSTOCK  状态200
[福城建设-接口监控平台]:方法POST  路径/comment/GETFIRST  状态200
[福城建设-接口监控平台]:方法POST  路径/ad/GETAD  状态200
[福城建设-接口监控平台]:方法POST  路径/sort/GETSORT  状态200
[福城建设-接口监控平台]:方法POST  路径/ad/GETAD  状态200
[福城建设-接口监控平台]:方法POST  路径/coupon/GETSHOPCOUPON  状态200
[福城建设-接口监控平台]:方法POST  路径/shop/GETSHOPBYID  状态200
[福城建设-接口监控平台]:方法POST  路径/shop/GETSTOCK  状态200
[福城建设-接口监控平台]:方法POST  路径/comment/GETFIRST  状态200
[福城建设-接口监控平台]:方法POST  路径/ad/GETAD  状态200
[福城建设-接口监控平台]:方法POST  路径/ad/GETAD  状态200
[福城建设-接口监控平台]:方法POST  路径/sort/GETSORT  状态200
[福城建设-接口监控平台]:方法POST  路径/coupon/GETSHOPCOUPON  状态200
[福城建设-接口监控平台]:方法POST  路径/shop/GETSHOPBYID  状态200
[福城建设-接口监控平台]:方法POST  路径/shop/GETSTOCK  状态200
[福城建设-接口监控平台]:方法POST  路径/comment/GETFIRST  状态200
[福城建设-接口监控平台]:方法POST  路径/ad/GETAD  状态200
[福城建设-接口监控平台]:方法POST  路径/ad/GETAD  状态200
[福城建设-接口监控平台]:方法POST  路径/sort/GETSORT  状态200
[福城建设-接口监控平台]:方法POST  路径/coupon/GETSHOPCOUPON  状态200
[福城建设-接口监控平台]:方法POST  路径/shop/GETSTOCK  状态200
[福城建设-接口监控平台]:方法POST  路径/shop/GETSHOPBYID  状态200
[福城建设-接口监控平台]:方法POST  路径/comment/GETFIRST  状态200
[福城建设-接口监控平台]:方法POST  路径/ad/GETAD  状态200
[福城建设-接口监控平台]:方法POST  路径/ad/GETAD  状态200
[福城建设-接口监控平台]:方法POST  路径/sort/GETSORT  状态200
[福城建设-接口监控平台]:方法POST  路径/coupon/GETSHOPCOUPON  状态200
[福城建设-接口监控平台]:方法POST  路径/shop/GETSHOPBYID  状态200
[福城建设-接口监控平台]:方法POST  路径/shop/GETSTOCK  状态200
[福城建设-接口监控平台]:方法POST  路径/comment/GETFIRST  状态200
[福城建设-接口监控平台]:方法POST  路径/ad/GETAD  状态200
[福城建设-接口监控平台]:方法POST  路径/ad/GETAD  状态200
[福城建设-接口监控平台]:方法POST  路径/sort/GETSORT  状态200
[福城建设-接口监控平台]:方法POST  路径/coupon/GETSHOPCOUPON  状态200
[福城建设-接口监控平台]:方法POST  路径/shop/GETSTOCK  状态200
[福城建设-接口监控平台]:方法POST  路径/shop/GETSHOPBYID  状态200
[福城建设-接口监控平台]:方法POST  路径/comment/GETFIRST  状态200
[福城建设-接口监控平台]:方法POST  路径/ad/GETAD  状态200
[福城建设-接口监控平台]:方法POST  路径/ad/GETAD  状态200
[福城建设-接口监控平台]:方法POST  路径/sort/GETSORT  状态200
[福城建设-接口监控平台]:方法POST  路径/ad/GETAD  状态200
[福城建设-接口监控平台]:方法POST  路径/ad/GETAD  状态200
[福城建设-接口监控平台]:方法POST  路径/sort/GETSORT  状态200
[福城建设-接口监控平台]:方法POST  路径/ad/GETAD  状态200
[福城建设-接口监控平台]:方法POST  路径/ad/GETAD  状态200
[福城建设-接口监控平台]:方法POST  路径/sort/GETSORT  状态200
[福城建设-接口监控平台]:方法POST  路径/shop/GETSTOCK  状态200
[福城建设-接口监控平台]:方法POST  路径/shop/GETSHOPBYID  状态200
[福城建设-接口监控平台]:方法POST  路径/comment/GETFIRST  状态200
[福城建设-接口监控平台]:方法POST  路径/ad/GETAD  状态200
[福城建设-接口监控平台]:方法POST  路径/sort/GETSORT  状态200
[福城建设-接口监控平台]:方法POST  路径/ad/GETAD  状态200
[福城建设-接口监控平台]:方法POST  路径/ad/GETAD  状态200
[福城建设-接口监控平台]:方法POST  路径/ad/GETAD  状态200
[福城建设-接口监控平台]:方法POST  路径/sort/GETSORT  状态200
[福城建设-接口监控平台]:方法POST  路径/shop/GETSHOPBYID  状态200
[福城建设-接口监控平台]:方法POST  路径/shop/GETSTOCK  状态200
[福城建设-接口监控平台]:方法POST  路径/comment/GETFIRST  状态200
[福城建设-接口监控平台]:方法POST  路径/coupon/GETSHOPCOUPON  状态200
[福城建设-接口监控平台]:方法POST  路径/ad/GETAD  状态200
[福城建设-接口监控平台]:方法POST  路径/sort/GETSORT  状态200
[福城建设-接口监控平台]:方法POST  路径/ad/GETAD  状态200
[福城建设-接口监控平台]:方法POST  路径/shop/GETSTOCK  状态200
[福城建设-接口监控平台]:方法POST  路径/comment/GETFIRST  状态200
[福城建设-接口监控平台]:方法POST  路径/shop/GETSHOPBYID  状态200
[福城建设-接口监控平台]:方法POST  路径/ad/GETAD  状态200
[福城建设-接口监控平台]:方法POST  路径/ad/GETAD  状态200
[福城建设-接口监控平台]:方法POST  路径/sort/GETSORT  状态200
[福城建设-接口监控平台]:方法POST  路径/coupon/GETSHOPCOUPON  状态200
[福城建设-接口监控平台]:方法POST  路径/ad/GETAD  状态200
[福城建设-接口监控平台]:方法POST  路径/sort/GETSORT  状态200
[福城建设-接口监控平台]:方法POST  路径/ad/GETAD  状态200
[福城建设-接口监控平台]:方法POST  路径/shop/GETSTOCK  状态200
[福城建设-接口监控平台]:方法POST  路径/comment/GETFIRST  状态200
[福城建设-接口监控平台]:方法POST  路径/shop/GETSHOPBYID  状态200
[福城建设-接口监控平台]:方法POST  路径/ad/GETAD  状态200
[福城建设-接口监控平台]:方法POST  路径/ad/GETAD  状态200
[福城建设-接口监控平台]:方法POST  路径/sort/GETSORT  状态200
[福城建设-接口监控平台]:方法POST  路径/coupon/GETSHOPCOUPON  状态200
[福城建设-接口监控平台]:方法POST  路径/shop/GETSTOCK  状态200
[福城建设-接口监控平台]:方法POST  路径/comment/GETFIRST  状态200
[福城建设-接口监控平台]:方法POST  路径/shop/GETSHOPBYID  状态200
[福城建设-接口监控平台]:方法POST  路径/coupon/GETSHOPCOUPON  状态200
[福城建设-接口监控平台]:方法POST  路径/ad/GETAD  状态200
[福城建设-接口监控平台]:方法POST  路径/ad/GETAD  状态200
[福城建设-接口监控平台]:方法POST  路径/sort/GETSORT  状态200
[福城建设-接口监控平台]:方法POST  路径/shop/GETSTOCK  状态200
[福城建设-接口监控平台]:方法POST  路径/shop/GETSHOPBYID  状态200
[福城建设-接口监控平台]:方法POST  路径/comment/GETFIRST  状态200
[福城建设-接口监控平台]:方法POST  路径/ad/GETAD  状态200
[福城建设-接口监控平台]:方法POST  路径/ad/GETAD  状态200
[福城建设-接口监控平台]:方法POST  路径/sort/GETSORT  状态200
[福城建设-接口监控平台]:方法POST  路径/coupon/GETSHOPCOUPON  状态200
[福城建设-接口监控平台]:方法POST  路径/ad/GETAD  状态200
[福城建设-接口监控平台]:方法POST  路径/sort/GETSORT  状态200
[福城建设-接口监控平台]:方法POST  路径/ad/GETAD  状态200
[福城建设-接口监控平台]:方法POST  路径/shop/GETSHOPBYID  状态200
[福城建设-接口监控平台]:方法POST  路径/shop/GETSTOCK  状态200
[福城建设-接口监控平台]:方法POST  路径/comment/GETFIRST  状态200
[福城建设-接口监控平台]:方法POST  路径/ad/GETAD  状态200
[福城建设-接口监控平台]:方法POST  路径/ad/GETAD  状态200
[福城建设-接口监控平台]:方法POST  路径/sort/GETSORT  状态200
[福城建设-接口监控平台]:方法POST  路径/coupon/GETSHOPCOUPON  状态200
[福城建设-接口监控平台]:方法POST  路径/shop/GETSHOPBYID  状态200
[福城建设-接口监控平台]:方法POST  路径/shop/GETSTOCK  状态200
[福城建设-接口监控平台]:方法POST  路径/comment/GETFIRST  状态200
[福城建设-接口监控平台]:方法POST  路径/coupon/GETSHOPCOUPON  状态200
[福城建设-接口监控平台]:方法POST  路径/ad/GETAD  状态200
[福城建设-接口监控平台]:方法POST  路径/ad/GETAD  状态200
[福城建设-接口监控平台]:方法POST  路径/sort/GETSORT  状态200
[福城建设-接口监控平台]:方法POST  路径/shop/GETSHOPBYID  状态200
[福城建设-接口监控平台]:方法POST  路径/shop/GETSTOCK  状态200
[福城建设-接口监控平台]:方法POST  路径/comment/GETFIRST  状态200
[福城建设-接口监控平台]:方法POST  路径/ad/GETAD  状态200
[福城建设-接口监控平台]:方法POST  路径/sort/GETSORT  状态200
[福城建设-接口监控平台]:方法POST  路径/ad/GETAD  状态200
[福城建设-接口监控平台]:方法POST  路径/coupon/GETSHOPCOUPON  状态200
[福城建设-接口监控平台]:方法POST  路径/shop/GETSHOPBYID  状态200
[福城建设-接口监控平台]:方法POST  路径/shop/GETSTOCK  状态200
[福城建设-接口监控平台]:方法POST  路径/comment/GETFIRST  状态200
[福城建设-接口监控平台]:方法POST  路径/coupon/GETSHOPCOUPON  状态200
[福城建设-接口监控平台]:方法POST  路径/sort/GETSORT  状态200
[福城建设-接口监控平台]:方法POST  路径/ad/GETAD  状态200
[福城建设-接口监控平台]:方法POST  路径/ad/GETAD  状态200
[福城建设-接口监控平台]:方法POST  路径/shop/GETSHOPBYID  状态200
[福城建设-接口监控平台]:方法POST  路径/shop/GETSTOCK  状态200
[福城建设-接口监控平台]:方法POST  路径/comment/GETFIRST  状态200
[福城建设-接口监控平台]:方法POST  路径/coupon/GETSHOPCOUPON  状态200
[福城建设-接口监控平台]:方法POST  路径/ad/GETAD  状态200
[福城建设-接口监控平台]:方法POST  路径/ad/GETAD  状态200
[福城建设-接口监控平台]:方法POST  路径/sort/GETSORT  状态200
[福城建设-接口监控平台]:方法POST  路径/shop/GETSHOPBYID  状态200
[福城建设-接口监控平台]:方法POST  路径/shop/GETSTOCK  状态200
[福城建设-接口监控平台]:方法POST  路径/comment/GETFIRST  状态200
[福城建设-接口监控平台]:方法POST  路径/coupon/GETSHOPCOUPON  状态200
[福城建设-接口监控平台]:方法GET  路径/userHead/default.png  状态304
[福城建设-接口监控平台]:方法POST  路径/comment/GETCOMMENT  状态200
[福城建设-接口监控平台]:方法POST  路径/ad/GETAD  状态200
[福城建设-接口监控平台]:方法POST  路径/ad/GETAD  状态200
[福城建设-接口监控平台]:方法POST  路径/sort/GETSORT  状态200
[福城建设-接口监控平台]:方法POST  路径/ad/GETAD  状态200
[福城建设-接口监控平台]:方法POST  路径/sort/GETSORT  状态200
[福城建设-接口监控平台]:方法POST  路径/ad/GETAD  状态200
[福城建设-接口监控平台]:方法POST  路径/ad/GETAD  状态200
[福城建设-接口监控平台]:方法POST  路径/sort/GETSORT  状态200
[福城建设-接口监控平台]:方法POST  路径/ad/GETAD  状态200
[福城建设-接口监控平台]:方法POST  路径/ad/GETAD  状态200
[福城建设-接口监控平台]:方法POST  路径/ad/GETAD  状态200
[福城建设-接口监控平台]:方法POST  路径/sort/GETSORT  状态200
[福城建设-接口监控平台]:方法POST  路径/ad/GETAD  状态200
[福城建设-接口监控平台]:方法POST  路径/ad/GETAD  状态200
[福城建设-接口监控平台]:方法POST  路径/sort/GETSORT  状态200
[福城建设-接口监控平台]:方法POST  路径/sort/GETSORT  状态200
[福城建设-接口监控平台]:方法POST  路径/ad/GETAD  状态200
[福城建设-接口监控平台]:方法POST  路径/ad/GETAD  状态200
[福城建设-接口监控平台]:方法POST  路径/ad/GETAD  状态200
[福城建设-接口监控平台]:方法POST  路径/ad/GETAD  状态200
[福城建设-接口监控平台]:方法POST  路径/sort/GETSORT  状态200
[福城建设-接口监控平台]:方法POST  路径/ad/GETAD  状态200
[福城建设-接口监控平台]:方法POST  路径/ad/GETAD  状态200
[福城建设-接口监控平台]:方法POST  路径/sort/GETSORT  状态200
[福城建设-接口监控平台]:方法POST  路径/ad/GETAD  状态200
[福城建设-接口监控平台]:方法POST  路径/ad/GETAD  状态200
[福城建设-接口监控平台]:方法POST  路径/sort/GETSORT  状态200
[福城建设-接口监控平台]:方法POST  路径/ad/GETAD  状态200
[福城建设-接口监控平台]:方法POST  路径/ad/GETAD  状态200
[福城建设-接口监控平台]:方法POST  路径/sort/GETSORT  状态200
[福城建设-接口监控平台]:方法POST  路径/ad/GETAD  状态200
[福城建设-接口监控平台]:方法POST  路径/ad/GETAD  状态200
[福城建设-接口监控平台]:方法POST  路径/sort/GETSORT  状态200
[福城建设-接口监控平台]:方法POST  路径/ad/GETAD  状态200
[福城建设-接口监控平台]:方法POST  路径/ad/GETAD  状态200
[福城建设-接口监控平台]:方法POST  路径/sort/GETSORT  状态200
[福城建设-接口监控平台]:方法POST  路径/ad/GETAD  状态200
[福城建设-接口监控平台]:方法POST  路径/ad/GETAD  状态200
[福城建设-接口监控平台]:方法POST  路径/sort/GETSORT  状态200
[福城建设-接口监控平台]:方法POST  路径/ad/GETAD  状态200
[福城建设-接口监控平台]:方法POST  路径/ad/GETAD  状态200
[福城建设-接口监控平台]:方法POST  路径/sort/GETSORT  状态200
[福城建设-接口监控平台]:方法POST  路径/ad/GETAD  状态200
[福城建设-接口监控平台]:方法POST  路径/ad/GETAD  状态200
[福城建设-接口监控平台]:方法POST  路径/sort/GETSORT  状态200
[福城建设-接口监控平台]:方法POST  路径/order/GETORDERCOUNT  状态200
[福城建设-接口监控平台]:方法POST  路径/ad/GETAD  状态200
[福城建设-接口监控平台]:方法POST  路径/ad/GETAD  状态200
[福城建设-接口监控平台]:方法POST  路径/sort/GETSORT  状态200
[福城建设-接口监控平台]:方法POST  路径/ad/GETAD  状态200
[福城建设-接口监控平台]:方法POST  路径/ad/GETAD  状态200
[福城建设-接口监控平台]:方法POST  路径/sort/GETSORT  状态200
[福城建设-接口监控平台]:方法POST  路径/ad/GETAD  状态200
[福城建设-接口监控平台]:方法POST  路径/ad/GETAD  状态200
[福城建设-接口监控平台]:方法POST  路径/sort/GETSORT  状态200
[福城建设-接口监控平台]:方法POST  路径/ad/GETAD  状态200
[福城建设-接口监控平台]:方法POST  路径/ad/GETAD  状态200
[福城建设-接口监控平台]:方法POST  路径/sort/GETSORT  状态200
[福城建设-接口监控平台]:方法POST  路径/ad/GETAD  状态200
[福城建设-接口监控平台]:方法POST  路径/ad/GETAD  状态200
[福城建设-接口监控平台]:方法POST  路径/sort/GETSORT  状态200
[福城建设-接口监控平台]:方法POST  路径/ad/GETAD  状态200
[福城建设-接口监控平台]:方法POST  路径/ad/GETAD  状态200
[福城建设-接口监控平台]:方法POST  路径/sort/GETSORT  状态200
[福城建设-接口监控平台]:方法POST  路径/ad/GETAD  状态200
[福城建设-接口监控平台]:方法POST  路径/ad/GETAD  状态200
[福城建设-接口监控平台]:方法POST  路径/sort/GETSORT  状态200
[福城建设-接口监控平台]:方法POST  路径/sort/GETSORT  状态200
[福城建设-接口监控平台]:方法POST  路径/ad/GETAD  状态200
[福城建设-接口监控平台]:方法POST  路径/ad/GETAD  状态200
[福城建设-接口监控平台]:方法POST  路径/ad/GETAD  状态200
[福城建设-接口监控平台]:方法POST  路径/ad/GETAD  状态200
[福城建设-接口监控平台]:方法POST  路径/sort/GETSORT  状态200
[福城建设-接口监控平台]:方法POST  路径/sort/GETSORT  状态200
[福城建设-接口监控平台]:方法POST  路径/ad/GETAD  状态200
[福城建设-接口监控平台]:方法POST  路径/ad/GETAD  状态200
[福城建设-接口监控平台]:方法POST  路径/ad/GETAD  状态200
[福城建设-接口监控平台]:方法POST  路径/ad/GETAD  状态200
[福城建设-接口监控平台]:方法POST  路径/sort/GETSORT  状态200
[福城建设-接口监控平台]:方法POST  路径/ad/GETAD  状态200
[福城建设-接口监控平台]:方法POST  路径/ad/GETAD  状态200
[福城建设-接口监控平台]:方法POST  路径/sort/GETSORT  状态200
[福城建设-接口监控平台]:方法POST  路径/ad/GETAD  状态200
[福城建设-接口监控平台]:方法POST  路径/ad/GETAD  状态200
[福城建设-接口监控平台]:方法POST  路径/coupon/getcoupons  状态200
[福城建设-接口监控平台]:方法POST  路径/sort/GETSORT  状态200
[福城建设-接口监控平台]:方法POST  路径/ad/GETAD  状态200
[福城建设-接口监控平台]:方法POST  路径/ad/GETAD  状态200
[福城建设-接口监控平台]:方法POST  路径/sort/GETSORT  状态200
[福城建设-接口监控平台]:方法POST  路径/coupon/getcoupons  状态200
[福城建设-接口监控平台]:方法POST  路径/ad/GETAD  状态200
[福城建设-接口监控平台]:方法POST  路径/coupon/getcoupons  状态200
[福城建设-接口监控平台]:方法POST  路径/ad/GETAD  状态200
[福城建设-接口监控平台]:方法POST  路径/sort/GETSORT  状态200
[福城建设-接口监控平台]:方法POST  路径/ad/GETAD  状态200
[福城建设-接口监控平台]:方法POST  路径/ad/GETAD  状态200
[福城建设-接口监控平台]:方法POST  路径/coupon/getcoupons  状态200
[福城建设-接口监控平台]:方法POST  路径/sort/GETSORT  状态200
[福城建设-接口监控平台]:方法POST  路径/ad/GETAD  状态200
[福城建设-接口监控平台]:方法POST  路径/ad/GETAD  状态200
[福城建设-接口监控平台]:方法POST  路径/sort/GETSORT  状态200
[福城建设-接口监控平台]:方法POST  路径/coupon/getcoupons  状态200
[福城建设-接口监控平台]:方法POST  路径/login/LOGINAUTO  状态200
[福城建设-接口监控平台]:方法POST  路径/login/LOGINU  状态200
[福城建设-接口监控平台]:方法POST  路径/adminlogin/GETADMINSTATE  状态200
[福城建设-接口监控平台]:方法POST  路径/login/GETUSERINFO  状态200
[福城建设-接口监控平台]:方法POST  路径/adminlogin/GETROUTER  状态200
[福城建设-接口监控平台]:方法POST  路径/coupon/GETCOUPONBYSORT  状态200
[福城建设-接口监控平台]:方法POST  路径/sort/GETSORTS  状态200
[福城建设-接口监控平台]:方法POST  路径/coupon/ADDCOUPON  状态200
[福城建设-接口监控平台]:方法POST  路径/coupon/GETCOUPONBYSORT  状态200
[福城建设-接口监控平台]:方法POST  路径/ad/GETAD  状态200
[福城建设-接口监控平台]:方法POST  路径/sort/GETSORT  状态200
[福城建设-接口监控平台]:方法POST  路径/ad/GETAD  状态200
[福城建设-接口监控平台]:方法POST  路径/coupon/getcoupons  状态200
[福城建设-接口监控平台]:方法POST  路径/ad/GETAD  状态200
[福城建设-接口监控平台]:方法POST  路径/ad/GETAD  状态200
[福城建设-接口监控平台]:方法POST  路径/coupon/getcoupons  状态200
[福城建设-接口监控平台]:方法POST  路径/sort/GETSORT  状态200
[福城建设-接口监控平台]:方法POST  路径/ad/GETAD  状态200
[福城建设-接口监控平台]:方法POST  路径/coupon/getcoupons  状态200
[福城建设-接口监控平台]:方法POST  路径/ad/GETAD  状态200
[福城建设-接口监控平台]:方法POST  路径/sort/GETSORT  状态200
[福城建设-接口监控平台]:方法POST  路径/ad/GETAD  状态200
[福城建设-接口监控平台]:方法POST  路径/sort/GETSORT  状态200
[福城建设-接口监控平台]:方法POST  路径/ad/GETAD  状态200
[福城建设-接口监控平台]:方法POST  路径/coupon/getcoupons  状态200
[福城建设-接口监控平台]:方法POST  路径/sort/GETSORT  状态200
[福城建设-接口监控平台]:方法POST  路径/ad/GETAD  状态200
[福城建设-接口监控平台]:方法POST  路径/ad/GETAD  状态200
[福城建设-接口监控平台]:方法POST  路径/coupon/getcoupons  状态200
[福城建设-接口监控平台]:方法POST  路径/ad/GETAD  状态200
[福城建设-接口监控平台]:方法POST  路径/ad/GETAD  状态200
[福城建设-接口监控平台]:方法POST  路径/coupon/getcoupons  状态200
[福城建设-接口监控平台]:方法POST  路径/sort/GETSORT  状态200
[福城建设-接口监控平台]:方法POST  路径/search/SEARCHLIST  状态200
[福城建设-接口监控平台]:方法POST  路径/search/SEARCHLIST  状态200
[福城建设-接口监控平台]:方法POST  路径/search/SEARCHLIST  状态200
[福城建设-接口监控平台]:方法POST  路径/search/SEARCHRESULT  状态200
[福城建设-接口监控平台]:方法POST  路径/shop/GETSHOPBYID  状态200
[福城建设-接口监控平台]:方法POST  路径/shop/GETSTOCK  状态200
[福城建设-接口监控平台]:方法POST  路径/comment/GETFIRST  状态200
[福城建设-接口监控平台]:方法POST  路径/coupon/GETSHOPCOUPON  状态200
[福城建设-接口监控平台]:方法POST  路径/ad/GETAD  状态200
[福城建设-接口监控平台]:方法POST  路径/ad/GETAD  状态200
[福城建设-接口监控平台]:方法POST  路径/coupon/getcoupons  状态200
[福城建设-接口监控平台]:方法POST  路径/sort/GETSORT  状态200
[福城建设-接口监控平台]:方法POST  路径/shop/GETSHOPBYID  状态200
[福城建设-接口监控平台]:方法POST  路径/shop/GETSTOCK  状态200
[福城建设-接口监控平台]:方法POST  路径/comment/GETFIRST  状态200
[福城建设-接口监控平台]:方法POST  路径/coupon/GETSHOPCOUPON  状态200
[福城建设-接口监控平台]:方法POST  路径/sort/GETSORT  状态200
[福城建设-接口监控平台]:方法POST  路径/ad/GETAD  状态200
[福城建设-接口监控平台]:方法POST  路径/ad/GETAD  状态200
[福城建设-接口监控平台]:方法POST  路径/coupon/getcoupons  状态200
[福城建设-接口监控平台]:方法POST  路径/shop/GETSHOPBYID  状态200
[福城建设-接口监控平台]:方法POST  路径/shop/GETSTOCK  状态200
[福城建设-接口监控平台]:方法POST  路径/comment/GETFIRST  状态200
[福城建设-接口监控平台]:方法POST  路径/coupon/GETSHOPCOUPON  状态200
[福城建设-接口监控平台]:方法GET  路径/userHead/default.png  状态304
[福城建设-接口监控平台]:方法POST  路径/comment/GETCOMMENT  状态200
[福城建设-接口监控平台]:方法POST  路径/ad/GETAD  状态200
[福城建设-接口监控平台]:方法POST  路径/ad/GETAD  状态200
[福城建设-接口监控平台]:方法POST  路径/coupon/getcoupons  状态200
[福城建设-接口监控平台]:方法POST  路径/sort/GETSORT  状态200
[福城建设-接口监控平台]:方法POST  路径/ad/GETAD  状态200
[福城建设-接口监控平台]:方法POST  路径/sort/GETSORT  状态200
[福城建设-接口监控平台]:方法POST  路径/ad/GETAD  状态200
[福城建设-接口监控平台]:方法POST  路径/coupon/getcoupons  状态200
[福城建设-接口监控平台]:方法POST  路径/ad/GETAD  状态200
[福城建设-接口监控平台]:方法POST  路径/coupon/getcoupons  状态200
[福城建设-接口监控平台]:方法POST  路径/ad/GETAD  状态200
[福城建设-接口监控平台]:方法POST  路径/sort/GETSORT  状态200
[福城建设-接口监控平台]:方法POST  路径/ad/GETAD  状态200
[福城建设-接口监控平台]:方法POST  路径/ad/GETAD  状态200
[福城建设-接口监控平台]:方法POST  路径/coupon/getcoupons  状态200
[福城建设-接口监控平台]:方法POST  路径/sort/GETSORT  状态200
[福城建设-接口监控平台]:方法POST  路径/sort/GETSORT  状态200
[福城建设-接口监控平台]:方法POST  路径/ad/GETAD  状态200
[福城建设-接口监控平台]:方法POST  路径/coupon/getcoupons  状态200
[福城建设-接口监控平台]:方法POST  路径/ad/GETAD  状态200
[福城建设-接口监控平台]:方法POST  路径/ad/GETAD  状态200
[福城建设-接口监控平台]:方法POST  路径/sort/GETSORT  状态200
[福城建设-接口监控平台]:方法POST  路径/ad/GETAD  状态200
[福城建设-接口监控平台]:方法POST  路径/coupon/getcoupons  状态200
[福城建设-接口监控平台]:方法POST  路径/coupon/getcoupons  状态200
[福城建设-接口监控平台]:方法POST  路径/ad/GETAD  状态200
[福城建设-接口监控平台]:方法POST  路径/ad/GETAD  状态200
[福城建设-接口监控平台]:方法POST  路径/sort/GETSORT  状态200
[福城建设-接口监控平台]:方法POST  路径/shop/GETSALE  状态-
[福城建设-接口监控平台]:方法POST  路径/ad/GETAD  状态200
[福城建设-接口监控平台]:方法POST  路径/sort/GETSORT  状态200
[福城建设-接口监控平台]:方法POST  路径/coupon/getcoupons  状态200
[福城建设-接口监控平台]:方法POST  路径/ad/GETAD  状态200
[福城建设-接口监控平台]:方法POST  路径/shop/GETSALE  状态-
[福城建设-接口监控平台]:方法POST  路径/ad/GETAD  状态200
[福城建设-接口监控平台]:方法POST  路径/coupon/getcoupons  状态200
[福城建设-接口监控平台]:方法POST  路径/ad/GETAD  状态200
[福城建设-接口监控平台]:方法POST  路径/shop/GETSALE  状态200
[福城建设-接口监控平台]:方法POST  路径/sort/GETSORT  状态200
[福城建设-接口监控平台]:方法POST  路径/ad/GETAD  状态200
[福城建设-接口监控平台]:方法POST  路径/coupon/getcoupons  状态200
[福城建设-接口监控平台]:方法POST  路径/ad/GETAD  状态200
[福城建设-接口监控平台]:方法POST  路径/shop/GETSALE  状态200
[福城建设-接口监控平台]:方法POST  路径/sort/GETSORT  状态200
[福城建设-接口监控平台]:方法POST  路径/ad/GETAD  状态200
[福城建设-接口监控平台]:方法POST  路径/coupon/getcoupons  状态200
[福城建设-接口监控平台]:方法POST  路径/ad/GETAD  状态200
[福城建设-接口监控平台]:方法POST  路径/sort/GETSORT  状态200
[福城建设-接口监控平台]:方法POST  路径/shop/GETSALE  状态200
[福城建设-接口监控平台]:方法POST  路径/order/GETORDERCOUNT  状态200
[福城建设-接口监控平台]:方法POST  路径/order/GETORDERCOUNT  状态200
[福城建设-接口监控平台]:方法POST  路径/ad/GETAD  状态200
[福城建设-接口监控平台]:方法POST  路径/ad/GETAD  状态200
[福城建设-接口监控平台]:方法POST  路径/coupon/getcoupons  状态200
[福城建设-接口监控平台]:方法POST  路径/sort/GETSORT  状态200
[福城建设-接口监控平台]:方法POST  路径/shop/GETSALE  状态200
[福城建设-接口监控平台]:方法POST  路径/ad/GETAD  状态200
[福城建设-接口监控平台]:方法POST  路径/ad/GETAD  状态200
[福城建设-接口监控平台]:方法POST  路径/sort/GETSORT  状态200
[福城建设-接口监控平台]:方法POST  路径/coupon/getcoupons  状态200
[福城建设-接口监控平台]:方法POST  路径/shop/GETSALE  状态200
[福城建设-接口监控平台]:方法POST  路径/ad/GETAD  状态200
[福城建设-接口监控平台]:方法POST  路径/coupon/getcoupons  状态200
[福城建设-接口监控平台]:方法POST  路径/ad/GETAD  状态200
[福城建设-接口监控平台]:方法POST  路径/shop/GETSALE  状态200
[福城建设-接口监控平台]:方法POST  路径/sort/GETSORT  状态200
[福城建设-接口监控平台]:方法POST  路径/coupon/getcoupons  状态200
[福城建设-接口监控平台]:方法POST  路径/ad/GETAD  状态200
[福城建设-接口监控平台]:方法POST  路径/ad/GETAD  状态200
[福城建设-接口监控平台]:方法POST  路径/shop/GETSALE  状态200
[福城建设-接口监控平台]:方法POST  路径/sort/GETSORT  状态200
[福城建设-接口监控平台]:方法POST  路径/ad/GETAD  状态200
[福城建设-接口监控平台]:方法POST  路径/ad/GETAD  状态200
[福城建设-接口监控平台]:方法POST  路径/coupon/getcoupons  状态200
[福城建设-接口监控平台]:方法POST  路径/sort/GETSORT  状态200
[福城建设-接口监控平台]:方法POST  路径/shop/GETSALE  状态200
[福城建设-接口监控平台]:方法GET  路径/shop/2020232115131686.png  状态200
[福城建设-接口监控平台]:方法POST  路径/ad/GETAD  状态200
[福城建设-接口监控平台]:方法POST  路径/ad/GETAD  状态200
[福城建设-接口监控平台]:方法POST  路径/coupon/getcoupons  状态200
[福城建设-接口监控平台]:方法POST  路径/sort/GETSORT  状态200
[福城建设-接口监控平台]:方法POST  路径/shop/GETSALE  状态-
[福城建设-接口监控平台]:方法POST  路径/sort/GETSORT  状态200
[福城建设-接口监控平台]:方法POST  路径/ad/GETAD  状态200
[福城建设-接口监控平台]:方法POST  路径/ad/GETAD  状态200
[福城建设-接口监控平台]:方法POST  路径/coupon/getcoupons  状态200
[福城建设-接口监控平台]:方法POST  路径/ad/GETAD  状态200
[福城建设-接口监控平台]:方法POST  路径/ad/GETAD  状态200
[福城建设-接口监控平台]:方法POST  路径/coupon/getcoupons  状态200
[福城建设-接口监控平台]:方法POST  路径/sort/GETSORT  状态200
[福城建设-接口监控平台]:方法POST  路径/shop/GETSALE  状态200
[福城建设-接口监控平台]:方法GET  路径/shop/202024231651942.png  状态200
[福城建设-接口监控平台]:方法GET  路径/shop/2020221521846488.png  状态200
[福城建设-接口监控平台]:方法POST  路径/ad/GETAD  状态200
[福城建设-接口监控平台]:方法POST  路径/coupon/getcoupons  状态200
[福城建设-接口监控平台]:方法POST  路径/ad/GETAD  状态200
[福城建设-接口监控平台]:方法POST  路径/shop/GETSALE  状态200
[福城建设-接口监控平台]:方法POST  路径/sort/GETSORT  状态200
[福城建设-接口监控平台]:方法GET  路径/shop/2020221521846488.png  状态304
[福城建设-接口监控平台]:方法GET  路径/shop/202024231651942.png  状态304
[福城建设-接口监控平台]:方法GET  路径/shop/2020232115131686.png  状态304
[福城建设-接口监控平台]:方法POST  路径/imgValidator/GET  状态200
[福城建设-接口监控平台]:方法POST  路径/imgValidator/CHECK  状态200
[福城建设-接口监控平台]:方法POST  路径/imgValidator/GET  状态200
[福城建设-接口监控平台]:方法POST  路径/imgValidator/CHECK  状态200
[福城建设-接口监控平台]:方法POST  路径/login/LOGINU  状态200
[福城建设-接口监控平台]:方法POST  路径/login/GETUSERINFO  状态200
[福城建设-接口监控平台]:方法POST  路径/shopcar/GETSHOPCAR  状态200
[福城建设-接口监控平台]:方法GET  路径/userHead/default.png  状态304
[福城建设-接口监控平台]:方法POST  路径/ad/GETAD  状态200
[福城建设-接口监控平台]:方法POST  路径/ad/GETAD  状态200
[福城建设-接口监控平台]:方法POST  路径/coupon/getcoupons  状态200
[福城建设-接口监控平台]:方法POST  路径/sort/GETSORT  状态200
[福城建设-接口监控平台]:方法POST  路径/shop/GETSALE  状态200
[福城建设-接口监控平台]:方法POST  路径/order/GETORDERCOUNT  状态200
[福城建设-接口监控平台]:方法POST  路径/order/GETORDERCOUNT  状态200
[福城建设-接口监控平台]:方法POST  路径/order/GETORDERCOUNT  状态200
[福城建设-接口监控平台]:方法POST  路径/coupon/GETUSERCOUPON  状态200
[福城建设-接口监控平台]:方法POST  路径/receive/GETUSERRECEIVE  状态200
[福城建设-接口监控平台]:方法POST  路径/order/GETCENTERORDERINFO  状态200
[福城建设-接口监控平台]:方法POST  路径/order/GETCENTERORDERINFO  状态200
[福城建设-接口监控平台]:方法POST  路径/login/LOGINAUTO  状态200
[福城建设-接口监控平台]:方法POST  路径/login/GETUSERINFO  状态200
[福城建设-接口监控平台]:方法GET  路径/userHead/default.png  状态304
[福城建设-接口监控平台]:方法POST  路径/shopcar/GETSHOPCAR  状态200
[福城建设-接口监控平台]:方法POST  路径/login/LOGINAUTO  状态200
[福城建设-接口监控平台]:方法POST  路径/login/GETUSERINFO  状态200
[福城建设-接口监控平台]:方法GET  路径/userHead/default.png  状态304
[福城建设-接口监控平台]:方法POST  路径/shopcar/GETSHOPCAR  状态200
[福城建设-接口监控平台]:方法POST  路径/login/LOGINAUTO  状态200
[福城建设-接口监控平台]:方法POST  路径/ad/GETAD  状态200
[福城建设-接口监控平台]:方法POST  路径/sort/GETSORT  状态200
[福城建设-接口监控平台]:方法POST  路径/ad/GETAD  状态200
[福城建设-接口监控平台]:方法POST  路径/coupon/getcoupons  状态200
[福城建设-接口监控平台]:方法POST  路径/shop/GETSALE  状态200
[福城建设-接口监控平台]:方法POST  路径/login/GETUSERINFO  状态200
[福城建设-接口监控平台]:方法GET  路径/shop/2020221521846488.png  状态304
[福城建设-接口监控平台]:方法GET  路径/shop/2020232115131686.png  状态304
[福城建设-接口监控平台]:方法GET  路径/shop/202024231651942.png  状态304
[福城建设-接口监控平台]:方法GET  路径/userHead/default.png  状态304
[福城建设-接口监控平台]:方法POST  路径/shopcar/GETSHOPCAR  状态200
[福城建设-接口监控平台]:方法POST  路径/order/GETCENTERORDERINFO  状态200
[福城建设-接口监控平台]:方法POST  路径/login/LOGINAUTO  状态200
[福城建设-接口监控平台]:方法POST  路径/login/GETUSERINFO  状态200
[福城建设-接口监控平台]:方法GET  路径/userHead/default.png  状态304
[福城建设-接口监控平台]:方法POST  路径/shopcar/GETSHOPCAR  状态200
[福城建设-接口监控平台]:方法POST  路径/login/LOGINAUTO  状态200
[福城建设-接口监控平台]:方法POST  路径/login/GETUSERINFO  状态200
[福城建设-接口监控平台]:方法GET  路径/userHead/default.png  状态304
[福城建设-接口监控平台]:方法POST  路径/shopcar/GETSHOPCAR  状态200
[福城建设-接口监控平台]:方法POST  路径/login/LOGINAUTO  状态200
[福城建设-接口监控平台]:方法POST  路径/login/GETUSERINFO  状态200
[福城建设-接口监控平台]:方法GET  路径/userHead/default.png  状态304
[福城建设-接口监控平台]:方法POST  路径/shopcar/GETSHOPCAR  状态200
[福城建设-接口监控平台]:方法POST  路径/coupon/GETUSERCOUPON  状态200
[福城建设-接口监控平台]:方法POST  路径/login/LOGINAUTO  状态200
[福城建设-接口监控平台]:方法POST  路径/login/GETUSERINFO  状态200
[福城建设-接口监控平台]:方法POST  路径/shopcar/GETSHOPCAR  状态200
[福城建设-接口监控平台]:方法POST  路径/login/LOGINAUTO  状态200
[福城建设-接口监控平台]:方法POST  路径/login/GETUSERINFO  状态200
[福城建设-接口监控平台]:方法POST  路径/shopcar/GETSHOPCAR  状态200
[福城建设-接口监控平台]:方法POST  路径/login/LOGINAUTO  状态200
[福城建设-接口监控平台]:方法POST  路径/login/GETUSERINFO  状态200
[福城建设-接口监控平台]:方法POST  路径/shopcar/GETSHOPCAR  状态200
[福城建设-接口监控平台]:方法GET  路径/userHead/default.png  状态304
[福城建设-接口监控平台]:方法POST  路径/login/LOGINAUTO  状态200
[福城建设-接口监控平台]:方法POST  路径/login/GETUSERINFO  状态200
[福城建设-接口监控平台]:方法POST  路径/shopcar/GETSHOPCAR  状态200
[福城建设-接口监控平台]:方法GET  路径/userHead/default.png  状态304
[福城建设-接口监控平台]:方法POST  路径/login/LOGINAUTO  状态200
[福城建设-接口监控平台]:方法POST  路径/login/GETUSERINFO  状态200
[福城建设-接口监控平台]:方法GET  路径/userHead/default.png  状态304
[福城建设-接口监控平台]:方法POST  路径/shopcar/GETSHOPCAR  状态200
[福城建设-接口监控平台]:方法POST  路径/login/LOGINAUTO  状态200
[福城建设-接口监控平台]:方法POST  路径/login/GETUSERINFO  状态200
[福城建设-接口监控平台]:方法GET  路径/userHead/default.png  状态304
[福城建设-接口监控平台]:方法POST  路径/shopcar/GETSHOPCAR  状态200
[福城建设-接口监控平台]:方法POST  路径/login/LOGINAUTO  状态200
[福城建设-接口监控平台]:方法POST  路径/login/GETUSERINFO  状态200
[福城建设-接口监控平台]:方法GET  路径/userHead/default.png  状态304
[福城建设-接口监控平台]:方法POST  路径/shopcar/GETSHOPCAR  状态200
[福城建设-接口监控平台]:方法POST  路径/login/LOGINAUTO  状态200
[福城建设-接口监控平台]:方法POST  路径/login/GETUSERINFO  状态200
[福城建设-接口监控平台]:方法POST  路径/shopcar/GETSHOPCAR  状态200
[福城建设-接口监控平台]:方法GET  路径/userHead/default.png  状态304
[福城建设-接口监控平台]:方法POST  路径/register/FULLINFO  状态200
[福城建设-接口监控平台]:方法POST  路径/login/LOGINAUTO  状态200
[福城建设-接口监控平台]:方法POST  路径/login/GETUSERINFO  状态200
[福城建设-接口监控平台]:方法GET  路径/userHead/default.png  状态304
[福城建设-接口监控平台]:方法POST  路径/shopcar/GETSHOPCAR  状态200
[福城建设-接口监控平台]:方法POST  路径/register/FULLINFO  状态200
[福城建设-接口监控平台]:方法POST  路径/register/FULLINFO  状态200
[福城建设-接口监控平台]:方法POST  路径/register/FULLINFO  状态200
[福城建设-接口监控平台]:方法POST  路径/login/LOGINAUTO  状态200
[福城建设-接口监控平台]:方法POST  路径/login/GETUSERINFO  状态200
[福城建设-接口监控平台]:方法POST  路径/imgValidator/GET  状态200
[福城建设-接口监控平台]:方法POST  路径/imgValidator/CHECK  状态200
[福城建设-接口监控平台]:方法POST  路径/imgValidator/GET  状态200
[福城建设-接口监控平台]:方法POST  路径/imgValidator/CHECK  状态200
[福城建设-接口监控平台]:方法POST  路径/login/LOGINU  状态200
[福城建设-接口监控平台]:方法POST  路径/login/GETUSERINFO  状态200
[福城建设-接口监控平台]:方法POST  路径/login/LOGINU  状态200
[福城建设-接口监控平台]:方法POST  路径/login/GETUSERINFO  状态200
[福城建设-接口监控平台]:方法POST  路径/login/LOGINAUTO  状态200
[福城建设-接口监控平台]:方法POST  路径/login/GETUSERINFO  状态200
[福城建设-接口监控平台]:方法POST  路径/ad/GETAD  状态200
[福城建设-接口监控平台]:方法POST  路径/coupon/getcoupons  状态200
[福城建设-接口监控平台]:方法POST  路径/sort/GETSORT  状态200
[福城建设-接口监控平台]:方法POST  路径/ad/GETAD  状态200
[福城建设-接口监控平台]:方法POST  路径/shop/GETSALE  状态200
[福城建设-接口监控平台]:方法GET  路径/shop/2020232115131686.png  状态304
[福城建设-接口监控平台]:方法GET  路径/shop/2020221521846488.png  状态304
[福城建设-接口监控平台]:方法GET  路径/shop/202024231651942.png  状态304
[福城建设-接口监控平台]:方法POST  路径/order/GETORDERCOUNT  状态200
[福城建设-接口监控平台]:方法POST  路径/order/GETCENTERORDERINFO  状态200
[福城建设-接口监控平台]:方法POST  路径/login/LOGINAUTO  状态200
[福城建设-接口监控平台]:方法POST  路径/login/GETUSERINFO  状态200
[福城建设-接口监控平台]:方法POST  路径/login/LOGINAUTO  状态200
[福城建设-接口监控平台]:方法POST  路径/login/GETUSERINFO  状态200
[福城建设-接口监控平台]:方法GET  路径/  状态200
[福城建设-接口监控平台]:方法POST  路径/shopcar/GETSHOPCAR  状态200
[福城建设-接口监控平台]:方法GET  路径/  状态200
[福城建设-接口监控平台]:方法POST  路径/ad/GETAD  状态200
[福城建设-接口监控平台]:方法POST  路径/ad/GETAD  状态200
[福城建设-接口监控平台]:方法POST  路径/shop/GETSALE  状态200
[福城建设-接口监控平台]:方法POST  路径/sort/GETSORT  状态200
[福城建设-接口监控平台]:方法POST  路径/coupon/getcoupons  状态200
[福城建设-接口监控平台]:方法GET  路径/shop/2020232115131686.png  状态304
[福城建设-接口监控平台]:方法GET  路径/shop/2020221521846488.png  状态304
[福城建设-接口监控平台]:方法GET  路径/shop/202024231651942.png  状态304
[福城建设-接口监控平台]:方法POST  路径/login/LOGINAUTO  状态200
[福城建设-接口监控平台]:方法POST  路径/sort/GETSORT  状态200
[福城建设-接口监控平台]:方法POST  路径/ad/GETAD  状态200
[福城建设-接口监控平台]:方法POST  路径/ad/GETAD  状态200
[福城建设-接口监控平台]:方法POST  路径/coupon/getcoupons  状态200
[福城建设-接口监控平台]:方法POST  路径/shop/GETSALE  状态200
[福城建设-接口监控平台]:方法POST  路径/login/GETUSERINFO  状态200
[福城建设-接口监控平台]:方法GET  路径/shop/2020232115131686.png  状态304
[福城建设-接口监控平台]:方法GET  路径/shop/2020221521846488.png  状态304
[福城建设-接口监控平台]:方法GET  路径/shop/202024231651942.png  状态304
[福城建设-接口监控平台]:方法GET  路径/  状态200
[福城建设-接口监控平台]:方法POST  路径/shopcar/GETSHOPCAR  状态200
[福城建设-接口监控平台]:方法GET  路径/  状态200
[福城建设-接口监控平台]:方法POST  路径/order/GETORDERCOUNT  状态200
[福城建设-接口监控平台]:方法POST  路径/login/LOGINAUTO  状态200
[福城建设-接口监控平台]:方法POST  路径/login/GETUSERINFO  状态200
[福城建设-接口监控平台]:方法POST  路径/shopcar/GETSHOPCAR  状态200
[福城建设-接口监控平台]:方法GET  路径/userHead/default.png  状态304
[福城建设-接口监控平台]:方法POST  路径/order/GETORDERCOUNT  状态200
[福城建设-接口监控平台]:方法POST  路径/register/FULLINFO  状态200
[福城建设-接口监控平台]:方法POST  路径/order/GETCENTERORDERINFO  状态200
[福城建设-接口监控平台]:方法POST  路径/ad/GETAD  状态200
[福城建设-接口监控平台]:方法POST  路径/coupon/getcoupons  状态200
[福城建设-接口监控平台]:方法POST  路径/sort/GETSORT  状态200
[福城建设-接口监控平台]:方法POST  路径/ad/GETAD  状态200
[福城建设-接口监控平台]:方法POST  路径/shop/GETSALE  状态200
[福城建设-接口监控平台]:方法GET  路径/shop/2020232115131686.png  状态304
[福城建设-接口监控平台]:方法GET  路径/shop/2020221521846488.png  状态304
[福城建设-接口监控平台]:方法GET  路径/shop/202024231651942.png  状态304
[福城建设-接口监控平台]:方法POST  路径/order/GETCENTERORDERINFO  状态200
[福城建设-接口监控平台]:方法POST  路径/order/GETORDERCOUNT  状态200
[福城建设-接口监控平台]:方法POST  路径/ad/GETAD  状态200
[福城建设-接口监控平台]:方法POST  路径/ad/GETAD  状态200
[福城建设-接口监控平台]:方法POST  路径/coupon/getcoupons  状态200
[福城建设-接口监控平台]:方法POST  路径/sort/GETSORT  状态200
[福城建设-接口监控平台]:方法POST  路径/shop/GETSALE  状态200
[福城建设-接口监控平台]:方法POST  路径/order/GETORDERCOUNT  状态200
[福城建设-接口监控平台]:方法POST  路径/sort/GETSORT  状态200
[福城建设-接口监控平台]:方法POST  路径/ad/GETAD  状态200
[福城建设-接口监控平台]:方法POST  路径/ad/GETAD  状态200
[福城建设-接口监控平台]:方法POST  路径/coupon/getcoupons  状态200
[福城建设-接口监控平台]:方法POST  路径/shop/GETSALE  状态200
[福城建设-接口监控平台]:方法GET  路径/shop/2020232115131686.png  状态304
[福城建设-接口监控平台]:方法GET  路径/shop/2020221521846488.png  状态304
[福城建设-接口监控平台]:方法GET  路径/shop/202024231651942.png  状态304
[福城建设-接口监控平台]:方法POST  路径/login/LOGINAUTO  状态200
[福城建设-接口监控平台]:方法POST  路径/ad/GETAD  状态200
[福城建设-接口监控平台]:方法POST  路径/sort/GETSORT  状态200
[福城建设-接口监控平台]:方法POST  路径/ad/GETAD  状态200
[福城建设-接口监控平台]:方法POST  路径/coupon/getcoupons  状态200
[福城建设-接口监控平台]:方法POST  路径/shop/GETSALE  状态200
[福城建设-接口监控平台]:方法POST  路径/login/GETUSERINFO  状态200
[福城建设-接口监控平台]:方法GET  路径/shop/2020232115131686.png  状态304
[福城建设-接口监控平台]:方法GET  路径/shop/2020221521846488.png  状态304
[福城建设-接口监控平台]:方法GET  路径/shop/202024231651942.png  状态304
[福城建设-接口监控平台]:方法GET  路径/userHead/default.png  状态304
[福城建设-接口监控平台]:方法POST  路径/shopcar/GETSHOPCAR  状态200
[福城建设-接口监控平台]:方法POST  路径/order/GETORDERCOUNT  状态200
[福城建设-接口监控平台]:方法GET  路径/  状态200
[福城建设-接口监控平台]:方法GET  路径/favicon.ico  状态404
[福城建设-接口监控平台]:方法GET  路径/  状态200
[福城建设-接口监控平台]:方法GET  路径/  状态200
[福城建设-接口监控平台]:方法POST  路径/phoneValidator/GET  状态-
[福城建设-接口监控平台]:方法GET  路径/  状态200
[福城建设-接口监控平台]:方法POST  路径/phoneValidator/GET  状态200
[福城建设-接口监控平台]:方法POST  路径/login/LOGINAUTO  状态200
[福城建设-接口监控平台]:方法POST  路径/login/GETUSERINFO  状态200
[福城建设-接口监控平台]:方法POST  路径/shopcar/GETSHOPCAR  状态200
[福城建设-接口监控平台]:方法POST  路径/login/LOGINAUTO  状态200
[福城建设-接口监控平台]:方法POST  路径/login/GETUSERINFO  状态200
[福城建设-接口监控平台]:方法POST  路径/shopcar/GETSHOPCAR  状态200
[福城建设-接口监控平台]:方法POST  路径/login/LOGINAUTO  状态200
[福城建设-接口监控平台]:方法POST  路径/login/GETUSERINFO  状态200
[福城建设-接口监控平台]:方法GET  路径/userHead/default.png  状态304
[福城建设-接口监控平台]:方法POST  路径/shopcar/GETSHOPCAR  状态200
[福城建设-接口监控平台]:方法POST  路径/phoneValidator/GET  状态200
[福城建设-接口监控平台]:方法POST  路径/phoneValidator/CHECK  状态200
[福城建设-接口监控平台]:方法POST  路径/phoneValidator/CHECK  状态200
[福城建设-接口监控平台]:方法POST  路径/phoneValidator/CHECK  状态200
[福城建设-接口监控平台]:方法POST  路径/register/CHANGEPASSWORD  状态500
[福城建设-接口监控平台]:方法POST  路径/phoneValidator/CHECK  状态200
[福城建设-接口监控平台]:方法POST  路径/register/CHANGEPASSWORD  状态500
[福城建设-接口监控平台]:方法POST  路径/order/GETCENTERORDERINFO  状态200
[福城建设-接口监控平台]:方法POST  路径/phoneValidator/CHECK  状态200
[福城建设-接口监控平台]:方法POST  路径/phoneValidator/GET  状态200
[福城建设-接口监控平台]:方法POST  路径/phoneValidator/CHECK  状态200
[福城建设-接口监控平台]:方法POST  路径/register/CHANGEPASSWORD  状态500
[福城建设-接口监控平台]:方法POST  路径/phoneValidator/GET  状态200
[福城建设-接口监控平台]:方法POST  路径/phoneValidator/CHECK  状态200
[福城建设-接口监控平台]:方法POST  路径/register/CHANGEPASSWORD  状态500
[福城建设-接口监控平台]:方法POST  路径/login/LOGINAUTO  状态200
[福城建设-接口监控平台]:方法POST  路径/login/GETUSERINFO  状态200
[福城建设-接口监控平台]:方法POST  路径/shopcar/GETSHOPCAR  状态200
[福城建设-接口监控平台]:方法POST  路径/phoneValidator/GET  状态-
[福城建设-接口监控平台]:方法POST  路径/phoneValidator/CHECK  状态200
[福城建设-接口监控平台]:方法POST  路径/register/CHANGEPASSWORD  状态200
[福城建设-接口监控平台]:方法POST  路径/phoneValidator/CHECK  状态200
[福城建设-接口监控平台]:方法POST  路径/register/CHANGEPASSWORD  状态200
[福城建设-接口监控平台]:方法POST  路径/phoneValidator/CHECK  状态200
[福城建设-接口监控平台]:方法POST  路径/register/CHANGEPASSWORD  状态200
[福城建设-接口监控平台]:方法POST  路径/order/GETCENTERORDERINFO  状态200
[福城建设-接口监控平台]:方法POST  路径/imgValidator/GET  状态200
[福城建设-接口监控平台]:方法POST  路径/imgValidator/CHECK  状态200
[福城建设-接口监控平台]:方法POST  路径/login/LOGINU  状态200
[福城建设-接口监控平台]:方法POST  路径/login/GETUSERINFO  状态200
[福城建设-接口监控平台]:方法POST  路径/shopcar/GETSHOPCAR  状态200
[福城建设-接口监控平台]:方法POST  路径/ad/GETAD  状态200
[福城建设-接口监控平台]:方法POST  路径/sort/GETSORT  状态200
[福城建设-接口监控平台]:方法POST  路径/ad/GETAD  状态200
[福城建设-接口监控平台]:方法POST  路径/coupon/getcoupons  状态200
[福城建设-接口监控平台]:方法POST  路径/shop/GETSALE  状态200
[福城建设-接口监控平台]:方法GET  路径/shop/2020232115131686.png  状态304
[福城建设-接口监控平台]:方法GET  路径/shop/2020221521846488.png  状态304
[福城建设-接口监控平台]:方法GET  路径/shop/202024231651942.png  状态304
[福城建设-接口监控平台]:方法POST  路径/ad/GETAD  状态200
[福城建设-接口监控平台]:方法POST  路径/ad/GETAD  状态200
[福城建设-接口监控平台]:方法POST  路径/coupon/getcoupons  状态200
[福城建设-接口监控平台]:方法POST  路径/sort/GETSORT  状态200
[福城建设-接口监控平台]:方法POST  路径/shop/GETSALE  状态200
[福城建设-接口监控平台]:方法POST  路径/ad/GETAD  状态200
[福城建设-接口监控平台]:方法POST  路径/ad/GETAD  状态200
[福城建设-接口监控平台]:方法POST  路径/sort/GETSORT  状态200
[福城建设-接口监控平台]:方法POST  路径/coupon/getcoupons  状态200
[福城建设-接口监控平台]:方法POST  路径/shop/GETSALE  状态200
