[福城建设-接口监控平台]:方法POST  路径/ad/GETADS  状态200
[福城建设-接口监控平台]:方法GET  路径/ad/1.jpg  状态304
[福城建设-接口监控平台]:方法POST  路径/ad/GETADS  状态200
[福城建设-接口监控平台]:方法POST  路径/ad/GETADS  状态200
[福城建设-接口监控平台]:方法POST  路径/ad/GETADS  状态200
[福城建设-接口监控平台]:方法GET  路径/ad/1.jpg  状态304
[福城建设-接口监控平台]:方法POST  路径/ad/GETADS  状态200
[福城建设-接口监控平台]:方法POST  路径/ad/GETADS  状态200
[福城建设-接口监控平台]:方法POST  路径/ad/GETADS  状态200
[福城建设-接口监控平台]:方法POST  路径/ad/GETADS  状态200
[福城建设-接口监控平台]:方法POST  路径/ad/GETADS  状态200
[福城建设-接口监控平台]:方法POST  路径/ad/GETADS  状态200
[福城建设-接口监控平台]:方法GET  路径/ad/1.jpg  状态304
[福城建设-接口监控平台]:方法POST  路径/ad/GETADS  状态200
[福城建设-接口监控平台]:方法GET  路径/ad/1.jpg  状态304
[福城建设-接口监控平台]:方法POST  路径/ad/GETADS  状态200
[福城建设-接口监控平台]:方法GET  路径/ad/1.jpg  状态304
[福城建设-接口监控平台]:方法POST  路径/ad/GETADS  状态200
[福城建设-接口监控平台]:方法POST  路径/ad/GETADS  状态200
[福城建设-接口监控平台]:方法GET  路径/ad/1.jpg  状态304
[福城建设-接口监控平台]:方法POST  路径/ad/GETADS  状态200
[福城建设-接口监控平台]:方法POST  路径/ad/GETADS  状态200
[福城建设-接口监控平台]:方法POST  路径/ad/GETADS  状态200
[福城建设-接口监控平台]:方法GET  路径/ad/1.jpg  状态304
[福城建设-接口监控平台]:方法POST  路径/ad/GETADS  状态200
[福城建设-接口监控平台]:方法POST  路径/ad/GETADS  状态200
[福城建设-接口监控平台]:方法POST  路径/ad/GETADS  状态200
[福城建设-接口监控平台]:方法POST  路径/ad/GETADS  状态200
[福城建设-接口监控平台]:方法GET  路径/ad/1.jpg  状态304
[福城建设-接口监控平台]:方法POST  路径/ad/GETADS  状态200
[福城建设-接口监控平台]:方法POST  路径/ad/GETADS  状态200
[福城建设-接口监控平台]:方法POST  路径/ad/GETADS  状态200
[福城建设-接口监控平台]:方法POST  路径/ad/GETADS  状态200
[福城建设-接口监控平台]:方法POST  路径/ad/GETADS  状态200
[福城建设-接口监控平台]:方法POST  路径/ad/GETADS  状态200
[福城建设-接口监控平台]:方法POST  路径/ad/GETADS  状态200
[福城建设-接口监控平台]:方法GET  路径/ad/1.jpg  状态304
[福城建设-接口监控平台]:方法POST  路径/ad/GETADS  状态200
[福城建设-接口监控平台]:方法GET  路径/ad/1.jpg  状态304
[福城建设-接口监控平台]:方法POST  路径/ad/GETADS  状态200
[福城建设-接口监控平台]:方法POST  路径/ad/GETADS  状态200
[福城建设-接口监控平台]:方法POST  路径/ad/GETADS  状态200
[福城建设-接口监控平台]:方法POST  路径/ad/GETADS  状态200
[福城建设-接口监控平台]:方法POST  路径/ad/GETADS  状态200
[福城建设-接口监控平台]:方法POST  路径/ad/GETADS  状态200
[福城建设-接口监控平台]:方法POST  路径/ad/GETADS  状态200
[福城建设-接口监控平台]:方法POST  路径/ad/GETADS  状态200
[福城建设-接口监控平台]:方法GET  路径/ad/1.jpg  状态304
[福城建设-接口监控平台]:方法POST  路径/ad/GETADS  状态200
[福城建设-接口监控平台]:方法POST  路径/ad/GETADS  状态200
[福城建设-接口监控平台]:方法GET  路径/ad/1.jpg  状态304
[福城建设-接口监控平台]:方法POST  路径/ad/GETADS  状态200
[福城建设-接口监控平台]:方法GET  路径/ad/1.jpg  状态304
[福城建设-接口监控平台]:方法POST  路径/ad/GETADS  状态200
[福城建设-接口监控平台]:方法GET  路径/ad/1.jpg  状态304
[福城建设-接口监控平台]:方法POST  路径/ad/GETADS  状态200
[福城建设-接口监控平台]:方法POST  路径/ad/GETADS  状态200
[福城建设-接口监控平台]:方法POST  路径/ad/GETADS  状态200
[福城建设-接口监控平台]:方法GET  路径/ad/1.jpg  状态304
[福城建设-接口监控平台]:方法POST  路径/ad/GETADS  状态200
[福城建设-接口监控平台]:方法POST  路径/ad/GETADS  状态200
[福城建设-接口监控平台]:方法GET  路径/ad/1.jpg  状态304
[福城建设-接口监控平台]:方法POST  路径/ad/GETADS  状态200
[福城建设-接口监控平台]:方法GET  路径/ad/1.jpg  状态304
[福城建设-接口监控平台]:方法POST  路径/ad/GETADS  状态200
[福城建设-接口监控平台]:方法GET  路径/ad/1.jpg  状态304
[福城建设-接口监控平台]:方法POST  路径/ad/GETADS  状态200
[福城建设-接口监控平台]:方法GET  路径/ad/1.jpg  状态304
[福城建设-接口监控平台]:方法POST  路径/ad/GETADS  状态200
[福城建设-接口监控平台]:方法POST  路径/ad/GETADS  状态200
[福城建设-接口监控平台]:方法POST  路径/ad/DELETEAD  状态-
[福城建设-接口监控平台]:方法POST  路径/ad/GETADS  状态200
[福城建设-接口监控平台]:方法GET  路径/ad/1.jpg  状态304
[福城建设-接口监控平台]:方法POST  路径/ad/DELETEAD  状态-
[福城建设-接口监控平台]:方法POST  路径/ad/GETADS  状态200
[福城建设-接口监控平台]:方法GET  路径/ad/1.jpg  状态304
[福城建设-接口监控平台]:方法POST  路径/ad/DELETEAD  状态-
[福城建设-接口监控平台]:方法POST  路径/ad/DELETEAD  状态-
[福城建设-接口监控平台]:方法POST  路径/ad/GETADS  状态200
[福城建设-接口监控平台]:方法GET  路径/ad/1.jpg  状态304
[福城建设-接口监控平台]:方法POST  路径/ad/GETADS  状态200
[福城建设-接口监控平台]:方法GET  路径/ad/1.jpg  状态304
[福城建设-接口监控平台]:方法POST  路径/ad/DELETEAD  状态-
[福城建设-接口监控平台]:方法POST  路径/ad/GETADS  状态200
[福城建设-接口监控平台]:方法GET  路径/ad/1.jpg  状态304
[福城建设-接口监控平台]:方法POST  路径/ad/DELETEAD  状态-
[福城建设-接口监控平台]:方法POST  路径/ad/GETADS  状态200
[福城建设-接口监控平台]:方法GET  路径/ad/1.jpg  状态304
[福城建设-接口监控平台]:方法POST  路径/ad/DELETEAD  状态-
[福城建设-接口监控平台]:方法POST  路径/ad/GETADS  状态200
[福城建设-接口监控平台]:方法GET  路径/ad/1.jpg  状态304
[福城建设-接口监控平台]:方法POST  路径/ad/DELETEAD  状态200
[福城建设-接口监控平台]:方法POST  路径/ad/GETADS  状态200
[福城建设-接口监控平台]:方法POST  路径/ad/GETADS  状态200
[福城建设-接口监控平台]:方法GET  路径/ad/1.jpg  状态304
[福城建设-接口监控平台]:方法POST  路径/ad/DELETEAD  状态200
[福城建设-接口监控平台]:方法POST  路径/ad/GETADS  状态200
[福城建设-接口监控平台]:方法GET  路径/ad/1.jpg  状态304
[福城建设-接口监控平台]:方法POST  路径/ad/DELETEAD  状态200
[福城建设-接口监控平台]:方法POST  路径/login/LOGINU  状态200
[福城建设-接口监控平台]:方法POST  路径/adminlogin/GETADMINSTATE  状态200
[福城建设-接口监控平台]:方法POST  路径/login/GETUSERINFO  状态200
[福城建设-接口监控平台]:方法POST  路径/adminlogin/GETROUTER  状态200
[福城建设-接口监控平台]:方法POST  路径/login/LOGINU  状态200
[福城建设-接口监控平台]:方法POST  路径/adminlogin/GETADMINSTATE  状态200
[福城建设-接口监控平台]:方法POST  路径/login/GETUSERINFO  状态200
[福城建设-接口监控平台]:方法POST  路径/adminlogin/GETROUTER  状态200
[福城建设-接口监控平台]:方法POST  路径/login/LOGINU  状态200
[福城建设-接口监控平台]:方法POST  路径/adminlogin/GETADMINSTATE  状态200
[福城建设-接口监控平台]:方法POST  路径/login/GETUSERINFO  状态200
[福城建设-接口监控平台]:方法POST  路径/adminlogin/GETROUTER  状态200
[福城建设-接口监控平台]:方法POST  路径/login/LOGINU  状态200
[福城建设-接口监控平台]:方法POST  路径/adminlogin/GETADMINSTATE  状态200
[福城建设-接口监控平台]:方法POST  路径/login/GETUSERINFO  状态200
[福城建设-接口监控平台]:方法POST  路径/adminlogin/GETROUTER  状态200
[福城建设-接口监控平台]:方法POST  路径/ad/GETADS  状态200
[福城建设-接口监控平台]:方法GET  路径/ad/1.jpg  状态304
[福城建设-接口监控平台]:方法POST  路径/ad/GETADS  状态200
[福城建设-接口监控平台]:方法POST  路径/ad/GETADS  状态200
[福城建设-接口监控平台]:方法POST  路径/ad/DELETEAD  状态200
[福城建设-接口监控平台]:方法POST  路径/login/LOGINU  状态200
[福城建设-接口监控平台]:方法POST  路径/adminlogin/GETADMINSTATE  状态200
[福城建设-接口监控平台]:方法POST  路径/login/GETUSERINFO  状态200
[福城建设-接口监控平台]:方法POST  路径/adminlogin/GETROUTER  状态200
[福城建设-接口监控平台]:方法POST  路径/ad/GETADS  状态200
[福城建设-接口监控平台]:方法POST  路径/ad/DELETEAD  状态200
[福城建设-接口监控平台]:方法POST  路径/login/LOGINU  状态200
[福城建设-接口监控平台]:方法POST  路径/adminlogin/GETADMINSTATE  状态200
[福城建设-接口监控平台]:方法POST  路径/login/GETUSERINFO  状态200
[福城建设-接口监控平台]:方法POST  路径/adminlogin/GETROUTER  状态200
[福城建设-接口监控平台]:方法POST  路径/ad/GETADS  状态200
[福城建设-接口监控平台]:方法POST  路径/ad/DELETEAD  状态200
[福城建设-接口监控平台]:方法POST  路径/login/LOGINU  状态200
[福城建设-接口监控平台]:方法POST  路径/adminlogin/GETADMINSTATE  状态200
[福城建设-接口监控平台]:方法POST  路径/login/GETUSERINFO  状态200
[福城建设-接口监控平台]:方法POST  路径/adminlogin/GETROUTER  状态200
[福城建设-接口监控平台]:方法POST  路径/ad/GETADS  状态200
[福城建设-接口监控平台]:方法POST  路径/ad/DELETEAD  状态200
[福城建设-接口监控平台]:方法POST  路径/login/LOGINU  状态200
[福城建设-接口监控平台]:方法POST  路径/adminlogin/GETADMINSTATE  状态200
[福城建设-接口监控平台]:方法POST  路径/login/GETUSERINFO  状态200
[福城建设-接口监控平台]:方法POST  路径/adminlogin/GETROUTER  状态200
[福城建设-接口监控平台]:方法POST  路径/ad/GETADS  状态200
[福城建设-接口监控平台]:方法POST  路径/ad/DELETEAD  状态200
[福城建设-接口监控平台]:方法POST  路径/login/LOGINU  状态200
[福城建设-接口监控平台]:方法POST  路径/adminlogin/GETADMINSTATE  状态200
[福城建设-接口监控平台]:方法POST  路径/login/GETUSERINFO  状态200
[福城建设-接口监控平台]:方法POST  路径/adminlogin/GETROUTER  状态200
[福城建设-接口监控平台]:方法POST  路径/ad/GETADS  状态200
[福城建设-接口监控平台]:方法POST  路径/ad/DELETEAD  状态200
[福城建设-接口监控平台]:方法POST  路径/login/LOGINU  状态200
[福城建设-接口监控平台]:方法POST  路径/adminlogin/GETADMINSTATE  状态200
[福城建设-接口监控平台]:方法POST  路径/login/GETUSERINFO  状态200
[福城建设-接口监控平台]:方法POST  路径/adminlogin/GETROUTER  状态200
[福城建设-接口监控平台]:方法POST  路径/ad/GETADS  状态200
[福城建设-接口监控平台]:方法POST  路径/ad/DELETEAD  状态200
[福城建设-接口监控平台]:方法POST  路径/login/LOGINU  状态200
[福城建设-接口监控平台]:方法POST  路径/adminlogin/GETADMINSTATE  状态200
[福城建设-接口监控平台]:方法POST  路径/login/GETUSERINFO  状态200
[福城建设-接口监控平台]:方法POST  路径/adminlogin/GETROUTER  状态200
[福城建设-接口监控平台]:方法POST  路径/ad/GETADS  状态200
[福城建设-接口监控平台]:方法POST  路径/ad/DELETEAD  状态200
[福城建设-接口监控平台]:方法POST  路径/login/LOGINU  状态200
[福城建设-接口监控平台]:方法POST  路径/adminlogin/GETADMINSTATE  状态200
[福城建设-接口监控平台]:方法POST  路径/login/GETUSERINFO  状态200
[福城建设-接口监控平台]:方法POST  路径/adminlogin/GETROUTER  状态200
[福城建设-接口监控平台]:方法POST  路径/ad/GETADS  状态200
[福城建设-接口监控平台]:方法POST  路径/ad/DELETEAD  状态200
[福城建设-接口监控平台]:方法POST  路径/login/LOGINU  状态200
[福城建设-接口监控平台]:方法POST  路径/adminlogin/GETADMINSTATE  状态200
[福城建设-接口监控平台]:方法POST  路径/login/GETUSERINFO  状态200
[福城建设-接口监控平台]:方法POST  路径/adminlogin/GETROUTER  状态200
[福城建设-接口监控平台]:方法POST  路径/ad/GETADS  状态200
[福城建设-接口监控平台]:方法POST  路径/ad/DELETEAD  状态200
[福城建设-接口监控平台]:方法POST  路径/login/LOGINU  状态200
[福城建设-接口监控平台]:方法POST  路径/adminlogin/GETADMINSTATE  状态200
[福城建设-接口监控平台]:方法POST  路径/login/GETUSERINFO  状态200
[福城建设-接口监控平台]:方法POST  路径/adminlogin/GETROUTER  状态200
[福城建设-接口监控平台]:方法POST  路径/ad/GETADS  状态200
[福城建设-接口监控平台]:方法POST  路径/ad/DELETEAD  状态200
[福城建设-接口监控平台]:方法POST  路径/login/LOGINU  状态200
[福城建设-接口监控平台]:方法POST  路径/adminlogin/GETADMINSTATE  状态200
[福城建设-接口监控平台]:方法POST  路径/login/GETUSERINFO  状态200
[福城建设-接口监控平台]:方法POST  路径/adminlogin/GETROUTER  状态200
[福城建设-接口监控平台]:方法POST  路径/ad/GETADS  状态200
[福城建设-接口监控平台]:方法POST  路径/ad/DELETEAD  状态200
[福城建设-接口监控平台]:方法POST  路径/login/LOGINU  状态200
[福城建设-接口监控平台]:方法POST  路径/adminlogin/GETADMINSTATE  状态200
[福城建设-接口监控平台]:方法POST  路径/login/GETUSERINFO  状态200
[福城建设-接口监控平台]:方法POST  路径/adminlogin/GETROUTER  状态200
[福城建设-接口监控平台]:方法POST  路径/ad/GETADS  状态200
[福城建设-接口监控平台]:方法POST  路径/ad/DELETEAD  状态200
[福城建设-接口监控平台]:方法POST  路径/login/LOGINU  状态200
[福城建设-接口监控平台]:方法POST  路径/adminlogin/GETADMINSTATE  状态200
[福城建设-接口监控平台]:方法POST  路径/login/GETUSERINFO  状态200
[福城建设-接口监控平台]:方法POST  路径/adminlogin/GETROUTER  状态200
[福城建设-接口监控平台]:方法POST  路径/ad/GETADS  状态200
[福城建设-接口监控平台]:方法POST  路径/ad/DELETEAD  状态200
[福城建设-接口监控平台]:方法POST  路径/login/LOGINU  状态200
[福城建设-接口监控平台]:方法POST  路径/adminlogin/GETADMINSTATE  状态200
[福城建设-接口监控平台]:方法POST  路径/login/GETUSERINFO  状态200
[福城建设-接口监控平台]:方法POST  路径/adminlogin/GETROUTER  状态200
[福城建设-接口监控平台]:方法POST  路径/ad/GETADS  状态200
[福城建设-接口监控平台]:方法POST  路径/ad/DELETEAD  状态200
[福城建设-接口监控平台]:方法POST  路径/login/LOGINU  状态200
[福城建设-接口监控平台]:方法POST  路径/adminlogin/GETADMINSTATE  状态200
[福城建设-接口监控平台]:方法POST  路径/login/GETUSERINFO  状态200
[福城建设-接口监控平台]:方法POST  路径/adminlogin/GETROUTER  状态200
[福城建设-接口监控平台]:方法POST  路径/ad/GETADS  状态200
[福城建设-接口监控平台]:方法POST  路径/ad/DELETEAD  状态200
[福城建设-接口监控平台]:方法POST  路径/login/LOGINU  状态200
[福城建设-接口监控平台]:方法POST  路径/adminlogin/GETADMINSTATE  状态200
[福城建设-接口监控平台]:方法POST  路径/login/GETUSERINFO  状态200
[福城建设-接口监控平台]:方法POST  路径/adminlogin/GETROUTER  状态200
[福城建设-接口监控平台]:方法POST  路径/ad/GETADS  状态200
[福城建设-接口监控平台]:方法POST  路径/ad/DELETEAD  状态200
[福城建设-接口监控平台]:方法POST  路径/login/LOGINU  状态200
[福城建设-接口监控平台]:方法POST  路径/adminlogin/GETADMINSTATE  状态200
[福城建设-接口监控平台]:方法POST  路径/login/GETUSERINFO  状态200
[福城建设-接口监控平台]:方法POST  路径/adminlogin/GETROUTER  状态200
[福城建设-接口监控平台]:方法POST  路径/ad/GETADS  状态200
[福城建设-接口监控平台]:方法GET  路径/ad/1.jpg  状态304
[福城建设-接口监控平台]:方法POST  路径/ad/GETADS  状态200
[福城建设-接口监控平台]:方法GET  路径/ad/1.jpg  状态304
[福城建设-接口监控平台]:方法POST  路径/ad/DELETEAD  状态200
[福城建设-接口监控平台]:方法POST  路径/ad/GETADS  状态200
[福城建设-接口监控平台]:方法POST  路径/ad/GETADS  状态200
[福城建设-接口监控平台]:方法POST  路径/ad/GETADS  状态200
[福城建设-接口监控平台]:方法POST  路径/ad/GETADS  状态200
[福城建设-接口监控平台]:方法POST  路径/ad/GETADS  状态200
[福城建设-接口监控平台]:方法POST  路径/ad/GETADS  状态200
[福城建设-接口监控平台]:方法POST  路径/ad/GETADS  状态200
[福城建设-接口监控平台]:方法POST  路径/ad/GETADS  状态200
[福城建设-接口监控平台]:方法POST  路径/ad/GETADS  状态200
[福城建设-接口监控平台]:方法POST  路径/ad/GETADS  状态200
[福城建设-接口监控平台]:方法POST  路径/ad/GETADS  状态200
[福城建设-接口监控平台]:方法POST  路径/ad/GETADS  状态200
[福城建设-接口监控平台]:方法POST  路径/ad/GETADS  状态200
[福城建设-接口监控平台]:方法POST  路径/ad/GETADS  状态200
[福城建设-接口监控平台]:方法POST  路径/ad/GETADS  状态200
[福城建设-接口监控平台]:方法GET  路径/ad/1.jpg  状态304
[福城建设-接口监控平台]:方法POST  路径/ad/GETADS  状态200
[福城建设-接口监控平台]:方法POST  路径/ad/GETADS  状态200
[福城建设-接口监控平台]:方法POST  路径/ad/GETADS  状态200
[福城建设-接口监控平台]:方法POST  路径/ad/GETADS  状态200
[福城建设-接口监控平台]:方法GET  路径/ad/1.jpg  状态304
[福城建设-接口监控平台]:方法POST  路径/ad/GETADS  状态200
[福城建设-接口监控平台]:方法POST  路径/ad/GETADS  状态200
[福城建设-接口监控平台]:方法GET  路径/ad/1.jpg  状态304
[福城建设-接口监控平台]:方法POST  路径/ad/GETADS  状态200
[福城建设-接口监控平台]:方法GET  路径/ad/1.jpg  状态304
[福城建设-接口监控平台]:方法POST  路径/ad/GETADS  状态200
[福城建设-接口监控平台]:方法GET  路径/ad/1.jpg  状态304
[福城建设-接口监控平台]:方法POST  路径/ad/GETADS  状态200
[福城建设-接口监控平台]:方法GET  路径/ad/1.jpg  状态304
[福城建设-接口监控平台]:方法POST  路径/ad/GETADS  状态200
[福城建设-接口监控平台]:方法POST  路径/ad/GETADS  状态200
[福城建设-接口监控平台]:方法GET  路径/ad/1.jpg  状态304
[福城建设-接口监控平台]:方法POST  路径/ad/GETAD  状态200
[福城建设-接口监控平台]:方法POST  路径/ad/GETADS  状态200
[福城建设-接口监控平台]:方法GET  路径/ad/1.jpg  状态304
[福城建设-接口监控平台]:方法POST  路径/ad/GETAD  状态200
[福城建设-接口监控平台]:方法POST  路径/ad/GETADBYID  状态200
[福城建设-接口监控平台]:方法POST  路径/ad/GETADBYID  状态200
[福城建设-接口监控平台]:方法GET  路径/ad/1.jpg  状态304
[福城建设-接口监控平台]:方法POST  路径/ad/GETADBYID  状态200
[福城建设-接口监控平台]:方法POST  路径/ad/GETADBYID  状态200
[福城建设-接口监控平台]:方法POST  路径/ad/GETADBYID  状态200
[福城建设-接口监控平台]:方法POST  路径/ad/GETADBYID  状态200
[福城建设-接口监控平台]:方法POST  路径/ad/GETADBYID  状态200
[福城建设-接口监控平台]:方法GET  路径/ad/1.jpg  状态304
[福城建设-接口监控平台]:方法POST  路径/ad/GETADBYID  状态200
[福城建设-接口监控平台]:方法GET  路径/ad/1.jpg  状态304
[福城建设-接口监控平台]:方法POST  路径/ad/GETADS  状态200
[福城建设-接口监控平台]:方法POST  路径/ad/GETADBYID  状态200
[福城建设-接口监控平台]:方法POST  路径/ad/GETADS  状态200
[福城建设-接口监控平台]:方法POST  路径/ad/GETADS  状态200
[福城建设-接口监控平台]:方法POST  路径/ad/GETADS  状态200
[福城建设-接口监控平台]:方法POST  路径/ad/GETADS  状态200
[福城建设-接口监控平台]:方法GET  路径/ad/1.jpg  状态304
[福城建设-接口监控平台]:方法POST  路径/ad/GETADS  状态200
[福城建设-接口监控平台]:方法POST  路径/ad/GETADS  状态200
[福城建设-接口监控平台]:方法POST  路径/ad/GETADS  状态200
[福城建设-接口监控平台]:方法GET  路径/ad/1.jpg  状态304
[福城建设-接口监控平台]:方法POST  路径/ad/GETADBYID  状态200
[福城建设-接口监控平台]:方法POST  路径/ad/GETADS  状态200
[福城建设-接口监控平台]:方法POST  路径/ad/GETADBYID  状态200
[福城建设-接口监控平台]:方法POST  路径/ad/GETADS  状态200
[福城建设-接口监控平台]:方法POST  路径/ad/GETADBYID  状态200
[福城建设-接口监控平台]:方法POST  路径/ad/GETADS  状态200
[福城建设-接口监控平台]:方法POST  路径/ad/GETADBYID  状态200
[福城建设-接口监控平台]:方法POST  路径/ad/GETADS  状态200
[福城建设-接口监控平台]:方法POST  路径/ad/GETADBYID  状态200
[福城建设-接口监控平台]:方法POST  路径/ad/GETADS  状态200
[福城建设-接口监控平台]:方法POST  路径/ad/GETADBYID  状态200
[福城建设-接口监控平台]:方法POST  路径/ad/GETADBYID  状态200
[福城建设-接口监控平台]:方法POST  路径/ad/GETADBYID  状态200
[福城建设-接口监控平台]:方法POST  路径/ad/GETADBYID  状态200
[福城建设-接口监控平台]:方法POST  路径/ad/GETADBYID  状态200
[福城建设-接口监控平台]:方法POST  路径/ad/GETADBYID  状态200
[福城建设-接口监控平台]:方法POST  路径/ad/GETADS  状态200
[福城建设-接口监控平台]:方法GET  路径/ad/1.jpg  状态304
[福城建设-接口监控平台]:方法POST  路径/ad/GETADBYID  状态200
[福城建设-接口监控平台]:方法POST  路径/ad/GETADS  状态200
[福城建设-接口监控平台]:方法POST  路径/ad/GETADBYID  状态200
[福城建设-接口监控平台]:方法POST  路径/ad/GETADBYID  状态200
[福城建设-接口监控平台]:方法POST  路径/ad/GETADS  状态200
[福城建设-接口监控平台]:方法POST  路径/ad/GETADBYID  状态200
[福城建设-接口监控平台]:方法POST  路径/ad/GETADBYID  状态200
[福城建设-接口监控平台]:方法POST  路径/ad/GETADBYID  状态200
[福城建设-接口监控平台]:方法POST  路径/ad/GETADS  状态200
[福城建设-接口监控平台]:方法POST  路径/ad/GETADBYID  状态200
[福城建设-接口监控平台]:方法POST  路径/ad/GETADBYID  状态200
[福城建设-接口监控平台]:方法GET  路径/ad/1.jpg  状态304
[福城建设-接口监控平台]:方法POST  路径/ad/GETADBYID  状态200
[福城建设-接口监控平台]:方法POST  路径/ad/GETADBYID  状态200
[福城建设-接口监控平台]:方法POST  路径/ad/UPDATEAD  状态200
[福城建设-接口监控平台]:方法POST  路径/ad/UPDATEAD  状态200
[福城建设-接口监控平台]:方法POST  路径/ad/GETADBYID  状态200
[福城建设-接口监控平台]:方法POST  路径/ad/GETADBYID  状态200
[福城建设-接口监控平台]:方法POST  路径/ad/GETADBYID  状态200
[福城建设-接口监控平台]:方法POST  路径/ad/GETADBYID  状态200
[福城建设-接口监控平台]:方法POST  路径/ad/GETADBYID  状态200
[福城建设-接口监控平台]:方法GET  路径/ad/1.jpg  状态304
[福城建设-接口监控平台]:方法POST  路径/ad/GETADS  状态200
[福城建设-接口监控平台]:方法POST  路径/ad/GETADBYID  状态200
[福城建设-接口监控平台]:方法POST  路径/ad/UPDATEAD  状态200
[福城建设-接口监控平台]:方法POST  路径/ad/GETADBYID  状态200
[福城建设-接口监控平台]:方法GET  路径/ad/1.jpg  状态304
[福城建设-接口监控平台]:方法POST  路径/ad/UPDATEAD  状态200
[福城建设-接口监控平台]:方法POST  路径/ad/GETADBYID  状态200
[福城建设-接口监控平台]:方法GET  路径/ad/1.jpg  状态304
[福城建设-接口监控平台]:方法POST  路径/ad/UPDATEAD  状态200
[福城建设-接口监控平台]:方法POST  路径/ad/GETADBYID  状态200
[福城建设-接口监控平台]:方法GET  路径/ad/1.jpg  状态304
[福城建设-接口监控平台]:方法POST  路径/ad/UPDATEAD  状态200
[福城建设-接口监控平台]:方法POST  路径/ad/GETADBYID  状态200
[福城建设-接口监控平台]:方法GET  路径/ad/1.jpg  状态304
[福城建设-接口监控平台]:方法POST  路径/ad/UPDATEAD  状态200
[福城建设-接口监控平台]:方法POST  路径/ad/GETADBYID  状态200
[福城建设-接口监控平台]:方法GET  路径/ad/1.jpg  状态304
[福城建设-接口监控平台]:方法POST  路径/ad/GETADBYID  状态200
[福城建设-接口监控平台]:方法GET  路径/ad/1.jpg  状态304
[福城建设-接口监控平台]:方法POST  路径/ad/GETADBYID  状态200
[福城建设-接口监控平台]:方法GET  路径/ad/1.jpg  状态304
[福城建设-接口监控平台]:方法POST  路径/ad/UPDATEAD  状态200
[福城建设-接口监控平台]:方法POST  路径/ad/GETADBYID  状态200
[福城建设-接口监控平台]:方法GET  路径/ad/1.jpg  状态304
[福城建设-接口监控平台]:方法POST  路径/ad/UPDATEAD  状态200
[福城建设-接口监控平台]:方法POST  路径/ad/GETADBYID  状态200
[福城建设-接口监控平台]:方法GET  路径/ad/1.jpg  状态304
[福城建设-接口监控平台]:方法POST  路径/ad/GETADBYID  状态200
[福城建设-接口监控平台]:方法GET  路径/ad/1.jpg  状态304
[福城建设-接口监控平台]:方法POST  路径/ad/UPDATEAD  状态200
[福城建设-接口监控平台]:方法POST  路径/ad/GETADBYID  状态200
[福城建设-接口监控平台]:方法GET  路径/ad/1.jpg  状态304
[福城建设-接口监控平台]:方法POST  路径/ad/UPDATEAD  状态200
[福城建设-接口监控平台]:方法POST  路径/ad/GETADBYID  状态200
[福城建设-接口监控平台]:方法GET  路径/ad/1.jpg  状态304
[福城建设-接口监控平台]:方法POST  路径/ad/UPDATEAD  状态200
[福城建设-接口监控平台]:方法POST  路径/ad/GETADBYID  状态200
[福城建设-接口监控平台]:方法GET  路径/ad/1.jpg  状态304
[福城建设-接口监控平台]:方法POST  路径/ad/UPDATEAD  状态200
[福城建设-接口监控平台]:方法POST  路径/ad/GETADBYID  状态200
[福城建设-接口监控平台]:方法GET  路径/ad/1.jpg  状态304
[福城建设-接口监控平台]:方法POST  路径/ad/UPDATEAD  状态200
[福城建设-接口监控平台]:方法POST  路径/ad/GETADBYID  状态200
[福城建设-接口监控平台]:方法GET  路径/ad/1.jpg  状态304
[福城建设-接口监控平台]:方法POST  路径/ad/GETADBYID  状态200
[福城建设-接口监控平台]:方法GET  路径/ad/1.jpg  状态304
[福城建设-接口监控平台]:方法POST  路径/ad/GETADBYID  状态200
[福城建设-接口监控平台]:方法GET  路径/ad/1.jpg  状态304
[福城建设-接口监控平台]:方法POST  路径/ad/UPDATEAD  状态200
[福城建设-接口监控平台]:方法POST  路径/ad/GETADBYID  状态200
[福城建设-接口监控平台]:方法GET  路径/ad/1.jpg  状态304
[福城建设-接口监控平台]:方法POST  路径/ad/UPDATEAD  状态200
[福城建设-接口监控平台]:方法POST  路径/ad/GETADBYID  状态200
[福城建设-接口监控平台]:方法GET  路径/ad/1.jpg  状态304
[福城建设-接口监控平台]:方法POST  路径/ad/UPDATEAD  状态200
[福城建设-接口监控平台]:方法POST  路径/ad/GETADBYID  状态200
[福城建设-接口监控平台]:方法GET  路径/ad/1.jpg  状态304
[福城建设-接口监控平台]:方法POST  路径/ad/UPDATEAD  状态200
[福城建设-接口监控平台]:方法POST  路径/ad/GETADBYID  状态200
[福城建设-接口监控平台]:方法GET  路径/ad/1.jpg  状态304
[福城建设-接口监控平台]:方法POST  路径/ad/UPDATEAD  状态200
[福城建设-接口监控平台]:方法POST  路径/ad/GETADBYID  状态200
[福城建设-接口监控平台]:方法GET  路径/ad/1.jpg  状态304
[福城建设-接口监控平台]:方法POST  路径/ad/UPDATEAD  状态200
[福城建设-接口监控平台]:方法POST  路径/login/LOGINU  状态200
[福城建设-接口监控平台]:方法POST  路径/adminlogin/GETADMINSTATE  状态200
[福城建设-接口监控平台]:方法POST  路径/login/GETUSERINFO  状态200
[福城建设-接口监控平台]:方法POST  路径/adminlogin/GETROUTER  状态200
[福城建设-接口监控平台]:方法POST  路径/ad/GETADBYID  状态200
[福城建设-接口监控平台]:方法POST  路径/ad/UPDATEAD  状态200
[福城建设-接口监控平台]:方法POST  路径/login/LOGINU  状态200
[福城建设-接口监控平台]:方法POST  路径/adminlogin/GETADMINSTATE  状态200
[福城建设-接口监控平台]:方法POST  路径/login/GETUSERINFO  状态200
[福城建设-接口监控平台]:方法POST  路径/adminlogin/GETROUTER  状态200
[福城建设-接口监控平台]:方法POST  路径/ad/GETADS  状态200
[福城建设-接口监控平台]:方法POST  路径/ad/GETADBYID  状态200
[福城建设-接口监控平台]:方法POST  路径/ad/UPDATEAD  状态200
[福城建设-接口监控平台]:方法POST  路径/login/LOGINU  状态200
[福城建设-接口监控平台]:方法POST  路径/adminlogin/GETADMINSTATE  状态200
[福城建设-接口监控平台]:方法POST  路径/login/GETUSERINFO  状态200
[福城建设-接口监控平台]:方法POST  路径/adminlogin/GETROUTER  状态200
[福城建设-接口监控平台]:方法POST  路径/ad/GETADS  状态200
[福城建设-接口监控平台]:方法POST  路径/ad/DELETEAD  状态200
[福城建设-接口监控平台]:方法POST  路径/ad/GETADS  状态200
[福城建设-接口监控平台]:方法POST  路径/ad/GETADS  状态200
[福城建设-接口监控平台]:方法POST  路径/ad/GETADS  状态200
[福城建设-接口监控平台]:方法POST  路径/ad/GETADS  状态200
[福城建设-接口监控平台]:方法GET  路径/ad/1.jpg  状态304
[福城建设-接口监控平台]:方法POST  路径/ad/DELETEAD  状态200
[福城建设-接口监控平台]:方法POST  路径/login/LOGINU  状态200
[福城建设-接口监控平台]:方法POST  路径/adminlogin/GETADMINSTATE  状态200
[福城建设-接口监控平台]:方法POST  路径/login/GETUSERINFO  状态200
[福城建设-接口监控平台]:方法POST  路径/adminlogin/GETROUTER  状态200
[福城建设-接口监控平台]:方法POST  路径/ad/GETADBYID  状态200
[福城建设-接口监控平台]:方法POST  路径/ad/GETADS  状态200
[福城建设-接口监控平台]:方法POST  路径/ad/DELETEAD  状态200
[福城建设-接口监控平台]:方法POST  路径/login/LOGINU  状态200
[福城建设-接口监控平台]:方法POST  路径/adminlogin/GETADMINSTATE  状态200
[福城建设-接口监控平台]:方法POST  路径/login/GETUSERINFO  状态200
[福城建设-接口监控平台]:方法POST  路径/adminlogin/GETROUTER  状态200
[福城建设-接口监控平台]:方法POST  路径/ad/GETADS  状态200
[福城建设-接口监控平台]:方法POST  路径/ad/DELETEAD  状态200
[福城建设-接口监控平台]:方法POST  路径/login/LOGINU  状态200
[福城建设-接口监控平台]:方法POST  路径/adminlogin/GETADMINSTATE  状态200
[福城建设-接口监控平台]:方法POST  路径/login/GETUSERINFO  状态200
[福城建设-接口监控平台]:方法POST  路径/adminlogin/GETROUTER  状态200
[福城建设-接口监控平台]:方法POST  路径/ad/GETADS  状态200
[福城建设-接口监控平台]:方法GET  路径/ad/1.jpg  状态304
[福城建设-接口监控平台]:方法POST  路径/ad/GETADS  状态200
[福城建设-接口监控平台]:方法GET  路径/ad/1.jpg  状态304
[福城建设-接口监控平台]:方法POST  路径/ad/GETADS  状态200
[福城建设-接口监控平台]:方法GET  路径/ad/1.jpg  状态304
[福城建设-接口监控平台]:方法POST  路径/ad/GETADS  状态200
[福城建设-接口监控平台]:方法GET  路径/ad/1.jpg  状态304
[福城建设-接口监控平台]:方法POST  路径/ad/GETADS  状态200
[福城建设-接口监控平台]:方法GET  路径/ad/1.jpg  状态304
[福城建设-接口监控平台]:方法POST  路径/ad/GETADS  状态200
[福城建设-接口监控平台]:方法GET  路径/ad/1.jpg  状态304
[福城建设-接口监控平台]:方法POST  路径/ad/GETADBYID  状态200
[福城建设-接口监控平台]:方法POST  路径/ad/UPDATEAD  状态200
[福城建设-接口监控平台]:方法POST  路径/login/LOGINU  状态200
[福城建设-接口监控平台]:方法POST  路径/adminlogin/GETADMINSTATE  状态200
[福城建设-接口监控平台]:方法POST  路径/login/GETUSERINFO  状态200
[福城建设-接口监控平台]:方法POST  路径/adminlogin/GETROUTER  状态200
[福城建设-接口监控平台]:方法POST  路径/ad/GETADBYID  状态200
[福城建设-接口监控平台]:方法POST  路径/ad/UPDATEAD  状态200
[福城建设-接口监控平台]:方法POST  路径/login/LOGINU  状态200
[福城建设-接口监控平台]:方法POST  路径/adminlogin/GETADMINSTATE  状态200
[福城建设-接口监控平台]:方法POST  路径/login/GETUSERINFO  状态200
[福城建设-接口监控平台]:方法POST  路径/adminlogin/GETROUTER  状态200
[福城建设-接口监控平台]:方法POST  路径/ad/GETADS  状态200
[福城建设-接口监控平台]:方法GET  路径/ad/1.jpg  状态304
[福城建设-接口监控平台]:方法POST  路径/ad/GETADS  状态200
[福城建设-接口监控平台]:方法GET  路径/ad/1.jpg  状态304
[福城建设-接口监控平台]:方法POST  路径/ad/GETADS  状态200
[福城建设-接口监控平台]:方法GET  路径/ad/1.jpg  状态304
[福城建设-接口监控平台]:方法POST  路径/ad/GETADBYID  状态200
[福城建设-接口监控平台]:方法POST  路径/ad/UPDATEAD  状态200
[福城建设-接口监控平台]:方法POST  路径/ad/UPDATEAD  状态200
[福城建设-接口监控平台]:方法POST  路径/ad/UPDATEAD  状态200
[福城建设-接口监控平台]:方法POST  路径/ad/GETADBYID  状态200
[福城建设-接口监控平台]:方法POST  路径/ad/GETADBYID  状态200
[福城建设-接口监控平台]:方法POST  路径/ad/GETADBYID  状态200
[福城建设-接口监控平台]:方法POST  路径/ad/UPDATEAD  状态200
[福城建设-接口监控平台]:方法POST  路径/ad/GETADBYID  状态200
[福城建设-接口监控平台]:方法POST  路径/ad/GETADBYID  状态200
[福城建设-接口监控平台]:方法POST  路径/ad/GETADBYID  状态200
[福城建设-接口监控平台]:方法POST  路径/ad/GETADBYID  状态200
[福城建设-接口监控平台]:方法GET  路径/ad/1.jpg  状态304
[福城建设-接口监控平台]:方法POST  路径/ad/GETADBYID  状态200
[福城建设-接口监控平台]:方法POST  路径/ad/GETADBYID  状态200
[福城建设-接口监控平台]:方法GET  路径/ad/1.jpg  状态304
[福城建设-接口监控平台]:方法POST  路径/ad/GETADBYID  状态200
[福城建设-接口监控平台]:方法POST  路径/ad/GETADBYID  状态200
[福城建设-接口监控平台]:方法POST  路径/ad/GETADBYID  状态200
[福城建设-接口监控平台]:方法POST  路径/ad/GETADBYID  状态200
[福城建设-接口监控平台]:方法POST  路径/ad/GETADBYID  状态200
[福城建设-接口监控平台]:方法POST  路径/ad/GETADBYID  状态200
[福城建设-接口监控平台]:方法GET  路径/ad/1.jpg?v=0.7827316844125036  状态200
[福城建设-接口监控平台]:方法POST  路径/ad/GETADBYID  状态200
[福城建设-接口监控平台]:方法POST  路径/ad/GETADS  状态200
[福城建设-接口监控平台]:方法POST  路径/ad/GETADBYID  状态200
[福城建设-接口监控平台]:方法GET  路径/ad/1.jpg  状态304
[福城建设-接口监控平台]:方法GET  路径/favicon.ico  状态404
[福城建设-接口监控平台]:方法GET  路径/ad/1  状态404
[福城建设-接口监控平台]:方法POST  路径/ad/GETADBYID  状态200
[福城建设-接口监控平台]:方法POST  路径/ad/GETADBYID  状态200
[福城建设-接口监控平台]:方法POST  路径/ad/GETADBYID  状态200
[福城建设-接口监控平台]:方法POST  路径/ad/UPDATEAD  状态200
[福城建设-接口监控平台]:方法POST  路径/ad/UPDATEAD  状态200
[福城建设-接口监控平台]:方法POST  路径/ad/UPDATEAD  状态200
[福城建设-接口监控平台]:方法POST  路径/ad/UPDATEAD  状态200
[福城建设-接口监控平台]:方法POST  路径/ad/UPDATEAD  状态200
[福城建设-接口监控平台]:方法POST  路径/ad/UPDATEAD  状态200
[福城建设-接口监控平台]:方法POST  路径/ad/UPDATEAD  状态200
[福城建设-接口监控平台]:方法POST  路径/ad/UPDATEAD  状态200
[福城建设-接口监控平台]:方法POST  路径/ad/GETADBYID  状态200
[福城建设-接口监控平台]:方法POST  路径/ad/GETADBYID  状态200
[福城建设-接口监控平台]:方法POST  路径/ad/GETADBYID  状态200
[福城建设-接口监控平台]:方法GET  路径/ad/1.jpg  状态304
[福城建设-接口监控平台]:方法POST  路径/ad/GETADBYID  状态200
[福城建设-接口监控平台]:方法POST  路径/ad/GETADBYID  状态200
[福城建设-接口监控平台]:方法POST  路径/ad/GETADBYID  状态200
[福城建设-接口监控平台]:方法GET  路径/ad/1.jpg  状态304
[福城建设-接口监控平台]:方法POST  路径/ad/GETADBYID  状态200
[福城建设-接口监控平台]:方法POST  路径/ad/UPDATEAD  状态200
[福城建设-接口监控平台]:方法POST  路径/ad/UPDATEAD  状态200
[福城建设-接口监控平台]:方法POST  路径/ad/GETADBYID  状态200
[福城建设-接口监控平台]:方法POST  路径/ad/UPDATEAD  状态200
[福城建设-接口监控平台]:方法POST  路径/ad/UPDATEAD  状态200
[福城建设-接口监控平台]:方法POST  路径/ad/UPDATEAD  状态200
[福城建设-接口监控平台]:方法POST  路径/login/LOGINU  状态200
[福城建设-接口监控平台]:方法POST  路径/adminlogin/GETADMINSTATE  状态200
[福城建设-接口监控平台]:方法POST  路径/login/GETUSERINFO  状态200
[福城建设-接口监控平台]:方法POST  路径/adminlogin/GETROUTER  状态200
[福城建设-接口监控平台]:方法POST  路径/ad/GETADBYID  状态200
[福城建设-接口监控平台]:方法POST  路径/ad/UPDATEAD  状态200
[福城建设-接口监控平台]:方法POST  路径/ad/UPDATEAD  状态200
[福城建设-接口监控平台]:方法POST  路径/ad/UPDATEAD  状态200
[福城建设-接口监控平台]:方法POST  路径/login/LOGINU  状态200
[福城建设-接口监控平台]:方法POST  路径/adminlogin/GETADMINSTATE  状态200
[福城建设-接口监控平台]:方法POST  路径/login/GETUSERINFO  状态200
[福城建设-接口监控平台]:方法POST  路径/adminlogin/GETROUTER  状态200
[福城建设-接口监控平台]:方法POST  路径/ad/GETADBYID  状态200
[福城建设-接口监控平台]:方法POST  路径/ad/UPDATEAD  状态200
[福城建设-接口监控平台]:方法POST  路径/ad/UPDATEAD  状态200
[福城建设-接口监控平台]:方法POST  路径/ad/GETADS  状态200
[福城建设-接口监控平台]:方法POST  路径/ad/GETADS  状态200
[福城建设-接口监控平台]:方法POST  路径/ad/GETADS  状态200
[福城建设-接口监控平台]:方法POST  路径/ad/GETADBYID  状态200
[福城建设-接口监控平台]:方法POST  路径/ad/UPDATEAD  状态200
[福城建设-接口监控平台]:方法POST  路径/ad/GETADS  状态200
[福城建设-接口监控平台]:方法POST  路径/ad/GETADS  状态200
[福城建设-接口监控平台]:方法POST  路径/ad/GETADS  状态200
[福城建设-接口监控平台]:方法POST  路径/ad/GETADS  状态200
[福城建设-接口监控平台]:方法POST  路径/ad/GETADS  状态200
[福城建设-接口监控平台]:方法POST  路径/ad/GETADBYID  状态200
[福城建设-接口监控平台]:方法POST  路径/ad/UPDATEAD  状态200
[福城建设-接口监控平台]:方法POST  路径/ad/GETADS  状态200
[福城建设-接口监控平台]:方法POST  路径/ad/GETADBYID  状态200
[福城建设-接口监控平台]:方法POST  路径/ad/UPDATEAD  状态200
[福城建设-接口监控平台]:方法POST  路径/ad/GETADS  状态200
[福城建设-接口监控平台]:方法POST  路径/ad/GETADS  状态200
[福城建设-接口监控平台]:方法POST  路径/ad/GETADS  状态200
[福城建设-接口监控平台]:方法POST  路径/ad/GETADS  状态200
[福城建设-接口监控平台]:方法POST  路径/ad/GETADS  状态200
[福城建设-接口监控平台]:方法POST  路径/ad/GETADS  状态200
[福城建设-接口监控平台]:方法POST  路径/ad/GETADS  状态200
[福城建设-接口监控平台]:方法POST  路径/ad/GETADS  状态200
[福城建设-接口监控平台]:方法POST  路径/ad/GETADS  状态200
[福城建设-接口监控平台]:方法POST  路径/ad/GETADS  状态200
[福城建设-接口监控平台]:方法POST  路径/ad/GETADS  状态200
[福城建设-接口监控平台]:方法POST  路径/ad/GETADS  状态200
[福城建设-接口监控平台]:方法POST  路径/ad/GETADS  状态200
[福城建设-接口监控平台]:方法POST  路径/ad/GETADS  状态200
[福城建设-接口监控平台]:方法POST  路径/ad/GETADS  状态200
[福城建设-接口监控平台]:方法POST  路径/ad/GETADS  状态200
[福城建设-接口监控平台]:方法POST  路径/ad/GETADS  状态200
[福城建设-接口监控平台]:方法POST  路径/ad/GETADS  状态200
[福城建设-接口监控平台]:方法POST  路径/ad/GETADS  状态200
[福城建设-接口监控平台]:方法POST  路径/ad/GETADS  状态200
[福城建设-接口监控平台]:方法POST  路径/ad/GETADS  状态200
[福城建设-接口监控平台]:方法POST  路径/ad/GETADS  状态200
[福城建设-接口监控平台]:方法POST  路径/ad/GETADBYID  状态200
[福城建设-接口监控平台]:方法POST  路径/ad/UPDATEAD  状态200
[福城建设-接口监控平台]:方法POST  路径/ad/GETADS  状态200
[福城建设-接口监控平台]:方法POST  路径/ad/GETADS  状态200
[福城建设-接口监控平台]:方法POST  路径/ad/GETADS  状态200
[福城建设-接口监控平台]:方法POST  路径/ad/GETADS  状态200
[福城建设-接口监控平台]:方法POST  路径/ad/GETADS  状态200
[福城建设-接口监控平台]:方法POST  路径/ad/GETADBYID  状态200
[福城建设-接口监控平台]:方法POST  路径/ad/GETADS  状态200
[福城建设-接口监控平台]:方法POST  路径/ad/GETADS  状态200
[福城建设-接口监控平台]:方法POST  路径/ad/GETADBYID  状态200
[福城建设-接口监控平台]:方法POST  路径/ad/GETADBYID  状态200
[福城建设-接口监控平台]:方法POST  路径/ad/GETADBYID  状态200
[福城建设-接口监控平台]:方法POST  路径/ad/GETADBYID  状态200
[福城建设-接口监控平台]:方法POST  路径/ad/GETADBYID  状态200
[福城建设-接口监控平台]:方法POST  路径/ad/GETADBYID  状态200
[福城建设-接口监控平台]:方法POST  路径/ad/GETADBYID  状态200
[福城建设-接口监控平台]:方法POST  路径/ad/GETADS  状态200
[福城建设-接口监控平台]:方法GET  路径/ad/1.jpg  状态304
[福城建设-接口监控平台]:方法POST  路径/ad/GETADBYID  状态200
[福城建设-接口监控平台]:方法POST  路径/ad/GETADBYID  状态200
[福城建设-接口监控平台]:方法POST  路径/ad/GETADBYID  状态200
[福城建设-接口监控平台]:方法POST  路径/ad/GETADBYID  状态200
[福城建设-接口监控平台]:方法POST  路径/ad/GETADBYID  状态200
[福城建设-接口监控平台]:方法POST  路径/ad/GETADBYID  状态200
[福城建设-接口监控平台]:方法POST  路径/ad/UPDATEAD  状态200
[福城建设-接口监控平台]:方法POST  路径/ad/GETADS  状态200
[福城建设-接口监控平台]:方法POST  路径/ad/GETADS  状态200
[福城建设-接口监控平台]:方法GET  路径/ad/1.jpg  状态304
[福城建设-接口监控平台]:方法POST  路径/ad/GETADBYID  状态200
[福城建设-接口监控平台]:方法POST  路径/ad/UPDATEAD  状态200
[福城建设-接口监控平台]:方法POST  路径/ad/GETADS  状态200
[福城建设-接口监控平台]:方法POST  路径/ad/GETADBYID  状态200
[福城建设-接口监控平台]:方法POST  路径/ad/GETADBYID  状态200
[福城建设-接口监控平台]:方法POST  路径/ad/GETADBYID  状态200
[福城建设-接口监控平台]:方法POST  路径/ad/UPDATEAD  状态200
[福城建设-接口监控平台]:方法POST  路径/ad/GETADS  状态200
[福城建设-接口监控平台]:方法POST  路径/ad/GETADBYID  状态200
[福城建设-接口监控平台]:方法POST  路径/ad/GETADBYID  状态200
[福城建设-接口监控平台]:方法POST  路径/ad/UPDATEAD  状态200
[福城建设-接口监控平台]:方法POST  路径/ad/GETADS  状态200
[福城建设-接口监控平台]:方法GET  路径/ad/20201317104797959.png  状态404
[福城建设-接口监控平台]:方法POST  路径/ad/GETADS  状态200
[福城建设-接口监控平台]:方法GET  路径/ad/1.jpg  状态304
[福城建设-接口监控平台]:方法POST  路径/ad/GETADBYID  状态200
[福城建设-接口监控平台]:方法POST  路径/ad/UPDATEAD  状态200
[福城建设-接口监控平台]:方法POST  路径/ad/GETADS  状态200
[福城建设-接口监控平台]:方法GET  路径/ad/20201317125635346.png  状态404
[福城建设-接口监控平台]:方法POST  路径/ad/GETADS  状态200
[福城建设-接口监控平台]:方法GET  路径/ad/1.jpg  状态304
[福城建设-接口监控平台]:方法POST  路径/ad/GETADBYID  状态200
[福城建设-接口监控平台]:方法POST  路径/ad/UPDATEAD  状态200
[福城建设-接口监控平台]:方法POST  路径/ad/GETADS  状态200
[福城建设-接口监控平台]:方法GET  路径/ad/20201317142478063.png  状态404
[福城建设-接口监控平台]:方法POST  路径/ad/GETADBYID  状态200
[福城建设-接口监控平台]:方法POST  路径/ad/UPDATEAD  状态200
[福城建设-接口监控平台]:方法POST  路径/ad/GETADS  状态200
[福城建设-接口监控平台]:方法GET  路径//ad/20201317151340318.png  状态404
[福城建设-接口监控平台]:方法POST  路径/ad/GETADBYID  状态200
[福城建设-接口监控平台]:方法POST  路径/ad/GETADS  状态200
[福城建设-接口监控平台]:方法GET  路径//ad/20201317151340318.png  状态404
[福城建设-接口监控平台]:方法POST  路径/ad/GETADBYID  状态200
[福城建设-接口监控平台]:方法POST  路径/ad/UPDATEAD  状态200
[福城建设-接口监控平台]:方法POST  路径/ad/GETADS  状态200
[福城建设-接口监控平台]:方法GET  路径/ad/20201317164199841.png  状态200
[福城建设-接口监控平台]:方法POST  路径/ad/GETADS  状态200
[福城建设-接口监控平台]:方法POST  路径/ad/GETADS  状态200
[福城建设-接口监控平台]:方法POST  路径/ad/GETADS  状态200
[福城建设-接口监控平台]:方法POST  路径/ad/GETADS  状态200
[福城建设-接口监控平台]:方法POST  路径/ad/GETADS  状态200
[福城建设-接口监控平台]:方法POST  路径/ad/GETADS  状态200
[福城建设-接口监控平台]:方法GET  路径/ad/2020131716419981.png  状态404
[福城建设-接口监控平台]:方法POST  路径/ad/GETADBYID  状态200
[福城建设-接口监控平台]:方法POST  路径/ad/GETADBYID  状态200
[福城建设-接口监控平台]:方法POST  路径/ad/GETADBYID  状态200
[福城建设-接口监控平台]:方法POST  路径/ad/GETADBYID  状态200
[福城建设-接口监控平台]:方法POST  路径/ad/GETADBYID  状态200
[福城建设-接口监控平台]:方法POST  路径/ad/GETADBYID  状态200
[福城建设-接口监控平台]:方法POST  路径/ad/GETADBYID  状态200
[福城建设-接口监控平台]:方法POST  路径/ad/GETADBYID  状态200
[福城建设-接口监控平台]:方法POST  路径/ad/GETADBYID  状态200
[福城建设-接口监控平台]:方法POST  路径/ad/GETADBYID  状态200
[福城建设-接口监控平台]:方法POST  路径/ad/GETADBYID  状态200
[福城建设-接口监控平台]:方法POST  路径/ad/UPDATEAD  状态200
[福城建设-接口监控平台]:方法POST  路径/ad/GETADS  状态200
[福城建设-接口监控平台]:方法GET  路径/ad/1.jpg  状态304
[福城建设-接口监控平台]:方法GET  路径/ad/2020131735667533.png  状态200
[福城建设-接口监控平台]:方法POST  路径/ad/GETADS  状态200
[福城建设-接口监控平台]:方法POST  路径/ad/GETADBYID  状态200
[福城建设-接口监控平台]:方法POST  路径/ad/GETADS  状态200
[福城建设-接口监控平台]:方法POST  路径/ad/GETADBYID  状态200
[福城建设-接口监控平台]:方法POST  路径/ad/GETADS  状态200
[福城建设-接口监控平台]:方法POST  路径/ad/GETADS  状态200
[福城建设-接口监控平台]:方法POST  路径/ad/GETADBYID  状态200
[福城建设-接口监控平台]:方法POST  路径/ad/GETADS  状态200
[福城建设-接口监控平台]:方法POST  路径/ad/GETADS  状态200
[福城建设-接口监控平台]:方法POST  路径/ad/GETADBYID  状态200
[福城建设-接口监控平台]:方法POST  路径/ad/UPDATEAD  状态200
[福城建设-接口监控平台]:方法POST  路径/ad/GETADS  状态200
[福城建设-接口监控平台]:方法GET  路径/ad/20201317354928796.png  状态200
[福城建设-接口监控平台]:方法POST  路径/ad/GETADS  状态200
[福城建设-接口监控平台]:方法GET  路径/ad/1.jpg  状态304
[福城建设-接口监控平台]:方法GET  路径/ad/20201317354928796.png  状态304
[福城建设-接口监控平台]:方法POST  路径/ad/GETADS  状态200
[福城建设-接口监控平台]:方法POST  路径/ad/GETADS  状态200
[福城建设-接口监控平台]:方法GET  路径/ad/1.jpg  状态304
[福城建设-接口监控平台]:方法GET  路径/ad/20201317354928796.png  状态304
[福城建设-接口监控平台]:方法POST  路径/ad/GETADS  状态200
[福城建设-接口监控平台]:方法POST  路径/ad/GETADBYID  状态200
[福城建设-接口监控平台]:方法POST  路径/ad/UPDATEAD  状态200
[福城建设-接口监控平台]:方法POST  路径/ad/GETADS  状态200
[福城建设-接口监控平台]:方法GET  路径/ad/2020131738077313.png  状态200
[福城建设-接口监控平台]:方法POST  路径/ad/GETADBYID  状态200
[福城建设-接口监控平台]:方法POST  路径/ad/UPDATEAD  状态200
[福城建设-接口监控平台]:方法POST  路径/ad/GETADS  状态200
[福城建设-接口监控平台]:方法GET  路径/ad/20201317384361710.png  状态200
[福城建设-接口监控平台]:方法POST  路径/ad/GETADBYID  状态200
[福城建设-接口监控平台]:方法POST  路径/ad/UPDATEAD  状态200
[福城建设-接口监控平台]:方法POST  路径/ad/GETADS  状态200
[福城建设-接口监控平台]:方法GET  路径/ad/20201317394154288.png  状态200
[福城建设-接口监控平台]:方法POST  路径/ad/ADDAD  状态200
[福城建设-接口监控平台]:方法POST  路径/ad/ADDAD  状态200
[福城建设-接口监控平台]:方法POST  路径/ad/ADDAD  状态200
[福城建设-接口监控平台]:方法POST  路径/ad/ADDAD  状态200
[福城建设-接口监控平台]:方法POST  路径/ad/ADDAD  状态200
[福城建设-接口监控平台]:方法POST  路径/ad/ADDAD  状态200
[福城建设-接口监控平台]:方法POST  路径/ad/ADDAD  状态200
[福城建设-接口监控平台]:方法POST  路径/ad/ADDAD  状态200
[福城建设-接口监控平台]:方法POST  路径/ad/ADDAD  状态200
[福城建设-接口监控平台]:方法POST  路径/ad/ADDAD  状态200
[福城建设-接口监控平台]:方法POST  路径/ad/ADDAD  状态200
[福城建设-接口监控平台]:方法POST  路径/ad/ADDAD  状态200
[福城建设-接口监控平台]:方法POST  路径/ad/ADDAD  状态200
[福城建设-接口监控平台]:方法POST  路径/ad/ADDAD  状态200
[福城建设-接口监控平台]:方法POST  路径/ad/ADDAD  状态200
[福城建设-接口监控平台]:方法POST  路径/ad/GETADS  状态200
[福城建设-接口监控平台]:方法GET  路径/ad/2020131735667533.png  状态304
[福城建设-接口监控平台]:方法GET  路径/ad/1.jpg  状态304
[福城建设-接口监控平台]:方法POST  路径/ad/GETADS  状态200
[福城建设-接口监控平台]:方法GET  路径/ad/20201317394154288.png  状态304
[福城建设-接口监控平台]:方法POST  路径/ad/GETADS  状态200
[福城建设-接口监控平台]:方法POST  路径/ad/GETADS  状态200
[福城建设-接口监控平台]:方法POST  路径/ad/GETADS  状态200
[福城建设-接口监控平台]:方法POST  路径/login/LOGINU  状态200
[福城建设-接口监控平台]:方法POST  路径/adminlogin/GETADMINSTATE  状态200
[福城建设-接口监控平台]:方法POST  路径/login/GETUSERINFO  状态200
[福城建设-接口监控平台]:方法POST  路径/adminlogin/GETROUTER  状态200
[福城建设-接口监控平台]:方法POST  路径/login/LOGINU  状态200
[福城建设-接口监控平台]:方法POST  路径/adminlogin/GETADMINSTATE  状态200
[福城建设-接口监控平台]:方法POST  路径/login/GETUSERINFO  状态200
[福城建设-接口监控平台]:方法POST  路径/adminlogin/GETROUTER  状态200
[福城建设-接口监控平台]:方法POST  路径/login/LOGINU  状态200
[福城建设-接口监控平台]:方法POST  路径/adminlogin/GETADMINSTATE  状态200
[福城建设-接口监控平台]:方法POST  路径/login/GETUSERINFO  状态200
[福城建设-接口监控平台]:方法POST  路径/adminlogin/GETROUTER  状态200
[福城建设-接口监控平台]:方法POST  路径/login/LOGINU  状态200
[福城建设-接口监控平台]:方法POST  路径/adminlogin/GETADMINSTATE  状态200
[福城建设-接口监控平台]:方法POST  路径/login/GETUSERINFO  状态200
[福城建设-接口监控平台]:方法POST  路径/adminlogin/GETROUTER  状态200
[福城建设-接口监控平台]:方法POST  路径/login/LOGINU  状态200
[福城建设-接口监控平台]:方法POST  路径/adminlogin/GETADMINSTATE  状态200
[福城建设-接口监控平台]:方法POST  路径/login/GETUSERINFO  状态200
[福城建设-接口监控平台]:方法POST  路径/adminlogin/GETROUTER  状态200
[福城建设-接口监控平台]:方法POST  路径/login/LOGINU  状态200
[福城建设-接口监控平台]:方法POST  路径/adminlogin/GETADMINSTATE  状态200
[福城建设-接口监控平台]:方法POST  路径/login/GETUSERINFO  状态200
[福城建设-接口监控平台]:方法POST  路径/adminlogin/GETROUTER  状态200
[福城建设-接口监控平台]:方法POST  路径/login/LOGINU  状态200
[福城建设-接口监控平台]:方法POST  路径/adminlogin/GETADMINSTATE  状态200
[福城建设-接口监控平台]:方法POST  路径/login/GETUSERINFO  状态200
[福城建设-接口监控平台]:方法POST  路径/adminlogin/GETROUTER  状态200
[福城建设-接口监控平台]:方法POST  路径/login/LOGINU  状态200
[福城建设-接口监控平台]:方法POST  路径/adminlogin/GETADMINSTATE  状态200
[福城建设-接口监控平台]:方法POST  路径/login/GETUSERINFO  状态200
[福城建设-接口监控平台]:方法POST  路径/adminlogin/GETROUTER  状态200
[福城建设-接口监控平台]:方法POST  路径/login/LOGINU  状态200
[福城建设-接口监控平台]:方法POST  路径/adminlogin/GETADMINSTATE  状态200
[福城建设-接口监控平台]:方法POST  路径/login/GETUSERINFO  状态200
[福城建设-接口监控平台]:方法POST  路径/adminlogin/GETROUTER  状态200
[福城建设-接口监控平台]:方法POST  路径/ad/GETADS  状态200
[福城建设-接口监控平台]:方法GET  路径/ad/2020131735667533.png  状态304
[福城建设-接口监控平台]:方法GET  路径/ad/1.jpg  状态304
[福城建设-接口监控平台]:方法POST  路径/ad/GETADS  状态200
[福城建设-接口监控平台]:方法GET  路径/ad/2020131735667533.png  状态304
[福城建设-接口监控平台]:方法GET  路径/ad/1.jpg  状态304
[福城建设-接口监控平台]:方法POST  路径/ad/GETADS  状态200
[福城建设-接口监控平台]:方法POST  路径/ad/GETADS  状态200
[福城建设-接口监控平台]:方法GET  路径/ad/1.jpg  状态304
[福城建设-接口监控平台]:方法GET  路径/ad/2020131735667533.png  状态304
[福城建设-接口监控平台]:方法GET  路径/ad/20201317394154288.png  状态304
[福城建设-接口监控平台]:方法POST  路径/ad/GETADS  状态200
[福城建设-接口监控平台]:方法GET  路径/ad/1.jpg  状态304
[福城建设-接口监控平台]:方法GET  路径/ad/2020131735667533.png  状态304
[福城建设-接口监控平台]:方法GET  路径/ad/20201317394154288.png  状态304
[福城建设-接口监控平台]:方法POST  路径/brand/GETBRANDS  状态200
[福城建设-接口监控平台]:方法POST  路径/brand/GETBRANDS  状态200
[福城建设-接口监控平台]:方法POST  路径/brand/GETBRANDS  状态200
[福城建设-接口监控平台]:方法POST  路径/brand/GETBRANDS  状态200
[福城建设-接口监控平台]:方法POST  路径/ad/GETADBYID  状态200
[福城建设-接口监控平台]:方法POST  路径/brand/GETBRANDS  状态200
[福城建设-接口监控平台]:方法POST  路径/brand/GETBRANDS  状态200
[福城建设-接口监控平台]:方法POST  路径/brand/GETBRANDS  状态500
[福城建设-接口监控平台]:方法POST  路径/brand/GETBRANDS  状态200
[福城建设-接口监控平台]:方法POST  路径/brand/GETBRANDS  状态500
[福城建设-接口监控平台]:方法POST  路径/brand/GETBRANDS  状态200
[福城建设-接口监控平台]:方法POST  路径/brand/GETBRANDS  状态200
[福城建设-接口监控平台]:方法POST  路径/brand/GETBRANDS  状态200
[福城建设-接口监控平台]:方法POST  路径/brand/GETBRANDS  状态200
[福城建设-接口监控平台]:方法POST  路径/brand/GETBRANDS  状态200
[福城建设-接口监控平台]:方法POST  路径/brand/GETBRANDS  状态200
[福城建设-接口监控平台]:方法POST  路径/brand/GETBRANDS  状态200
[福城建设-接口监控平台]:方法POST  路径/brand/GETBRANDS  状态200
[福城建设-接口监控平台]:方法POST  路径/brand/GETBRANDS  状态200
[福城建设-接口监控平台]:方法POST  路径/brand/GETBRANDS  状态200
[福城建设-接口监控平台]:方法POST  路径/brand/GETBRANDS  状态200
[福城建设-接口监控平台]:方法POST  路径/brand/GETBRANDBYID  状态200
[福城建设-接口监控平台]:方法POST  路径/brand/GETBRANDS  状态200
[福城建设-接口监控平台]:方法POST  路径/brand/GETBRANDBYID  状态200
[福城建设-接口监控平台]:方法POST  路径/brand/GETBRANDBYID  状态200
[福城建设-接口监控平台]:方法POST  路径/brand/GETBRANDBYID  状态200
[福城建设-接口监控平台]:方法POST  路径/brand/GETBRANDBYID  状态200
[福城建设-接口监控平台]:方法POST  路径/brand/GETBRANDBYID  状态200
[福城建设-接口监控平台]:方法POST  路径/brand/GETBRANDBYID  状态200
[福城建设-接口监控平台]:方法POST  路径/brand/GETBRANDBYID  状态200
[福城建设-接口监控平台]:方法POST  路径/brand/GETBRANDBYID  状态200
[福城建设-接口监控平台]:方法POST  路径/brand/GETBRANDBYID  状态200
[福城建设-接口监控平台]:方法POST  路径/brand/GETBRANDBYID  状态200
[福城建设-接口监控平台]:方法POST  路径/brand/GETBRANDBYID  状态200
[福城建设-接口监控平台]:方法POST  路径/ad/UPDATEBRAND  状态404
[福城建设-接口监控平台]:方法POST  路径/brand/GETBRANDBYID  状态200
[福城建设-接口监控平台]:方法POST  路径/brand/UPDATEBRAND  状态500
[福城建设-接口监控平台]:方法POST  路径/brand/UPDATEBRAND  状态500
[福城建设-接口监控平台]:方法POST  路径/brand/UPDATEBRAND  状态500
[福城建设-接口监控平台]:方法POST  路径/brand/UPDATEBRAND  状态200
[福城建设-接口监控平台]:方法POST  路径/login/LOGINU  状态200
[福城建设-接口监控平台]:方法POST  路径/adminlogin/GETADMINSTATE  状态200
[福城建设-接口监控平台]:方法POST  路径/login/GETUSERINFO  状态200
[福城建设-接口监控平台]:方法POST  路径/adminlogin/GETROUTER  状态200
[福城建设-接口监控平台]:方法POST  路径/brand/GETBRANDBYID  状态200
[福城建设-接口监控平台]:方法POST  路径/brand/UPDATEBRAND  状态200
[福城建设-接口监控平台]:方法POST  路径/brand/GETBRANDS  状态200
[福城建设-接口监控平台]:方法POST  路径/brand/GETBRANDBYID  状态200
[福城建设-接口监控平台]:方法POST  路径/brand/UPDATEBRAND  状态200
[福城建设-接口监控平台]:方法POST  路径/brand/GETBRANDS  状态200
[福城建设-接口监控平台]:方法POST  路径/brand/GETBRANDS  状态200
[福城建设-接口监控平台]:方法GET  路径/brand/20201320423962031.png  状态200
[福城建设-接口监控平台]:方法POST  路径/brand/GETBRANDS  状态200
[福城建设-接口监控平台]:方法GET  路径/brand/20201320423962031.png  状态304
[福城建设-接口监控平台]:方法POST  路径/brand/GETBRANDS  状态200
[福城建设-接口监控平台]:方法GET  路径/brand/20201320423962031.png  状态304
[福城建设-接口监控平台]:方法POST  路径/brand/ADDBRAND  状态200
[福城建设-接口监控平台]:方法POST  路径/login/LOGINU  状态200
[福城建设-接口监控平台]:方法POST  路径/adminlogin/GETADMINSTATE  状态200
[福城建设-接口监控平台]:方法POST  路径/login/GETUSERINFO  状态200
[福城建设-接口监控平台]:方法POST  路径/adminlogin/GETROUTER  状态200
[福城建设-接口监控平台]:方法POST  路径/brand/ADDBRAND  状态200
[福城建设-接口监控平台]:方法POST  路径/brand/ADDBRAND  状态200
[福城建设-接口监控平台]:方法POST  路径/brand/ADDBRAND  状态200
[福城建设-接口监控平台]:方法POST  路径/brand/ADDBRAND  状态200
[福城建设-接口监控平台]:方法POST  路径/brand/ADDBRAND  状态200
[福城建设-接口监控平台]:方法POST  路径/brand/GETBRANDS  状态200
[福城建设-接口监控平台]:方法GET  路径/brand/20201320473399633.png  状态200
[福城建设-接口监控平台]:方法POST  路径/brand/GETBRANDS  状态200
[福城建设-接口监控平台]:方法POST  路径/brand/GETBRANDS  状态200
[福城建设-接口监控平台]:方法POST  路径/brand/GETBRANDS  状态200
[福城建设-接口监控平台]:方法POST  路径/brand/GETBRANDS  状态200
[福城建设-接口监控平台]:方法POST  路径/brand/GETBRANDS  状态200
[福城建设-接口监控平台]:方法POST  路径/brand/GETBRANDS  状态200
[福城建设-接口监控平台]:方法POST  路径/login/LOGINU  状态200
[福城建设-接口监控平台]:方法POST  路径/adminlogin/GETADMINSTATE  状态200
[福城建设-接口监控平台]:方法POST  路径/login/GETUSERINFO  状态200
[福城建设-接口监控平台]:方法POST  路径/adminlogin/GETROUTER  状态200
[福城建设-接口监控平台]:方法POST  路径/brand/GETBRANDS  状态200
[福城建设-接口监控平台]:方法POST  路径/login/LOGINU  状态200
[福城建设-接口监控平台]:方法POST  路径/adminlogin/GETADMINSTATE  状态200
[福城建设-接口监控平台]:方法POST  路径/login/GETUSERINFO  状态200
[福城建设-接口监控平台]:方法POST  路径/adminlogin/GETROUTER  状态200
[福城建设-接口监控平台]:方法POST  路径/brand/GETBRANDS  状态200
[福城建设-接口监控平台]:方法POST  路径/login/LOGINU  状态200
[福城建设-接口监控平台]:方法POST  路径/adminlogin/GETADMINSTATE  状态200
[福城建设-接口监控平台]:方法POST  路径/login/GETUSERINFO  状态200
[福城建设-接口监控平台]:方法POST  路径/adminlogin/GETROUTER  状态200
[福城建设-接口监控平台]:方法POST  路径/login/LOGINU  状态200
[福城建设-接口监控平台]:方法POST  路径/adminlogin/GETADMINSTATE  状态200
[福城建设-接口监控平台]:方法POST  路径/login/GETUSERINFO  状态200
[福城建设-接口监控平台]:方法POST  路径/adminlogin/GETROUTER  状态200
[福城建设-接口监控平台]:方法POST  路径/brand/GETBRANDS  状态200
[福城建设-接口监控平台]:方法POST  路径/sort/GETSORTS  状态404
[福城建设-接口监控平台]:方法POST  路径/brand/GETBRANDS  状态200
[福城建设-接口监控平台]:方法GET  路径/brand/20201320423962031.png  状态304
[福城建设-接口监控平台]:方法GET  路径/brand/20201320473399633.png  状态304
[福城建设-接口监控平台]:方法POST  路径/brand/DELETEBRAND  状态404
[福城建设-接口监控平台]:方法POST  路径/brand/GETBRANDS  状态200
[福城建设-接口监控平台]:方法GET  路径/brand/20201320423962031.png  状态304
[福城建设-接口监控平台]:方法GET  路径/brand/20201320473399633.png  状态304
[福城建设-接口监控平台]:方法POST  路径/brand/DELETEBRAND  状态404
[福城建设-接口监控平台]:方法POST  路径/brand/GETBRANDS  状态200
[福城建设-接口监控平台]:方法GET  路径/brand/20201320423962031.png  状态304
[福城建设-接口监控平台]:方法GET  路径/brand/20201320473399633.png  状态304
[福城建设-接口监控平台]:方法POST  路径/brand/DELETEBRAND  状态200
[福城建设-接口监控平台]:方法POST  路径/login/LOGINU  状态200
[福城建设-接口监控平台]:方法POST  路径/adminlogin/GETADMINSTATE  状态200
[福城建设-接口监控平台]:方法POST  路径/login/GETUSERINFO  状态200
[福城建设-接口监控平台]:方法POST  路径/adminlogin/GETROUTER  状态200
[福城建设-接口监控平台]:方法POST  路径/brand/GETBRANDS  状态200
[福城建设-接口监控平台]:方法POST  路径/brand/DELETEBRAND  状态200
[福城建设-接口监控平台]:方法POST  路径/brand/GETBRANDS  状态200
[福城建设-接口监控平台]:方法POST  路径/brand/DELETEBRAND  状态200
[福城建设-接口监控平台]:方法POST  路径/brand/GETBRANDS  状态200
[福城建设-接口监控平台]:方法GET  路径/brand/20201320423962031.png  状态304
[福城建设-接口监控平台]:方法GET  路径/brand/20201320473399633.png  状态304
[福城建设-接口监控平台]:方法POST  路径/brand/DELETEBRAND  状态200
[福城建设-接口监控平台]:方法POST  路径/brand/GETBRANDS  状态200
[福城建设-接口监控平台]:方法GET  路径/brand/20201320423962031.png  状态304
[福城建设-接口监控平台]:方法GET  路径/brand/20201320473399633.png  状态304
[福城建设-接口监控平台]:方法POST  路径/brand/DELETEBRAND  状态200
[福城建设-接口监控平台]:方法POST  路径/brand/GETBRANDS  状态200
[福城建设-接口监控平台]:方法POST  路径/brand/DELETEBRAND  状态200
[福城建设-接口监控平台]:方法POST  路径/brand/GETBRANDS  状态200
[福城建设-接口监控平台]:方法POST  路径/brand/DELETEBRAND  状态200
[福城建设-接口监控平台]:方法POST  路径/brand/GETBRANDS  状态200
[福城建设-接口监控平台]:方法POST  路径/brand/DELETEBRAND  状态200
[福城建设-接口监控平台]:方法POST  路径/brand/GETBRANDS  状态200
[福城建设-接口监控平台]:方法POST  路径/sort/GETSORTS  状态404
[福城建设-接口监控平台]:方法POST  路径/sort/GETSORTS  状态200
[福城建设-接口监控平台]:方法POST  路径/sort/GETSORTS  状态200
[福城建设-接口监控平台]:方法POST  路径/sort/GETSORTS  状态200
[福城建设-接口监控平台]:方法POST  路径/brand/GETBRANDBYID  状态200
[福城建设-接口监控平台]:方法POST  路径/sort/GETSORTS  状态200
[福城建设-接口监控平台]:方法POST  路径/sort/GETSORTS  状态200
[福城建设-接口监控平台]:方法POST  路径/brand/GETBRANDBYID  状态200
[福城建设-接口监控平台]:方法POST  路径/sort/GETSORTS  状态200
[福城建设-接口监控平台]:方法POST  路径/sort/GETSORTS  状态500
[福城建设-接口监控平台]:方法POST  路径/sort/GETSORTS  状态200
[福城建设-接口监控平台]:方法POST  路径/sort/GETSORTS  状态200
[福城建设-接口监控平台]:方法POST  路径/sort/GETSORTS  状态200
[福城建设-接口监控平台]:方法POST  路径/sort/ADDSORT  状态500
[福城建设-接口监控平台]:方法POST  路径/sort/ADDSORT  状态500
[福城建设-接口监控平台]:方法POST  路径/sort/ADDSORT  状态500
[福城建设-接口监控平台]:方法POST  路径/sort/ADDSORT  状态200
[福城建设-接口监控平台]:方法POST  路径/sort/ADDSORT  状态200
[福城建设-接口监控平台]:方法POST  路径/sort/ADDSORT  状态200
[福城建设-接口监控平台]:方法POST  路径/sort/GETSORTS  状态200
[福城建设-接口监控平台]:方法POST  路径/sort/GETSORTBYID  状态404
[福城建设-接口监控平台]:方法POST  路径/sort/GETSORTBYID  状态404
[福城建设-接口监控平台]:方法POST  路径/sort/GETSORTBYID  状态200
[福城建设-接口监控平台]:方法POST  路径/sort/GETSORTBYID  状态200
[福城建设-接口监控平台]:方法POST  路径/sort/GETSORTBYID  状态200
[福城建设-接口监控平台]:方法POST  路径/sort/GETSORTBYID  状态200
[福城建设-接口监控平台]:方法POST  路径/sort/UPDATESORT  状态200
[福城建设-接口监控平台]:方法POST  路径/sort/UPDATESORT  状态200
[福城建设-接口监控平台]:方法POST  路径/sort/GETSORTS  状态200
[福城建设-接口监控平台]:方法POST  路径/sort/GETSORTS  状态200
[福城建设-接口监控平台]:方法POST  路径/sort/GETSORTBYID  状态200
[福城建设-接口监控平台]:方法POST  路径/sort/UPDATESORT  状态200
[福城建设-接口监控平台]:方法POST  路径/sort/GETSORTS  状态200
[福城建设-接口监控平台]:方法POST  路径/sort/GETSORTBYID  状态200
[福城建设-接口监控平台]:方法POST  路径/sort/UPDATESORT  状态200
[福城建设-接口监控平台]:方法POST  路径/sort/GETSORTS  状态200
[福城建设-接口监控平台]:方法POST  路径/sort/DELETESORT  状态500
[福城建设-接口监控平台]:方法POST  路径/sort/GETSORTS  状态200
[福城建设-接口监控平台]:方法POST  路径/sort/DELETESORT  状态200
[福城建设-接口监控平台]:方法POST  路径/sort/GETSORTS  状态200
[福城建设-接口监控平台]:方法POST  路径/sort/DELETESORT  状态200
[福城建设-接口监控平台]:方法POST  路径/sort/GETSORTS  状态200
[福城建设-接口监控平台]:方法POST  路径/sort/GETSORTBYID  状态200
[福城建设-接口监控平台]:方法POST  路径/sort/UPDATESORT  状态200
[福城建设-接口监控平台]:方法POST  路径/sort/GETSORTS  状态200
[福城建设-接口监控平台]:方法POST  路径/sort/GETSORTBYID  状态200
[福城建设-接口监控平台]:方法POST  路径/sort/UPDATESORT  状态200
[福城建设-接口监控平台]:方法POST  路径/sort/GETSORTS  状态200
[福城建设-接口监控平台]:方法POST  路径/sort/GETSORTS  状态200
[福城建设-接口监控平台]:方法POST  路径/sort/GETSORTS  状态200
[福城建设-接口监控平台]:方法POST  路径/sort/GETSORTS  状态200
[福城建设-接口监控平台]:方法POST  路径/login/LOGINU  状态200
[福城建设-接口监控平台]:方法POST  路径/adminlogin/GETADMINSTATE  状态200
[福城建设-接口监控平台]:方法POST  路径/login/GETUSERINFO  状态200
[福城建设-接口监控平台]:方法POST  路径/adminlogin/GETROUTER  状态200
