[福城建设-接口监控平台]:方法GET  路径/  状态304
[福城建设-接口监控平台]:方法GET  路径/  状态304
[福城建设-接口监控平台]:方法GET  路径/  状态304
[福城建设-接口监控平台]:方法GET  路径/  状态304
[福城建设-接口监控平台]:方法GET  路径/  状态500
[福城建设-接口监控平台]:方法GET  路径/  状态500
[福城建设-接口监控平台]:方法GET  路径/  状态500
[福城建设-接口监控平台]:方法GET  路径/  状态500
[福城建设-接口监控平台]:方法GET  路径/  状态500
[福城建设-接口监控平台]:方法GET  路径/  状态500
[福城建设-接口监控平台]:方法GET  路径/  状态500
[福城建设-接口监控平台]:方法GET  路径/  状态500
[福城建设-接口监控平台]:方法GET  路径/  状态500
[福城建设-接口监控平台]:方法GET  路径/  状态500
[福城建设-接口监控平台]:方法GET  路径/  状态500
[福城建设-接口监控平台]:方法GET  路径/  状态500
[福城建设-接口监控平台]:方法GET  路径/  状态500
[福城建设-接口监控平台]:方法GET  路径/  状态500
[福城建设-接口监控平台]:方法GET  路径/  状态500
[福城建设-接口监控平台]:方法GET  路径/  状态200
[福城建设-接口监控平台]:方法GET  路径/  状态500
[福城建设-接口监控平台]:方法GET  路径/  状态200
[福城建设-接口监控平台]:方法GET  路径/  状态500
[福城建设-接口监控平台]:方法GET  路径/  状态200
[福城建设-接口监控平台]:方法GET  路径/  状态304
[福城建设-接口监控平台]:方法GET  路径/  状态304
[福城建设-接口监控平台]:方法GET  路径/  状态200
[福城建设-接口监控平台]:方法GET  路径/  状态304
[福城建设-接口监控平台]:方法GET  路径/  状态304
[福城建设-接口监控平台]:方法GET  路径/  状态304
[福城建设-接口监控平台]:方法GET  路径/  状态304
[福城建设-接口监控平台]:方法GET  路径/  状态304
[福城建设-接口监控平台]:方法GET  路径/  状态304
[福城建设-接口监控平台]:方法GET  路径/  状态500
[福城建设-接口监控平台]:方法GET  路径/  状态200
[福城建设-接口监控平台]:方法GET  路径/sort/GETSORT  状态500
[福城建设-接口监控平台]:方法GET  路径/sort/GETSORT  状态500
[福城建设-接口监控平台]:方法GET  路径/sort/GETSORT  状态500
[福城建设-接口监控平台]:方法GET  路径/sort/GETSORT  状态200
[福城建设-接口监控平台]:方法GET  路径/sort/GETSORT  状态200
[福城建设-接口监控平台]:方法GET  路径/sort/GETSORT  状态200
[福城建设-接口监控平台]:方法GET  路径/sort/GETSORT  状态200
[福城建设-接口监控平台]:方法GET  路径/sort/GETSORT  状态200
[福城建设-接口监控平台]:方法GET  路径/sort/GETSORT  状态200
[福城建设-接口监控平台]:方法GET  路径/sort/GETSORT  状态200
[福城建设-接口监控平台]:方法GET  路径/sort/GETSORT  状态200
[福城建设-接口监控平台]:方法GET  路径/sort/GETSORT  状态200
[福城建设-接口监控平台]:方法GET  路径/sort/GETSORT  状态200
[福城建设-接口监控平台]:方法GET  路径/sort/GETSORT  状态200
[福城建设-接口监控平台]:方法GET  路径/sort/GETSORT  状态200
[福城建设-接口监控平台]:方法GET  路径/sort/GETSORT  状态200
[福城建设-接口监控平台]:方法GET  路径/sort/GETSORT  状态200
[福城建设-接口监控平台]:方法GET  路径/sort/GETSORT  状态200
[福城建设-接口监控平台]:方法GET  路径/sort/GETSORT  状态200
[福城建设-接口监控平台]:方法GET  路径/sort/GETSORT  状态200
[福城建设-接口监控平台]:方法GET  路径/sort/GETSORT  状态200
[福城建设-接口监控平台]:方法GET  路径/sort/GETSORT  状态200
[福城建设-接口监控平台]:方法GET  路径/sort/GETSORT  状态200
[福城建设-接口监控平台]:方法GET  路径/sort/GETSORT  状态200
[福城建设-接口监控平台]:方法GET  路径/sort/GETSORT  状态200
[福城建设-接口监控平台]:方法GET  路径/sort/GETSORT  状态200
[福城建设-接口监控平台]:方法GET  路径/sort/GETSORT  状态200
[福城建设-接口监控平台]:方法GET  路径/  状态304
[福城建设-接口监控平台]:方法POST  路径/brand/GETBRAND  状态200
[福城建设-接口监控平台]:方法POST  路径/ad/ADDAD?phone=15359639483  状态404
[福城建设-接口监控平台]:方法POST  路径/ad/ADDAD  状态404
[福城建设-接口监控平台]:方法POST  路径/ad/ADDAD  状态200
[福城建设-接口监控平台]:方法POST  路径/ad/ADDAD  状态200
