[福城建设-接口监控平台]:方法POST  路径/login/LOGINAUTO  状态200
[福城建设-接口监控平台]:方法POST  路径/login/LOGINAUTO  状态200
[福城建设-接口监控平台]:方法POST  路径/login/LOGINAUTO  状态200
[福城建设-接口监控平台]:方法POST  路径/login/LOGINU  状态200
[福城建设-接口监控平台]:方法POST  路径/adminlogin/GETADMINSTATE  状态200
[福城建设-接口监控平台]:方法POST  路径/login/GETUSERINFO  状态200
[福城建设-接口监控平台]:方法POST  路径/adminlogin/GETROUTER  状态200
[福城建设-接口监控平台]:方法POST  路径/login/LOGINAUTO  状态200
[福城建设-接口监控平台]:方法POST  路径/login/GETUSERINFO  状态200
[福城建设-接口监控平台]:方法POST  路径/login/LOGINAUTO  状态200
[福城建设-接口监控平台]:方法POST  路径/login/GETUSERINFO  状态200
[福城建设-接口监控平台]:方法POST  路径/sort/GETSORTS  状态200
[福城建设-接口监控平台]:方法POST  路径/login/LOGINAUTO  状态200
[福城建设-接口监控平台]:方法POST  路径/login/GETUSERINFO  状态200
[福城建设-接口监控平台]:方法POST  路径/sort/GETSORTS  状态200
[福城建设-接口监控平台]:方法POST  路径/sort/GETSORTS  状态200
[福城建设-接口监控平台]:方法POST  路径/login/LOGINAUTO  状态200
[福城建设-接口监控平台]:方法POST  路径/sort/GETSORT  状态200
[福城建设-接口监控平台]:方法POST  路径/ad/GETAD  状态200
[福城建设-接口监控平台]:方法POST  路径/ad/GETAD  状态200
[福城建设-接口监控平台]:方法POST  路径/imgValidator/GET  状态200
[福城建设-接口监控平台]:方法POST  路径/imgValidator/CHECK  状态200
[福城建设-接口监控平台]:方法POST  路径/login/LOGINU  状态200
[福城建设-接口监控平台]:方法POST  路径/login/GETUSERINFO  状态200
[福城建设-接口监控平台]:方法POST  路径/shopcar/GETSHOPCAR  状态200
[福城建设-接口监控平台]:方法GET  路径/userHead/default.png  状态304
[福城建设-接口监控平台]:方法POST  路径/sort/GETSORT  状态200
[福城建设-接口监控平台]:方法POST  路径/ad/GETAD  状态200
[福城建设-接口监控平台]:方法POST  路径/ad/GETAD  状态200
[福城建设-接口监控平台]:方法POST  路径/order/GETORDERCOUNT  状态200
[福城建设-接口监控平台]:方法POST  路径/login/LOGINAUTO  状态200
[福城建设-接口监控平台]:方法POST  路径/login/GETUSERINFO  状态200
[福城建设-接口监控平台]:方法POST  路径/shopcar/GETSHOPCAR  状态200
[福城建设-接口监控平台]:方法POST  路径/order/GETUSERORDER  状态200
[福城建设-接口监控平台]:方法POST  路径/coupon/GETUSERCOUPON  状态200
[福城建设-接口监控平台]:方法POST  路径/coupon/GETUSERCOUPON  状态200
[福城建设-接口监控平台]:方法POST  路径/coupon/GETUSERCOUPON  状态200
[福城建设-接口监控平台]:方法POST  路径/coupon/GETUSERCOUPON  状态200
[福城建设-接口监控平台]:方法POST  路径/coupon/GETUSERCOUPON  状态200
[福城建设-接口监控平台]:方法POST  路径/coupon/GETUSERCOUPON  状态200
[福城建设-接口监控平台]:方法POST  路径/coupon/GETUSERCOUPON  状态200
[福城建设-接口监控平台]:方法POST  路径/coupon/GETUSERCOUPON  状态200
[福城建设-接口监控平台]:方法POST  路径/coupon/GETUSERCOUPON  状态200
[福城建设-接口监控平台]:方法POST  路径/login/LOGINAUTO  状态200
[福城建设-接口监控平台]:方法POST  路径/login/GETUSERINFO  状态200
[福城建设-接口监控平台]:方法POST  路径/sort/GETSORTS  状态200
[福城建设-接口监控平台]:方法POST  路径/receive/GETRECEIVE  状态404
[福城建设-接口监控平台]:方法POST  路径/receive/GETRECEIVE  状态404
[福城建设-接口监控平台]:方法POST  路径/login/LOGINAUTO  状态200
[福城建设-接口监控平台]:方法POST  路径/login/GETUSERINFO  状态200
[福城建设-接口监控平台]:方法POST  路径/receive/GETRECEIVE  状态404
[福城建设-接口监控平台]:方法POST  路径/login/LOGINAUTO  状态200
[福城建设-接口监控平台]:方法POST  路径/login/GETUSERINFO  状态200
[福城建设-接口监控平台]:方法POST  路径/receive/GETRECEIVE  状态404
[福城建设-接口监控平台]:方法POST  路径/login/LOGINAUTO  状态200
[福城建设-接口监控平台]:方法POST  路径/receive/GETRECEIVE  状态200
[福城建设-接口监控平台]:方法POST  路径/login/GETUSERINFO  状态200
[福城建设-接口监控平台]:方法POST  路径/receive/GETRECEIVE  状态200
[福城建设-接口监控平台]:方法POST  路径/login/LOGINAUTO  状态200
[福城建设-接口监控平台]:方法POST  路径/login/GETUSERINFO  状态200
[福城建设-接口监控平台]:方法POST  路径/receive/GETRECEIVE  状态200
[福城建设-接口监控平台]:方法POST  路径/login/LOGINAUTO  状态200
[福城建设-接口监控平台]:方法POST  路径/login/GETUSERINFO  状态200
[福城建设-接口监控平台]:方法POST  路径/receive/GETRECEIVE  状态200
[福城建设-接口监控平台]:方法POST  路径/receive/GETRECEIVE  状态200
[福城建设-接口监控平台]:方法POST  路径/receive/GETRECEIVE  状态200
[福城建设-接口监控平台]:方法POST  路径/receive/GETRECEIVE  状态200
[福城建设-接口监控平台]:方法POST  路径/receive/GETRECEIVE  状态200
[福城建设-接口监控平台]:方法POST  路径/receive/GETRECEIVE  状态200
[福城建设-接口监控平台]:方法POST  路径/login/LOGINAUTO  状态200
[福城建设-接口监控平台]:方法POST  路径/login/GETUSERINFO  状态200
[福城建设-接口监控平台]:方法POST  路径/receive/GETRECEIVE  状态200
[福城建设-接口监控平台]:方法POST  路径/login/LOGINAUTO  状态200
[福城建设-接口监控平台]:方法POST  路径/login/LOGINAUTO  状态200
[福城建设-接口监控平台]:方法POST  路径/sort/GETSORT  状态200
[福城建设-接口监控平台]:方法POST  路径/ad/GETAD  状态200
[福城建设-接口监控平台]:方法POST  路径/ad/GETAD  状态200
[福城建设-接口监控平台]:方法POST  路径/login/LOGINU  状态200
[福城建设-接口监控平台]:方法POST  路径/adminlogin/GETADMINSTATE  状态200
[福城建设-接口监控平台]:方法POST  路径/login/GETUSERINFO  状态200
[福城建设-接口监控平台]:方法POST  路径/adminlogin/GETROUTER  状态200
[福城建设-接口监控平台]:方法POST  路径/receive/GETRECEIVE  状态200
[福城建设-接口监控平台]:方法POST  路径/login/LOGINU  状态200
[福城建设-接口监控平台]:方法POST  路径/adminlogin/GETADMINSTATE  状态200
[福城建设-接口监控平台]:方法POST  路径/login/GETUSERINFO  状态200
[福城建设-接口监控平台]:方法POST  路径/adminlogin/GETROUTER  状态200
[福城建设-接口监控平台]:方法POST  路径/receive/ADDRECEIVE  状态200
[福城建设-接口监控平台]:方法POST  路径/login/LOGINAUTO  状态200
[福城建设-接口监控平台]:方法POST  路径/login/GETUSERINFO  状态200
[福城建设-接口监控平台]:方法POST  路径/receive/ADDRECEIVE  状态200
[福城建设-接口监控平台]:方法POST  路径/receive/ADDRECEIVE  状态200
[福城建设-接口监控平台]:方法POST  路径/receive/ADDRECEIVE  状态200
[福城建设-接口监控平台]:方法POST  路径/receive/ADDRECEIVE  状态200
[福城建设-接口监控平台]:方法POST  路径/receive/ADDRECEIVE  状态200
[福城建设-接口监控平台]:方法POST  路径/receive/ADDRECEIVE  状态200
[福城建设-接口监控平台]:方法POST  路径/receive/GETRECEIVE  状态200
[福城建设-接口监控平台]:方法POST  路径/login/LOGINAUTO  状态200
[福城建设-接口监控平台]:方法POST  路径/login/GETUSERINFO  状态200
[福城建设-接口监控平台]:方法POST  路径/receive/GETRECEIVE  状态200
[福城建设-接口监控平台]:方法POST  路径/login/LOGINAUTO  状态200
[福城建设-接口监控平台]:方法POST  路径/receive/GETRECEIVE  状态200
[福城建设-接口监控平台]:方法POST  路径/login/GETUSERINFO  状态200
[福城建设-接口监控平台]:方法POST  路径/receive/GETRECEIVE  状态200
[福城建设-接口监控平台]:方法POST  路径/login/LOGINAUTO  状态200
[福城建设-接口监控平台]:方法POST  路径/login/LOGINU  状态200
[福城建设-接口监控平台]:方法POST  路径/adminlogin/GETADMINSTATE  状态200
[福城建设-接口监控平台]:方法POST  路径/login/GETUSERINFO  状态200
[福城建设-接口监控平台]:方法POST  路径/adminlogin/GETROUTER  状态200
[福城建设-接口监控平台]:方法POST  路径/receive/GETRECEIVE  状态200
[福城建设-接口监控平台]:方法POST  路径/receive/GETRECEIVE  状态200
[福城建设-接口监控平台]:方法POST  路径/login/LOGINAUTO  状态200
[福城建设-接口监控平台]:方法POST  路径/login/GETUSERINFO  状态200
[福城建设-接口监控平台]:方法POST  路径/receive/GETRECEIVE  状态200
[福城建设-接口监控平台]:方法POST  路径/receive/DELETERECEIVE  状态200
[福城建设-接口监控平台]:方法POST  路径/receive/GETRECEIVE  状态200
[福城建设-接口监控平台]:方法POST  路径/login/LOGINAUTO  状态200
[福城建设-接口监控平台]:方法POST  路径/login/GETUSERINFO  状态200
[福城建设-接口监控平台]:方法POST  路径/receive/GETRECEIVE  状态200
[福城建设-接口监控平台]:方法POST  路径/receive/ADDRECEIVE  状态200
[福城建设-接口监控平台]:方法POST  路径/receive/GETRECEIVE  状态200
[福城建设-接口监控平台]:方法POST  路径/imgValidator/GET  状态200
[福城建设-接口监控平台]:方法POST  路径/imgValidator/CHECK  状态200
[福城建设-接口监控平台]:方法POST  路径/login/LOGINU  状态200
[福城建设-接口监控平台]:方法POST  路径/login/GETUSERINFO  状态200
[福城建设-接口监控平台]:方法POST  路径/shopcar/GETSHOPCAR  状态200
[福城建设-接口监控平台]:方法GET  路径/userHead/default.png  状态304
[福城建设-接口监控平台]:方法POST  路径/sort/GETSORT  状态200
[福城建设-接口监控平台]:方法POST  路径/ad/GETAD  状态200
[福城建设-接口监控平台]:方法POST  路径/ad/GETAD  状态200
[福城建设-接口监控平台]:方法POST  路径/order/GETORDERCOUNT  状态200
[福城建设-接口监控平台]:方法POST  路径/receive/ADDRECEIVE  状态200
[福城建设-接口监控平台]:方法POST  路径/receive/GETRECEIVE  状态200
[福城建设-接口监控平台]:方法POST  路径/receive/ADDRECEIVE  状态200
[福城建设-接口监控平台]:方法POST  路径/receive/GETRECEIVE  状态200
[福城建设-接口监控平台]:方法POST  路径/receive/ADDRECEIVE  状态200
[福城建设-接口监控平台]:方法POST  路径/receive/GETRECEIVE  状态200
[福城建设-接口监控平台]:方法POST  路径/brand/GETBRANDS  状态200
[福城建设-接口监控平台]:方法GET  路径/brand/20201521153573176.png  状态200
[福城建设-接口监控平台]:方法GET  路径/brand/20201521145640377.png  状态200
[福城建设-接口监控平台]:方法GET  路径/brand/20201521155187065.png  状态200
[福城建设-接口监控平台]:方法GET  路径/brand/20201620524488626.png  状态200
[福城建设-接口监控平台]:方法GET  路径/brand/20201521152281778.png  状态200
[福城建设-接口监控平台]:方法POST  路径/ad/GETADS  状态200
[福城建设-接口监控平台]:方法GET  路径/ad/20202216252617961.png  状态200
[福城建设-接口监控平台]:方法POST  路径/coupon/GETUSERCOUPON  状态200
[福城建设-接口监控平台]:方法POST  路径/login/LOGINAUTO  状态200
[福城建设-接口监控平台]:方法POST  路径/login/GETUSERINFO  状态200
[福城建设-接口监控平台]:方法POST  路径/shopcar/GETSHOPCAR  状态200
[福城建设-接口监控平台]:方法GET  路径/userHead/default.png  状态304
[福城建设-接口监控平台]:方法POST  路径/receive/GETRECEIVE  状态200
[福城建设-接口监控平台]:方法POST  路径/login/LOGINAUTO  状态200
[福城建设-接口监控平台]:方法POST  路径/login/GETUSERINFO  状态200
[福城建设-接口监控平台]:方法POST  路径/shopcar/GETSHOPCAR  状态200
[福城建设-接口监控平台]:方法GET  路径/userHead/default.png  状态304
[福城建设-接口监控平台]:方法POST  路径/receive/GETRECEIVE  状态200
[福城建设-接口监控平台]:方法POST  路径/receive/GETRECEIVE  状态200
[福城建设-接口监控平台]:方法POST  路径/receive/GETRECEIVE  状态200
[福城建设-接口监控平台]:方法POST  路径/receive/GETRECEIVE  状态200
[福城建设-接口监控平台]:方法POST  路径/receive/GETRECEIVE  状态200
[福城建设-接口监控平台]:方法POST  路径/receive/GETRECEIVE  状态200
[福城建设-接口监控平台]:方法POST  路径/receive/GETRECEIVE  状态200
[福城建设-接口监控平台]:方法POST  路径/login/LOGINAUTO  状态200
[福城建设-接口监控平台]:方法POST  路径/receive/GETRECEIVE  状态200
[福城建设-接口监控平台]:方法POST  路径/login/GETUSERINFO  状态200
[福城建设-接口监控平台]:方法POST  路径/shopcar/GETSHOPCAR  状态200
[福城建设-接口监控平台]:方法POST  路径/receive/GETRECEIVE  状态200
[福城建设-接口监控平台]:方法POST  路径/receive/GETRECEIVE  状态200
[福城建设-接口监控平台]:方法POST  路径/receive/GETRECEIVE  状态200
[福城建设-接口监控平台]:方法POST  路径/receive/GETRECEIVE  状态200
[福城建设-接口监控平台]:方法POST  路径/login/LOGINAUTO  状态200
[福城建设-接口监控平台]:方法POST  路径/login/GETUSERINFO  状态200
[福城建设-接口监控平台]:方法POST  路径/shopcar/GETSHOPCAR  状态200
[福城建设-接口监控平台]:方法GET  路径/userHead/default.png  状态304
[福城建设-接口监控平台]:方法POST  路径/receive/GETRECEIVE  状态200
[福城建设-接口监控平台]:方法POST  路径/receive/GETRECEIVE  状态200
[福城建设-接口监控平台]:方法POST  路径/receive/GETRECEIVE  状态200
[福城建设-接口监控平台]:方法POST  路径/login/LOGINAUTO  状态200
[福城建设-接口监控平台]:方法POST  路径/login/GETUSERINFO  状态200
[福城建设-接口监控平台]:方法POST  路径/shopcar/GETSHOPCAR  状态200
[福城建设-接口监控平台]:方法GET  路径/userHead/default.png  状态304
[福城建设-接口监控平台]:方法POST  路径/receive/GETRECEIVE  状态200
[福城建设-接口监控平台]:方法POST  路径/receive/GETRECEIVE  状态200
[福城建设-接口监控平台]:方法POST  路径/receive/GETRECEIVE  状态200
[福城建设-接口监控平台]:方法POST  路径/login/LOGINAUTO  状态200
[福城建设-接口监控平台]:方法POST  路径/login/GETUSERINFO  状态200
[福城建设-接口监控平台]:方法POST  路径/shopcar/GETSHOPCAR  状态200
[福城建设-接口监控平台]:方法GET  路径/userHead/default.png  状态304
[福城建设-接口监控平台]:方法POST  路径/receive/GETRECEIVE  状态200
[福城建设-接口监控平台]:方法POST  路径/receive/GETRECEIVE  状态200
[福城建设-接口监控平台]:方法POST  路径/receive/GETRECEIVE  状态200
[福城建设-接口监控平台]:方法POST  路径/receive/GETRECEIVE  状态200
[福城建设-接口监控平台]:方法POST  路径/login/LOGINAUTO  状态200
[福城建设-接口监控平台]:方法POST  路径/receive/GETRECEIVE  状态200
[福城建设-接口监控平台]:方法POST  路径/receive/GETRECEIVE  状态200
[福城建设-接口监控平台]:方法POST  路径/login/LOGINAUTO  状态200
[福城建设-接口监控平台]:方法POST  路径/receive/GETRECEIVE  状态200
[福城建设-接口监控平台]:方法POST  路径/imgValidator/GET  状态200
[福城建设-接口监控平台]:方法POST  路径/imgValidator/CHECK  状态200
[福城建设-接口监控平台]:方法POST  路径/login/LOGINU  状态200
[福城建设-接口监控平台]:方法POST  路径/login/GETUSERINFO  状态200
[福城建设-接口监控平台]:方法POST  路径/shopcar/GETSHOPCAR  状态200
[福城建设-接口监控平台]:方法GET  路径/userHead/default.png  状态304
[福城建设-接口监控平台]:方法POST  路径/sort/GETSORT  状态200
[福城建设-接口监控平台]:方法POST  路径/ad/GETAD  状态200
[福城建设-接口监控平台]:方法POST  路径/ad/GETAD  状态200
[福城建设-接口监控平台]:方法POST  路径/order/GETORDERCOUNT  状态200
[福城建设-接口监控平台]:方法POST  路径/order/GETCENTERORDERINFO  状态200
[福城建设-接口监控平台]:方法POST  路径/receive/GETRECEIVE  状态200
[福城建设-接口监控平台]:方法POST  路径/receive/GETRECEIVE  状态200
[福城建设-接口监控平台]:方法POST  路径/receive/GETRECEIVE  状态200
[福城建设-接口监控平台]:方法POST  路径/receive/ADDUSERPAY  状态200
[福城建设-接口监控平台]:方法POST  路径/login/LOGINAUTO  状态200
[福城建设-接口监控平台]:方法POST  路径/login/GETUSERINFO  状态200
[福城建设-接口监控平台]:方法POST  路径/shopcar/GETSHOPCAR  状态200
[福城建设-接口监控平台]:方法GET  路径/userHead/default.png  状态304
[福城建设-接口监控平台]:方法POST  路径/receive/GETRECEIVE  状态200
[福城建设-接口监控平台]:方法POST  路径/receive/GETRECEIVE  状态200
[福城建设-接口监控平台]:方法POST  路径/receive/GETRECEIVE  状态200
[福城建设-接口监控平台]:方法POST  路径/receive/ADDUSERPAY  状态200
[福城建设-接口监控平台]:方法POST  路径/receive/ADDUSERPAY  状态200
[福城建设-接口监控平台]:方法POST  路径/receive/GETRECEIVE  状态200
[福城建设-接口监控平台]:方法POST  路径/receive/GETRECEIVE  状态200
[福城建设-接口监控平台]:方法POST  路径/receive/ADDUSERPAY  状态200
[福城建设-接口监控平台]:方法POST  路径/login/LOGINAUTO  状态200
[福城建设-接口监控平台]:方法POST  路径/login/GETUSERINFO  状态200
[福城建设-接口监控平台]:方法POST  路径/shopcar/GETSHOPCAR  状态200
[福城建设-接口监控平台]:方法GET  路径/userHead/default.png  状态304
[福城建设-接口监控平台]:方法POST  路径/login/LOGINAUTO  状态200
[福城建设-接口监控平台]:方法POST  路径/login/GETUSERINFO  状态200
[福城建设-接口监控平台]:方法POST  路径/shopcar/GETSHOPCAR  状态200
[福城建设-接口监控平台]:方法POST  路径/receive/GETUSERRECEIVE  状态200
[福城建设-接口监控平台]:方法POST  路径/receive/GETUSERRECEIVE  状态200
[福城建设-接口监控平台]:方法POST  路径/receive/GETUSERRECEIVE  状态200
[福城建设-接口监控平台]:方法POST  路径/login/LOGINAUTO  状态200
[福城建设-接口监控平台]:方法POST  路径/login/GETUSERINFO  状态200
[福城建设-接口监控平台]:方法POST  路径/shopcar/GETSHOPCAR  状态200
[福城建设-接口监控平台]:方法GET  路径/userHead/default.png  状态304
[福城建设-接口监控平台]:方法POST  路径/receive/GETUSERRECEIVE  状态200
[福城建设-接口监控平台]:方法POST  路径/receive/GETUSERRECEIVE  状态200
[福城建设-接口监控平台]:方法POST  路径/receive/GETUSERRECEIVE  状态200
[福城建设-接口监控平台]:方法POST  路径/receive/GETUSERRECEIVE  状态200
[福城建设-接口监控平台]:方法POST  路径/receive/GETUSERRECEIVE  状态200
[福城建设-接口监控平台]:方法POST  路径/receive/GETUSERRECEIVE  状态200
[福城建设-接口监控平台]:方法POST  路径/receive/GETUSERRECEIVE  状态200
[福城建设-接口监控平台]:方法POST  路径/login/LOGINAUTO  状态200
[福城建设-接口监控平台]:方法POST  路径/login/GETUSERINFO  状态200
[福城建设-接口监控平台]:方法POST  路径/shopcar/GETSHOPCAR  状态200
[福城建设-接口监控平台]:方法GET  路径/userHead/default.png  状态304
[福城建设-接口监控平台]:方法POST  路径/receive/GETUSERRECEIVE  状态200
[福城建设-接口监控平台]:方法POST  路径/receive/GETUSERRECEIVE  状态200
[福城建设-接口监控平台]:方法POST  路径/login/LOGINAUTO  状态200
[福城建设-接口监控平台]:方法POST  路径/login/GETUSERINFO  状态200
[福城建设-接口监控平台]:方法POST  路径/shopcar/GETSHOPCAR  状态200
[福城建设-接口监控平台]:方法GET  路径/userHead/default.png  状态304
[福城建设-接口监控平台]:方法POST  路径/receive/GETUSERRECEIVE  状态200
[福城建设-接口监控平台]:方法POST  路径/receive/GETUSERRECEIVE  状态200
[福城建设-接口监控平台]:方法POST  路径/receive/DELETEUSERPAY  状态200
[福城建设-接口监控平台]:方法POST  路径/login/LOGINAUTO  状态200
[福城建设-接口监控平台]:方法POST  路径/login/GETUSERINFO  状态200
[福城建设-接口监控平台]:方法POST  路径/shopcar/GETSHOPCAR  状态200
[福城建设-接口监控平台]:方法GET  路径/userHead/default.png  状态304
[福城建设-接口监控平台]:方法POST  路径/receive/GETUSERRECEIVE  状态200
[福城建设-接口监控平台]:方法POST  路径/login/LOGINAUTO  状态200
[福城建设-接口监控平台]:方法POST  路径/login/GETUSERINFO  状态200
[福城建设-接口监控平台]:方法POST  路径/shopcar/GETSHOPCAR  状态200
[福城建设-接口监控平台]:方法GET  路径/userHead/default.png  状态304
[福城建设-接口监控平台]:方法POST  路径/receive/GETUSERRECEIVE  状态200
[福城建设-接口监控平台]:方法POST  路径/receive/DELETEUSERPAY  状态200
[福城建设-接口监控平台]:方法POST  路径/receive/GETUSERRECEIVE  状态200
