[福城建设-接口监控平台]:方法POST  路径/login/LOGINAUTO  状态200
[福城建设-接口监控平台]:方法POST  路径/login/LOGINU  状态200
[福城建设-接口监控平台]:方法POST  路径/adminlogin/GETADMINSTATE  状态200
[福城建设-接口监控平台]:方法POST  路径/login/GETUSERINFO  状态200
[福城建设-接口监控平台]:方法POST  路径/adminlogin/GETROUTER  状态200
[福城建设-接口监控平台]:方法POST  路径/login/LOGINAUTO  状态200
[福城建设-接口监控平台]:方法POST  路径/login/GETUSERINFO  状态200
[福城建设-接口监控平台]:方法POST  路径/login/LOGINAUTO  状态200
[福城建设-接口监控平台]:方法POST  路径/login/GETUSERINFO  状态200
[福城建设-接口监控平台]:方法POST  路径/login/LOGINAUTO  状态200
[福城建设-接口监控平台]:方法POST  路径/login/GETUSERINFO  状态200
[福城建设-接口监控平台]:方法POST  路径/login/LOGINAUTO  状态200
[福城建设-接口监控平台]:方法POST  路径/login/GETUSERINFO  状态200
[福城建设-接口监控平台]:方法POST  路径/login/LOGINAUTO  状态200
[福城建设-接口监控平台]:方法POST  路径/login/GETUSERINFO  状态200
[福城建设-接口监控平台]:方法POST  路径/login/LOGINAUTO  状态200
[福城建设-接口监控平台]:方法POST  路径/ad/GETAD  状态200
[福城建设-接口监控平台]:方法POST  路径/ad/GETAD  状态200
[福城建设-接口监控平台]:方法POST  路径/sort/GETSORT  状态200
[福城建设-接口监控平台]:方法POST  路径/imgValidator/GET  状态200
[福城建设-接口监控平台]:方法POST  路径/imgValidator/CHECK  状态200
[福城建设-接口监控平台]:方法POST  路径/imgValidator/GET  状态200
[福城建设-接口监控平台]:方法POST  路径/imgValidator/CHECK  状态200
[福城建设-接口监控平台]:方法POST  路径/login/LOGINU  状态200
[福城建设-接口监控平台]:方法POST  路径/login/GETUSERINFO  状态200
[福城建设-接口监控平台]:方法POST  路径/shopcar/GETSHOPCAR  状态200
[福城建设-接口监控平台]:方法GET  路径/userHead/default.png  状态304
[福城建设-接口监控平台]:方法POST  路径/sort/GETSORT  状态200
[福城建设-接口监控平台]:方法POST  路径/ad/GETAD  状态200
[福城建设-接口监控平台]:方法POST  路径/ad/GETAD  状态200
[福城建设-接口监控平台]:方法POST  路径/order/GETORDERCOUNT  状态200
[福城建设-接口监控平台]:方法POST  路径/login/LOGINAUTO  状态200
[福城建设-接口监控平台]:方法POST  路径/login/GETUSERINFO  状态200
[福城建设-接口监控平台]:方法POST  路径/shopcar/GETSHOPCAR  状态200
[福城建设-接口监控平台]:方法POST  路径/login/LOGINAUTO  状态200
[福城建设-接口监控平台]:方法POST  路径/login/GETUSERINFO  状态200
[福城建设-接口监控平台]:方法POST  路径/login/LOGINAUTO  状态200
[福城建设-接口监控平台]:方法POST  路径/login/GETUSERINFO  状态200
[福城建设-接口监控平台]:方法POST  路径/login/LOGINAUTO  状态200
[福城建设-接口监控平台]:方法POST  路径/login/GETUSERINFO  状态200
[福城建设-接口监控平台]:方法POST  路径/shopcar/GETSHOPCAR  状态200
[福城建设-接口监控平台]:方法POST  路径/login/LOGINAUTO  状态200
[福城建设-接口监控平台]:方法POST  路径/login/GETUSERINFO  状态200
[福城建设-接口监控平台]:方法POST  路径/login/LOGINAUTO  状态200
[福城建设-接口监控平台]:方法POST  路径/login/GETUSERINFO  状态200
[福城建设-接口监控平台]:方法POST  路径/shopcar/GETSHOPCAR  状态200
[福城建设-接口监控平台]:方法POST  路径/login/LOGINAUTO  状态200
[福城建设-接口监控平台]:方法POST  路径/login/GETUSERINFO  状态200
[福城建设-接口监控平台]:方法POST  路径/login/LOGINAUTO  状态200
[福城建设-接口监控平台]:方法POST  路径/login/GETUSERINFO  状态200
[福城建设-接口监控平台]:方法POST  路径/login/LOGINAUTO  状态200
[福城建设-接口监控平台]:方法POST  路径/login/GETUSERINFO  状态200
[福城建设-接口监控平台]:方法POST  路径/login/LOGINAUTO  状态200
[福城建设-接口监控平台]:方法POST  路径/login/GETUSERINFO  状态200
[福城建设-接口监控平台]:方法POST  路径/login/LOGINAUTO  状态200
[福城建设-接口监控平台]:方法POST  路径/login/GETUSERINFO  状态200
[福城建设-接口监控平台]:方法POST  路径/login/LOGINAUTO  状态200
[福城建设-接口监控平台]:方法POST  路径/login/GETUSERINFO  状态200
[福城建设-接口监控平台]:方法POST  路径/shopcar/GETSHOPCAR  状态200
[福城建设-接口监控平台]:方法POST  路径/login/LOGINAUTO  状态200
[福城建设-接口监控平台]:方法POST  路径/login/GETUSERINFO  状态200
[福城建设-接口监控平台]:方法POST  路径/shopcar/GETSHOPCAR  状态200
[福城建设-接口监控平台]:方法POST  路径/login/LOGINAUTO  状态200
[福城建设-接口监控平台]:方法POST  路径/login/GETUSERINFO  状态200
[福城建设-接口监控平台]:方法POST  路径/login/LOGINAUTO  状态200
[福城建设-接口监控平台]:方法POST  路径/login/GETUSERINFO  状态200
[福城建设-接口监控平台]:方法POST  路径/shopcar/GETSHOPCAR  状态200
[福城建设-接口监控平台]:方法POST  路径/login/LOGINAUTO  状态200
[福城建设-接口监控平台]:方法POST  路径/login/GETUSERINFO  状态200
[福城建设-接口监控平台]:方法POST  路径/login/LOGINAUTO  状态200
[福城建设-接口监控平台]:方法POST  路径/login/GETUSERINFO  状态200
[福城建设-接口监控平台]:方法POST  路径/login/LOGINAUTO  状态200
[福城建设-接口监控平台]:方法POST  路径/login/GETUSERINFO  状态200
[福城建设-接口监控平台]:方法POST  路径/sort/GETSORTS  状态200
[福城建设-接口监控平台]:方法POST  路径/brand/GETBRANDS  状态200
[福城建设-接口监控平台]:方法POST  路径/shop/GETSHOPS  状态200
[福城建设-接口监控平台]:方法POST  路径/login/LOGINAUTO  状态200
[福城建设-接口监控平台]:方法POST  路径/login/GETUSERINFO  状态200
[福城建设-接口监控平台]:方法POST  路径/shopcar/GETSHOPCAR  状态200
[福城建设-接口监控平台]:方法POST  路径/login/LOGINAUTO  状态200
[福城建设-接口监控平台]:方法POST  路径/login/GETUSERINFO  状态200
[福城建设-接口监控平台]:方法POST  路径/login/LOGINAUTO  状态200
[福城建设-接口监控平台]:方法POST  路径/login/GETUSERINFO  状态200
[福城建设-接口监控平台]:方法POST  路径/login/LOGINAUTO  状态200
[福城建设-接口监控平台]:方法POST  路径/login/GETUSERINFO  状态200
[福城建设-接口监控平台]:方法POST  路径/shopcar/GETSHOPCAR  状态200
[福城建设-接口监控平台]:方法POST  路径/login/LOGINAUTO  状态200
[福城建设-接口监控平台]:方法POST  路径/login/GETUSERINFO  状态200
[福城建设-接口监控平台]:方法POST  路径/login/LOGINAUTO  状态200
[福城建设-接口监控平台]:方法POST  路径/login/GETUSERINFO  状态200
[福城建设-接口监控平台]:方法POST  路径/login/LOGINAUTO  状态200
[福城建设-接口监控平台]:方法POST  路径/login/GETUSERINFO  状态200
[福城建设-接口监控平台]:方法POST  路径/shopcar/GETSHOPCAR  状态200
[福城建设-接口监控平台]:方法POST  路径/login/LOGINAUTO  状态200
[福城建设-接口监控平台]:方法POST  路径/login/GETUSERINFO  状态200
[福城建设-接口监控平台]:方法POST  路径/login/LOGINAUTO  状态200
[福城建设-接口监控平台]:方法POST  路径/login/GETUSERINFO  状态200
[福城建设-接口监控平台]:方法POST  路径/shopcar/GETSHOPCAR  状态200
[福城建设-接口监控平台]:方法POST  路径/login/LOGINAUTO  状态200
[福城建设-接口监控平台]:方法POST  路径/login/GETUSERINFO  状态200
[福城建设-接口监控平台]:方法POST  路径/login/LOGINAUTO  状态200
[福城建设-接口监控平台]:方法POST  路径/login/GETUSERINFO  状态200
[福城建设-接口监控平台]:方法POST  路径/login/LOGINAUTO  状态200
[福城建设-接口监控平台]:方法POST  路径/login/GETUSERINFO  状态200
[福城建设-接口监控平台]:方法POST  路径/login/LOGINAUTO  状态200
[福城建设-接口监控平台]:方法POST  路径/login/GETUSERINFO  状态200
[福城建设-接口监控平台]:方法POST  路径/shopcar/GETSHOPCAR  状态200
[福城建设-接口监控平台]:方法POST  路径/login/LOGINAUTO  状态200
[福城建设-接口监控平台]:方法POST  路径/login/GETUSERINFO  状态200
[福城建设-接口监控平台]:方法POST  路径/login/LOGINAUTO  状态200
[福城建设-接口监控平台]:方法POST  路径/login/GETUSERINFO  状态200
[福城建设-接口监控平台]:方法POST  路径/shopcar/GETSHOPCAR  状态200
[福城建设-接口监控平台]:方法POST  路径/login/LOGINAUTO  状态200
[福城建设-接口监控平台]:方法POST  路径/login/GETUSERINFO  状态200
[福城建设-接口监控平台]:方法POST  路径/login/LOGINAUTO  状态200
[福城建设-接口监控平台]:方法POST  路径/login/GETUSERINFO  状态200
[福城建设-接口监控平台]:方法POST  路径/login/LOGINAUTO  状态200
[福城建设-接口监控平台]:方法POST  路径/login/GETUSERINFO  状态200
[福城建设-接口监控平台]:方法POST  路径/login/LOGINAUTO  状态200
[福城建设-接口监控平台]:方法POST  路径/login/GETUSERINFO  状态200
[福城建设-接口监控平台]:方法POST  路径/shopcar/GETSHOPCAR  状态200
[福城建设-接口监控平台]:方法POST  路径/login/LOGINAUTO  状态200
[福城建设-接口监控平台]:方法POST  路径/login/GETUSERINFO  状态200
[福城建设-接口监控平台]:方法POST  路径/login/LOGINAUTO  状态200
[福城建设-接口监控平台]:方法POST  路径/login/GETUSERINFO  状态200
[福城建设-接口监控平台]:方法POST  路径/login/LOGINAUTO  状态200
[福城建设-接口监控平台]:方法POST  路径/login/GETUSERINFO  状态200
[福城建设-接口监控平台]:方法POST  路径/login/LOGINAUTO  状态200
[福城建设-接口监控平台]:方法POST  路径/login/GETUSERINFO  状态200
[福城建设-接口监控平台]:方法POST  路径/shopcar/GETSHOPCAR  状态200
[福城建设-接口监控平台]:方法POST  路径/login/LOGINAUTO  状态200
[福城建设-接口监控平台]:方法POST  路径/login/GETUSERINFO  状态200
[福城建设-接口监控平台]:方法POST  路径/login/LOGINAUTO  状态200
[福城建设-接口监控平台]:方法POST  路径/login/GETUSERINFO  状态200
[福城建设-接口监控平台]:方法POST  路径/login/LOGINAUTO  状态200
[福城建设-接口监控平台]:方法POST  路径/login/GETUSERINFO  状态200
[福城建设-接口监控平台]:方法POST  路径/shopcar/GETSHOPCAR  状态200
[福城建设-接口监控平台]:方法POST  路径/login/LOGINAUTO  状态200
[福城建设-接口监控平台]:方法POST  路径/login/GETUSERINFO  状态200
[福城建设-接口监控平台]:方法POST  路径/login/LOGINAUTO  状态200
[福城建设-接口监控平台]:方法POST  路径/login/GETUSERINFO  状态200
[福城建设-接口监控平台]:方法POST  路径/login/LOGINAUTO  状态200
[福城建设-接口监控平台]:方法POST  路径/login/GETUSERINFO  状态200
[福城建设-接口监控平台]:方法POST  路径/login/LOGINAUTO  状态200
[福城建设-接口监控平台]:方法POST  路径/login/GETUSERINFO  状态200
[福城建设-接口监控平台]:方法POST  路径/login/LOGINAUTO  状态200
[福城建设-接口监控平台]:方法POST  路径/login/GETUSERINFO  状态200
[福城建设-接口监控平台]:方法POST  路径/login/LOGINAUTO  状态200
[福城建设-接口监控平台]:方法POST  路径/login/GETUSERINFO  状态200
[福城建设-接口监控平台]:方法POST  路径/shopcar/GETSHOPCAR  状态200
[福城建设-接口监控平台]:方法POST  路径/login/LOGINAUTO  状态200
[福城建设-接口监控平台]:方法POST  路径/login/GETUSERINFO  状态200
[福城建设-接口监控平台]:方法POST  路径/login/LOGINAUTO  状态200
[福城建设-接口监控平台]:方法POST  路径/login/GETUSERINFO  状态200
[福城建设-接口监控平台]:方法POST  路径/login/LOGINAUTO  状态200
[福城建设-接口监控平台]:方法POST  路径/login/GETUSERINFO  状态200
[福城建设-接口监控平台]:方法POST  路径/login/LOGINAUTO  状态200
[福城建设-接口监控平台]:方法POST  路径/login/GETUSERINFO  状态200
[福城建设-接口监控平台]:方法POST  路径/shopcar/GETSHOPCAR  状态200
[福城建设-接口监控平台]:方法POST  路径/login/LOGINAUTO  状态200
[福城建设-接口监控平台]:方法POST  路径/login/GETUSERINFO  状态200
[福城建设-接口监控平台]:方法POST  路径/shopcar/GETSHOPCAR  状态200
[福城建设-接口监控平台]:方法POST  路径/login/LOGINAUTO  状态200
[福城建设-接口监控平台]:方法POST  路径/login/GETUSERINFO  状态200
[福城建设-接口监控平台]:方法POST  路径/login/LOGINAUTO  状态200
[福城建设-接口监控平台]:方法POST  路径/login/GETUSERINFO  状态200
[福城建设-接口监控平台]:方法POST  路径/login/LOGINAUTO  状态200
[福城建设-接口监控平台]:方法POST  路径/login/GETUSERINFO  状态200
[福城建设-接口监控平台]:方法POST  路径/shopcar/GETSHOPCAR  状态200
[福城建设-接口监控平台]:方法POST  路径/login/LOGINAUTO  状态200
[福城建设-接口监控平台]:方法POST  路径/login/GETUSERINFO  状态200
[福城建设-接口监控平台]:方法POST  路径/login/LOGINAUTO  状态200
[福城建设-接口监控平台]:方法POST  路径/login/GETUSERINFO  状态200
[福城建设-接口监控平台]:方法POST  路径/shopcar/GETSHOPCAR  状态200
[福城建设-接口监控平台]:方法POST  路径/login/LOGINAUTO  状态200
[福城建设-接口监控平台]:方法POST  路径/login/GETUSERINFO  状态200
[福城建设-接口监控平台]:方法POST  路径/login/LOGINAUTO  状态200
[福城建设-接口监控平台]:方法POST  路径/login/GETUSERINFO  状态200
[福城建设-接口监控平台]:方法POST  路径/shopcar/GETSHOPCAR  状态200
[福城建设-接口监控平台]:方法POST  路径/login/LOGINAUTO  状态200
[福城建设-接口监控平台]:方法POST  路径/login/GETUSERINFO  状态200
[福城建设-接口监控平台]:方法POST  路径/shopcar/GETSHOPCAR  状态200
[福城建设-接口监控平台]:方法POST  路径/login/LOGINAUTO  状态200
[福城建设-接口监控平台]:方法POST  路径/login/GETUSERINFO  状态200
[福城建设-接口监控平台]:方法POST  路径/login/LOGINAUTO  状态200
[福城建设-接口监控平台]:方法POST  路径/login/GETUSERINFO  状态200
[福城建设-接口监控平台]:方法POST  路径/login/LOGINAUTO  状态200
[福城建设-接口监控平台]:方法POST  路径/login/GETUSERINFO  状态200
[福城建设-接口监控平台]:方法POST  路径/shopcar/GETSHOPCAR  状态200
[福城建设-接口监控平台]:方法POST  路径/login/LOGINAUTO  状态200
[福城建设-接口监控平台]:方法POST  路径/login/GETUSERINFO  状态200
[福城建设-接口监控平台]:方法POST  路径/shopcar/GETSHOPCAR  状态200
[福城建设-接口监控平台]:方法POST  路径/login/LOGINAUTO  状态200
[福城建设-接口监控平台]:方法POST  路径/login/GETUSERINFO  状态200
[福城建设-接口监控平台]:方法POST  路径/shopcar/GETSHOPCAR  状态200
[福城建设-接口监控平台]:方法POST  路径/login/LOGINAUTO  状态200
[福城建设-接口监控平台]:方法POST  路径/login/GETUSERINFO  状态200
[福城建设-接口监控平台]:方法POST  路径/shopcar/GETSHOPCAR  状态200
[福城建设-接口监控平台]:方法POST  路径/login/LOGINAUTO  状态200
[福城建设-接口监控平台]:方法POST  路径/login/GETUSERINFO  状态200
[福城建设-接口监控平台]:方法POST  路径/login/LOGINAUTO  状态200
[福城建设-接口监控平台]:方法POST  路径/login/GETUSERINFO  状态200
[福城建设-接口监控平台]:方法POST  路径/shopcar/GETSHOPCAR  状态200
[福城建设-接口监控平台]:方法POST  路径/login/LOGINAUTO  状态200
[福城建设-接口监控平台]:方法POST  路径/login/GETUSERINFO  状态200
[福城建设-接口监控平台]:方法POST  路径/login/LOGINAUTO  状态200
[福城建设-接口监控平台]:方法POST  路径/login/GETUSERINFO  状态200
[福城建设-接口监控平台]:方法POST  路径/shopcar/GETSHOPCAR  状态200
[福城建设-接口监控平台]:方法POST  路径/login/LOGINAUTO  状态200
[福城建设-接口监控平台]:方法POST  路径/login/GETUSERINFO  状态200
[福城建设-接口监控平台]:方法POST  路径/login/LOGINAUTO  状态200
[福城建设-接口监控平台]:方法POST  路径/login/GETUSERINFO  状态200
[福城建设-接口监控平台]:方法POST  路径/shopcar/GETSHOPCAR  状态200
[福城建设-接口监控平台]:方法POST  路径/login/LOGINAUTO  状态200
[福城建设-接口监控平台]:方法POST  路径/login/GETUSERINFO  状态200
[福城建设-接口监控平台]:方法POST  路径/shopcar/GETSHOPCAR  状态200
[福城建设-接口监控平台]:方法POST  路径/login/LOGINAUTO  状态200
[福城建设-接口监控平台]:方法POST  路径/login/GETUSERINFO  状态200
[福城建设-接口监控平台]:方法POST  路径/login/LOGINAUTO  状态200
[福城建设-接口监控平台]:方法POST  路径/login/GETUSERINFO  状态200
[福城建设-接口监控平台]:方法POST  路径/shopcar/GETSHOPCAR  状态200
[福城建设-接口监控平台]:方法POST  路径/spec/GETSPECS  状态200
[福城建设-接口监控平台]:方法POST  路径/login/LOGINAUTO  状态200
[福城建设-接口监控平台]:方法POST  路径/login/GETUSERINFO  状态200
[福城建设-接口监控平台]:方法POST  路径/shopcar/GETSHOPCAR  状态200
[福城建设-接口监控平台]:方法POST  路径/sort/GETSORTS  状态200
[福城建设-接口监控平台]:方法POST  路径/brand/GETBRANDS  状态200
[福城建设-接口监控平台]:方法POST  路径/shop/GETSHOPS  状态200
[福城建设-接口监控平台]:方法POST  路径/login/LOGINAUTO  状态200
[福城建设-接口监控平台]:方法POST  路径/login/GETUSERINFO  状态200
[福城建设-接口监控平台]:方法POST  路径/shopcar/GETSHOPCAR  状态200
[福城建设-接口监控平台]:方法POST  路径/login/LOGINAUTO  状态200
[福城建设-接口监控平台]:方法POST  路径/login/GETUSERINFO  状态200
[福城建设-接口监控平台]:方法POST  路径/sort/GETSORTS  状态200
[福城建设-接口监控平台]:方法POST  路径/brand/GETBRANDS  状态200
[福城建设-接口监控平台]:方法POST  路径/shop/GETSHOPS  状态200
[福城建设-接口监控平台]:方法POST  路径/login/LOGINAUTO  状态200
[福城建设-接口监控平台]:方法POST  路径/login/GETUSERINFO  状态200
[福城建设-接口监控平台]:方法POST  路径/shopcar/GETSHOPCAR  状态200
[福城建设-接口监控平台]:方法POST  路径/login/LOGINAUTO  状态200
[福城建设-接口监控平台]:方法POST  路径/login/GETUSERINFO  状态200
[福城建设-接口监控平台]:方法POST  路径/login/LOGINAUTO  状态200
[福城建设-接口监控平台]:方法POST  路径/login/GETUSERINFO  状态200
[福城建设-接口监控平台]:方法POST  路径/shopcar/GETSHOPCAR  状态200
[福城建设-接口监控平台]:方法POST  路径/login/LOGINAUTO  状态200
[福城建设-接口监控平台]:方法POST  路径/login/GETUSERINFO  状态200
[福城建设-接口监控平台]:方法POST  路径/shopcar/GETSHOPCAR  状态200
[福城建设-接口监控平台]:方法GET  路径/userHead/default.png  状态304
[福城建设-接口监控平台]:方法POST  路径/login/LOGINAUTO  状态200
[福城建设-接口监控平台]:方法POST  路径/login/GETUSERINFO  状态200
[福城建设-接口监控平台]:方法POST  路径/shopcar/GETSHOPCAR  状态200
[福城建设-接口监控平台]:方法GET  路径/userHead/default.png  状态304
[福城建设-接口监控平台]:方法POST  路径/login/LOGINAUTO  状态200
[福城建设-接口监控平台]:方法POST  路径/login/GETUSERINFO  状态200
[福城建设-接口监控平台]:方法POST  路径/shopcar/GETSHOPCAR  状态200
[福城建设-接口监控平台]:方法GET  路径/userHead/default.png  状态304
[福城建设-接口监控平台]:方法POST  路径/login/LOGINAUTO  状态200
[福城建设-接口监控平台]:方法POST  路径/login/GETUSERINFO  状态200
[福城建设-接口监控平台]:方法POST  路径/login/LOGINAUTO  状态200
[福城建设-接口监控平台]:方法POST  路径/login/GETUSERINFO  状态200
[福城建设-接口监控平台]:方法POST  路径/shopcar/GETSHOPCAR  状态200
[福城建设-接口监控平台]:方法GET  路径/userHead/default.png  状态304
[福城建设-接口监控平台]:方法POST  路径/login/LOGINAUTO  状态200
[福城建设-接口监控平台]:方法POST  路径/login/GETUSERINFO  状态200
[福城建设-接口监控平台]:方法POST  路径/login/LOGINAUTO  状态200
[福城建设-接口监控平台]:方法POST  路径/login/GETUSERINFO  状态200
[福城建设-接口监控平台]:方法POST  路径/shopcar/GETSHOPCAR  状态200
[福城建设-接口监控平台]:方法GET  路径/userHead/default.png  状态304
[福城建设-接口监控平台]:方法POST  路径/login/LOGINAUTO  状态200
[福城建设-接口监控平台]:方法POST  路径/login/GETUSERINFO  状态200
[福城建设-接口监控平台]:方法POST  路径/login/LOGINAUTO  状态200
[福城建设-接口监控平台]:方法POST  路径/login/GETUSERINFO  状态200
[福城建设-接口监控平台]:方法GET  路径/userHead/default.png  状态304
[福城建设-接口监控平台]:方法POST  路径/shopcar/GETSHOPCAR  状态200
[福城建设-接口监控平台]:方法POST  路径/login/LOGINAUTO  状态200
[福城建设-接口监控平台]:方法POST  路径/login/GETUSERINFO  状态200
[福城建设-接口监控平台]:方法GET  路径/userHead/default.png  状态304
[福城建设-接口监控平台]:方法POST  路径/shopcar/GETSHOPCAR  状态200
[福城建设-接口监控平台]:方法POST  路径/login/LOGINAUTO  状态200
[福城建设-接口监控平台]:方法POST  路径/login/GETUSERINFO  状态200
[福城建设-接口监控平台]:方法POST  路径/login/LOGINAUTO  状态200
[福城建设-接口监控平台]:方法POST  路径/login/GETUSERINFO  状态200
[福城建设-接口监控平台]:方法POST  路径/shopcar/GETSHOPCAR  状态200
[福城建设-接口监控平台]:方法GET  路径/userHead/default.png  状态304
[福城建设-接口监控平台]:方法POST  路径/login/LOGINAUTO  状态200
[福城建设-接口监控平台]:方法POST  路径/login/GETUSERINFO  状态200
[福城建设-接口监控平台]:方法POST  路径/login/LOGINAUTO  状态200
[福城建设-接口监控平台]:方法POST  路径/login/GETUSERINFO  状态200
[福城建设-接口监控平台]:方法POST  路径/shopcar/GETSHOPCAR  状态200
[福城建设-接口监控平台]:方法GET  路径/userHead/default.png  状态304
[福城建设-接口监控平台]:方法POST  路径/login/LOGINAUTO  状态200
[福城建设-接口监控平台]:方法POST  路径/login/GETUSERINFO  状态200
[福城建设-接口监控平台]:方法GET  路径/userHead/default.png  状态304
[福城建设-接口监控平台]:方法POST  路径/shopcar/GETSHOPCAR  状态200
[福城建设-接口监控平台]:方法POST  路径/login/LOGINAUTO  状态200
[福城建设-接口监控平台]:方法POST  路径/login/GETUSERINFO  状态200
[福城建设-接口监控平台]:方法POST  路径/login/LOGINAUTO  状态200
[福城建设-接口监控平台]:方法POST  路径/login/GETUSERINFO  状态200
[福城建设-接口监控平台]:方法POST  路径/shopcar/GETSHOPCAR  状态200
[福城建设-接口监控平台]:方法GET  路径/userHead/default.png  状态304
[福城建设-接口监控平台]:方法POST  路径/login/LOGINAUTO  状态200
[福城建设-接口监控平台]:方法POST  路径/login/GETUSERINFO  状态200
[福城建设-接口监控平台]:方法POST  路径/login/LOGINAUTO  状态200
[福城建设-接口监控平台]:方法POST  路径/login/GETUSERINFO  状态200
[福城建设-接口监控平台]:方法POST  路径/shopcar/GETSHOPCAR  状态200
[福城建设-接口监控平台]:方法GET  路径/userHead/default.png  状态304
[福城建设-接口监控平台]:方法POST  路径/login/LOGINAUTO  状态200
[福城建设-接口监控平台]:方法POST  路径/login/GETUSERINFO  状态200
[福城建设-接口监控平台]:方法POST  路径/login/LOGINAUTO  状态200
[福城建设-接口监控平台]:方法POST  路径/login/GETUSERINFO  状态200
[福城建设-接口监控平台]:方法GET  路径/userHead/default.png  状态304
[福城建设-接口监控平台]:方法POST  路径/shopcar/GETSHOPCAR  状态200
[福城建设-接口监控平台]:方法POST  路径/login/LOGINAUTO  状态200
[福城建设-接口监控平台]:方法POST  路径/login/GETUSERINFO  状态200
[福城建设-接口监控平台]:方法POST  路径/login/LOGINAUTO  状态200
[福城建设-接口监控平台]:方法POST  路径/login/GETUSERINFO  状态200
[福城建设-接口监控平台]:方法GET  路径/userHead/default.png  状态304
[福城建设-接口监控平台]:方法POST  路径/shopcar/GETSHOPCAR  状态200
[福城建设-接口监控平台]:方法POST  路径/login/LOGINAUTO  状态200
[福城建设-接口监控平台]:方法POST  路径/login/GETUSERINFO  状态200
[福城建设-接口监控平台]:方法POST  路径/login/LOGINAUTO  状态200
[福城建设-接口监控平台]:方法POST  路径/login/GETUSERINFO  状态200
[福城建设-接口监控平台]:方法GET  路径/userHead/default.png  状态304
[福城建设-接口监控平台]:方法POST  路径/shopcar/GETSHOPCAR  状态200
[福城建设-接口监控平台]:方法POST  路径/login/LOGINAUTO  状态200
[福城建设-接口监控平台]:方法POST  路径/login/GETUSERINFO  状态200
[福城建设-接口监控平台]:方法POST  路径/login/LOGINAUTO  状态200
[福城建设-接口监控平台]:方法POST  路径/login/GETUSERINFO  状态200
[福城建设-接口监控平台]:方法GET  路径/userHead/default.png  状态304
[福城建设-接口监控平台]:方法POST  路径/shopcar/GETSHOPCAR  状态200
[福城建设-接口监控平台]:方法POST  路径/login/LOGINAUTO  状态200
[福城建设-接口监控平台]:方法POST  路径/login/GETUSERINFO  状态200
[福城建设-接口监控平台]:方法POST  路径/login/LOGINAUTO  状态200
[福城建设-接口监控平台]:方法POST  路径/login/GETUSERINFO  状态200
[福城建设-接口监控平台]:方法POST  路径/shopcar/GETSHOPCAR  状态200
[福城建设-接口监控平台]:方法GET  路径/userHead/default.png  状态304
[福城建设-接口监控平台]:方法POST  路径/login/LOGINAUTO  状态200
[福城建设-接口监控平台]:方法POST  路径/login/GETUSERINFO  状态200
[福城建设-接口监控平台]:方法POST  路径/login/LOGINAUTO  状态200
[福城建设-接口监控平台]:方法POST  路径/login/GETUSERINFO  状态200
[福城建设-接口监控平台]:方法POST  路径/login/LOGINAUTO  状态200
[福城建设-接口监控平台]:方法POST  路径/login/GETUSERINFO  状态200
[福城建设-接口监控平台]:方法POST  路径/sort/GETSORTS  状态200
[福城建设-接口监控平台]:方法POST  路径/brand/GETBRANDS  状态200
[福城建设-接口监控平台]:方法POST  路径/shop/GETSHOPS  状态200
[福城建设-接口监控平台]:方法POST  路径/login/LOGINAUTO  状态200
[福城建设-接口监控平台]:方法POST  路径/login/GETUSERINFO  状态200
[福城建设-接口监控平台]:方法POST  路径/shopcar/GETSHOPCAR  状态200
[福城建设-接口监控平台]:方法GET  路径/userHead/default.png  状态304
[福城建设-接口监控平台]:方法POST  路径/login/LOGINAUTO  状态200
[福城建设-接口监控平台]:方法POST  路径/login/GETUSERINFO  状态200
[福城建设-接口监控平台]:方法POST  路径/login/LOGINAUTO  状态200
[福城建设-接口监控平台]:方法POST  路径/login/GETUSERINFO  状态200
[福城建设-接口监控平台]:方法GET  路径/userHead/default.png  状态304
[福城建设-接口监控平台]:方法POST  路径/shopcar/GETSHOPCAR  状态200
[福城建设-接口监控平台]:方法POST  路径/login/LOGINAUTO  状态200
[福城建设-接口监控平台]:方法POST  路径/login/GETUSERINFO  状态200
[福城建设-接口监控平台]:方法GET  路径/userHead/default.png  状态304
[福城建设-接口监控平台]:方法POST  路径/shopcar/GETSHOPCAR  状态200
[福城建设-接口监控平台]:方法POST  路径/login/LOGINAUTO  状态200
[福城建设-接口监控平台]:方法POST  路径/login/GETUSERINFO  状态200
[福城建设-接口监控平台]:方法GET  路径/userHead/default.png  状态304
[福城建设-接口监控平台]:方法POST  路径/shopcar/GETSHOPCAR  状态200
[福城建设-接口监控平台]:方法POST  路径/login/LOGINAUTO  状态200
[福城建设-接口监控平台]:方法POST  路径/login/GETUSERINFO  状态200
[福城建设-接口监控平台]:方法POST  路径/login/LOGINAUTO  状态200
[福城建设-接口监控平台]:方法POST  路径/login/GETUSERINFO  状态200
[福城建设-接口监控平台]:方法GET  路径/userHead/default.png  状态304
[福城建设-接口监控平台]:方法POST  路径/shopcar/GETSHOPCAR  状态200
[福城建设-接口监控平台]:方法POST  路径/login/LOGINAUTO  状态200
[福城建设-接口监控平台]:方法POST  路径/login/GETUSERINFO  状态200
[福城建设-接口监控平台]:方法GET  路径/userHead/default.png  状态304
[福城建设-接口监控平台]:方法POST  路径/shopcar/GETSHOPCAR  状态200
[福城建设-接口监控平台]:方法POST  路径/login/LOGINAUTO  状态200
[福城建设-接口监控平台]:方法POST  路径/login/GETUSERINFO  状态200
[福城建设-接口监控平台]:方法POST  路径/shopcar/GETSHOPCAR  状态200
[福城建设-接口监控平台]:方法GET  路径/userHead/default.png  状态304
[福城建设-接口监控平台]:方法POST  路径/login/LOGINAUTO  状态200
[福城建设-接口监控平台]:方法POST  路径/login/GETUSERINFO  状态200
[福城建设-接口监控平台]:方法POST  路径/login/LOGINAUTO  状态200
[福城建设-接口监控平台]:方法POST  路径/login/GETUSERINFO  状态200
[福城建设-接口监控平台]:方法POST  路径/login/LOGINAUTO  状态200
[福城建设-接口监控平台]:方法POST  路径/login/GETUSERINFO  状态200
[福城建设-接口监控平台]:方法GET  路径/userHead/default.png  状态304
[福城建设-接口监控平台]:方法POST  路径/shopcar/GETSHOPCAR  状态200
[福城建设-接口监控平台]:方法POST  路径/login/LOGINAUTO  状态200
[福城建设-接口监控平台]:方法POST  路径/login/GETUSERINFO  状态200
[福城建设-接口监控平台]:方法POST  路径/login/LOGINAUTO  状态200
[福城建设-接口监控平台]:方法POST  路径/login/GETUSERINFO  状态200
[福城建设-接口监控平台]:方法GET  路径/userHead/default.png  状态304
[福城建设-接口监控平台]:方法POST  路径/shopcar/GETSHOPCAR  状态200
[福城建设-接口监控平台]:方法POST  路径/login/LOGINAUTO  状态200
[福城建设-接口监控平台]:方法POST  路径/login/GETUSERINFO  状态200
[福城建设-接口监控平台]:方法POST  路径/login/LOGINAUTO  状态200
[福城建设-接口监控平台]:方法POST  路径/login/GETUSERINFO  状态200
[福城建设-接口监控平台]:方法GET  路径/userHead/default.png  状态304
[福城建设-接口监控平台]:方法POST  路径/shopcar/GETSHOPCAR  状态200
[福城建设-接口监控平台]:方法POST  路径/sort/GETSORTS  状态200
[福城建设-接口监控平台]:方法POST  路径/brand/GETBRANDS  状态200
[福城建设-接口监控平台]:方法POST  路径/shop/GETSHOPS  状态200
[福城建设-接口监控平台]:方法POST  路径/login/LOGINAUTO  状态200
[福城建设-接口监控平台]:方法POST  路径/login/GETUSERINFO  状态200
[福城建设-接口监控平台]:方法GET  路径/userHead/default.png  状态304
[福城建设-接口监控平台]:方法POST  路径/shopcar/GETSHOPCAR  状态200
[福城建设-接口监控平台]:方法POST  路径/login/LOGINAUTO  状态200
[福城建设-接口监控平台]:方法POST  路径/login/GETUSERINFO  状态200
[福城建设-接口监控平台]:方法POST  路径/login/LOGINAUTO  状态200
[福城建设-接口监控平台]:方法POST  路径/login/GETUSERINFO  状态200
[福城建设-接口监控平台]:方法POST  路径/login/LOGINAUTO  状态200
[福城建设-接口监控平台]:方法POST  路径/login/GETUSERINFO  状态200
[福城建设-接口监控平台]:方法GET  路径/userHead/default.png  状态304
[福城建设-接口监控平台]:方法POST  路径/shopcar/GETSHOPCAR  状态200
[福城建设-接口监控平台]:方法POST  路径/login/LOGINAUTO  状态200
[福城建设-接口监控平台]:方法POST  路径/login/GETUSERINFO  状态200
[福城建设-接口监控平台]:方法POST  路径/login/LOGINAUTO  状态200
[福城建设-接口监控平台]:方法POST  路径/login/GETUSERINFO  状态200
[福城建设-接口监控平台]:方法GET  路径/userHead/default.png  状态304
[福城建设-接口监控平台]:方法POST  路径/shopcar/GETSHOPCAR  状态200
[福城建设-接口监控平台]:方法POST  路径/login/LOGINAUTO  状态200
[福城建设-接口监控平台]:方法POST  路径/login/GETUSERINFO  状态200
[福城建设-接口监控平台]:方法POST  路径/shopcar/GETSHOPCAR  状态200
[福城建设-接口监控平台]:方法GET  路径/userHead/default.png  状态304
[福城建设-接口监控平台]:方法POST  路径/login/LOGINAUTO  状态200
[福城建设-接口监控平台]:方法POST  路径/login/GETUSERINFO  状态200
[福城建设-接口监控平台]:方法POST  路径/login/LOGINAUTO  状态200
[福城建设-接口监控平台]:方法POST  路径/login/GETUSERINFO  状态200
[福城建设-接口监控平台]:方法GET  路径/userHead/default.png  状态304
[福城建设-接口监控平台]:方法POST  路径/shopcar/GETSHOPCAR  状态200
[福城建设-接口监控平台]:方法POST  路径/login/LOGINAUTO  状态200
[福城建设-接口监控平台]:方法POST  路径/login/GETUSERINFO  状态200
[福城建设-接口监控平台]:方法POST  路径/login/LOGINAUTO  状态200
[福城建设-接口监控平台]:方法POST  路径/login/GETUSERINFO  状态200
[福城建设-接口监控平台]:方法POST  路径/shopcar/GETSHOPCAR  状态200
[福城建设-接口监控平台]:方法GET  路径/userHead/default.png  状态304
[福城建设-接口监控平台]:方法POST  路径/login/LOGINAUTO  状态200
[福城建设-接口监控平台]:方法POST  路径/login/GETUSERINFO  状态200
[福城建设-接口监控平台]:方法POST  路径/login/LOGINAUTO  状态200
[福城建设-接口监控平台]:方法POST  路径/login/GETUSERINFO  状态200
[福城建设-接口监控平台]:方法GET  路径/userHead/default.png  状态304
[福城建设-接口监控平台]:方法POST  路径/shopcar/GETSHOPCAR  状态200
[福城建设-接口监控平台]:方法POST  路径/login/LOGINAUTO  状态200
[福城建设-接口监控平台]:方法POST  路径/login/GETUSERINFO  状态200
[福城建设-接口监控平台]:方法POST  路径/shopcar/GETSHOPCAR  状态200
[福城建设-接口监控平台]:方法GET  路径/userHead/default.png  状态304
[福城建设-接口监控平台]:方法POST  路径/login/LOGINAUTO  状态200
[福城建设-接口监控平台]:方法POST  路径/login/GETUSERINFO  状态200
[福城建设-接口监控平台]:方法POST  路径/shopcar/GETSHOPCAR  状态200
[福城建设-接口监控平台]:方法GET  路径/userHead/default.png  状态304
[福城建设-接口监控平台]:方法POST  路径/login/LOGINAUTO  状态200
[福城建设-接口监控平台]:方法POST  路径/login/GETUSERINFO  状态200
[福城建设-接口监控平台]:方法POST  路径/login/LOGINAUTO  状态200
[福城建设-接口监控平台]:方法POST  路径/login/GETUSERINFO  状态200
[福城建设-接口监控平台]:方法POST  路径/shopcar/GETSHOPCAR  状态200
[福城建设-接口监控平台]:方法GET  路径/userHead/default.png  状态304
[福城建设-接口监控平台]:方法POST  路径/login/LOGINAUTO  状态200
[福城建设-接口监控平台]:方法POST  路径/login/GETUSERINFO  状态200
[福城建设-接口监控平台]:方法POST  路径/login/LOGINAUTO  状态200
[福城建设-接口监控平台]:方法POST  路径/login/GETUSERINFO  状态200
[福城建设-接口监控平台]:方法POST  路径/login/LOGINAUTO  状态200
[福城建设-接口监控平台]:方法POST  路径/login/GETUSERINFO  状态200
[福城建设-接口监控平台]:方法POST  路径/login/LOGINAUTO  状态200
[福城建设-接口监控平台]:方法POST  路径/login/GETUSERINFO  状态200
[福城建设-接口监控平台]:方法POST  路径/login/LOGINAUTO  状态200
[福城建设-接口监控平台]:方法POST  路径/login/GETUSERINFO  状态200
[福城建设-接口监控平台]:方法POST  路径/login/LOGINAUTO  状态200
[福城建设-接口监控平台]:方法POST  路径/login/GETUSERINFO  状态200
[福城建设-接口监控平台]:方法POST  路径/login/LOGINAUTO  状态200
[福城建设-接口监控平台]:方法POST  路径/login/GETUSERINFO  状态200
[福城建设-接口监控平台]:方法POST  路径/login/LOGINAUTO  状态200
[福城建设-接口监控平台]:方法POST  路径/login/GETUSERINFO  状态200
[福城建设-接口监控平台]:方法POST  路径/login/LOGINAUTO  状态200
[福城建设-接口监控平台]:方法POST  路径/login/GETUSERINFO  状态200
[福城建设-接口监控平台]:方法POST  路径/login/LOGINAUTO  状态200
[福城建设-接口监控平台]:方法POST  路径/login/GETUSERINFO  状态200
[福城建设-接口监控平台]:方法POST  路径/shopcar/GETSHOPCAR  状态200
[福城建设-接口监控平台]:方法GET  路径/userHead/default.png  状态304
[福城建设-接口监控平台]:方法POST  路径/login/LOGINAUTO  状态200
[福城建设-接口监控平台]:方法POST  路径/login/GETUSERINFO  状态200
[福城建设-接口监控平台]:方法POST  路径/login/LOGINAUTO  状态200
[福城建设-接口监控平台]:方法POST  路径/login/GETUSERINFO  状态200
[福城建设-接口监控平台]:方法GET  路径/userHead/default.png  状态304
[福城建设-接口监控平台]:方法POST  路径/shopcar/GETSHOPCAR  状态200
[福城建设-接口监控平台]:方法POST  路径/login/LOGINAUTO  状态200
[福城建设-接口监控平台]:方法POST  路径/login/GETUSERINFO  状态200
[福城建设-接口监控平台]:方法POST  路径/login/LOGINAUTO  状态200
[福城建设-接口监控平台]:方法POST  路径/login/GETUSERINFO  状态200
[福城建设-接口监控平台]:方法GET  路径/userHead/default.png  状态304
[福城建设-接口监控平台]:方法POST  路径/shopcar/GETSHOPCAR  状态200
[福城建设-接口监控平台]:方法POST  路径/login/LOGINAUTO  状态200
[福城建设-接口监控平台]:方法POST  路径/login/GETUSERINFO  状态200
[福城建设-接口监控平台]:方法POST  路径/login/LOGINAUTO  状态200
[福城建设-接口监控平台]:方法POST  路径/login/GETUSERINFO  状态200
[福城建设-接口监控平台]:方法GET  路径/userHead/default.png  状态304
[福城建设-接口监控平台]:方法POST  路径/shopcar/GETSHOPCAR  状态200
[福城建设-接口监控平台]:方法POST  路径/login/LOGINAUTO  状态200
[福城建设-接口监控平台]:方法POST  路径/login/GETUSERINFO  状态200
[福城建设-接口监控平台]:方法GET  路径/userHead/default.png  状态304
[福城建设-接口监控平台]:方法POST  路径/shopcar/GETSHOPCAR  状态200
[福城建设-接口监控平台]:方法POST  路径/login/LOGINAUTO  状态200
[福城建设-接口监控平台]:方法POST  路径/login/GETUSERINFO  状态200
[福城建设-接口监控平台]:方法POST  路径/login/LOGINAUTO  状态200
[福城建设-接口监控平台]:方法POST  路径/login/GETUSERINFO  状态200
[福城建设-接口监控平台]:方法GET  路径/userHead/default.png  状态304
[福城建设-接口监控平台]:方法POST  路径/shopcar/GETSHOPCAR  状态200
[福城建设-接口监控平台]:方法POST  路径/login/LOGINAUTO  状态200
[福城建设-接口监控平台]:方法POST  路径/login/GETUSERINFO  状态200
[福城建设-接口监控平台]:方法GET  路径/userHead/default.png  状态304
[福城建设-接口监控平台]:方法POST  路径/shopcar/GETSHOPCAR  状态200
[福城建设-接口监控平台]:方法POST  路径/login/LOGINAUTO  状态200
[福城建设-接口监控平台]:方法POST  路径/login/GETUSERINFO  状态200
[福城建设-接口监控平台]:方法POST  路径/login/LOGINAUTO  状态200
[福城建设-接口监控平台]:方法POST  路径/login/GETUSERINFO  状态200
[福城建设-接口监控平台]:方法GET  路径/userHead/default.png  状态304
[福城建设-接口监控平台]:方法POST  路径/shopcar/GETSHOPCAR  状态200
[福城建设-接口监控平台]:方法POST  路径/login/LOGINAUTO  状态200
[福城建设-接口监控平台]:方法POST  路径/login/GETUSERINFO  状态200
[福城建设-接口监控平台]:方法POST  路径/login/LOGINAUTO  状态200
[福城建设-接口监控平台]:方法POST  路径/login/GETUSERINFO  状态200
[福城建设-接口监控平台]:方法GET  路径/userHead/default.png  状态304
[福城建设-接口监控平台]:方法POST  路径/shopcar/GETSHOPCAR  状态200
[福城建设-接口监控平台]:方法POST  路径/login/LOGINAUTO  状态200
[福城建设-接口监控平台]:方法POST  路径/login/GETUSERINFO  状态200
[福城建设-接口监控平台]:方法POST  路径/login/LOGINAUTO  状态200
[福城建设-接口监控平台]:方法POST  路径/login/GETUSERINFO  状态200
[福城建设-接口监控平台]:方法POST  路径/shopcar/GETSHOPCAR  状态200
[福城建设-接口监控平台]:方法GET  路径/userHead/default.png  状态304
[福城建设-接口监控平台]:方法POST  路径/login/LOGINAUTO  状态200
[福城建设-接口监控平台]:方法POST  路径/login/GETUSERINFO  状态200
[福城建设-接口监控平台]:方法POST  路径/login/LOGINAUTO  状态200
[福城建设-接口监控平台]:方法POST  路径/login/GETUSERINFO  状态200
[福城建设-接口监控平台]:方法POST  路径/login/LOGINAUTO  状态200
[福城建设-接口监控平台]:方法POST  路径/login/GETUSERINFO  状态200
[福城建设-接口监控平台]:方法GET  路径/userHead/default.png  状态304
[福城建设-接口监控平台]:方法POST  路径/shopcar/GETSHOPCAR  状态200
[福城建设-接口监控平台]:方法POST  路径/login/LOGINAUTO  状态200
[福城建设-接口监控平台]:方法POST  路径/login/GETUSERINFO  状态200
[福城建设-接口监控平台]:方法POST  路径/login/LOGINAUTO  状态200
[福城建设-接口监控平台]:方法POST  路径/login/GETUSERINFO  状态200
[福城建设-接口监控平台]:方法POST  路径/shopcar/GETSHOPCAR  状态200
[福城建设-接口监控平台]:方法GET  路径/userHead/default.png  状态304
[福城建设-接口监控平台]:方法GET  路径/userHead/default.png  状态304
[福城建设-接口监控平台]:方法POST  路径/login/LOGINAUTO  状态200
[福城建设-接口监控平台]:方法POST  路径/login/LOGINU  状态200
[福城建设-接口监控平台]:方法POST  路径/adminlogin/GETADMINSTATE  状态200
[福城建设-接口监控平台]:方法POST  路径/login/GETUSERINFO  状态200
[福城建设-接口监控平台]:方法POST  路径/adminlogin/GETROUTER  状态200
[福城建设-接口监控平台]:方法POST  路径/sort/GETSORTS  状态200
[福城建设-接口监控平台]:方法POST  路径/brand/GETBRANDS  状态200
[福城建设-接口监控平台]:方法POST  路径/shop/GETSHOPS  状态200
[福城建设-接口监控平台]:方法POST  路径/login/LOGINAUTO  状态200
[福城建设-接口监控平台]:方法POST  路径/login/GETUSERINFO  状态200
[福城建设-接口监控平台]:方法POST  路径/login/LOGINAUTO  状态200
[福城建设-接口监控平台]:方法POST  路径/login/LOGINAUTO  状态200
[福城建设-接口监控平台]:方法POST  路径/login/LOGINAUTO  状态200
[福城建设-接口监控平台]:方法POST  路径/order/GETORDERCOUNT  状态200
[福城建设-接口监控平台]:方法POST  路径/imgValidator/GET  状态200
[福城建设-接口监控平台]:方法POST  路径/imgValidator/CHECK  状态200
[福城建设-接口监控平台]:方法POST  路径/login/LOGINU  状态200
[福城建设-接口监控平台]:方法POST  路径/login/GETUSERINFO  状态200
[福城建设-接口监控平台]:方法POST  路径/shopcar/GETSHOPCAR  状态200
[福城建设-接口监控平台]:方法POST  路径/sort/GETSORT  状态200
[福城建设-接口监控平台]:方法GET  路径/userHead/default.png  状态304
[福城建设-接口监控平台]:方法POST  路径/ad/GETAD  状态200
[福城建设-接口监控平台]:方法POST  路径/ad/GETAD  状态200
[福城建设-接口监控平台]:方法POST  路径/order/GETORDERCOUNT  状态200
[福城建设-接口监控平台]:方法POST  路径/login/LOGINAUTO  状态200
[福城建设-接口监控平台]:方法POST  路径/login/GETUSERINFO  状态200
[福城建设-接口监控平台]:方法GET  路径/userHead/default.png  状态304
[福城建设-接口监控平台]:方法POST  路径/shopcar/GETSHOPCAR  状态200
[福城建设-接口监控平台]:方法GET  路径/userHead/default.png  状态304
[福城建设-接口监控平台]:方法POST  路径/login/LOGINAUTO  状态200
[福城建设-接口监控平台]:方法POST  路径/login/GETUSERINFO  状态200
[福城建设-接口监控平台]:方法POST  路径/login/LOGINAUTO  状态200
[福城建设-接口监控平台]:方法POST  路径/login/GETUSERINFO  状态200
[福城建设-接口监控平台]:方法POST  路径/login/LOGINAUTO  状态200
[福城建设-接口监控平台]:方法POST  路径/login/GETUSERINFO  状态200
[福城建设-接口监控平台]:方法POST  路径/shopcar/GETSHOPCAR  状态200
[福城建设-接口监控平台]:方法POST  路径/login/LOGINAUTO  状态200
[福城建设-接口监控平台]:方法POST  路径/login/GETUSERINFO  状态200
[福城建设-接口监控平台]:方法POST  路径/login/LOGINAUTO  状态200
[福城建设-接口监控平台]:方法POST  路径/login/GETUSERINFO  状态200
[福城建设-接口监控平台]:方法POST  路径/shopcar/GETSHOPCAR  状态200
[福城建设-接口监控平台]:方法POST  路径/login/LOGINAUTO  状态200
[福城建设-接口监控平台]:方法POST  路径/login/GETUSERINFO  状态200
[福城建设-接口监控平台]:方法POST  路径/login/LOGINAUTO  状态200
[福城建设-接口监控平台]:方法POST  路径/login/GETUSERINFO  状态200
[福城建设-接口监控平台]:方法POST  路径/shopcar/GETSHOPCAR  状态200
[福城建设-接口监控平台]:方法POST  路径/login/LOGINAUTO  状态200
[福城建设-接口监控平台]:方法POST  路径/login/GETUSERINFO  状态200
[福城建设-接口监控平台]:方法POST  路径/login/LOGINAUTO  状态200
[福城建设-接口监控平台]:方法POST  路径/login/GETUSERINFO  状态200
[福城建设-接口监控平台]:方法POST  路径/shopcar/GETSHOPCAR  状态200
[福城建设-接口监控平台]:方法GET  路径/userHead/default.png  状态304
[福城建设-接口监控平台]:方法POST  路径/login/LOGINAUTO  状态200
[福城建设-接口监控平台]:方法POST  路径/login/GETUSERINFO  状态200
[福城建设-接口监控平台]:方法POST  路径/login/LOGINAUTO  状态200
[福城建设-接口监控平台]:方法POST  路径/login/GETUSERINFO  状态200
[福城建设-接口监控平台]:方法POST  路径/shopcar/GETSHOPCAR  状态200
[福城建设-接口监控平台]:方法GET  路径/userHead/default.png  状态304
[福城建设-接口监控平台]:方法POST  路径/login/LOGINAUTO  状态200
[福城建设-接口监控平台]:方法POST  路径/login/GETUSERINFO  状态200
[福城建设-接口监控平台]:方法POST  路径/shopcar/GETSHOPCAR  状态200
[福城建设-接口监控平台]:方法POST  路径/login/LOGINAUTO  状态200
[福城建设-接口监控平台]:方法POST  路径/login/GETUSERINFO  状态200
[福城建设-接口监控平台]:方法POST  路径/login/LOGINAUTO  状态200
[福城建设-接口监控平台]:方法POST  路径/login/GETUSERINFO  状态200
[福城建设-接口监控平台]:方法POST  路径/shopcar/GETSHOPCAR  状态200
[福城建设-接口监控平台]:方法POST  路径/login/LOGINAUTO  状态200
[福城建设-接口监控平台]:方法POST  路径/login/GETUSERINFO  状态200
[福城建设-接口监控平台]:方法POST  路径/login/LOGINAUTO  状态200
[福城建设-接口监控平台]:方法POST  路径/login/GETUSERINFO  状态200
[福城建设-接口监控平台]:方法POST  路径/login/LOGINAUTO  状态200
[福城建设-接口监控平台]:方法POST  路径/login/GETUSERINFO  状态200
[福城建设-接口监控平台]:方法POST  路径/shopcar/GETSHOPCAR  状态200
[福城建设-接口监控平台]:方法POST  路径/login/LOGINAUTO  状态200
[福城建设-接口监控平台]:方法POST  路径/login/GETUSERINFO  状态200
[福城建设-接口监控平台]:方法POST  路径/login/LOGINAUTO  状态200
[福城建设-接口监控平台]:方法POST  路径/login/GETUSERINFO  状态200
[福城建设-接口监控平台]:方法POST  路径/shopcar/GETSHOPCAR  状态200
[福城建设-接口监控平台]:方法GET  路径/userHead/default.png  状态304
[福城建设-接口监控平台]:方法POST  路径/login/LOGINAUTO  状态200
[福城建设-接口监控平台]:方法POST  路径/login/GETUSERINFO  状态200
[福城建设-接口监控平台]:方法POST  路径/login/LOGINAUTO  状态200
[福城建设-接口监控平台]:方法POST  路径/login/GETUSERINFO  状态200
[福城建设-接口监控平台]:方法POST  路径/shopcar/GETSHOPCAR  状态200
[福城建设-接口监控平台]:方法POST  路径/login/LOGINAUTO  状态200
[福城建设-接口监控平台]:方法POST  路径/login/GETUSERINFO  状态200
[福城建设-接口监控平台]:方法POST  路径/shopcar/GETSHOPCAR  状态200
[福城建设-接口监控平台]:方法POST  路径/login/LOGINAUTO  状态200
[福城建设-接口监控平台]:方法POST  路径/login/GETUSERINFO  状态200
[福城建设-接口监控平台]:方法POST  路径/sort/GETSORTS  状态200
[福城建设-接口监控平台]:方法POST  路径/brand/GETBRANDS  状态200
[福城建设-接口监控平台]:方法POST  路径/shop/GETSHOPS  状态200
[福城建设-接口监控平台]:方法POST  路径/login/LOGINAUTO  状态200
[福城建设-接口监控平台]:方法POST  路径/login/GETUSERINFO  状态200
[福城建设-接口监控平台]:方法POST  路径/shopcar/GETSHOPCAR  状态200
[福城建设-接口监控平台]:方法GET  路径/userHead/default.png  状态304
[福城建设-接口监控平台]:方法POST  路径/login/LOGINAUTO  状态200
[福城建设-接口监控平台]:方法POST  路径/login/GETUSERINFO  状态200
[福城建设-接口监控平台]:方法POST  路径/sort/GETSORTS  状态200
[福城建设-接口监控平台]:方法POST  路径/brand/GETBRANDS  状态200
[福城建设-接口监控平台]:方法POST  路径/shop/GETSHOPS  状态200
[福城建设-接口监控平台]:方法POST  路径/login/LOGINAUTO  状态200
[福城建设-接口监控平台]:方法POST  路径/login/GETUSERINFO  状态200
[福城建设-接口监控平台]:方法POST  路径/shopcar/GETSHOPCAR  状态200
[福城建设-接口监控平台]:方法GET  路径/userHead/default.png  状态304
[福城建设-接口监控平台]:方法POST  路径/login/LOGINAUTO  状态200
[福城建设-接口监控平台]:方法POST  路径/login/GETUSERINFO  状态200
[福城建设-接口监控平台]:方法POST  路径/login/LOGINAUTO  状态200
[福城建设-接口监控平台]:方法POST  路径/login/GETUSERINFO  状态200
[福城建设-接口监控平台]:方法POST  路径/login/LOGINAUTO  状态200
[福城建设-接口监控平台]:方法POST  路径/login/GETUSERINFO  状态200
[福城建设-接口监控平台]:方法POST  路径/login/LOGINAUTO  状态200
[福城建设-接口监控平台]:方法POST  路径/login/GETUSERINFO  状态200
[福城建设-接口监控平台]:方法POST  路径/login/LOGINAUTO  状态200
[福城建设-接口监控平台]:方法POST  路径/login/GETUSERINFO  状态200
[福城建设-接口监控平台]:方法POST  路径/shopcar/GETSHOPCAR  状态200
[福城建设-接口监控平台]:方法GET  路径/userHead/default.png  状态304
[福城建设-接口监控平台]:方法POST  路径/order/GETORDERCOUNT  状态200
[福城建设-接口监控平台]:方法POST  路径/login/LOGINAUTO  状态200
[福城建设-接口监控平台]:方法POST  路径/login/GETUSERINFO  状态200
[福城建设-接口监控平台]:方法POST  路径/shopcar/GETSHOPCAR  状态200
[福城建设-接口监控平台]:方法POST  路径/login/LOGINAUTO  状态200
[福城建设-接口监控平台]:方法POST  路径/login/GETUSERINFO  状态200
[福城建设-接口监控平台]:方法POST  路径/login/LOGINAUTO  状态200
[福城建设-接口监控平台]:方法POST  路径/login/GETUSERINFO  状态200
[福城建设-接口监控平台]:方法POST  路径/shopcar/GETSHOPCAR  状态200
[福城建设-接口监控平台]:方法GET  路径/userHead/default.png  状态304
[福城建设-接口监控平台]:方法GET  路径/userHead/default.png  状态304
[福城建设-接口监控平台]:方法POST  路径/login/LOGINAUTO  状态200
[福城建设-接口监控平台]:方法POST  路径/login/GETUSERINFO  状态200
[福城建设-接口监控平台]:方法POST  路径/shopcar/GETSHOPCAR  状态200
[福城建设-接口监控平台]:方法POST  路径/login/LOGINAUTO  状态200
[福城建设-接口监控平台]:方法POST  路径/login/GETUSERINFO  状态200
[福城建设-接口监控平台]:方法POST  路径/login/LOGINAUTO  状态200
[福城建设-接口监控平台]:方法POST  路径/login/GETUSERINFO  状态200
[福城建设-接口监控平台]:方法POST  路径/shopcar/GETSHOPCAR  状态200
[福城建设-接口监控平台]:方法GET  路径/userHead/default.png  状态304
[福城建设-接口监控平台]:方法GET  路径/userHead/default.png  状态304
[福城建设-接口监控平台]:方法POST  路径/login/LOGINAUTO  状态200
[福城建设-接口监控平台]:方法POST  路径/login/GETUSERINFO  状态200
[福城建设-接口监控平台]:方法POST  路径/login/LOGINAUTO  状态200
[福城建设-接口监控平台]:方法POST  路径/login/GETUSERINFO  状态200
[福城建设-接口监控平台]:方法POST  路径/shopcar/GETSHOPCAR  状态200
[福城建设-接口监控平台]:方法GET  路径/userHead/default.png  状态304
[福城建设-接口监控平台]:方法GET  路径/userHead/default.png  状态304
[福城建设-接口监控平台]:方法POST  路径/login/LOGINAUTO  状态200
[福城建设-接口监控平台]:方法POST  路径/login/GETUSERINFO  状态200
[福城建设-接口监控平台]:方法POST  路径/shopcar/GETSHOPCAR  状态200
[福城建设-接口监控平台]:方法POST  路径/login/LOGINAUTO  状态200
[福城建设-接口监控平台]:方法POST  路径/login/GETUSERINFO  状态200
[福城建设-接口监控平台]:方法POST  路径/login/LOGINAUTO  状态200
[福城建设-接口监控平台]:方法POST  路径/login/GETUSERINFO  状态200
[福城建设-接口监控平台]:方法POST  路径/shopcar/GETSHOPCAR  状态200
[福城建设-接口监控平台]:方法GET  路径/userHead/default.png  状态304
[福城建设-接口监控平台]:方法GET  路径/userHead/default.png  状态304
[福城建设-接口监控平台]:方法POST  路径/login/LOGINAUTO  状态200
[福城建设-接口监控平台]:方法POST  路径/login/GETUSERINFO  状态200
[福城建设-接口监控平台]:方法POST  路径/sort/GETSORTS  状态200
[福城建设-接口监控平台]:方法POST  路径/brand/GETBRANDS  状态200
[福城建设-接口监控平台]:方法POST  路径/shop/GETSHOPS  状态200
[福城建设-接口监控平台]:方法POST  路径/login/LOGINAUTO  状态200
[福城建设-接口监控平台]:方法POST  路径/login/GETUSERINFO  状态200
[福城建设-接口监控平台]:方法POST  路径/shopcar/GETSHOPCAR  状态200
[福城建设-接口监控平台]:方法GET  路径/userHead/default.png  状态304
[福城建设-接口监控平台]:方法GET  路径/userHead/default.png  状态304
[福城建设-接口监控平台]:方法POST  路径/login/LOGINAUTO  状态200
[福城建设-接口监控平台]:方法POST  路径/order/GETORDERCOUNT  状态200
[福城建设-接口监控平台]:方法POST  路径/login/LOGINAUTO  状态200
[福城建设-接口监控平台]:方法POST  路径/login/GETUSERINFO  状态200
[福城建设-接口监控平台]:方法POST  路径/login/GETUSERINFO  状态200
[福城建设-接口监控平台]:方法POST  路径/shopcar/GETSHOPCAR  状态200
[福城建设-接口监控平台]:方法POST  路径/shopcar/GETSHOPCAR  状态200
[福城建设-接口监控平台]:方法POST  路径/login/LOGINAUTO  状态200
[福城建设-接口监控平台]:方法POST  路径/login/GETUSERINFO  状态200
[福城建设-接口监控平台]:方法POST  路径/shopcar/GETSHOPCAR  状态200
[福城建设-接口监控平台]:方法POST  路径/login/LOGINAUTO  状态200
[福城建设-接口监控平台]:方法POST  路径/login/GETUSERINFO  状态200
[福城建设-接口监控平台]:方法POST  路径/shopcar/GETSHOPCAR  状态200
[福城建设-接口监控平台]:方法POST  路径/login/LOGINAUTO  状态200
[福城建设-接口监控平台]:方法POST  路径/login/GETUSERINFO  状态200
[福城建设-接口监控平台]:方法POST  路径/shopcar/GETSHOPCAR  状态200
[福城建设-接口监控平台]:方法POST  路径/login/LOGINAUTO  状态200
[福城建设-接口监控平台]:方法POST  路径/login/GETUSERINFO  状态200
[福城建设-接口监控平台]:方法POST  路径/login/LOGINAUTO  状态200
[福城建设-接口监控平台]:方法POST  路径/login/GETUSERINFO  状态200
[福城建设-接口监控平台]:方法POST  路径/shopcar/GETSHOPCAR  状态200
[福城建设-接口监控平台]:方法POST  路径/login/LOGINAUTO  状态200
[福城建设-接口监控平台]:方法POST  路径/login/GETUSERINFO  状态200
[福城建设-接口监控平台]:方法POST  路径/login/LOGINAUTO  状态200
[福城建设-接口监控平台]:方法POST  路径/login/GETUSERINFO  状态200
[福城建设-接口监控平台]:方法POST  路径/shopcar/GETSHOPCAR  状态200
[福城建设-接口监控平台]:方法POST  路径/order/GETUSERORDER  状态500
[福城建设-接口监控平台]:方法POST  路径/login/LOGINAUTO  状态200
[福城建设-接口监控平台]:方法POST  路径/login/GETUSERINFO  状态200
[福城建设-接口监控平台]:方法POST  路径/login/LOGINAUTO  状态200
[福城建设-接口监控平台]:方法POST  路径/login/GETUSERINFO  状态200
[福城建设-接口监控平台]:方法POST  路径/shopcar/GETSHOPCAR  状态200
[福城建设-接口监控平台]:方法POST  路径/order/GETUSERORDER  状态500
[福城建设-接口监控平台]:方法POST  路径/login/LOGINAUTO  状态200
[福城建设-接口监控平台]:方法POST  路径/login/GETUSERINFO  状态200
[福城建设-接口监控平台]:方法POST  路径/login/LOGINAUTO  状态200
[福城建设-接口监控平台]:方法POST  路径/login/GETUSERINFO  状态200
[福城建设-接口监控平台]:方法POST  路径/shopcar/GETSHOPCAR  状态200
[福城建设-接口监控平台]:方法POST  路径/order/GETUSERORDER  状态200
[福城建设-接口监控平台]:方法POST  路径/login/LOGINAUTO  状态200
[福城建设-接口监控平台]:方法POST  路径/login/GETUSERINFO  状态200
[福城建设-接口监控平台]:方法POST  路径/shopcar/GETSHOPCAR  状态200
[福城建设-接口监控平台]:方法POST  路径/order/GETUSERORDER  状态200
[福城建设-接口监控平台]:方法POST  路径/login/LOGINAUTO  状态200
[福城建设-接口监控平台]:方法POST  路径/login/GETUSERINFO  状态200
[福城建设-接口监控平台]:方法POST  路径/login/LOGINAUTO  状态200
[福城建设-接口监控平台]:方法POST  路径/login/GETUSERINFO  状态200
[福城建设-接口监控平台]:方法POST  路径/shopcar/GETSHOPCAR  状态200
[福城建设-接口监控平台]:方法POST  路径/order/GETUSERORDER  状态200
[福城建设-接口监控平台]:方法POST  路径/login/LOGINAUTO  状态200
[福城建设-接口监控平台]:方法POST  路径/login/GETUSERINFO  状态200
[福城建设-接口监控平台]:方法POST  路径/shopcar/GETSHOPCAR  状态200
[福城建设-接口监控平台]:方法POST  路径/order/GETUSERORDER  状态200
[福城建设-接口监控平台]:方法POST  路径/login/LOGINAUTO  状态200
[福城建设-接口监控平台]:方法POST  路径/login/GETUSERINFO  状态200
[福城建设-接口监控平台]:方法POST  路径/login/LOGINAUTO  状态200
[福城建设-接口监控平台]:方法POST  路径/login/GETUSERINFO  状态200
[福城建设-接口监控平台]:方法POST  路径/shopcar/GETSHOPCAR  状态200
[福城建设-接口监控平台]:方法POST  路径/order/GETUSERORDER  状态200
[福城建设-接口监控平台]:方法POST  路径/login/LOGINAUTO  状态200
[福城建设-接口监控平台]:方法POST  路径/login/GETUSERINFO  状态200
[福城建设-接口监控平台]:方法POST  路径/login/LOGINAUTO  状态200
[福城建设-接口监控平台]:方法POST  路径/login/GETUSERINFO  状态200
[福城建设-接口监控平台]:方法POST  路径/login/LOGINAUTO  状态200
[福城建设-接口监控平台]:方法POST  路径/login/GETUSERINFO  状态200
[福城建设-接口监控平台]:方法POST  路径/login/LOGINAUTO  状态200
[福城建设-接口监控平台]:方法POST  路径/login/GETUSERINFO  状态200
[福城建设-接口监控平台]:方法POST  路径/login/LOGINAUTO  状态200
[福城建设-接口监控平台]:方法POST  路径/login/GETUSERINFO  状态200
[福城建设-接口监控平台]:方法POST  路径/shopcar/GETSHOPCAR  状态200
[福城建设-接口监控平台]:方法POST  路径/order/GETUSERORDER  状态200
[福城建设-接口监控平台]:方法POST  路径/login/LOGINAUTO  状态200
[福城建设-接口监控平台]:方法POST  路径/login/GETUSERINFO  状态200
[福城建设-接口监控平台]:方法POST  路径/login/LOGINAUTO  状态200
[福城建设-接口监控平台]:方法POST  路径/login/GETUSERINFO  状态200
[福城建设-接口监控平台]:方法POST  路径/shopcar/GETSHOPCAR  状态200
[福城建设-接口监控平台]:方法POST  路径/order/GETUSERORDER  状态200
[福城建设-接口监控平台]:方法POST  路径/login/LOGINAUTO  状态200
[福城建设-接口监控平台]:方法POST  路径/login/GETUSERINFO  状态200
[福城建设-接口监控平台]:方法POST  路径/login/LOGINAUTO  状态200
[福城建设-接口监控平台]:方法POST  路径/login/GETUSERINFO  状态200
[福城建设-接口监控平台]:方法POST  路径/login/LOGINAUTO  状态200
[福城建设-接口监控平台]:方法POST  路径/login/GETUSERINFO  状态200
[福城建设-接口监控平台]:方法POST  路径/shopcar/GETSHOPCAR  状态200
[福城建设-接口监控平台]:方法POST  路径/order/GETUSERORDER  状态200
[福城建设-接口监控平台]:方法POST  路径/login/LOGINAUTO  状态200
[福城建设-接口监控平台]:方法POST  路径/login/GETUSERINFO  状态200
[福城建设-接口监控平台]:方法POST  路径/login/LOGINAUTO  状态200
[福城建设-接口监控平台]:方法POST  路径/login/GETUSERINFO  状态200
[福城建设-接口监控平台]:方法POST  路径/login/LOGINAUTO  状态200
[福城建设-接口监控平台]:方法POST  路径/login/GETUSERINFO  状态200
[福城建设-接口监控平台]:方法POST  路径/shopcar/GETSHOPCAR  状态200
[福城建设-接口监控平台]:方法POST  路径/order/GETUSERORDER  状态200
[福城建设-接口监控平台]:方法POST  路径/login/LOGINAUTO  状态200
[福城建设-接口监控平台]:方法POST  路径/login/GETUSERINFO  状态200
[福城建设-接口监控平台]:方法POST  路径/login/LOGINAUTO  状态200
[福城建设-接口监控平台]:方法POST  路径/login/GETUSERINFO  状态200
[福城建设-接口监控平台]:方法POST  路径/shopcar/GETSHOPCAR  状态200
[福城建设-接口监控平台]:方法POST  路径/order/GETUSERORDER  状态200
[福城建设-接口监控平台]:方法GET  路径/userHead/default.png  状态304
[福城建设-接口监控平台]:方法GET  路径/userHead/default.png  状态304
[福城建设-接口监控平台]:方法POST  路径/brand/GETBRANDS  状态200
[福城建设-接口监控平台]:方法POST  路径/sort/GETSORTS  状态200
[福城建设-接口监控平台]:方法POST  路径/shop/GETSHOPS  状态200
[福城建设-接口监控平台]:方法POST  路径/sort/GETSORTS  状态200
[福城建设-接口监控平台]:方法POST  路径/brand/GETBRANDS  状态200
[福城建设-接口监控平台]:方法POST  路径/shop/GETSHOPS  状态200
[福城建设-接口监控平台]:方法POST  路径/sort/GETSORTS  状态200
[福城建设-接口监控平台]:方法POST  路径/brand/GETBRANDS  状态200
[福城建设-接口监控平台]:方法POST  路径/shop/GETSHOPS  状态200
[福城建设-接口监控平台]:方法POST  路径/ad/GETADS  状态200
[福城建设-接口监控平台]:方法GET  路径/ad/20202216252617961.png  状态200
[福城建设-接口监控平台]:方法POST  路径/ad/GETADS  状态200
[福城建设-接口监控平台]:方法GET  路径/ad/20202214301056574.png  状态304
[福城建设-接口监控平台]:方法POST  路径/sort/GETSORTS  状态200
[福城建设-接口监控平台]:方法POST  路径/brand/GETBRANDS  状态200
[福城建设-接口监控平台]:方法POST  路径/shop/GETSHOPS  状态200
[福城建设-接口监控平台]:方法POST  路径/sort/GETSORTS  状态200
[福城建设-接口监控平台]:方法POST  路径/brand/GETBRANDS  状态200
[福城建设-接口监控平台]:方法POST  路径/shop/GETSHOPS  状态200
[福城建设-接口监控平台]:方法POST  路径/ad/GETADS  状态200
[福城建设-接口监控平台]:方法POST  路径/ad/GETADS  状态200
[福城建设-接口监控平台]:方法POST  路径/order/GETUSERORDER  状态200
[福城建设-接口监控平台]:方法POST  路径/order/GETUSERORDER  状态200
[福城建设-接口监控平台]:方法POST  路径/order/GETUSERORDER  状态200
[福城建设-接口监控平台]:方法POST  路径/order/GETUSERORDER  状态200
[福城建设-接口监控平台]:方法POST  路径/login/LOGINAUTO  状态200
[福城建设-接口监控平台]:方法POST  路径/login/GETUSERINFO  状态200
[福城建设-接口监控平台]:方法POST  路径/login/LOGINAUTO  状态200
[福城建设-接口监控平台]:方法POST  路径/login/GETUSERINFO  状态200
[福城建设-接口监控平台]:方法POST  路径/shopcar/GETSHOPCAR  状态200
[福城建设-接口监控平台]:方法POST  路径/order/GETUSERORDER  状态200
[福城建设-接口监控平台]:方法POST  路径/login/LOGINAUTO  状态200
[福城建设-接口监控平台]:方法POST  路径/login/GETUSERINFO  状态200
[福城建设-接口监控平台]:方法POST  路径/shopcar/GETSHOPCAR  状态200
[福城建设-接口监控平台]:方法POST  路径/order/GETUSERORDER  状态200
[福城建设-接口监控平台]:方法POST  路径/login/LOGINAUTO  状态200
[福城建设-接口监控平台]:方法POST  路径/login/GETUSERINFO  状态200
[福城建设-接口监控平台]:方法POST  路径/login/LOGINAUTO  状态200
[福城建设-接口监控平台]:方法POST  路径/login/GETUSERINFO  状态200
[福城建设-接口监控平台]:方法POST  路径/shopcar/GETSHOPCAR  状态200
[福城建设-接口监控平台]:方法POST  路径/order/GETUSERORDER  状态200
[福城建设-接口监控平台]:方法GET  路径/userHead/default.png  状态304
[福城建设-接口监控平台]:方法GET  路径/userHead/default.png  状态304
[福城建设-接口监控平台]:方法POST  路径/login/LOGINAUTO  状态200
[福城建设-接口监控平台]:方法POST  路径/login/GETUSERINFO  状态200
[福城建设-接口监控平台]:方法POST  路径/login/LOGINAUTO  状态200
[福城建设-接口监控平台]:方法POST  路径/login/GETUSERINFO  状态200
[福城建设-接口监控平台]:方法POST  路径/shopcar/GETSHOPCAR  状态200
[福城建设-接口监控平台]:方法POST  路径/order/GETUSERORDER  状态200
[福城建设-接口监控平台]:方法POST  路径/login/LOGINAUTO  状态200
[福城建设-接口监控平台]:方法POST  路径/login/GETUSERINFO  状态200
[福城建设-接口监控平台]:方法POST  路径/login/LOGINAUTO  状态200
[福城建设-接口监控平台]:方法POST  路径/login/GETUSERINFO  状态200
[福城建设-接口监控平台]:方法POST  路径/shopcar/GETSHOPCAR  状态200
[福城建设-接口监控平台]:方法POST  路径/order/GETUSERORDER  状态200
[福城建设-接口监控平台]:方法POST  路径/order/GETUSERORDER  状态200
[福城建设-接口监控平台]:方法POST  路径/order/GETUSERORDER  状态200
[福城建设-接口监控平台]:方法POST  路径/order/GETUSERORDER  状态200
[福城建设-接口监控平台]:方法POST  路径/order/GETUSERORDER  状态200
[福城建设-接口监控平台]:方法POST  路径/order/GETUSERORDER  状态200
[福城建设-接口监控平台]:方法POST  路径/order/GETUSERORDER  状态200
[福城建设-接口监控平台]:方法POST  路径/login/LOGINAUTO  状态200
[福城建设-接口监控平台]:方法POST  路径/login/GETUSERINFO  状态200
[福城建设-接口监控平台]:方法POST  路径/shopcar/GETSHOPCAR  状态200
[福城建设-接口监控平台]:方法POST  路径/order/GETUSERORDER  状态200
[福城建设-接口监控平台]:方法POST  路径/order/GETUSERORDER  状态200
[福城建设-接口监控平台]:方法POST  路径/login/LOGINAUTO  状态200
[福城建设-接口监控平台]:方法POST  路径/login/GETUSERINFO  状态200
[福城建设-接口监控平台]:方法POST  路径/shopcar/GETSHOPCAR  状态200
[福城建设-接口监控平台]:方法POST  路径/order/GETUSERORDER  状态200
[福城建设-接口监控平台]:方法POST  路径/order/GETUSERORDER  状态200
[福城建设-接口监控平台]:方法POST  路径/order/GETUSERORDER  状态200
[福城建设-接口监控平台]:方法POST  路径/order/GETUSERORDER  状态200
[福城建设-接口监控平台]:方法POST  路径/login/LOGINAUTO  状态200
[福城建设-接口监控平台]:方法POST  路径/login/GETUSERINFO  状态200
[福城建设-接口监控平台]:方法POST  路径/shopcar/GETSHOPCAR  状态200
[福城建设-接口监控平台]:方法POST  路径/order/GETUSERORDER  状态200
[福城建设-接口监控平台]:方法POST  路径/login/LOGINAUTO  状态200
[福城建设-接口监控平台]:方法POST  路径/login/GETUSERINFO  状态200
[福城建设-接口监控平台]:方法POST  路径/login/LOGINAUTO  状态200
[福城建设-接口监控平台]:方法POST  路径/login/GETUSERINFO  状态200
[福城建设-接口监控平台]:方法POST  路径/shopcar/GETSHOPCAR  状态200
[福城建设-接口监控平台]:方法POST  路径/order/GETUSERORDER  状态200
[福城建设-接口监控平台]:方法POST  路径/login/LOGINAUTO  状态200
[福城建设-接口监控平台]:方法POST  路径/login/GETUSERINFO  状态200
[福城建设-接口监控平台]:方法POST  路径/login/LOGINAUTO  状态200
[福城建设-接口监控平台]:方法POST  路径/login/GETUSERINFO  状态200
[福城建设-接口监控平台]:方法POST  路径/shopcar/GETSHOPCAR  状态200
[福城建设-接口监控平台]:方法POST  路径/order/GETUSERORDER  状态200
[福城建设-接口监控平台]:方法POST  路径/login/LOGINAUTO  状态200
[福城建设-接口监控平台]:方法POST  路径/login/GETUSERINFO  状态200
[福城建设-接口监控平台]:方法POST  路径/shopcar/GETSHOPCAR  状态200
[福城建设-接口监控平台]:方法POST  路径/order/GETUSERORDER  状态200
[福城建设-接口监控平台]:方法POST  路径/login/LOGINAUTO  状态200
[福城建设-接口监控平台]:方法POST  路径/login/GETUSERINFO  状态200
[福城建设-接口监控平台]:方法POST  路径/login/LOGINAUTO  状态200
[福城建设-接口监控平台]:方法POST  路径/login/GETUSERINFO  状态200
[福城建设-接口监控平台]:方法POST  路径/shopcar/GETSHOPCAR  状态200
[福城建设-接口监控平台]:方法POST  路径/order/GETUSERORDER  状态200
[福城建设-接口监控平台]:方法POST  路径/order/GETUSERORDER  状态200
[福城建设-接口监控平台]:方法POST  路径/order/GETUSERORDER  状态200
[福城建设-接口监控平台]:方法POST  路径/order/GETUSERORDER  状态200
[福城建设-接口监控平台]:方法POST  路径/order/GETUSERORDER  状态200
[福城建设-接口监控平台]:方法POST  路径/login/LOGINAUTO  状态200
[福城建设-接口监控平台]:方法POST  路径/login/GETUSERINFO  状态200
[福城建设-接口监控平台]:方法POST  路径/shopcar/GETSHOPCAR  状态200
[福城建设-接口监控平台]:方法POST  路径/order/GETUSERORDER  状态200
[福城建设-接口监控平台]:方法POST  路径/order/GETUSERORDER  状态200
[福城建设-接口监控平台]:方法POST  路径/login/LOGINAUTO  状态200
[福城建设-接口监控平台]:方法POST  路径/login/GETUSERINFO  状态200
[福城建设-接口监控平台]:方法POST  路径/login/LOGINAUTO  状态200
[福城建设-接口监控平台]:方法POST  路径/login/GETUSERINFO  状态200
[福城建设-接口监控平台]:方法POST  路径/shopcar/GETSHOPCAR  状态200
[福城建设-接口监控平台]:方法POST  路径/order/GETUSERORDER  状态200
[福城建设-接口监控平台]:方法GET  路径/userHead/default.png  状态304
[福城建设-接口监控平台]:方法POST  路径/order/GETORDERCOUNT  状态200
[福城建设-接口监控平台]:方法POST  路径/imgValidator/GET  状态200
[福城建设-接口监控平台]:方法POST  路径/imgValidator/CHECK  状态200
[福城建设-接口监控平台]:方法POST  路径/imgValidator/GET  状态200
[福城建设-接口监控平台]:方法POST  路径/imgValidator/CHECK  状态200
[福城建设-接口监控平台]:方法POST  路径/login/LOGINU  状态200
[福城建设-接口监控平台]:方法POST  路径/login/GETUSERINFO  状态200
[福城建设-接口监控平台]:方法POST  路径/shopcar/GETSHOPCAR  状态200
[福城建设-接口监控平台]:方法POST  路径/sort/GETSORT  状态200
[福城建设-接口监控平台]:方法POST  路径/ad/GETAD  状态200
[福城建设-接口监控平台]:方法POST  路径/ad/GETAD  状态200
[福城建设-接口监控平台]:方法POST  路径/order/GETORDERCOUNT  状态200
[福城建设-接口监控平台]:方法POST  路径/login/LOGINAUTO  状态200
[福城建设-接口监控平台]:方法POST  路径/login/LOGINAUTO  状态200
[福城建设-接口监控平台]:方法POST  路径/login/LOGINAUTO  状态200
[福城建设-接口监控平台]:方法POST  路径/login/LOGINU  状态200
[福城建设-接口监控平台]:方法POST  路径/adminlogin/GETADMINSTATE  状态200
[福城建设-接口监控平台]:方法POST  路径/login/GETUSERINFO  状态200
[福城建设-接口监控平台]:方法POST  路径/adminlogin/GETROUTER  状态200
[福城建设-接口监控平台]:方法POST  路径/login/LOGINAUTO  状态200
[福城建设-接口监控平台]:方法POST  路径/login/LOGINAUTO  状态200
[福城建设-接口监控平台]:方法POST  路径/login/LOGINAUTO  状态200
[福城建设-接口监控平台]:方法POST  路径/login/GETUSERINFO  状态200
[福城建设-接口监控平台]:方法POST  路径/login/LOGINAUTO  状态200
[福城建设-接口监控平台]:方法POST  路径/login/LOGINAUTO  状态200
[福城建设-接口监控平台]:方法POST  路径/order/GETORDERCOUNT  状态200
[福城建设-接口监控平台]:方法POST  路径/imgValidator/GET  状态200
[福城建设-接口监控平台]:方法POST  路径/imgValidator/CHECK  状态200
[福城建设-接口监控平台]:方法POST  路径/imgValidator/GET  状态200
[福城建设-接口监控平台]:方法POST  路径/imgValidator/CHECK  状态200
[福城建设-接口监控平台]:方法POST  路径/login/LOGINU  状态200
[福城建设-接口监控平台]:方法POST  路径/login/GETUSERINFO  状态200
[福城建设-接口监控平台]:方法POST  路径/shopcar/GETSHOPCAR  状态200
[福城建设-接口监控平台]:方法GET  路径/userHead/default.png  状态304
[福城建设-接口监控平台]:方法POST  路径/sort/GETSORT  状态200
[福城建设-接口监控平台]:方法POST  路径/ad/GETAD  状态200
[福城建设-接口监控平台]:方法POST  路径/ad/GETAD  状态200
[福城建设-接口监控平台]:方法POST  路径/login/LOGINAUTO  状态200
[福城建设-接口监控平台]:方法POST  路径/login/GETUSERINFO  状态200
[福城建设-接口监控平台]:方法POST  路径/shopcar/GETSHOPCAR  状态200
[福城建设-接口监控平台]:方法POST  路径/order/GETUSERORDER  状态200
[福城建设-接口监控平台]:方法GET  路径/userHead/default.png  状态304
[福城建设-接口监控平台]:方法POST  路径/login/LOGINAUTO  状态200
[福城建设-接口监控平台]:方法POST  路径/login/GETUSERINFO  状态200
[福城建设-接口监控平台]:方法POST  路径/order/GETUSERORDER  状态200
[福城建设-接口监控平台]:方法POST  路径/order/GETUSERORDER  状态200
[福城建设-接口监控平台]:方法POST  路径/login/LOGINAUTO  状态200
[福城建设-接口监控平台]:方法POST  路径/login/GETUSERINFO  状态200
[福城建设-接口监控平台]:方法POST  路径/login/LOGINAUTO  状态200
[福城建设-接口监控平台]:方法POST  路径/login/GETUSERINFO  状态200
[福城建设-接口监控平台]:方法POST  路径/shopcar/GETSHOPCAR  状态200
[福城建设-接口监控平台]:方法POST  路径/order/GETUSERORDER  状态200
[福城建设-接口监控平台]:方法POST  路径/login/LOGINAUTO  状态200
[福城建设-接口监控平台]:方法POST  路径/login/GETUSERINFO  状态200
[福城建设-接口监控平台]:方法POST  路径/login/LOGINU  状态200
[福城建设-接口监控平台]:方法POST  路径/adminlogin/GETADMINSTATE  状态200
[福城建设-接口监控平台]:方法POST  路径/login/GETUSERINFO  状态200
[福城建设-接口监控平台]:方法POST  路径/adminlogin/GETROUTER  状态200
[福城建设-接口监控平台]:方法POST  路径/login/LOGINAUTO  状态200
[福城建设-接口监控平台]:方法POST  路径/login/GETUSERINFO  状态200
[福城建设-接口监控平台]:方法POST  路径/shopcar/GETSHOPCAR  状态200
[福城建设-接口监控平台]:方法POST  路径/order/GETUSERORDER  状态200
[福城建设-接口监控平台]:方法POST  路径/login/LOGINAUTO  状态200
[福城建设-接口监控平台]:方法POST  路径/login/GETUSERINFO  状态200
[福城建设-接口监控平台]:方法POST  路径/login/LOGINAUTO  状态200
[福城建设-接口监控平台]:方法POST  路径/login/GETUSERINFO  状态200
[福城建设-接口监控平台]:方法POST  路径/shopcar/GETSHOPCAR  状态200
[福城建设-接口监控平台]:方法POST  路径/order/GETUSERORDER  状态200
[福城建设-接口监控平台]:方法POST  路径/login/LOGINAUTO  状态200
[福城建设-接口监控平台]:方法POST  路径/login/GETUSERINFO  状态200
[福城建设-接口监控平台]:方法POST  路径/login/LOGINAUTO  状态200
[福城建设-接口监控平台]:方法POST  路径/login/GETUSERINFO  状态200
[福城建设-接口监控平台]:方法POST  路径/shopcar/GETSHOPCAR  状态200
[福城建设-接口监控平台]:方法POST  路径/order/GETUSERORDER  状态200
[福城建设-接口监控平台]:方法GET  路径/userHead/default.png  状态304
[福城建设-接口监控平台]:方法POST  路径/login/LOGINAUTO  状态200
[福城建设-接口监控平台]:方法POST  路径/login/GETUSERINFO  状态200
[福城建设-接口监控平台]:方法POST  路径/login/LOGINAUTO  状态200
[福城建设-接口监控平台]:方法POST  路径/login/GETUSERINFO  状态200
[福城建设-接口监控平台]:方法POST  路径/shopcar/GETSHOPCAR  状态200
[福城建设-接口监控平台]:方法POST  路径/order/GETUSERORDER  状态200
[福城建设-接口监控平台]:方法GET  路径/userHead/default.png  状态304
[福城建设-接口监控平台]:方法GET  路径/userHead/default.png  状态304
[福城建设-接口监控平台]:方法POST  路径/login/LOGINAUTO  状态200
[福城建设-接口监控平台]:方法POST  路径/login/GETUSERINFO  状态200
[福城建设-接口监控平台]:方法POST  路径/login/LOGINAUTO  状态200
[福城建设-接口监控平台]:方法POST  路径/login/GETUSERINFO  状态200
[福城建设-接口监控平台]:方法POST  路径/shopcar/GETSHOPCAR  状态200
[福城建设-接口监控平台]:方法POST  路径/order/GETUSERORDER  状态200
[福城建设-接口监控平台]:方法POST  路径/order/GETUSERORDER  状态200
[福城建设-接口监控平台]:方法POST  路径/login/LOGINAUTO  状态200
[福城建设-接口监控平台]:方法POST  路径/login/GETUSERINFO  状态200
[福城建设-接口监控平台]:方法POST  路径/login/LOGINAUTO  状态200
[福城建设-接口监控平台]:方法POST  路径/login/GETUSERINFO  状态200
[福城建设-接口监控平台]:方法POST  路径/shopcar/GETSHOPCAR  状态200
[福城建设-接口监控平台]:方法POST  路径/order/GETUSERORDER  状态200
[福城建设-接口监控平台]:方法POST  路径/order/GETUSERORDER  状态200
[福城建设-接口监控平台]:方法POST  路径/order/GETUSERORDER  状态200
[福城建设-接口监控平台]:方法POST  路径/login/LOGINAUTO  状态200
[福城建设-接口监控平台]:方法POST  路径/login/GETUSERINFO  状态200
[福城建设-接口监控平台]:方法POST  路径/login/LOGINAUTO  状态200
[福城建设-接口监控平台]:方法POST  路径/login/GETUSERINFO  状态200
[福城建设-接口监控平台]:方法POST  路径/shopcar/GETSHOPCAR  状态200
[福城建设-接口监控平台]:方法POST  路径/order/GETUSERORDER  状态200
[福城建设-接口监控平台]:方法POST  路径/order/GETUSERORDER  状态200
[福城建设-接口监控平台]:方法POST  路径/order/GETUSERORDER  状态200
[福城建设-接口监控平台]:方法POST  路径/login/LOGINAUTO  状态200
[福城建设-接口监控平台]:方法POST  路径/login/GETUSERINFO  状态200
[福城建设-接口监控平台]:方法POST  路径/login/LOGINAUTO  状态200
[福城建设-接口监控平台]:方法POST  路径/login/GETUSERINFO  状态200
[福城建设-接口监控平台]:方法POST  路径/shopcar/GETSHOPCAR  状态200
[福城建设-接口监控平台]:方法POST  路径/order/GETUSERORDER  状态200
[福城建设-接口监控平台]:方法POST  路径/order/GETUSERORDER  状态200
[福城建设-接口监控平台]:方法POST  路径/login/LOGINAUTO  状态200
[福城建设-接口监控平台]:方法POST  路径/login/GETUSERINFO  状态200
[福城建设-接口监控平台]:方法POST  路径/login/LOGINAUTO  状态200
[福城建设-接口监控平台]:方法POST  路径/login/GETUSERINFO  状态200
[福城建设-接口监控平台]:方法POST  路径/shopcar/GETSHOPCAR  状态200
[福城建设-接口监控平台]:方法POST  路径/order/GETUSERORDER  状态200
[福城建设-接口监控平台]:方法POST  路径/order/GETUSERORDER  状态200
[福城建设-接口监控平台]:方法GET  路径/userHead/default.png  状态304
[福城建设-接口监控平台]:方法GET  路径/userHead/default.png  状态304
[福城建设-接口监控平台]:方法POST  路径/login/LOGINAUTO  状态200
[福城建设-接口监控平台]:方法POST  路径/login/GETUSERINFO  状态200
[福城建设-接口监控平台]:方法POST  路径/login/LOGINAUTO  状态200
[福城建设-接口监控平台]:方法POST  路径/login/GETUSERINFO  状态200
[福城建设-接口监控平台]:方法POST  路径/shopcar/GETSHOPCAR  状态200
[福城建设-接口监控平台]:方法POST  路径/order/GETUSERORDER  状态200
[福城建设-接口监控平台]:方法POST  路径/order/GETUSERORDER  状态200
[福城建设-接口监控平台]:方法GET  路径/userHead/default.png  状态304
[福城建设-接口监控平台]:方法POST  路径/login/LOGINAUTO  状态200
[福城建设-接口监控平台]:方法POST  路径/login/GETUSERINFO  状态200
[福城建设-接口监控平台]:方法POST  路径/login/LOGINAUTO  状态200
[福城建设-接口监控平台]:方法POST  路径/login/GETUSERINFO  状态200
[福城建设-接口监控平台]:方法POST  路径/shopcar/GETSHOPCAR  状态200
[福城建设-接口监控平台]:方法POST  路径/order/GETUSERORDER  状态200
[福城建设-接口监控平台]:方法POST  路径/order/GETUSERORDER  状态200
[福城建设-接口监控平台]:方法GET  路径/userHead/default.png  状态304
[福城建设-接口监控平台]:方法POST  路径/login/LOGINAUTO  状态200
[福城建设-接口监控平台]:方法POST  路径/login/GETUSERINFO  状态200
[福城建设-接口监控平台]:方法POST  路径/login/LOGINAUTO  状态200
[福城建设-接口监控平台]:方法POST  路径/login/GETUSERINFO  状态200
[福城建设-接口监控平台]:方法POST  路径/shopcar/GETSHOPCAR  状态200
[福城建设-接口监控平台]:方法POST  路径/order/GETUSERORDER  状态200
[福城建设-接口监控平台]:方法POST  路径/order/GETUSERORDER  状态200
[福城建设-接口监控平台]:方法GET  路径/userHead/default.png  状态304
[福城建设-接口监控平台]:方法POST  路径/order/GETUSERORDER  状态200
[福城建设-接口监控平台]:方法POST  路径/login/LOGINAUTO  状态200
[福城建设-接口监控平台]:方法POST  路径/login/GETUSERINFO  状态200
[福城建设-接口监控平台]:方法POST  路径/login/LOGINAUTO  状态200
[福城建设-接口监控平台]:方法POST  路径/login/GETUSERINFO  状态200
[福城建设-接口监控平台]:方法POST  路径/shopcar/GETSHOPCAR  状态200
[福城建设-接口监控平台]:方法POST  路径/order/GETUSERORDER  状态200
[福城建设-接口监控平台]:方法POST  路径/order/GETUSERORDER  状态200
[福城建设-接口监控平台]:方法GET  路径/userHead/default.png  状态304
[福城建设-接口监控平台]:方法GET  路径/userHead/default.png  状态304
[福城建设-接口监控平台]:方法POST  路径/order/GETUSERORDER  状态200
[福城建设-接口监控平台]:方法POST  路径/order/GETUSERORDER  状态200
[福城建设-接口监控平台]:方法POST  路径/order/GETUSERORDER  状态200
[福城建设-接口监控平台]:方法POST  路径/login/LOGINAUTO  状态200
[福城建设-接口监控平台]:方法POST  路径/login/GETUSERINFO  状态200
[福城建设-接口监控平台]:方法POST  路径/login/LOGINAUTO  状态200
[福城建设-接口监控平台]:方法POST  路径/login/GETUSERINFO  状态200
[福城建设-接口监控平台]:方法POST  路径/shopcar/GETSHOPCAR  状态200
[福城建设-接口监控平台]:方法POST  路径/order/GETUSERORDER  状态200
[福城建设-接口监控平台]:方法POST  路径/order/GETUSERORDER  状态200
[福城建设-接口监控平台]:方法GET  路径/userHead/default.png  状态304
[福城建设-接口监控平台]:方法GET  路径/userHead/default.png  状态304
[福城建设-接口监控平台]:方法POST  路径/login/LOGINAUTO  状态200
[福城建设-接口监控平台]:方法POST  路径/login/GETUSERINFO  状态200
[福城建设-接口监控平台]:方法POST  路径/login/LOGINAUTO  状态200
[福城建设-接口监控平台]:方法POST  路径/login/GETUSERINFO  状态200
[福城建设-接口监控平台]:方法POST  路径/shopcar/GETSHOPCAR  状态200
[福城建设-接口监控平台]:方法POST  路径/order/GETUSERORDER  状态200
[福城建设-接口监控平台]:方法POST  路径/order/GETUSERORDER  状态200
[福城建设-接口监控平台]:方法GET  路径/userHead/default.png  状态304
[福城建设-接口监控平台]:方法GET  路径/userHead/default.png  状态304
