[福城建设-接口监控平台]:方法POST  路径/shop/GETSTOCK  状态200
[福城建设-接口监控平台]:方法POST  路径/shop/GETSHOPBYID  状态200
[福城建设-接口监控平台]:方法POST  路径/shop/GETSHOPBYID  状态200
[福城建设-接口监控平台]:方法POST  路径/shop/GETSTOCK  状态200
[福城建设-接口监控平台]:方法POST  路径/shop/GETSTOCK  状态200
[福城建设-接口监控平台]:方法POST  路径/shop/GETSHOPBYID  状态200
[福城建设-接口监控平台]:方法POST  路径/shop/GETSHOPBYID  状态200
[福城建设-接口监控平台]:方法POST  路径/shop/GETSTOCK  状态200
[福城建设-接口监控平台]:方法POST  路径/shop/GETSTOCK  状态200
[福城建设-接口监控平台]:方法POST  路径/shop/GETSHOPBYID  状态200
[福城建设-接口监控平台]:方法POST  路径/shop/GETSHOPBYID  状态200
[福城建设-接口监控平台]:方法POST  路径/shop/GETSTOCK  状态200
[福城建设-接口监控平台]:方法POST  路径/shop/GETSHOPBYID  状态200
[福城建设-接口监控平台]:方法POST  路径/shop/GETSTOCK  状态200
[福城建设-接口监控平台]:方法POST  路径/shop/GETSTOCK  状态200
[福城建设-接口监控平台]:方法POST  路径/shop/GETSHOPBYID  状态200
[福城建设-接口监控平台]:方法POST  路径/shop/GETSHOPBYID  状态200
[福城建设-接口监控平台]:方法POST  路径/shop/GETSTOCK  状态200
[福城建设-接口监控平台]:方法POST  路径/login/LOGINAUTO  状态200
[福城建设-接口监控平台]:方法POST  路径/shop/GETSTOCK  状态200
[福城建设-接口监控平台]:方法POST  路径/shop/GETSHOPBYID  状态200
[福城建设-接口监控平台]:方法POST  路径/shop/GETSTOCK  状态200
[福城建设-接口监控平台]:方法POST  路径/shop/GETSHOPBYID  状态200
[福城建设-接口监控平台]:方法POST  路径/shop/GETSTOCK  状态200
[福城建设-接口监控平台]:方法POST  路径/shop/GETSHOPBYID  状态200
[福城建设-接口监控平台]:方法POST  路径/shop/GETSHOPBYID  状态200
[福城建设-接口监控平台]:方法POST  路径/shop/GETSTOCK  状态200
[福城建设-接口监控平台]:方法POST  路径/shop/GETSHOPBYID  状态200
[福城建设-接口监控平台]:方法POST  路径/shop/GETSTOCK  状态200
[福城建设-接口监控平台]:方法POST  路径/login/LOGINAUTO  状态200
[福城建设-接口监控平台]:方法POST  路径/shop/GETSTOCK  状态200
[福城建设-接口监控平台]:方法POST  路径/shop/GETSHOPBYID  状态200
[福城建设-接口监控平台]:方法POST  路径/shop/GETSHOPBYID  状态200
[福城建设-接口监控平台]:方法POST  路径/shop/GETSTOCK  状态200
[福城建设-接口监控平台]:方法POST  路径/shop/GETSTOCK  状态200
[福城建设-接口监控平台]:方法POST  路径/shop/GETSHOPBYID  状态200
[福城建设-接口监控平台]:方法POST  路径/shop/GETSHOPBYID  状态200
[福城建设-接口监控平台]:方法POST  路径/shop/GETSTOCK  状态200
[福城建设-接口监控平台]:方法POST  路径/shop/GETSTOCK  状态200
[福城建设-接口监控平台]:方法POST  路径/shop/GETSHOPBYID  状态200
[福城建设-接口监控平台]:方法POST  路径/shop/GETSTOCK  状态200
[福城建设-接口监控平台]:方法POST  路径/shop/GETSHOPBYID  状态200
[福城建设-接口监控平台]:方法POST  路径/shop/GETSHOPBYID  状态200
[福城建设-接口监控平台]:方法POST  路径/shop/GETSTOCK  状态200
[福城建设-接口监控平台]:方法POST  路径/shop/GETSHOPBYID  状态200
[福城建设-接口监控平台]:方法POST  路径/shop/GETSTOCK  状态200
[福城建设-接口监控平台]:方法POST  路径/shop/GETSHOPBYID  状态200
[福城建设-接口监控平台]:方法POST  路径/shop/GETSTOCK  状态200
[福城建设-接口监控平台]:方法POST  路径/shop/GETSHOPBYID  状态200
[福城建设-接口监控平台]:方法POST  路径/shop/GETSTOCK  状态200
[福城建设-接口监控平台]:方法POST  路径/shop/GETSTOCK  状态200
[福城建设-接口监控平台]:方法POST  路径/shop/GETSHOPBYID  状态200
[福城建设-接口监控平台]:方法POST  路径/shop/GETSHOPBYID  状态200
[福城建设-接口监控平台]:方法POST  路径/shop/GETSTOCK  状态200
[福城建设-接口监控平台]:方法POST  路径/shop/GETSTOCK  状态200
[福城建设-接口监控平台]:方法POST  路径/shop/GETSHOPBYID  状态200
[福城建设-接口监控平台]:方法POST  路径/login/LOGINAUTO  状态200
[福城建设-接口监控平台]:方法POST  路径/shop/GETSHOPBYID  状态200
[福城建设-接口监控平台]:方法POST  路径/shop/GETSTOCK  状态200
[福城建设-接口监控平台]:方法POST  路径/shop/GETSTOCK  状态200
[福城建设-接口监控平台]:方法POST  路径/shop/GETSHOPBYID  状态200
[福城建设-接口监控平台]:方法POST  路径/login/LOGINAUTO  状态200
[福城建设-接口监控平台]:方法POST  路径/shop/GETSTOCK  状态200
[福城建设-接口监控平台]:方法POST  路径/shop/GETSHOPBYID  状态200
[福城建设-接口监控平台]:方法POST  路径/shop/GETSHOPBYID  状态200
[福城建设-接口监控平台]:方法POST  路径/shop/GETSTOCK  状态200
[福城建设-接口监控平台]:方法POST  路径/shop/GETSHOPBYID  状态200
[福城建设-接口监控平台]:方法POST  路径/shop/GETSTOCK  状态200
[福城建设-接口监控平台]:方法POST  路径/shop/GETSHOPBYID  状态200
[福城建设-接口监控平台]:方法POST  路径/shop/GETSTOCK  状态200
[福城建设-接口监控平台]:方法POST  路径/shop/GETSTOCK  状态200
[福城建设-接口监控平台]:方法POST  路径/shop/GETSHOPBYID  状态200
[福城建设-接口监控平台]:方法POST  路径/login/LOGINAUTO  状态200
[福城建设-接口监控平台]:方法POST  路径/shop/GETSHOPBYID  状态200
[福城建设-接口监控平台]:方法POST  路径/shop/GETSTOCK  状态200
[福城建设-接口监控平台]:方法POST  路径/shop/GETSTOCK  状态200
[福城建设-接口监控平台]:方法POST  路径/shop/GETSHOPBYID  状态200
[福城建设-接口监控平台]:方法POST  路径/shop/GETSHOPBYID  状态200
[福城建设-接口监控平台]:方法POST  路径/shop/GETSTOCK  状态200
[福城建设-接口监控平台]:方法POST  路径/login/LOGINAUTO  状态200
[福城建设-接口监控平台]:方法POST  路径/shop/GETSTOCK  状态200
[福城建设-接口监控平台]:方法POST  路径/shop/GETSHOPBYID  状态200
[福城建设-接口监控平台]:方法POST  路径/shop/GETSTOCK  状态200
[福城建设-接口监控平台]:方法POST  路径/shop/GETSHOPBYID  状态200
[福城建设-接口监控平台]:方法POST  路径/login/LOGINAUTO  状态200
[福城建设-接口监控平台]:方法POST  路径/shop/GETSTOCK  状态200
[福城建设-接口监控平台]:方法POST  路径/shop/GETSHOPBYID  状态200
[福城建设-接口监控平台]:方法POST  路径/shop/GETSTOCK  状态200
[福城建设-接口监控平台]:方法POST  路径/shop/GETSHOPBYID  状态200
[福城建设-接口监控平台]:方法POST  路径/shop/GETSTOCK  状态200
[福城建设-接口监控平台]:方法POST  路径/shop/GETSHOPBYID  状态200
[福城建设-接口监控平台]:方法POST  路径/shop/GETSHOPBYID  状态200
[福城建设-接口监控平台]:方法POST  路径/shop/GETSTOCK  状态200
[福城建设-接口监控平台]:方法POST  路径/shop/GETSTOCK  状态200
[福城建设-接口监控平台]:方法POST  路径/shop/GETSHOPBYID  状态200
[福城建设-接口监控平台]:方法POST  路径/login/LOGINAUTO  状态200
[福城建设-接口监控平台]:方法POST  路径/shop/GETSHOPBYID  状态200
[福城建设-接口监控平台]:方法POST  路径/shop/GETSTOCK  状态200
[福城建设-接口监控平台]:方法POST  路径/shop/GETSTOCK  状态200
[福城建设-接口监控平台]:方法POST  路径/shop/GETSHOPBYID  状态200
[福城建设-接口监控平台]:方法POST  路径/shop/GETSHOPBYID  状态200
[福城建设-接口监控平台]:方法POST  路径/shop/GETSTOCK  状态200
[福城建设-接口监控平台]:方法POST  路径/shop/GETSHOPBYID  状态200
[福城建设-接口监控平台]:方法POST  路径/shop/GETSTOCK  状态200
[福城建设-接口监控平台]:方法POST  路径/shop/GETSTOCK  状态200
[福城建设-接口监控平台]:方法POST  路径/shop/GETSHOPBYID  状态200
[福城建设-接口监控平台]:方法POST  路径/shop/GETSTOCK  状态200
[福城建设-接口监控平台]:方法POST  路径/shop/GETSHOPBYID  状态200
[福城建设-接口监控平台]:方法POST  路径/shop/GETSHOPBYID  状态200
[福城建设-接口监控平台]:方法POST  路径/shop/GETSTOCK  状态200
[福城建设-接口监控平台]:方法POST  路径/shop/GETSTOCK  状态200
[福城建设-接口监控平台]:方法POST  路径/shop/GETSHOPBYID  状态200
[福城建设-接口监控平台]:方法POST  路径/login/LOGINAUTO  状态200
[福城建设-接口监控平台]:方法POST  路径/ad/GETAD  状态200
[福城建设-接口监控平台]:方法POST  路径/sort/GETSORT  状态200
[福城建设-接口监控平台]:方法POST  路径/ad/GETAD  状态200
[福城建设-接口监控平台]:方法POST  路径/search/SEARCHLIST  状态200
[福城建设-接口监控平台]:方法POST  路径/search/SEARCHRESULT  状态200
[福城建设-接口监控平台]:方法POST  路径/shop/GETSTOCK  状态200
[福城建设-接口监控平台]:方法POST  路径/shop/GETSHOPBYID  状态200
[福城建设-接口监控平台]:方法POST  路径/shop/GETSTOCK  状态200
[福城建设-接口监控平台]:方法POST  路径/shop/GETSHOPBYID  状态200
[福城建设-接口监控平台]:方法POST  路径/login/LOGINAUTO  状态200
[福城建设-接口监控平台]:方法POST  路径/shop/GETSHOPBYID  状态200
[福城建设-接口监控平台]:方法POST  路径/shop/GETSTOCK  状态200
[福城建设-接口监控平台]:方法POST  路径/search/SEARCHLIST  状态200
[福城建设-接口监控平台]:方法POST  路径/search/SEARCHRESULT  状态200
[福城建设-接口监控平台]:方法POST  路径/shop/GETSTOCK  状态200
[福城建设-接口监控平台]:方法POST  路径/shop/GETSHOPBYID  状态200
[福城建设-接口监控平台]:方法POST  路径/shop/GETSHOPBYID  状态200
[福城建设-接口监控平台]:方法POST  路径/shop/GETSTOCK  状态200
[福城建设-接口监控平台]:方法POST  路径/login/LOGINAUTO  状态200
[福城建设-接口监控平台]:方法POST  路径/login/LOGINU  状态200
[福城建设-接口监控平台]:方法POST  路径/adminlogin/GETADMINSTATE  状态200
[福城建设-接口监控平台]:方法POST  路径/login/GETUSERINFO  状态200
[福城建设-接口监控平台]:方法POST  路径/adminlogin/GETROUTER  状态200
[福城建设-接口监控平台]:方法POST  路径/sort/GETSORTS  状态200
[福城建设-接口监控平台]:方法POST  路径/brand/GETBRANDS  状态200
[福城建设-接口监控平台]:方法POST  路径/shop/GETSHOPS  状态200
[福城建设-接口监控平台]:方法POST  路径/sort/GETSORTS  状态200
[福城建设-接口监控平台]:方法POST  路径/brand/GETBRANDS  状态200
[福城建设-接口监控平台]:方法POST  路径/shop/GETSHOPS  状态200
[福城建设-接口监控平台]:方法POST  路径/shop/GETSHOPBYID  状态200
[福城建设-接口监控平台]:方法POST  路径/stock/GETSTOCKBYID  状态200
[福城建设-接口监控平台]:方法POST  路径/stock/ADDSTOCK  状态200
[福城建设-接口监控平台]:方法POST  路径/stock/GETSTOCKBYID  状态200
[福城建设-接口监控平台]:方法POST  路径/stock/ADDSTOCK  状态200
[福城建设-接口监控平台]:方法POST  路径/stock/GETSTOCKBYID  状态200
[福城建设-接口监控平台]:方法POST  路径/stock/ADDSTOCK  状态200
[福城建设-接口监控平台]:方法POST  路径/stock/GETSTOCKBYID  状态200
[福城建设-接口监控平台]:方法POST  路径/stock/ADDSTOCK  状态200
[福城建设-接口监控平台]:方法POST  路径/stock/GETSTOCKBYID  状态200
[福城建设-接口监控平台]:方法POST  路径/search/SEARCHLIST  状态200
[福城建设-接口监控平台]:方法POST  路径/search/SEARCHLIST  状态200
[福城建设-接口监控平台]:方法POST  路径/search/SEARCHLIST  状态200
[福城建设-接口监控平台]:方法POST  路径/search/SEARCHLIST  状态200
[福城建设-接口监控平台]:方法POST  路径/search/SEARCHRESULT  状态200
[福城建设-接口监控平台]:方法POST  路径/shop/GETSHOPBYID  状态200
[福城建设-接口监控平台]:方法POST  路径/shop/GETSTOCK  状态200
[福城建设-接口监控平台]:方法POST  路径/shop/GETSTOCK  状态200
[福城建设-接口监控平台]:方法POST  路径/shop/GETSHOPBYID  状态200
[福城建设-接口监控平台]:方法POST  路径/shop/GETSTOCK  状态200
[福城建设-接口监控平台]:方法POST  路径/shop/GETSHOPBYID  状态200
[福城建设-接口监控平台]:方法POST  路径/shop/GETSTOCK  状态200
[福城建设-接口监控平台]:方法POST  路径/shop/GETSHOPBYID  状态200
[福城建设-接口监控平台]:方法POST  路径/stock/UPDATESTOCK  状态200
[福城建设-接口监控平台]:方法POST  路径/stock/GETSTOCKBYID  状态200
[福城建设-接口监控平台]:方法POST  路径/shop/GETSHOPBYID  状态200
[福城建设-接口监控平台]:方法POST  路径/shop/GETSTOCK  状态200
[福城建设-接口监控平台]:方法POST  路径/login/LOGINAUTO  状态200
[福城建设-接口监控平台]:方法POST  路径/shop/GETSTOCK  状态200
[福城建设-接口监控平台]:方法POST  路径/shop/GETSHOPBYID  状态200
[福城建设-接口监控平台]:方法POST  路径/shop/GETSHOPBYID  状态200
[福城建设-接口监控平台]:方法POST  路径/shop/GETSTOCK  状态200
[福城建设-接口监控平台]:方法POST  路径/login/LOGINAUTO  状态200
[福城建设-接口监控平台]:方法POST  路径/shop/GETSHOPBYID  状态200
[福城建设-接口监控平台]:方法POST  路径/shop/GETSTOCK  状态200
[福城建设-接口监控平台]:方法POST  路径/shop/GETSTOCK  状态200
[福城建设-接口监控平台]:方法POST  路径/shop/GETSHOPBYID  状态200
[福城建设-接口监控平台]:方法POST  路径/login/LOGINAUTO  状态200
[福城建设-接口监控平台]:方法POST  路径/shop/GETSHOPBYID  状态200
[福城建设-接口监控平台]:方法POST  路径/shop/GETSTOCK  状态200
[福城建设-接口监控平台]:方法POST  路径/shop/GETSTOCK  状态200
[福城建设-接口监控平台]:方法POST  路径/shop/GETSHOPBYID  状态200
[福城建设-接口监控平台]:方法POST  路径/search/SEARCHLIST  状态200
[福城建设-接口监控平台]:方法POST  路径/search/SEARCHRESULT  状态200
[福城建设-接口监控平台]:方法POST  路径/shop/GETSTOCK  状态200
[福城建设-接口监控平台]:方法POST  路径/shop/GETSHOPBYID  状态200
[福城建设-接口监控平台]:方法POST  路径/shop/GETSHOPBYID  状态200
[福城建设-接口监控平台]:方法POST  路径/shop/GETSTOCK  状态200
[福城建设-接口监控平台]:方法POST  路径/login/LOGINAUTO  状态200
[福城建设-接口监控平台]:方法POST  路径/shop/GETSTOCK  状态200
[福城建设-接口监控平台]:方法POST  路径/shop/GETSHOPBYID  状态200
[福城建设-接口监控平台]:方法POST  路径/sort/GETSORT  状态200
[福城建设-接口监控平台]:方法POST  路径/ad/GETAD  状态200
[福城建设-接口监控平台]:方法POST  路径/ad/GETAD  状态200
[福城建设-接口监控平台]:方法POST  路径/login/LOGINAUTO  状态200
[福城建设-接口监控平台]:方法POST  路径/login/LOGINAUTO  状态200
[福城建设-接口监控平台]:方法POST  路径/sort/GETSORT  状态200
[福城建设-接口监控平台]:方法POST  路径/ad/GETAD  状态200
[福城建设-接口监控平台]:方法POST  路径/ad/GETAD  状态200
[福城建设-接口监控平台]:方法POST  路径/search/SEARCHLIST  状态200
[福城建设-接口监控平台]:方法POST  路径/search/SEARCHLIST  状态200
[福城建设-接口监控平台]:方法POST  路径/search/SEARCHRESULT  状态200
[福城建设-接口监控平台]:方法POST  路径/shop/GETSTOCK  状态200
[福城建设-接口监控平台]:方法POST  路径/shop/GETSHOPBYID  状态200
[福城建设-接口监控平台]:方法POST  路径/login/LOGINAUTO  状态200
[福城建设-接口监控平台]:方法POST  路径/shop/GETSTOCK  状态200
[福城建设-接口监控平台]:方法POST  路径/shop/GETSHOPBYID  状态200
[福城建设-接口监控平台]:方法POST  路径/ad/GETAD  状态200
[福城建设-接口监控平台]:方法POST  路径/ad/GETAD  状态200
[福城建设-接口监控平台]:方法POST  路径/sort/GETSORT  状态200
[福城建设-接口监控平台]:方法POST  路径/search/SEARCHLIST  状态200
[福城建设-接口监控平台]:方法POST  路径/search/SEARCHRESULT  状态200
[福城建设-接口监控平台]:方法POST  路径/shop/GETSHOPBYID  状态200
[福城建设-接口监控平台]:方法POST  路径/shop/GETSTOCK  状态200
[福城建设-接口监控平台]:方法POST  路径/ad/GETAD  状态200
[福城建设-接口监控平台]:方法POST  路径/sort/GETSORT  状态200
[福城建设-接口监控平台]:方法POST  路径/ad/GETAD  状态200
[福城建设-接口监控平台]:方法POST  路径/search/SEARCHLIST  状态200
[福城建设-接口监控平台]:方法POST  路径/search/SEARCHRESULT  状态200
[福城建设-接口监控平台]:方法POST  路径/shop/GETSHOPBYID  状态200
[福城建设-接口监控平台]:方法POST  路径/shop/GETSTOCK  状态200
[福城建设-接口监控平台]:方法POST  路径/login/LOGINAUTO  状态200
[福城建设-接口监控平台]:方法POST  路径/shop/GETSTOCK  状态200
[福城建设-接口监控平台]:方法POST  路径/shop/GETSHOPBYID  状态200
[福城建设-接口监控平台]:方法POST  路径/search/SEARCHLIST  状态200
[福城建设-接口监控平台]:方法POST  路径/search/SEARCHRESULT  状态200
[福城建设-接口监控平台]:方法POST  路径/shop/GETSTOCK  状态200
[福城建设-接口监控平台]:方法POST  路径/shop/GETSHOPBYID  状态200
[福城建设-接口监控平台]:方法POST  路径/login/LOGINAUTO  状态200
[福城建设-接口监控平台]:方法POST  路径/shop/GETSHOPBYID  状态200
[福城建设-接口监控平台]:方法POST  路径/shop/GETSTOCK  状态200
[福城建设-接口监控平台]:方法POST  路径/login/LOGINAUTO  状态200
[福城建设-接口监控平台]:方法POST  路径/shop/GETSHOPBYID  状态200
[福城建设-接口监控平台]:方法POST  路径/shop/GETSTOCK  状态200
[福城建设-接口监控平台]:方法POST  路径/login/LOGINAUTO  状态200
[福城建设-接口监控平台]:方法POST  路径/shop/GETSTOCK  状态200
[福城建设-接口监控平台]:方法POST  路径/shop/GETSHOPBYID  状态200
[福城建设-接口监控平台]:方法POST  路径/login/LOGINAUTO  状态200
[福城建设-接口监控平台]:方法POST  路径/shop/GETSTOCK  状态200
[福城建设-接口监控平台]:方法POST  路径/shop/GETSHOPBYID  状态200
[福城建设-接口监控平台]:方法POST  路径/login/LOGINAUTO  状态200
[福城建设-接口监控平台]:方法POST  路径/shop/GETSHOPBYID  状态200
[福城建设-接口监控平台]:方法POST  路径/shop/GETSTOCK  状态200
[福城建设-接口监控平台]:方法POST  路径/login/LOGINAUTO  状态200
[福城建设-接口监控平台]:方法POST  路径/shop/GETSTOCK  状态200
[福城建设-接口监控平台]:方法POST  路径/shop/GETSHOPBYID  状态200
[福城建设-接口监控平台]:方法POST  路径/search/SEARCHRESULT  状态200
[福城建设-接口监控平台]:方法POST  路径/shop/GETSTOCK  状态200
[福城建设-接口监控平台]:方法POST  路径/shop/GETSHOPBYID  状态200
[福城建设-接口监控平台]:方法POST  路径/login/LOGINU  状态200
[福城建设-接口监控平台]:方法POST  路径/adminlogin/GETADMINSTATE  状态200
[福城建设-接口监控平台]:方法POST  路径/login/GETUSERINFO  状态200
[福城建设-接口监控平台]:方法POST  路径/adminlogin/GETROUTER  状态200
[福城建设-接口监控平台]:方法POST  路径/sort/GETSORTS  状态200
[福城建设-接口监控平台]:方法POST  路径/brand/GETBRANDS  状态200
[福城建设-接口监控平台]:方法POST  路径/shop/GETSHOPS  状态200
[福城建设-接口监控平台]:方法POST  路径/sort/GETSORTS  状态200
[福城建设-接口监控平台]:方法POST  路径/brand/GETBRANDS  状态200
[福城建设-接口监控平台]:方法POST  路径/shop/GETSHOPS  状态200
[福城建设-接口监控平台]:方法POST  路径/shop/GETSHOPBYID  状态200
[福城建设-接口监控平台]:方法POST  路径/stock/GETSTOCKBYID  状态200
[福城建设-接口监控平台]:方法POST  路径/stock/ADDSTOCK  状态200
[福城建设-接口监控平台]:方法POST  路径/stock/GETSTOCKBYID  状态200
[福城建设-接口监控平台]:方法POST  路径/stock/ADDSTOCK  状态200
[福城建设-接口监控平台]:方法POST  路径/stock/GETSTOCKBYID  状态200
[福城建设-接口监控平台]:方法POST  路径/stock/ADDSTOCK  状态200
[福城建设-接口监控平台]:方法POST  路径/stock/GETSTOCKBYID  状态200
[福城建设-接口监控平台]:方法POST  路径/stock/ADDSTOCK  状态200
[福城建设-接口监控平台]:方法POST  路径/stock/GETSTOCKBYID  状态200
[福城建设-接口监控平台]:方法POST  路径/login/LOGINAUTO  状态200
[福城建设-接口监控平台]:方法POST  路径/search/SEARCHRESULT  状态200
[福城建设-接口监控平台]:方法POST  路径/shop/GETSTOCK  状态200
[福城建设-接口监控平台]:方法POST  路径/shop/GETSHOPBYID  状态200
[福城建设-接口监控平台]:方法POST  路径/login/LOGINAUTO  状态200
[福城建设-接口监控平台]:方法POST  路径/shop/GETSHOPBYID  状态200
[福城建设-接口监控平台]:方法POST  路径/shop/GETSTOCK  状态200
[福城建设-接口监控平台]:方法POST  路径/login/LOGINAUTO  状态200
[福城建设-接口监控平台]:方法POST  路径/shop/GETSHOPBYID  状态200
[福城建设-接口监控平台]:方法POST  路径/shop/GETSTOCK  状态200
[福城建设-接口监控平台]:方法POST  路径/shop/GETSHOPBYID  状态200
[福城建设-接口监控平台]:方法POST  路径/shop/GETSTOCK  状态200
[福城建设-接口监控平台]:方法POST  路径/comment/GETFIRST  状态404
[福城建设-接口监控平台]:方法POST  路径/login/LOGINAUTO  状态200
[福城建设-接口监控平台]:方法POST  路径/shop/GETSHOPBYID  状态200
[福城建设-接口监控平台]:方法POST  路径/shop/GETSTOCK  状态200
[福城建设-接口监控平台]:方法POST  路径/login/LOGINAUTO  状态200
[福城建设-接口监控平台]:方法POST  路径/shop/GETSTOCK  状态200
[福城建设-接口监控平台]:方法POST  路径/shop/GETSHOPBYID  状态200
[福城建设-接口监控平台]:方法POST  路径/comment/GETFIRST  状态-
[福城建设-接口监控平台]:方法POST  路径/comment/GETFIRST  状态-
