[福城建设-接口监控平台]:方法POST  路径/login/LOGINAUTO  状态200
[福城建设-接口监控平台]:方法POST  路径/login/LOGINAUTO  状态200
[福城建设-接口监控平台]:方法POST  路径/coupon/getcoupons  状态200
[福城建设-接口监控平台]:方法POST  路径/ad/GETAD  状态200
[福城建设-接口监控平台]:方法POST  路径/ad/GETAD  状态200
[福城建设-接口监控平台]:方法POST  路径/sort/GETSORT  状态200
[福城建设-接口监控平台]:方法POST  路径/shop/GETSALE  状态200
[福城建设-接口监控平台]:方法GET  路径/ad/20203321223374318.png  状态304
[福城建设-接口监控平台]:方法GET  路径/ad/2020351117414984.png  状态304
[福城建设-接口监控平台]:方法GET  路径/ad/20203511311237947.png  状态304
[福城建设-接口监控平台]:方法GET  路径/ad/2020351294361656.png  状态304
[福城建设-接口监控平台]:方法GET  路径/ad/20202214301056574.png  状态304
[福城建设-接口监控平台]:方法GET  路径/ad/2020242128381744.png  状态304
[福城建设-接口监控平台]:方法GET  路径/ad/20203512222052921.png  状态304
[福城建设-接口监控平台]:方法GET  路径/ad/2020351117871858.png  状态304
[福城建设-接口监控平台]:方法GET  路径/ad/2020351117275342.png  状态304
[福城建设-接口监控平台]:方法GET  路径/shop/2020351274156644.png  状态304
[福城建设-接口监控平台]:方法GET  路径/shop/2020221521846488.png  状态304
[福城建设-接口监控平台]:方法GET  路径/shop/20203513131146895.png  状态304
[福城建设-接口监控平台]:方法POST  路径/coupon/getcoupons  状态200
[福城建设-接口监控平台]:方法POST  路径/ad/GETAD  状态200
[福城建设-接口监控平台]:方法POST  路径/ad/GETAD  状态200
[福城建设-接口监控平台]:方法POST  路径/shop/GETSALE  状态200
[福城建设-接口监控平台]:方法POST  路径/sort/GETSORT  状态200
[福城建设-接口监控平台]:方法GET  路径/shop/2020351274156644.png  状态304
[福城建设-接口监控平台]:方法GET  路径/shop/2020221521846488.png  状态304
[福城建设-接口监控平台]:方法GET  路径/shop/20203513131146895.png  状态304
[福城建设-接口监控平台]:方法GET  路径/loading.gif  状态304
[福城建设-接口监控平台]:方法POST  路径/sort/GETSORT  状态200
[福城建设-接口监控平台]:方法POST  路径/ad/GETAD  状态200
[福城建设-接口监控平台]:方法POST  路径/ad/GETAD  状态200
[福城建设-接口监控平台]:方法POST  路径/coupon/getcoupons  状态200
[福城建设-接口监控平台]:方法POST  路径/shop/GETSALE  状态200
[福城建设-接口监控平台]:方法POST  路径/login/LOGINU  状态200
[福城建设-接口监控平台]:方法POST  路径/adminlogin/GETADMINSTATE  状态200
[福城建设-接口监控平台]:方法POST  路径/login/GETUSERINFO  状态200
[福城建设-接口监控平台]:方法POST  路径/adminlogin/GETROUTER  状态200
[福城建设-接口监控平台]:方法POST  路径/receive/GETRECEIVE  状态200
[福城建设-接口监控平台]:方法POST  路径/receive/GETRECEIVE  状态200
[福城建设-接口监控平台]:方法POST  路径/sort/GETSORTS  状态200
[福城建设-接口监控平台]:方法POST  路径/coupon/getcoupons  状态200
[福城建设-接口监控平台]:方法POST  路径/ad/GETAD  状态200
[福城建设-接口监控平台]:方法POST  路径/ad/GETAD  状态200
[福城建设-接口监控平台]:方法POST  路径/sort/GETSORT  状态200
[福城建设-接口监控平台]:方法POST  路径/shop/GETSALE  状态200
[福城建设-接口监控平台]:方法GET  路径/ad/20203511311237947.png  状态304
[福城建设-接口监控平台]:方法GET  路径/ad/2020351117871858.png  状态304
[福城建设-接口监控平台]:方法GET  路径/ad/2020351117275342.png  状态304
[福城建设-接口监控平台]:方法GET  路径/ad/2020351117414984.png  状态304
[福城建设-接口监控平台]:方法GET  路径/ad/20203321223374318.png  状态304
[福城建设-接口监控平台]:方法GET  路径/ad/2020351294361656.png  状态304
[福城建设-接口监控平台]:方法GET  路径/ad/20202214301056574.png  状态304
[福城建设-接口监控平台]:方法GET  路径/ad/2020242128381744.png  状态304
[福城建设-接口监控平台]:方法GET  路径/ad/20203512222052921.png  状态304
[福城建设-接口监控平台]:方法GET  路径/shop/2020351274156644.png  状态304
[福城建设-接口监控平台]:方法GET  路径/shop/2020221521846488.png  状态304
[福城建设-接口监控平台]:方法GET  路径/shop/20203513131146895.png  状态304
[福城建设-接口监控平台]:方法POST  路径/imgValidator/GET  状态200
[福城建设-接口监控平台]:方法POST  路径/imgValidator/CHECK  状态200
[福城建设-接口监控平台]:方法POST  路径/imgValidator/GET  状态200
[福城建设-接口监控平台]:方法POST  路径/imgValidator/CHECK  状态200
[福城建设-接口监控平台]:方法POST  路径/login/LOGINU  状态200
[福城建设-接口监控平台]:方法POST  路径/login/GETUSERINFO  状态200
[福城建设-接口监控平台]:方法POST  路径/shopcar/GETSHOPCAR  状态200
[福城建设-接口监控平台]:方法POST  路径/sort/GETSORT  状态200
[福城建设-接口监控平台]:方法GET  路径/userHead/20203511381096189.png  状态200
[福城建设-接口监控平台]:方法POST  路径/ad/GETAD  状态200
[福城建设-接口监控平台]:方法POST  路径/ad/GETAD  状态200
[福城建设-接口监控平台]:方法POST  路径/coupon/getcoupons  状态200
[福城建设-接口监控平台]:方法POST  路径/shop/GETSALE  状态200
[福城建设-接口监控平台]:方法POST  路径/order/GETORDERCOUNT  状态200
[福城建设-接口监控平台]:方法POST  路径/sort/GETSORT  状态200
[福城建设-接口监控平台]:方法POST  路径/ad/GETAD  状态200
[福城建设-接口监控平台]:方法POST  路径/ad/GETAD  状态200
[福城建设-接口监控平台]:方法POST  路径/coupon/getcoupons  状态200
[福城建设-接口监控平台]:方法POST  路径/shop/GETSALE  状态200
[福城建设-接口监控平台]:方法POST  路径/login/LOGINU  状态200
[福城建设-接口监控平台]:方法POST  路径/adminlogin/GETADMINSTATE  状态200
[福城建设-接口监控平台]:方法POST  路径/login/GETUSERINFO  状态200
[福城建设-接口监控平台]:方法POST  路径/adminlogin/GETROUTER  状态200
[福城建设-接口监控平台]:方法POST  路径/sort/GETSORTS  状态200
[福城建设-接口监控平台]:方法POST  路径/sort/ADDSORT  状态200
[福城建设-接口监控平台]:方法POST  路径/sort/GETSORTS  状态200
[福城建设-接口监控平台]:方法POST  路径/sort/GETSORTS  状态200
[福城建设-接口监控平台]:方法POST  路径/brand/GETBRANDS  状态200
[福城建设-接口监控平台]:方法POST  路径/shop/GETSHOPS  状态200
[福城建设-接口监控平台]:方法POST  路径/sort/GETSORTS  状态200
[福城建设-接口监控平台]:方法POST  路径/brand/GETBRANDS  状态200
[福城建设-接口监控平台]:方法POST  路径/spec/GETSPECS  状态200
[福城建设-接口监控平台]:方法POST  路径/spec/GETSPECS  状态200
[福城建设-接口监控平台]:方法POST  路径/spec/GETSPECS  状态200
[福城建设-接口监控平台]:方法POST  路径/spec/ADDSPEC  状态200
[福城建设-接口监控平台]:方法POST  路径/spec/GETSPECS  状态200
[福城建设-接口监控平台]:方法POST  路径/spec/ADDSPEC  状态200
[福城建设-接口监控平台]:方法POST  路径/spec/GETSPECS  状态200
[福城建设-接口监控平台]:方法POST  路径/shop/GETSHOPS  状态200
[福城建设-接口监控平台]:方法POST  路径/sort/GETSORTS  状态200
[福城建设-接口监控平台]:方法POST  路径/brand/GETBRANDS  状态200
[福城建设-接口监控平台]:方法POST  路径/sort/GETSORTS  状态200
[福城建设-接口监控平台]:方法POST  路径/brand/GETBRANDS  状态200
[福城建设-接口监控平台]:方法POST  路径/spec/GETSPECS  状态200
[福城建设-接口监控平台]:方法POST  路径/spec/GETSPECS  状态200
[福城建设-接口监控平台]:方法POST  路径/spec/GETSPECS  状态200
[福城建设-接口监控平台]:方法POST  路径/spec/GETSPECS  状态200
[福城建设-接口监控平台]:方法POST  路径/spec/GETSPECS  状态200
[福城建设-接口监控平台]:方法POST  路径/shop/ADDSHOP  状态200
[福城建设-接口监控平台]:方法POST  路径/sort/GETSORTS  状态200
[福城建设-接口监控平台]:方法POST  路径/brand/GETBRANDS  状态200
[福城建设-接口监控平台]:方法POST  路径/shop/GETSHOPS  状态200
[福城建设-接口监控平台]:方法POST  路径/sort/GETSORTS  状态200
[福城建设-接口监控平台]:方法POST  路径/brand/GETBRANDS  状态200
[福城建设-接口监控平台]:方法POST  路径/shop/GETSHOPS  状态200
[福城建设-接口监控平台]:方法POST  路径/shop/GETSHOPBYID  状态200
[福城建设-接口监控平台]:方法POST  路径/stock/GETSTOCKBYID  状态200
[福城建设-接口监控平台]:方法POST  路径/shop/GETSHOPS  状态200
[福城建设-接口监控平台]:方法POST  路径/sort/GETSORTS  状态200
[福城建设-接口监控平台]:方法POST  路径/brand/GETBRANDS  状态200
[福城建设-接口监控平台]:方法POST  路径/shop/GETSHOPBYID  状态200
[福城建设-接口监控平台]:方法POST  路径/sort/GETSORTS  状态200
[福城建设-接口监控平台]:方法POST  路径/brand/GETBRANDS  状态200
[福城建设-接口监控平台]:方法POST  路径/spec/GETSPECS  状态200
[福城建设-接口监控平台]:方法POST  路径/spec/GETSPECS  状态200
[福城建设-接口监控平台]:方法POST  路径/spec/GETSPECS  状态200
[福城建设-接口监控平台]:方法POST  路径/shop/UPDATESHOP  状态200
[福城建设-接口监控平台]:方法POST  路径/sort/GETSORTS  状态200
[福城建设-接口监控平台]:方法POST  路径/shop/GETSHOPS  状态200
[福城建设-接口监控平台]:方法POST  路径/brand/GETBRANDS  状态200
[福城建设-接口监控平台]:方法POST  路径/shop/GETSHOPBYID  状态200
[福城建设-接口监控平台]:方法POST  路径/sort/GETSORTS  状态200
[福城建设-接口监控平台]:方法POST  路径/brand/GETBRANDS  状态200
[福城建设-接口监控平台]:方法POST  路径/sort/GETSORTS  状态200
[福城建设-接口监控平台]:方法POST  路径/brand/GETBRANDS  状态200
[福城建设-接口监控平台]:方法POST  路径/sort/GETSORTS  状态200
[福城建设-接口监控平台]:方法POST  路径/shop/GETSHOPS  状态200
[福城建设-接口监控平台]:方法POST  路径/sort/GETSORTS  状态200
[福城建设-接口监控平台]:方法POST  路径/brand/GETBRANDS  状态200
[福城建设-接口监控平台]:方法POST  路径/spec/GETSPECS  状态200
[福城建设-接口监控平台]:方法POST  路径/sort/GETSORTS  状态200
[福城建设-接口监控平台]:方法POST  路径/brand/GETBRANDS  状态200
[福城建设-接口监控平台]:方法POST  路径/shop/GETSHOPS  状态200
[福城建设-接口监控平台]:方法POST  路径/stock/GETSTOCKBYID  状态200
[福城建设-接口监控平台]:方法POST  路径/shop/GETSHOPBYID  状态200
[福城建设-接口监控平台]:方法POST  路径/login/LOGINAUTO  状态200
[福城建设-接口监控平台]:方法POST  路径/login/GETUSERINFO  状态200
[福城建设-接口监控平台]:方法POST  路径/shop/GETSHOPBYID  状态200
[福城建设-接口监控平台]:方法POST  路径/stock/GETSTOCKBYID  状态200
[福城建设-接口监控平台]:方法POST  路径/shop/GETSHOPBYID  状态200
[福城建设-接口监控平台]:方法POST  路径/stock/GETSTOCKBYID  状态200
[福城建设-接口监控平台]:方法POST  路径/shop/GETSHOPBYID  状态200
[福城建设-接口监控平台]:方法POST  路径/sort/GETSORTS  状态200
[福城建设-接口监控平台]:方法POST  路径/brand/GETBRANDS  状态200
[福城建设-接口监控平台]:方法POST  路径/shop/GETSHOPS  状态200
[福城建设-接口监控平台]:方法POST  路径/sort/GETSORTS  状态200
[福城建设-接口监控平台]:方法POST  路径/brand/GETBRANDS  状态200
[福城建设-接口监控平台]:方法POST  路径/shop/GETSHOPBYID  状态200
[福城建设-接口监控平台]:方法POST  路径/brand/GETBRANDS  状态200
[福城建设-接口监控平台]:方法POST  路径/sort/GETSORTS  状态200
[福城建设-接口监控平台]:方法POST  路径/spec/GETSPECS  状态200
[福城建设-接口监控平台]:方法POST  路径/login/LOGINAUTO  状态200
[福城建设-接口监控平台]:方法POST  路径/login/GETUSERINFO  状态200
[福城建设-接口监控平台]:方法POST  路径/shop/GETSHOPBYID  状态200
[福城建设-接口监控平台]:方法POST  路径/sort/GETSORTS  状态200
[福城建设-接口监控平台]:方法POST  路径/brand/GETBRANDS  状态200
[福城建设-接口监控平台]:方法POST  路径/shop/GETSHOPS  状态200
[福城建设-接口监控平台]:方法POST  路径/sort/GETSORTS  状态200
[福城建设-接口监控平台]:方法POST  路径/brand/GETBRANDS  状态200
[福城建设-接口监控平台]:方法POST  路径/brand/GETBRANDS  状态200
[福城建设-接口监控平台]:方法POST  路径/sort/GETSORTS  状态200
[福城建设-接口监控平台]:方法POST  路径/shop/GETSHOPS  状态200
[福城建设-接口监控平台]:方法POST  路径/shop/GETSHOPBYID  状态200
[福城建设-接口监控平台]:方法POST  路径/sort/GETSORTS  状态200
[福城建设-接口监控平台]:方法POST  路径/brand/GETBRANDS  状态200
[福城建设-接口监控平台]:方法POST  路径/login/LOGINAUTO  状态200
[福城建设-接口监控平台]:方法POST  路径/login/GETUSERINFO  状态200
[福城建设-接口监控平台]:方法POST  路径/shop/GETSHOPBYID  状态200
[福城建设-接口监控平台]:方法POST  路径/sort/GETSORTS  状态200
[福城建设-接口监控平台]:方法POST  路径/brand/GETBRANDS  状态200
[福城建设-接口监控平台]:方法POST  路径/sort/GETSORTS  状态200
[福城建设-接口监控平台]:方法POST  路径/brand/GETBRANDS  状态200
[福城建设-接口监控平台]:方法POST  路径/shop/GETSHOPS  状态200
[福城建设-接口监控平台]:方法POST  路径/shop/GETSHOPBYID  状态200
[福城建设-接口监控平台]:方法POST  路径/sort/GETSORTS  状态200
[福城建设-接口监控平台]:方法POST  路径/brand/GETBRANDS  状态200
[福城建设-接口监控平台]:方法POST  路径/spec/GETSPECS  状态200
[福城建设-接口监控平台]:方法POST  路径/shop/UPDATESHOP  状态200
[福城建设-接口监控平台]:方法POST  路径/sort/GETSORTS  状态200
[福城建设-接口监控平台]:方法POST  路径/brand/GETBRANDS  状态200
[福城建设-接口监控平台]:方法POST  路径/shop/GETSHOPS  状态200
[福城建设-接口监控平台]:方法POST  路径/shop/GETSHOPBYID  状态200
[福城建设-接口监控平台]:方法POST  路径/sort/GETSORTS  状态200
[福城建设-接口监控平台]:方法POST  路径/brand/GETBRANDS  状态200
[福城建设-接口监控平台]:方法POST  路径/spec/GETSPECS  状态200
[福城建设-接口监控平台]:方法POST  路径/shop/UPDATESHOP  状态200
[福城建设-接口监控平台]:方法POST  路径/sort/GETSORTS  状态200
[福城建设-接口监控平台]:方法POST  路径/shop/GETSHOPS  状态200
[福城建设-接口监控平台]:方法POST  路径/brand/GETBRANDS  状态200
[福城建设-接口监控平台]:方法POST  路径/shop/GETSHOPBYID  状态200
[福城建设-接口监控平台]:方法POST  路径/sort/GETSORTS  状态200
[福城建设-接口监控平台]:方法POST  路径/brand/GETBRANDS  状态200
[福城建设-接口监控平台]:方法POST  路径/shop/GETSHOPS  状态200
[福城建设-接口监控平台]:方法POST  路径/sort/GETSORTS  状态200
[福城建设-接口监控平台]:方法POST  路径/brand/GETBRANDS  状态200
[福城建设-接口监控平台]:方法POST  路径/shop/DELETESHOP  状态200
[福城建设-接口监控平台]:方法POST  路径/shop/GETSHOPS  状态200
[福城建设-接口监控平台]:方法POST  路径/shop/GETSHOPBYID  状态200
[福城建设-接口监控平台]:方法POST  路径/sort/GETSORTS  状态200
[福城建设-接口监控平台]:方法POST  路径/brand/GETBRANDS  状态200
[福城建设-接口监控平台]:方法POST  路径/spec/GETSPECS  状态200
[福城建设-接口监控平台]:方法POST  路径/spec/GETSPECS  状态200
[福城建设-接口监控平台]:方法POST  路径/shop/UPDATESHOP  状态200
[福城建设-接口监控平台]:方法POST  路径/sort/GETSORTS  状态200
[福城建设-接口监控平台]:方法POST  路径/brand/GETBRANDS  状态200
[福城建设-接口监控平台]:方法POST  路径/shop/GETSHOPS  状态200
[福城建设-接口监控平台]:方法POST  路径/shop/GETSHOPBYID  状态200
[福城建设-接口监控平台]:方法POST  路径/sort/GETSORTS  状态200
[福城建设-接口监控平台]:方法POST  路径/brand/GETBRANDS  状态200
[福城建设-接口监控平台]:方法POST  路径/shop/UPDATESHOP  状态200
[福城建设-接口监控平台]:方法POST  路径/sort/GETSORTS  状态200
[福城建设-接口监控平台]:方法POST  路径/shop/GETSHOPS  状态200
[福城建设-接口监控平台]:方法POST  路径/brand/GETBRANDS  状态200
[福城建设-接口监控平台]:方法POST  路径/shop/GETSHOPBYID  状态200
[福城建设-接口监控平台]:方法POST  路径/sort/GETSORTS  状态200
[福城建设-接口监控平台]:方法POST  路径/brand/GETBRANDS  状态200
[福城建设-接口监控平台]:方法POST  路径/shop/UPDATESHOP  状态200
[福城建设-接口监控平台]:方法POST  路径/sort/GETSORTS  状态200
[福城建设-接口监控平台]:方法POST  路径/shop/GETSHOPS  状态200
[福城建设-接口监控平台]:方法POST  路径/brand/GETBRANDS  状态200
[福城建设-接口监控平台]:方法POST  路径/sort/GETSORTS  状态200
[福城建设-接口监控平台]:方法POST  路径/sort/DELETESORT  状态200
[福城建设-接口监控平台]:方法POST  路径/sort/GETSORTS  状态200
[福城建设-接口监控平台]:方法POST  路径/sort/GETSORTS  状态200
[福城建设-接口监控平台]:方法POST  路径/sort/DELETESORT  状态200
[福城建设-接口监控平台]:方法POST  路径/sort/GETSORTS  状态200
[福城建设-接口监控平台]:方法POST  路径/login/LOGINAUTO  状态200
[福城建设-接口监控平台]:方法POST  路径/sort/GETSORTS  状态200
[福城建设-接口监控平台]:方法POST  路径/login/GETUSERINFO  状态200
[福城建设-接口监控平台]:方法POST  路径/receive/GETRECEIVE  状态200
[福城建设-接口监控平台]:方法POST  路径/sort/GETSORTS  状态200
[福城建设-接口监控平台]:方法POST  路径/spec/GETSPECS  状态200
[福城建设-接口监控平台]:方法POST  路径/spec/GETSPECS  状态200
[福城建设-接口监控平台]:方法POST  路径/spec/GETSPECS  状态200
[福城建设-接口监控平台]:方法POST  路径/spec/ADDSPEC  状态200
[福城建设-接口监控平台]:方法POST  路径/spec/GETSPECS  状态200
[福城建设-接口监控平台]:方法POST  路径/spec/GETSPECS  状态200
[福城建设-接口监控平台]:方法POST  路径/sort/GETSORT  状态200
[福城建设-接口监控平台]:方法POST  路径/ad/GETAD  状态200
[福城建设-接口监控平台]:方法POST  路径/ad/GETAD  状态200
[福城建设-接口监控平台]:方法POST  路径/coupon/getcoupons  状态200
[福城建设-接口监控平台]:方法POST  路径/shop/GETSALE  状态200
[福城建设-接口监控平台]:方法GET  路径/shop/20203310572046079.png  状态200
[福城建设-接口监控平台]:方法POST  路径/imgValidator/GET  状态200
[福城建设-接口监控平台]:方法POST  路径/imgValidator/CHECK  状态200
[福城建设-接口监控平台]:方法POST  路径/login/LOGINU  状态200
[福城建设-接口监控平台]:方法POST  路径/login/GETUSERINFO  状态200
[福城建设-接口监控平台]:方法POST  路径/shopcar/GETSHOPCAR  状态200
[福城建设-接口监控平台]:方法POST  路径/sort/GETSORT  状态200
[福城建设-接口监控平台]:方法POST  路径/ad/GETAD  状态200
[福城建设-接口监控平台]:方法POST  路径/ad/GETAD  状态200
[福城建设-接口监控平台]:方法POST  路径/coupon/getcoupons  状态200
[福城建设-接口监控平台]:方法POST  路径/shop/GETSALE  状态200
[福城建设-接口监控平台]:方法POST  路径/order/GETORDERCOUNT  状态200
[福城建设-接口监控平台]:方法POST  路径/order/GETCENTERORDERINFO  状态200
[福城建设-接口监控平台]:方法POST  路径/sort/GETSORT  状态200
[福城建设-接口监控平台]:方法POST  路径/ad/GETAD  状态200
[福城建设-接口监控平台]:方法POST  路径/ad/GETAD  状态200
[福城建设-接口监控平台]:方法POST  路径/coupon/getcoupons  状态200
[福城建设-接口监控平台]:方法POST  路径/shop/GETSALE  状态200
[福城建设-接口监控平台]:方法POST  路径/login/LOGINU  状态200
[福城建设-接口监控平台]:方法POST  路径/adminlogin/GETADMINSTATE  状态200
[福城建设-接口监控平台]:方法POST  路径/login/GETUSERINFO  状态200
[福城建设-接口监控平台]:方法POST  路径/adminlogin/GETROUTER  状态200
[福城建设-接口监控平台]:方法POST  路径/sort/GETSORTS  状态200
[福城建设-接口监控平台]:方法POST  路径/sort/ADDSORT  状态200
[福城建设-接口监控平台]:方法POST  路径/sort/GETSORTS  状态200
[福城建设-接口监控平台]:方法POST  路径/sort/GETSORTS  状态200
[福城建设-接口监控平台]:方法POST  路径/shop/GETSHOPS  状态200
[福城建设-接口监控平台]:方法POST  路径/brand/GETBRANDS  状态200
[福城建设-接口监控平台]:方法POST  路径/sort/GETSORTS  状态200
[福城建设-接口监控平台]:方法POST  路径/brand/GETBRANDS  状态200
[福城建设-接口监控平台]:方法POST  路径/spec/GETSPECS  状态200
[福城建设-接口监控平台]:方法POST  路径/spec/GETSPECS  状态200
[福城建设-接口监控平台]:方法POST  路径/spec/GETSPECS  状态200
[福城建设-接口监控平台]:方法POST  路径/spec/GETSPECS  状态200
[福城建设-接口监控平台]:方法POST  路径/spec/GETSPECS  状态200
[福城建设-接口监控平台]:方法POST  路径/spec/GETSPECS  状态200
[福城建设-接口监控平台]:方法POST  路径/spec/GETSPECS  状态200
[福城建设-接口监控平台]:方法POST  路径/spec/GETSPECS  状态200
[福城建设-接口监控平台]:方法POST  路径/shop/ADDSHOP  状态200
[福城建设-接口监控平台]:方法POST  路径/sort/GETSORTS  状态200
[福城建设-接口监控平台]:方法POST  路径/shop/GETSHOPS  状态200
[福城建设-接口监控平台]:方法POST  路径/brand/GETBRANDS  状态200
[福城建设-接口监控平台]:方法POST  路径/sort/GETSORTS  状态200
[福城建设-接口监控平台]:方法POST  路径/brand/GETBRANDS  状态200
[福城建设-接口监控平台]:方法POST  路径/shop/GETSHOPS  状态200
[福城建设-接口监控平台]:方法POST  路径/shop/GETSHOPBYID  状态200
[福城建设-接口监控平台]:方法POST  路径/stock/GETSTOCKBYID  状态200
[福城建设-接口监控平台]:方法POST  路径/stock/ADDSTOCK  状态200
[福城建设-接口监控平台]:方法POST  路径/stock/GETSTOCKBYID  状态200
[福城建设-接口监控平台]:方法POST  路径/stock/ADDSTOCK  状态200
[福城建设-接口监控平台]:方法POST  路径/stock/GETSTOCKBYID  状态200
[福城建设-接口监控平台]:方法POST  路径/stock/ADDSTOCK  状态200
[福城建设-接口监控平台]:方法POST  路径/stock/GETSTOCKBYID  状态200
[福城建设-接口监控平台]:方法POST  路径/stock/ADDSTOCK  状态200
[福城建设-接口监控平台]:方法POST  路径/stock/GETSTOCKBYID  状态200
[福城建设-接口监控平台]:方法POST  路径/sort/GETSORTS  状态200
[福城建设-接口监控平台]:方法POST  路径/brand/GETBRANDS  状态200
[福城建设-接口监控平台]:方法POST  路径/shop/GETSHOPS  状态200
[福城建设-接口监控平台]:方法POST  路径/login/LOGINAUTO  状态200
[福城建设-接口监控平台]:方法POST  路径/ad/GETAD  状态200
[福城建设-接口监控平台]:方法POST  路径/ad/GETAD  状态200
[福城建设-接口监控平台]:方法POST  路径/coupon/getcoupons  状态200
[福城建设-接口监控平台]:方法POST  路径/shop/GETSALE  状态200
[福城建设-接口监控平台]:方法POST  路径/sort/GETSORT  状态200
[福城建设-接口监控平台]:方法GET  路径/ad/20203511311237947.png  状态304
[福城建设-接口监控平台]:方法GET  路径/ad/2020351117871858.png  状态304
[福城建设-接口监控平台]:方法GET  路径/ad/2020351117275342.png  状态304
[福城建设-接口监控平台]:方法GET  路径/ad/2020351117414984.png  状态304
[福城建设-接口监控平台]:方法GET  路径/ad/20203321223374318.png  状态304
[福城建设-接口监控平台]:方法GET  路径/ad/2020351294361656.png  状态304
[福城建设-接口监控平台]:方法GET  路径/ad/20202214301056574.png  状态304
[福城建设-接口监控平台]:方法GET  路径/ad/2020242128381744.png  状态304
[福城建设-接口监控平台]:方法GET  路径/ad/20203512222052921.png  状态304
[福城建设-接口监控平台]:方法GET  路径/shop/2020351274156644.png  状态304
[福城建设-接口监控平台]:方法GET  路径/shop/20203310572046079.png  状态304
[福城建设-接口监控平台]:方法GET  路径/shop/2020331155952578.png  状态200
[福城建设-接口监控平台]:方法POST  路径/login/GETUSERINFO  状态200
[福城建设-接口监控平台]:方法GET  路径/userHead/20203511381096189.png  状态304
[福城建设-接口监控平台]:方法POST  路径/shopcar/GETSHOPCAR  状态200
[福城建设-接口监控平台]:方法POST  路径/shop/GETSHOPBYID  状态200
[福城建设-接口监控平台]:方法POST  路径/login/LOGINAUTO  状态200
[福城建设-接口监控平台]:方法POST  路径/shop/GETSTOCK  状态200
[福城建设-接口监控平台]:方法POST  路径/coupon/GETSHOPCOUPON  状态200
[福城建设-接口监控平台]:方法POST  路径/login/GETUSERINFO  状态200
[福城建设-接口监控平台]:方法POST  路径/comment/GETFIRST  状态200
[福城建设-接口监控平台]:方法POST  路径/coupon/getcoupons  状态200
[福城建设-接口监控平台]:方法POST  路径/ad/GETAD  状态200
[福城建设-接口监控平台]:方法POST  路径/ad/GETAD  状态200
[福城建设-接口监控平台]:方法POST  路径/sort/GETSORT  状态200
[福城建设-接口监控平台]:方法POST  路径/shop/GETSALE  状态200
[福城建设-接口监控平台]:方法POST  路径/order/GETORDERCOUNT  状态200
[福城建设-接口监控平台]:方法POST  路径/receive/GETUSERRECEIVE  状态200
[福城建设-接口监控平台]:方法POST  路径/receive/GETRECEIVE  状态200
[福城建设-接口监控平台]:方法POST  路径/receive/GETRECEIVE  状态200
[福城建设-接口监控平台]:方法POST  路径/receive/ADDRECEIVE  状态200
[福城建设-接口监控平台]:方法POST  路径/receive/GETRECEIVE  状态200
[福城建设-接口监控平台]:方法POST  路径/receive/GETUSERRECEIVE  状态200
[福城建设-接口监控平台]:方法POST  路径/receive/GETRECEIVE  状态200
[福城建设-接口监控平台]:方法POST  路径/receive/ADDUSERPAY  状态200
[福城建设-接口监控平台]:方法POST  路径/receive/GETUSERRECEIVE  状态200
[福城建设-接口监控平台]:方法POST  路径/coupon/GETUSERCOUPON  状态200
[福城建设-接口监控平台]:方法POST  路径/receive/GETUSERRECEIVE  状态200
[福城建设-接口监控平台]:方法POST  路径/receive/DELETEUSERPAY  状态200
[福城建设-接口监控平台]:方法POST  路径/receive/DELETERECEIVE  状态200
[福城建设-接口监控平台]:方法POST  路径/receive/GETRECEIVE  状态200
[福城建设-接口监控平台]:方法POST  路径/receive/ADDRECEIVE  状态200
[福城建设-接口监控平台]:方法POST  路径/receive/GETRECEIVE  状态200
[福城建设-接口监控平台]:方法POST  路径/receive/GETRECEIVE  状态200
[福城建设-接口监控平台]:方法POST  路径/receive/GETUSERRECEIVE  状态200
[福城建设-接口监控平台]:方法POST  路径/receive/DELETEUSERPAY  状态200
[福城建设-接口监控平台]:方法POST  路径/receive/GETUSERRECEIVE  状态200
[福城建设-接口监控平台]:方法POST  路径/receive/GETRECEIVE  状态200
[福城建设-接口监控平台]:方法POST  路径/receive/ADDUSERPAY  状态200
[福城建设-接口监控平台]:方法POST  路径/receive/GETUSERRECEIVE  状态200
[福城建设-接口监控平台]:方法POST  路径/coupon/GETUSERCOUPON  状态200
[福城建设-接口监控平台]:方法POST  路径/receive/GETUSERRECEIVE  状态200
[福城建设-接口监控平台]:方法POST  路径/sort/GETSORT  状态200
[福城建设-接口监控平台]:方法POST  路径/ad/GETAD  状态200
[福城建设-接口监控平台]:方法POST  路径/ad/GETAD  状态200
[福城建设-接口监控平台]:方法POST  路径/coupon/getcoupons  状态200
[福城建设-接口监控平台]:方法POST  路径/shop/GETSALE  状态200
[福城建设-接口监控平台]:方法POST  路径/shop/GETSHOPBYID  状态200
[福城建设-接口监控平台]:方法POST  路径/shop/GETSTOCK  状态200
[福城建设-接口监控平台]:方法POST  路径/login/LOGINAUTO  状态200
[福城建设-接口监控平台]:方法POST  路径/login/GETUSERINFO  状态200
[福城建设-接口监控平台]:方法POST  路径/coupon/GETSHOPCOUPON  状态200
[福城建设-接口监控平台]:方法POST  路径/comment/GETFIRST  状态200
[福城建设-接口监控平台]:方法GET  路径/userHead/20203511381096189.png  状态200
[福城建设-接口监控平台]:方法POST  路径/sort/GETSORT  状态200
[福城建设-接口监控平台]:方法POST  路径/ad/GETAD  状态200
[福城建设-接口监控平台]:方法POST  路径/ad/GETAD  状态200
[福城建设-接口监控平台]:方法POST  路径/coupon/getcoupons  状态200
[福城建设-接口监控平台]:方法POST  路径/shop/GETSALE  状态200
[福城建设-接口监控平台]:方法GET  路径/ad/20203511311237947.png  状态200
[福城建设-接口监控平台]:方法GET  路径/ad/2020351117275342.png  状态200
[福城建设-接口监控平台]:方法GET  路径/ad/2020351117414984.png  状态200
[福城建设-接口监控平台]:方法GET  路径/ad/2020351117871858.png  状态200
[福城建设-接口监控平台]:方法GET  路径/ad/2020351294361656.png  状态200
[福城建设-接口监控平台]:方法GET  路径/ad/20202214301056574.png  状态200
[福城建设-接口监控平台]:方法GET  路径/ad/20203321223374318.png  状态200
[福城建设-接口监控平台]:方法GET  路径/ad/2020242128381744.png  状态200
[福城建设-接口监控平台]:方法GET  路径/ad/20203512222052921.png  状态200
[福城建设-接口监控平台]:方法GET  路径/shop/2020331155952578.png  状态200
[福城建设-接口监控平台]:方法GET  路径/shop/2020351274156644.png  状态200
[福城建设-接口监控平台]:方法GET  路径/shop/20203310572046079.png  状态200
[福城建设-接口监控平台]:方法GET  路径/shop/2020331155952578.png  状态200
[福城建设-接口监控平台]:方法GET  路径/shop/2020351274156644.png  状态200
[福城建设-接口监控平台]:方法GET  路径/shop/20203310572046079.png  状态200
[福城建设-接口监控平台]:方法GET  路径/userHead/20203511381096189.png  状态200
[福城建设-接口监控平台]:方法POST  路径/shop/GETSHOPBYID  状态200
[福城建设-接口监控平台]:方法POST  路径/login/LOGINAUTO  状态200
[福城建设-接口监控平台]:方法POST  路径/shop/GETSTOCK  状态200
[福城建设-接口监控平台]:方法POST  路径/coupon/GETSHOPCOUPON  状态200
[福城建设-接口监控平台]:方法POST  路径/login/GETUSERINFO  状态200
[福城建设-接口监控平台]:方法POST  路径/comment/GETFIRST  状态200
[福城建设-接口监控平台]:方法GET  路径/userHead/20203511381096189.png  状态200
[福城建设-接口监控平台]:方法POST  路径/sort/GETSORT  状态200
[福城建设-接口监控平台]:方法POST  路径/ad/GETAD  状态200
[福城建设-接口监控平台]:方法POST  路径/ad/GETAD  状态200
[福城建设-接口监控平台]:方法GET  路径/ad/20203321223374318.png  状态200
[福城建设-接口监控平台]:方法GET  路径/ad/2020351294361656.png  状态200
[福城建设-接口监控平台]:方法GET  路径/ad/20203512222052921.png  状态200
[福城建设-接口监控平台]:方法GET  路径/ad/2020242128381744.png  状态200
[福城建设-接口监控平台]:方法GET  路径/ad/20202214301056574.png  状态200
[福城建设-接口监控平台]:方法POST  路径/coupon/getcoupons  状态200
[福城建设-接口监控平台]:方法POST  路径/shop/GETSALE  状态200
[福城建设-接口监控平台]:方法GET  路径/ad/2020351117414984.png  状态200
[福城建设-接口监控平台]:方法GET  路径/ad/20203511311237947.png  状态200
[福城建设-接口监控平台]:方法GET  路径/ad/2020351117275342.png  状态200
[福城建设-接口监控平台]:方法GET  路径/ad/2020351117871858.png  状态200
[福城建设-接口监控平台]:方法GET  路径/shop/2020351274156644.png  状态200
[福城建设-接口监控平台]:方法GET  路径/shop/2020331155952578.png  状态200
[福城建设-接口监控平台]:方法GET  路径/shop/20203310572046079.png  状态200
[福城建设-接口监控平台]:方法GET  路径/shop/2020331155952578.png  状态200
[福城建设-接口监控平台]:方法GET  路径/shop/2020351274156644.png  状态200
[福城建设-接口监控平台]:方法GET  路径/shop/20203310572046079.png  状态200
[福城建设-接口监控平台]:方法GET  路径/userHead/20203511381096189.png  状态200
[福城建设-接口监控平台]:方法POST  路径/shop/GETSHOPBYID  状态200
[福城建设-接口监控平台]:方法POST  路径/shop/GETSTOCK  状态200
[福城建设-接口监控平台]:方法POST  路径/login/LOGINAUTO  状态200
[福城建设-接口监控平台]:方法POST  路径/coupon/GETSHOPCOUPON  状态200
[福城建设-接口监控平台]:方法POST  路径/login/GETUSERINFO  状态200
[福城建设-接口监控平台]:方法POST  路径/comment/GETFIRST  状态200
[福城建设-接口监控平台]:方法POST  路径/login/LOGINAUTO  状态200
[福城建设-接口监控平台]:方法POST  路径/login/LOGINAUTO  状态200
[福城建设-接口监控平台]:方法POST  路径/shop/GETSHOPBYID  状态200
[福城建设-接口监控平台]:方法POST  路径/shop/GETSTOCK  状态200
[福城建设-接口监控平台]:方法POST  路径/login/GETUSERINFO  状态200
[福城建设-接口监控平台]:方法POST  路径/login/GETUSERINFO  状态200
[福城建设-接口监控平台]:方法POST  路径/coupon/GETSHOPCOUPON  状态200
[福城建设-接口监控平台]:方法POST  路径/shopcar/GETSHOPCAR  状态200
[福城建设-接口监控平台]:方法POST  路径/comment/GETFIRST  状态200
[福城建设-接口监控平台]:方法GET  路径/userHead/20203511381096189.png  状态200
[福城建设-接口监控平台]:方法POST  路径/shopcar/ADDSHOPCAR  状态200
[福城建设-接口监控平台]:方法POST  路径/shopcar/GETSHOPCAR  状态200
[福城建设-接口监控平台]:方法POST  路径/shopcar/ADDSHOPCAR  状态200
[福城建设-接口监控平台]:方法POST  路径/shopcar/GETSHOPCAR  状态200
[福城建设-接口监控平台]:方法GET  路径/userHead/20203511381096189.png  状态200
[福城建设-接口监控平台]:方法POST  路径/shopcar/DELETESHOPCAR  状态200
[福城建设-接口监控平台]:方法POST  路径/shopcar/GETSHOPCAR  状态200
[福城建设-接口监控平台]:方法GET  路径/userHead/20203511381096189.png  状态200
[福城建设-接口监控平台]:方法POST  路径/shop/GETSHOPBYID  状态200
[福城建设-接口监控平台]:方法POST  路径/shop/GETSTOCK  状态200
[福城建设-接口监控平台]:方法POST  路径/login/LOGINAUTO  状态200
[福城建设-接口监控平台]:方法POST  路径/coupon/GETSHOPCOUPON  状态200
[福城建设-接口监控平台]:方法POST  路径/login/GETUSERINFO  状态200
[福城建设-接口监控平台]:方法POST  路径/comment/GETFIRST  状态200
[福城建设-接口监控平台]:方法GET  路径/userHead/20203511381096189.png  状态200
[福城建设-接口监控平台]:方法POST  路径/shop/GETSHOPBYID  状态200
[福城建设-接口监控平台]:方法POST  路径/shop/GETSTOCK  状态200
[福城建设-接口监控平台]:方法POST  路径/login/LOGINAUTO  状态200
[福城建设-接口监控平台]:方法POST  路径/coupon/GETSHOPCOUPON  状态200
[福城建设-接口监控平台]:方法POST  路径/login/GETUSERINFO  状态200
[福城建设-接口监控平台]:方法POST  路径/comment/GETFIRST  状态200
[福城建设-接口监控平台]:方法GET  路径/userHead/20203511381096189.png  状态200
[福城建设-接口监控平台]:方法POST  路径/shop/GETSHOPBYID  状态200
[福城建设-接口监控平台]:方法POST  路径/shop/GETSTOCK  状态200
[福城建设-接口监控平台]:方法POST  路径/login/LOGINAUTO  状态200
[福城建设-接口监控平台]:方法POST  路径/coupon/GETSHOPCOUPON  状态200
[福城建设-接口监控平台]:方法POST  路径/login/GETUSERINFO  状态200
[福城建设-接口监控平台]:方法POST  路径/comment/GETFIRST  状态200
[福城建设-接口监控平台]:方法GET  路径/userHead/20203511381096189.png  状态200
[福城建设-接口监控平台]:方法POST  路径/shop/GETSHOPBYID  状态200
[福城建设-接口监控平台]:方法POST  路径/shop/GETSTOCK  状态200
[福城建设-接口监控平台]:方法POST  路径/login/LOGINAUTO  状态200
[福城建设-接口监控平台]:方法POST  路径/coupon/GETSHOPCOUPON  状态200
[福城建设-接口监控平台]:方法POST  路径/login/GETUSERINFO  状态200
[福城建设-接口监控平台]:方法POST  路径/comment/GETFIRST  状态200
[福城建设-接口监控平台]:方法GET  路径/userHead/20203511381096189.png  状态200
[福城建设-接口监控平台]:方法POST  路径/shop/GETSHOPBYID  状态200
[福城建设-接口监控平台]:方法POST  路径/shop/GETSTOCK  状态200
[福城建设-接口监控平台]:方法POST  路径/login/LOGINAUTO  状态200
[福城建设-接口监控平台]:方法POST  路径/coupon/GETSHOPCOUPON  状态200
[福城建设-接口监控平台]:方法POST  路径/login/GETUSERINFO  状态200
[福城建设-接口监控平台]:方法POST  路径/comment/GETFIRST  状态200
[福城建设-接口监控平台]:方法GET  路径/userHead/20203511381096189.png  状态200
[福城建设-接口监控平台]:方法POST  路径/shop/GETSHOPBYID  状态200
[福城建设-接口监控平台]:方法POST  路径/shop/GETSTOCK  状态200
[福城建设-接口监控平台]:方法POST  路径/login/LOGINAUTO  状态200
[福城建设-接口监控平台]:方法POST  路径/coupon/GETSHOPCOUPON  状态200
[福城建设-接口监控平台]:方法POST  路径/login/GETUSERINFO  状态200
[福城建设-接口监控平台]:方法POST  路径/comment/GETFIRST  状态200
[福城建设-接口监控平台]:方法GET  路径/userHead/20203511381096189.png  状态200
[福城建设-接口监控平台]:方法POST  路径/shop/GETSHOPBYID  状态200
[福城建设-接口监控平台]:方法POST  路径/shop/GETSTOCK  状态200
[福城建设-接口监控平台]:方法POST  路径/login/LOGINAUTO  状态200
[福城建设-接口监控平台]:方法POST  路径/coupon/GETSHOPCOUPON  状态200
[福城建设-接口监控平台]:方法POST  路径/login/GETUSERINFO  状态200
[福城建设-接口监控平台]:方法POST  路径/comment/GETFIRST  状态200
[福城建设-接口监控平台]:方法GET  路径/userHead/20203511381096189.png  状态200
[福城建设-接口监控平台]:方法POST  路径/shop/GETSHOPBYID  状态200
[福城建设-接口监控平台]:方法POST  路径/shop/GETSTOCK  状态200
[福城建设-接口监控平台]:方法POST  路径/login/LOGINAUTO  状态200
[福城建设-接口监控平台]:方法POST  路径/coupon/GETSHOPCOUPON  状态200
[福城建设-接口监控平台]:方法POST  路径/login/GETUSERINFO  状态200
[福城建设-接口监控平台]:方法POST  路径/comment/GETFIRST  状态200
[福城建设-接口监控平台]:方法GET  路径/userHead/20203511381096189.png  状态200
[福城建设-接口监控平台]:方法POST  路径/shop/GETSHOPBYID  状态200
[福城建设-接口监控平台]:方法POST  路径/shop/GETSTOCK  状态200
[福城建设-接口监控平台]:方法POST  路径/login/LOGINAUTO  状态200
[福城建设-接口监控平台]:方法POST  路径/coupon/GETSHOPCOUPON  状态200
[福城建设-接口监控平台]:方法POST  路径/login/GETUSERINFO  状态200
[福城建设-接口监控平台]:方法POST  路径/comment/GETFIRST  状态200
[福城建设-接口监控平台]:方法GET  路径/userHead/20203511381096189.png  状态200
[福城建设-接口监控平台]:方法POST  路径/sort/GETSORT  状态200
[福城建设-接口监控平台]:方法POST  路径/ad/GETAD  状态200
[福城建设-接口监控平台]:方法POST  路径/ad/GETAD  状态200
[福城建设-接口监控平台]:方法POST  路径/coupon/getcoupons  状态200
[福城建设-接口监控平台]:方法POST  路径/shop/GETSALE  状态200
[福城建设-接口监控平台]:方法GET  路径/ad/20203321223374318.png  状态200
[福城建设-接口监控平台]:方法GET  路径/ad/20203512222052921.png  状态200
[福城建设-接口监控平台]:方法GET  路径/ad/20202214301056574.png  状态200
[福城建设-接口监控平台]:方法GET  路径/ad/2020242128381744.png  状态200
[福城建设-接口监控平台]:方法GET  路径/ad/2020351294361656.png  状态200
[福城建设-接口监控平台]:方法GET  路径/ad/2020351117414984.png  状态200
[福城建设-接口监控平台]:方法GET  路径/ad/20203511311237947.png  状态200
[福城建设-接口监控平台]:方法GET  路径/ad/2020351117275342.png  状态200
[福城建设-接口监控平台]:方法GET  路径/ad/2020351117871858.png  状态200
[福城建设-接口监控平台]:方法GET  路径/shop/2020351274156644.png  状态200
[福城建设-接口监控平台]:方法GET  路径/shop/2020331155952578.png  状态200
[福城建设-接口监控平台]:方法GET  路径/shop/20203310572046079.png  状态200
[福城建设-接口监控平台]:方法GET  路径/shop/2020351274156644.png  状态200
[福城建设-接口监控平台]:方法GET  路径/shop/20203310572046079.png  状态200
[福城建设-接口监控平台]:方法GET  路径/shop/2020331155952578.png  状态200
[福城建设-接口监控平台]:方法POST  路径/sort/GETSORTS  状态200
[福城建设-接口监控平台]:方法POST  路径/sort/GETSORTS  状态200
[福城建设-接口监控平台]:方法POST  路径/sort/DELETESORT  状态200
[福城建设-接口监控平台]:方法POST  路径/sort/GETSORTS  状态200
[福城建设-接口监控平台]:方法POST  路径/sort/GETSORTS  状态200
[福城建设-接口监控平台]:方法POST  路径/brand/GETBRANDS  状态200
[福城建设-接口监控平台]:方法POST  路径/shop/GETSHOPS  状态200
[福城建设-接口监控平台]:方法POST  路径/shop/DELETESHOP  状态200
[福城建设-接口监控平台]:方法POST  路径/shop/GETSHOPS  状态200
[福城建设-接口监控平台]:方法POST  路径/shop/GETSHOPS  状态200
[福城建设-接口监控平台]:方法POST  路径/shop/GETSHOPS  状态200
[福城建设-接口监控平台]:方法POST  路径/ad/GETAD  状态200
[福城建设-接口监控平台]:方法POST  路径/ad/GETAD  状态200
[福城建设-接口监控平台]:方法POST  路径/sort/GETSORT  状态200
[福城建设-接口监控平台]:方法POST  路径/coupon/getcoupons  状态200
[福城建设-接口监控平台]:方法POST  路径/shop/GETSALE  状态200
[福城建设-接口监控平台]:方法GET  路径/shop/20203513131146895.png  状态304
[福城建设-接口监控平台]:方法POST  路径/shop/GETSTOCK  状态200
[福城建设-接口监控平台]:方法POST  路径/comment/GETFIRST  状态200
[福城建设-接口监控平台]:方法POST  路径/shop/GETSHOPBYID  状态200
[福城建设-接口监控平台]:方法POST  路径/coupon/GETSHOPCOUPON  状态200
[福城建设-接口监控平台]:方法POST  路径/sort/GETSORT  状态200
[福城建设-接口监控平台]:方法POST  路径/ad/GETAD  状态200
[福城建设-接口监控平台]:方法POST  路径/coupon/getcoupons  状态200
[福城建设-接口监控平台]:方法POST  路径/ad/GETAD  状态200
[福城建设-接口监控平台]:方法POST  路径/shop/GETSALE  状态200
[福城建设-接口监控平台]:方法POST  路径/search/SEARCHLIST  状态200
[福城建设-接口监控平台]:方法POST  路径/search/SEARCHLIST  状态200
[福城建设-接口监控平台]:方法POST  路径/search/SEARCHRESULT  状态200
[福城建设-接口监控平台]:方法POST  路径/sort/GETSORT  状态200
[福城建设-接口监控平台]:方法POST  路径/ad/GETAD  状态200
[福城建设-接口监控平台]:方法POST  路径/coupon/getcoupons  状态200
[福城建设-接口监控平台]:方法POST  路径/ad/GETAD  状态200
[福城建设-接口监控平台]:方法POST  路径/shop/GETSALE  状态200
[福城建设-接口监控平台]:方法POST  路径/search/SEARCHLIST  状态200
[福城建设-接口监控平台]:方法POST  路径/search/SEARCHLIST  状态200
[福城建设-接口监控平台]:方法POST  路径/search/SEARCHRESULT  状态200
[福城建设-接口监控平台]:方法POST  路径/coupon/getcoupons  状态200
[福城建设-接口监控平台]:方法POST  路径/ad/GETAD  状态200
[福城建设-接口监控平台]:方法POST  路径/ad/GETAD  状态200
[福城建设-接口监控平台]:方法POST  路径/sort/GETSORT  状态200
[福城建设-接口监控平台]:方法POST  路径/shop/GETSALE  状态200
[福城建设-接口监控平台]:方法GET  路径/ad/20203321223374318.png  状态304
[福城建设-接口监控平台]:方法GET  路径/ad/2020351294361656.png  状态304
[福城建设-接口监控平台]:方法GET  路径/ad/2020242128381744.png  状态304
[福城建设-接口监控平台]:方法GET  路径/ad/20202214301056574.png  状态304
[福城建设-接口监控平台]:方法GET  路径/ad/20203512222052921.png  状态304
[福城建设-接口监控平台]:方法GET  路径/ad/20203511311237947.png  状态304
[福城建设-接口监控平台]:方法GET  路径/ad/2020351117414984.png  状态304
[福城建设-接口监控平台]:方法GET  路径/ad/2020351117871858.png  状态304
[福城建设-接口监控平台]:方法GET  路径/ad/2020351117275342.png  状态304
[福城建设-接口监控平台]:方法GET  路径/shop/2020351274156644.png  状态304
[福城建设-接口监控平台]:方法GET  路径/shop/20203310572046079.png  状态304
[福城建设-接口监控平台]:方法GET  路径/shop/20203513131146895.png  状态304
[福城建设-接口监控平台]:方法POST  路径/search/SEARCHLIST  状态200
[福城建设-接口监控平台]:方法POST  路径/search/SEARCHLIST  状态200
[福城建设-接口监控平台]:方法POST  路径/search/SEARCHRESULT  状态200
[福城建设-接口监控平台]:方法POST  路径/ad/GETAD  状态200
[福城建设-接口监控平台]:方法POST  路径/coupon/getcoupons  状态200
[福城建设-接口监控平台]:方法POST  路径/ad/GETAD  状态200
[福城建设-接口监控平台]:方法POST  路径/sort/GETSORT  状态200
[福城建设-接口监控平台]:方法POST  路径/shop/GETSALE  状态200
[福城建设-接口监控平台]:方法POST  路径/search/SEARCHLIST  状态200
[福城建设-接口监控平台]:方法POST  路径/search/SEARCHLIST  状态200
[福城建设-接口监控平台]:方法POST  路径/search/SEARCHRESULT  状态200
[福城建设-接口监控平台]:方法POST  路径/search/SEARCHRESULT  状态200
[福城建设-接口监控平台]:方法POST  路径/search/SEARCHRESULT  状态200
[福城建设-接口监控平台]:方法POST  路径/search/SEARCHRESULT  状态200
[福城建设-接口监控平台]:方法POST  路径/search/SEARCHRESULT  状态200
[福城建设-接口监控平台]:方法POST  路径/search/SEARCHRESULT  状态200
[福城建设-接口监控平台]:方法POST  路径/sort/GETSORTS  状态200
[福城建设-接口监控平台]:方法POST  路径/search/SEARCHRESULT  状态200
[福城建设-接口监控平台]:方法POST  路径/sort/GETSORTS  状态200
[福城建设-接口监控平台]:方法POST  路径/search/SEARCHRESULT  状态200
[福城建设-接口监控平台]:方法POST  路径/sort/GETSORTS  状态200
[福城建设-接口监控平台]:方法POST  路径/search/SEARCHRESULT  状态200
[福城建设-接口监控平台]:方法POST  路径/ad/GETAD  状态200
[福城建设-接口监控平台]:方法POST  路径/ad/GETAD  状态200
[福城建设-接口监控平台]:方法POST  路径/coupon/getcoupons  状态200
[福城建设-接口监控平台]:方法POST  路径/shop/GETSALE  状态200
[福城建设-接口监控平台]:方法POST  路径/sort/GETSORT  状态200
[福城建设-接口监控平台]:方法GET  路径/ad/2020351117414984.png  状态200
[福城建设-接口监控平台]:方法GET  路径/ad/2020351294361656.png  状态200
[福城建设-接口监控平台]:方法GET  路径/ad/20203321223374318.png  状态200
[福城建设-接口监控平台]:方法GET  路径/ad/20203511311237947.png  状态200
[福城建设-接口监控平台]:方法GET  路径/ad/2020351117275342.png  状态200
[福城建设-接口监控平台]:方法GET  路径/ad/2020351117871858.png  状态200
[福城建设-接口监控平台]:方法GET  路径/ad/20202214301056574.png  状态200
[福城建设-接口监控平台]:方法GET  路径/ad/2020242128381744.png  状态200
[福城建设-接口监控平台]:方法GET  路径/ad/20203512222052921.png  状态200
[福城建设-接口监控平台]:方法GET  路径/shop/2020351274156644.png  状态200
[福城建设-接口监控平台]:方法GET  路径/shop/20203310572046079.png  状态200
[福城建设-接口监控平台]:方法GET  路径/shop/20203513131146895.png  状态200
[福城建设-接口监控平台]:方法GET  路径/shop/2020351274156644.png  状态200
[福城建设-接口监控平台]:方法GET  路径/shop/20203513131146895.png  状态200
[福城建设-接口监控平台]:方法GET  路径/shop/20203310572046079.png  状态200
[福城建设-接口监控平台]:方法POST  路径/search/SEARCHLIST  状态200
[福城建设-接口监控平台]:方法POST  路径/search/SEARCHLIST  状态200
[福城建设-接口监控平台]:方法POST  路径/sort/GETSORTS  状态200
[福城建设-接口监控平台]:方法POST  路径/search/SEARCHRESULT  状态200
[福城建设-接口监控平台]:方法POST  路径/sort/GETSORTS  状态200
[福城建设-接口监控平台]:方法POST  路径/search/SEARCHRESULT  状态200
[福城建设-接口监控平台]:方法POST  路径/sort/GETSORTS  状态200
[福城建设-接口监控平台]:方法POST  路径/search/SEARCHRESULT  状态200
[福城建设-接口监控平台]:方法POST  路径/sort/GETSORTS  状态200
[福城建设-接口监控平台]:方法POST  路径/search/SEARCHRESULT  状态200
[福城建设-接口监控平台]:方法POST  路径/sort/GETSORTS  状态200
[福城建设-接口监控平台]:方法POST  路径/search/SEARCHRESULT  状态200
[福城建设-接口监控平台]:方法POST  路径/sort/GETSORTS  状态200
[福城建设-接口监控平台]:方法POST  路径/search/SEARCHRESULT  状态200
[福城建设-接口监控平台]:方法POST  路径/sort/GETSORT  状态200
[福城建设-接口监控平台]:方法POST  路径/ad/GETAD  状态200
[福城建设-接口监控平台]:方法POST  路径/ad/GETAD  状态200
[福城建设-接口监控平台]:方法POST  路径/coupon/getcoupons  状态200
[福城建设-接口监控平台]:方法POST  路径/shop/GETSALE  状态200
[福城建设-接口监控平台]:方法GET  路径/ad/2020351117414984.png  状态200
[福城建设-接口监控平台]:方法GET  路径/ad/20203511311237947.png  状态200
[福城建设-接口监控平台]:方法GET  路径/ad/2020351117275342.png  状态200
[福城建设-接口监控平台]:方法GET  路径/ad/2020351117871858.png  状态200
[福城建设-接口监控平台]:方法GET  路径/ad/2020351294361656.png  状态200
[福城建设-接口监控平台]:方法GET  路径/ad/20203321223374318.png  状态200
[福城建设-接口监控平台]:方法GET  路径/ad/20202214301056574.png  状态200
[福城建设-接口监控平台]:方法GET  路径/ad/20203512222052921.png  状态200
[福城建设-接口监控平台]:方法GET  路径/ad/2020242128381744.png  状态200
[福城建设-接口监控平台]:方法GET  路径/shop/20203513131146895.png  状态200
[福城建设-接口监控平台]:方法GET  路径/shop/2020351274156644.png  状态200
[福城建设-接口监控平台]:方法GET  路径/shop/20203310572046079.png  状态200
[福城建设-接口监控平台]:方法GET  路径/shop/20203513131146895.png  状态200
[福城建设-接口监控平台]:方法GET  路径/shop/2020351274156644.png  状态200
[福城建设-接口监控平台]:方法GET  路径/shop/20203310572046079.png  状态200
[福城建设-接口监控平台]:方法POST  路径/imgValidator/GET  状态200
[福城建设-接口监控平台]:方法POST  路径/imgValidator/CHECK  状态200
[福城建设-接口监控平台]:方法POST  路径/login/LOGINU  状态200
[福城建设-接口监控平台]:方法POST  路径/login/GETUSERINFO  状态200
[福城建设-接口监控平台]:方法POST  路径/shopcar/GETSHOPCAR  状态200
[福城建设-接口监控平台]:方法GET  路径/userHead/20203511381096189.png  状态304
[福城建设-接口监控平台]:方法POST  路径/sort/GETSORT  状态200
[福城建设-接口监控平台]:方法POST  路径/ad/GETAD  状态200
[福城建设-接口监控平台]:方法POST  路径/ad/GETAD  状态200
[福城建设-接口监控平台]:方法POST  路径/coupon/getcoupons  状态200
[福城建设-接口监控平台]:方法POST  路径/shop/GETSALE  状态200
[福城建设-接口监控平台]:方法POST  路径/search/SEARCHLIST  状态200
[福城建设-接口监控平台]:方法POST  路径/search/SEARCHLIST  状态200
[福城建设-接口监控平台]:方法POST  路径/search/SEARCHLIST  状态200
[福城建设-接口监控平台]:方法POST  路径/search/SEARCHLIST  状态200
[福城建设-接口监控平台]:方法POST  路径/search/SEARCHLIST  状态200
[福城建设-接口监控平台]:方法POST  路径/search/SEARCHLIST  状态200
[福城建设-接口监控平台]:方法POST  路径/search/SEARCHLIST  状态200
[福城建设-接口监控平台]:方法POST  路径/search/SEARCHRESULT  状态200
[福城建设-接口监控平台]:方法POST  路径/sort/GETSORTS  状态200
[福城建设-接口监控平台]:方法POST  路径/shop/GETSTOCK  状态200
[福城建设-接口监控平台]:方法POST  路径/login/LOGINAUTO  状态200
[福城建设-接口监控平台]:方法POST  路径/shop/GETSHOPBYID  状态200
[福城建设-接口监控平台]:方法POST  路径/login/GETUSERINFO  状态200
[福城建设-接口监控平台]:方法POST  路径/coupon/GETSHOPCOUPON  状态200
[福城建设-接口监控平台]:方法POST  路径/comment/GETFIRST  状态200
[福城建设-接口监控平台]:方法POST  路径/sort/GETSORT  状态200
[福城建设-接口监控平台]:方法POST  路径/ad/GETAD  状态200
[福城建设-接口监控平台]:方法POST  路径/ad/GETAD  状态200
[福城建设-接口监控平台]:方法POST  路径/coupon/getcoupons  状态200
[福城建设-接口监控平台]:方法POST  路径/shop/GETSALE  状态200
[福城建设-接口监控平台]:方法POST  路径/brand/GETBRANDS  状态200
[福城建设-接口监控平台]:方法POST  路径/sort/GETSORTS  状态200
[福城建设-接口监控平台]:方法POST  路径/shop/GETSHOPS  状态200
[福城建设-接口监控平台]:方法POST  路径/sort/GETSORTS  状态200
[福城建设-接口监控平台]:方法POST  路径/sort/ADDSORT  状态200
[福城建设-接口监控平台]:方法POST  路径/sort/GETSORTS  状态200
[福城建设-接口监控平台]:方法POST  路径/sort/GETSORTS  状态200
[福城建设-接口监控平台]:方法POST  路径/shop/GETSHOPS  状态200
[福城建设-接口监控平台]:方法POST  路径/brand/GETBRANDS  状态200
[福城建设-接口监控平台]:方法POST  路径/sort/GETSORTS  状态200
[福城建设-接口监控平台]:方法POST  路径/brand/GETBRANDS  状态200
[福城建设-接口监控平台]:方法POST  路径/spec/GETSPECS  状态200
[福城建设-接口监控平台]:方法POST  路径/spec/GETSPECS  状态200
[福城建设-接口监控平台]:方法POST  路径/spec/GETSPECS  状态200
[福城建设-接口监控平台]:方法POST  路径/spec/GETSPECS  状态200
[福城建设-接口监控平台]:方法POST  路径/spec/GETSPECS  状态200
[福城建设-接口监控平台]:方法POST  路径/spec/GETSPECS  状态200
[福城建设-接口监控平台]:方法POST  路径/shop/ADDSHOP  状态200
[福城建设-接口监控平台]:方法POST  路径/sort/GETSORTS  状态200
[福城建设-接口监控平台]:方法POST  路径/brand/GETBRANDS  状态200
[福城建设-接口监控平台]:方法POST  路径/shop/GETSHOPS  状态200
[福城建设-接口监控平台]:方法POST  路径/shop/GETSHOPS  状态200
[福城建设-接口监控平台]:方法POST  路径/brand/GETBRANDS  状态200
[福城建设-接口监控平台]:方法POST  路径/sort/GETSORTS  状态200
[福城建设-接口监控平台]:方法POST  路径/shop/GETSHOPBYID  状态200
[福城建设-接口监控平台]:方法POST  路径/stock/GETSTOCKBYID  状态200
[福城建设-接口监控平台]:方法POST  路径/shop/GETSHOPS  状态200
[福城建设-接口监控平台]:方法POST  路径/sort/GETSORTS  状态200
[福城建设-接口监控平台]:方法POST  路径/brand/GETBRANDS  状态200
[福城建设-接口监控平台]:方法POST  路径/shop/GETSHOPBYID  状态200
[福城建设-接口监控平台]:方法POST  路径/sort/GETSORTS  状态200
[福城建设-接口监控平台]:方法POST  路径/brand/GETBRANDS  状态200
[福城建设-接口监控平台]:方法POST  路径/spec/GETSPECS  状态200
[福城建设-接口监控平台]:方法POST  路径/spec/GETSPECS  状态200
[福城建设-接口监控平台]:方法POST  路径/shop/UPDATESHOP  状态200
[福城建设-接口监控平台]:方法POST  路径/shop/GETSHOPS  状态200
[福城建设-接口监控平台]:方法POST  路径/sort/GETSORTS  状态200
[福城建设-接口监控平台]:方法POST  路径/brand/GETBRANDS  状态200
[福城建设-接口监控平台]:方法POST  路径/shop/GETSHOPBYID  状态200
[福城建设-接口监控平台]:方法POST  路径/brand/GETBRANDS  状态200
[福城建设-接口监控平台]:方法POST  路径/sort/GETSORTS  状态200
[福城建设-接口监控平台]:方法POST  路径/sort/GETSORTS  状态200
[福城建设-接口监控平台]:方法POST  路径/brand/GETBRANDS  状态200
[福城建设-接口监控平台]:方法POST  路径/shop/GETSHOPS  状态200
[福城建设-接口监控平台]:方法POST  路径/shop/GETSHOPBYID  状态200
[福城建设-接口监控平台]:方法POST  路径/stock/GETSTOCKBYID  状态200
[福城建设-接口监控平台]:方法POST  路径/login/LOGINAUTO  状态200
[福城建设-接口监控平台]:方法POST  路径/login/GETUSERINFO  状态200
[福城建设-接口监控平台]:方法POST  路径/shop/GETSHOPBYID  状态200
[福城建设-接口监控平台]:方法POST  路径/stock/GETSTOCKBYID  状态200
[福城建设-接口监控平台]:方法POST  路径/sort/GETSORTS  状态200
[福城建设-接口监控平台]:方法POST  路径/brand/GETBRANDS  状态200
[福城建设-接口监控平台]:方法POST  路径/shop/GETSHOPS  状态200
[福城建设-接口监控平台]:方法POST  路径/shop/GETSHOPBYID  状态200
[福城建设-接口监控平台]:方法POST  路径/sort/GETSORTS  状态200
[福城建设-接口监控平台]:方法POST  路径/brand/GETBRANDS  状态200
[福城建设-接口监控平台]:方法POST  路径/spec/GETSPECS  状态200
[福城建设-接口监控平台]:方法POST  路径/shop/UPDATESHOP  状态200
[福城建设-接口监控平台]:方法POST  路径/sort/GETSORTS  状态200
[福城建设-接口监控平台]:方法POST  路径/brand/GETBRANDS  状态200
[福城建设-接口监控平台]:方法POST  路径/shop/GETSHOPS  状态200
[福城建设-接口监控平台]:方法POST  路径/shop/DELETESHOP  状态200
[福城建设-接口监控平台]:方法POST  路径/shop/GETSHOPS  状态200
[福城建设-接口监控平台]:方法POST  路径/ad/GETAD  状态200
[福城建设-接口监控平台]:方法POST  路径/sort/GETSORT  状态200
[福城建设-接口监控平台]:方法POST  路径/ad/GETAD  状态200
[福城建设-接口监控平台]:方法POST  路径/coupon/getcoupons  状态200
[福城建设-接口监控平台]:方法POST  路径/shop/GETSALE  状态200
[福城建设-接口监控平台]:方法POST  路径/imgValidator/GET  状态200
[福城建设-接口监控平台]:方法POST  路径/imgValidator/CHECK  状态200
[福城建设-接口监控平台]:方法POST  路径/login/LOGINU  状态200
[福城建设-接口监控平台]:方法POST  路径/login/GETUSERINFO  状态200
[福城建设-接口监控平台]:方法POST  路径/shopcar/GETSHOPCAR  状态200
[福城建设-接口监控平台]:方法POST  路径/sort/GETSORT  状态200
[福城建设-接口监控平台]:方法POST  路径/ad/GETAD  状态200
[福城建设-接口监控平台]:方法POST  路径/ad/GETAD  状态200
[福城建设-接口监控平台]:方法POST  路径/coupon/getcoupons  状态200
[福城建设-接口监控平台]:方法POST  路径/shop/GETSALE  状态200
[福城建设-接口监控平台]:方法POST  路径/shop/GETSHOPBYID  状态200
[福城建设-接口监控平台]:方法POST  路径/shop/GETSTOCK  状态200
[福城建设-接口监控平台]:方法POST  路径/login/LOGINAUTO  状态200
[福城建设-接口监控平台]:方法POST  路径/coupon/GETSHOPCOUPON  状态200
[福城建设-接口监控平台]:方法POST  路径/login/GETUSERINFO  状态200
[福城建设-接口监控平台]:方法POST  路径/comment/GETFIRST  状态200
[福城建设-接口监控平台]:方法POST  路径/sort/GETSORT  状态200
[福城建设-接口监控平台]:方法POST  路径/ad/GETAD  状态200
[福城建设-接口监控平台]:方法POST  路径/ad/GETAD  状态200
[福城建设-接口监控平台]:方法POST  路径/coupon/getcoupons  状态200
[福城建设-接口监控平台]:方法POST  路径/shop/GETSALE  状态200
[福城建设-接口监控平台]:方法POST  路径/search/SEARCHLIST  状态200
[福城建设-接口监控平台]:方法POST  路径/search/SEARCHLIST  状态200
[福城建设-接口监控平台]:方法POST  路径/search/SEARCHLIST  状态200
[福城建设-接口监控平台]:方法POST  路径/search/SEARCHLIST  状态200
[福城建设-接口监控平台]:方法POST  路径/search/SEARCHLIST  状态200
[福城建设-接口监控平台]:方法POST  路径/search/SEARCHLIST  状态200
[福城建设-接口监控平台]:方法POST  路径/search/SEARCHLIST  状态200
[福城建设-接口监控平台]:方法POST  路径/search/SEARCHLIST  状态200
[福城建设-接口监控平台]:方法POST  路径/search/SEARCHLIST  状态200
[福城建设-接口监控平台]:方法POST  路径/search/SEARCHLIST  状态200
[福城建设-接口监控平台]:方法POST  路径/search/SEARCHLIST  状态200
[福城建设-接口监控平台]:方法POST  路径/sort/GETSORTS  状态200
[福城建设-接口监控平台]:方法POST  路径/search/SEARCHRESULT  状态200
[福城建设-接口监控平台]:方法POST  路径/shop/GETSHOPBYID  状态200
[福城建设-接口监控平台]:方法POST  路径/shop/GETSTOCK  状态200
[福城建设-接口监控平台]:方法POST  路径/login/LOGINAUTO  状态200
[福城建设-接口监控平台]:方法POST  路径/coupon/GETSHOPCOUPON  状态200
[福城建设-接口监控平台]:方法POST  路径/login/GETUSERINFO  状态200
[福城建设-接口监控平台]:方法POST  路径/comment/GETFIRST  状态200
[福城建设-接口监控平台]:方法POST  路径/sort/GETSORT  状态200
[福城建设-接口监控平台]:方法POST  路径/ad/GETAD  状态200
[福城建设-接口监控平台]:方法POST  路径/ad/GETAD  状态200
[福城建设-接口监控平台]:方法POST  路径/coupon/getcoupons  状态200
[福城建设-接口监控平台]:方法POST  路径/shop/GETSALE  状态200
[福城建设-接口监控平台]:方法POST  路径/sort/GETSORTS  状态200
[福城建设-接口监控平台]:方法POST  路径/sort/GETSORTS  状态200
[福城建设-接口监控平台]:方法POST  路径/shop/GETSHOPS  状态200
[福城建设-接口监控平台]:方法POST  路径/brand/GETBRANDS  状态200
[福城建设-接口监控平台]:方法POST  路径/sort/GETSORTS  状态200
[福城建设-接口监控平台]:方法POST  路径/brand/GETBRANDS  状态200
[福城建设-接口监控平台]:方法POST  路径/spec/GETSPECS  状态200
[福城建设-接口监控平台]:方法POST  路径/spec/GETSPECS  状态200
[福城建设-接口监控平台]:方法POST  路径/spec/GETSPECS  状态200
[福城建设-接口监控平台]:方法POST  路径/spec/GETSPECS  状态200
[福城建设-接口监控平台]:方法POST  路径/spec/GETSPECS  状态200
[福城建设-接口监控平台]:方法POST  路径/spec/GETSPECS  状态200
[福城建设-接口监控平台]:方法POST  路径/spec/GETSPECS  状态200
[福城建设-接口监控平台]:方法POST  路径/spec/GETSPECS  状态200
[福城建设-接口监控平台]:方法POST  路径/shop/ADDSHOP  状态200
[福城建设-接口监控平台]:方法POST  路径/sort/GETSORTS  状态200
[福城建设-接口监控平台]:方法POST  路径/brand/GETBRANDS  状态200
[福城建设-接口监控平台]:方法POST  路径/shop/GETSHOPS  状态200
[福城建设-接口监控平台]:方法POST  路径/sort/GETSORTS  状态200
[福城建设-接口监控平台]:方法POST  路径/brand/GETBRANDS  状态200
[福城建设-接口监控平台]:方法POST  路径/shop/GETSHOPS  状态200
[福城建设-接口监控平台]:方法POST  路径/shop/GETSHOPBYID  状态200
[福城建设-接口监控平台]:方法POST  路径/stock/GETSTOCKBYID  状态200
[福城建设-接口监控平台]:方法POST  路径/stock/ADDSTOCK  状态200
[福城建设-接口监控平台]:方法POST  路径/stock/ADDSTOCK  状态200
[福城建设-接口监控平台]:方法POST  路径/stock/ADDSTOCK  状态200
[福城建设-接口监控平台]:方法POST  路径/stock/ADDSTOCK  状态200
[福城建设-接口监控平台]:方法POST  路径/stock/GETSTOCKBYID  状态200
[福城建设-接口监控平台]:方法POST  路径/stock/ADDSTOCK  状态200
[福城建设-接口监控平台]:方法POST  路径/stock/GETSTOCKBYID  状态200
[福城建设-接口监控平台]:方法POST  路径/stock/ADDSTOCK  状态200
[福城建设-接口监控平台]:方法POST  路径/stock/GETSTOCKBYID  状态200
[福城建设-接口监控平台]:方法POST  路径/stock/ADDSTOCK  状态200
[福城建设-接口监控平台]:方法POST  路径/stock/GETSTOCKBYID  状态200
[福城建设-接口监控平台]:方法POST  路径/login/LOGINAUTO  状态200
[福城建设-接口监控平台]:方法POST  路径/ad/GETAD  状态200
[福城建设-接口监控平台]:方法POST  路径/sort/GETSORT  状态200
[福城建设-接口监控平台]:方法POST  路径/ad/GETAD  状态200
[福城建设-接口监控平台]:方法POST  路径/coupon/getcoupons  状态200
[福城建设-接口监控平台]:方法POST  路径/shop/GETSALE  状态200
[福城建设-接口监控平台]:方法GET  路径/ad/20203511311237947.png  状态304
[福城建设-接口监控平台]:方法GET  路径/ad/2020351117871858.png  状态304
[福城建设-接口监控平台]:方法GET  路径/ad/2020351117275342.png  状态304
[福城建设-接口监控平台]:方法GET  路径/ad/2020351117414984.png  状态304
[福城建设-接口监控平台]:方法GET  路径/ad/20203321223374318.png  状态304
[福城建设-接口监控平台]:方法GET  路径/ad/2020351294361656.png  状态304
[福城建设-接口监控平台]:方法GET  路径/ad/20202214301056574.png  状态304
[福城建设-接口监控平台]:方法GET  路径/ad/2020242128381744.png  状态304
[福城建设-接口监控平台]:方法GET  路径/ad/20203512222052921.png  状态304
[福城建设-接口监控平台]:方法GET  路径/shop/2020351274156644.png  状态304
[福城建设-接口监控平台]:方法GET  路径/shop/20203310572046079.png  状态304
[福城建设-接口监控平台]:方法GET  路径/shop/202033115862992.png  状态200
[福城建设-接口监控平台]:方法POST  路径/login/GETUSERINFO  状态200
[福城建设-接口监控平台]:方法GET  路径/userHead/20203511381096189.png  状态304
[福城建设-接口监控平台]:方法POST  路径/shopcar/GETSHOPCAR  状态200
[福城建设-接口监控平台]:方法POST  路径/shop/GETSHOPBYID  状态200
[福城建设-接口监控平台]:方法POST  路径/shop/GETSTOCK  状态200
[福城建设-接口监控平台]:方法POST  路径/login/LOGINAUTO  状态200
[福城建设-接口监控平台]:方法POST  路径/coupon/GETSHOPCOUPON  状态200
[福城建设-接口监控平台]:方法POST  路径/login/GETUSERINFO  状态200
[福城建设-接口监控平台]:方法POST  路径/comment/GETFIRST  状态200
[福城建设-接口监控平台]:方法POST  路径/stock/DELETESTOCK  状态200
[福城建设-接口监控平台]:方法POST  路径/stock/GETSTOCKBYID  状态200
[福城建设-接口监控平台]:方法POST  路径/stock/ADDSTOCK  状态200
[福城建设-接口监控平台]:方法POST  路径/stock/GETSTOCKBYID  状态200
[福城建设-接口监控平台]:方法POST  路径/login/LOGINAUTO  状态200
[福城建设-接口监控平台]:方法POST  路径/login/LOGINAUTO  状态200
[福城建设-接口监控平台]:方法POST  路径/shop/GETSTOCK  状态200
[福城建设-接口监控平台]:方法POST  路径/shop/GETSHOPBYID  状态200
[福城建设-接口监控平台]:方法POST  路径/login/GETUSERINFO  状态200
[福城建设-接口监控平台]:方法POST  路径/login/GETUSERINFO  状态200
[福城建设-接口监控平台]:方法GET  路径/userHead/20203511381096189.png  状态304
[福城建设-接口监控平台]:方法POST  路径/coupon/GETSHOPCOUPON  状态200
[福城建设-接口监控平台]:方法POST  路径/comment/GETFIRST  状态200
[福城建设-接口监控平台]:方法POST  路径/shopcar/GETSHOPCAR  状态200
[福城建设-接口监控平台]:方法POST  路径/receive/GETRECEIVE  状态200
[福城建设-接口监控平台]:方法POST  路径/receive/DELETERECEIVE  状态200
[福城建设-接口监控平台]:方法POST  路径/receive/GETRECEIVE  状态200
[福城建设-接口监控平台]:方法POST  路径/receive/ADDRECEIVE  状态200
[福城建设-接口监控平台]:方法POST  路径/receive/GETRECEIVE  状态200
[福城建设-接口监控平台]:方法POST  路径/order/GETORDERCOUNT  状态200
[福城建设-接口监控平台]:方法POST  路径/receive/GETUSERRECEIVE  状态200
[福城建设-接口监控平台]:方法POST  路径/receive/DELETEUSERPAY  状态200
[福城建设-接口监控平台]:方法POST  路径/receive/GETUSERRECEIVE  状态200
[福城建设-接口监控平台]:方法POST  路径/receive/GETRECEIVE  状态200
[福城建设-接口监控平台]:方法POST  路径/receive/ADDUSERPAY  状态200
[福城建设-接口监控平台]:方法POST  路径/receive/GETUSERRECEIVE  状态200
[福城建设-接口监控平台]:方法POST  路径/sort/GETSORT  状态200
[福城建设-接口监控平台]:方法POST  路径/ad/GETAD  状态200
[福城建设-接口监控平台]:方法POST  路径/coupon/getcoupons  状态200
[福城建设-接口监控平台]:方法POST  路径/ad/GETAD  状态200
[福城建设-接口监控平台]:方法POST  路径/shop/GETSALE  状态200
[福城建设-接口监控平台]:方法GET  路径/ad/2020351294361656.png  状态200
[福城建设-接口监控平台]:方法GET  路径/ad/20203321223374318.png  状态200
[福城建设-接口监控平台]:方法GET  路径/ad/20202214301056574.png  状态200
[福城建设-接口监控平台]:方法GET  路径/ad/2020242128381744.png  状态200
[福城建设-接口监控平台]:方法GET  路径/ad/20203512222052921.png  状态200
[福城建设-接口监控平台]:方法GET  路径/ad/2020351117414984.png  状态200
[福城建设-接口监控平台]:方法GET  路径/ad/20203511311237947.png  状态200
[福城建设-接口监控平台]:方法GET  路径/ad/2020351117275342.png  状态200
[福城建设-接口监控平台]:方法GET  路径/ad/2020351117871858.png  状态200
[福城建设-接口监控平台]:方法GET  路径/shop/202033115862992.png  状态304
[福城建设-接口监控平台]:方法GET  路径/shop/2020351274156644.png  状态200
[福城建设-接口监控平台]:方法GET  路径/shop/20203310572046079.png  状态200
[福城建设-接口监控平台]:方法POST  路径/coupon/GETCOUPONBYSORT  状态200
[福城建设-接口监控平台]:方法POST  路径/coupon/GETCOUPONBYSORT  状态200
[福城建设-接口监控平台]:方法POST  路径/sort/GETSORTS  状态200
[福城建设-接口监控平台]:方法POST  路径/sort/GETSORTS  状态200
[福城建设-接口监控平台]:方法POST  路径/brand/GETBRANDS  状态200
[福城建设-接口监控平台]:方法POST  路径/shop/GETSHOPS  状态200
[福城建设-接口监控平台]:方法POST  路径/coupon/ADDCOUPON  状态200
[福城建设-接口监控平台]:方法POST  路径/coupon/GETCOUPONBYSORT  状态200
[福城建设-接口监控平台]:方法POST  路径/login/LOGINAUTO  状态200
[福城建设-接口监控平台]:方法POST  路径/ad/GETAD  状态200
[福城建设-接口监控平台]:方法POST  路径/ad/GETAD  状态200
[福城建设-接口监控平台]:方法POST  路径/coupon/getcoupons  状态200
[福城建设-接口监控平台]:方法POST  路径/shop/GETSALE  状态200
[福城建设-接口监控平台]:方法POST  路径/sort/GETSORT  状态200
[福城建设-接口监控平台]:方法GET  路径/ad/20203511311237947.png  状态304
[福城建设-接口监控平台]:方法GET  路径/ad/2020351117871858.png  状态304
[福城建设-接口监控平台]:方法GET  路径/ad/2020351117275342.png  状态304
[福城建设-接口监控平台]:方法GET  路径/ad/2020351117414984.png  状态304
[福城建设-接口监控平台]:方法GET  路径/ad/20203321223374318.png  状态304
[福城建设-接口监控平台]:方法GET  路径/ad/2020351294361656.png  状态304
[福城建设-接口监控平台]:方法GET  路径/ad/20202214301056574.png  状态304
[福城建设-接口监控平台]:方法GET  路径/ad/2020242128381744.png  状态304
[福城建设-接口监控平台]:方法GET  路径/ad/20203512222052921.png  状态304
[福城建设-接口监控平台]:方法GET  路径/shop/2020351274156644.png  状态304
[福城建设-接口监控平台]:方法GET  路径/shop/20203310572046079.png  状态304
[福城建设-接口监控平台]:方法GET  路径/shop/202033115862992.png  状态304
[福城建设-接口监控平台]:方法POST  路径/login/GETUSERINFO  状态200
[福城建设-接口监控平台]:方法GET  路径/userHead/20203511381096189.png  状态304
[福城建设-接口监控平台]:方法POST  路径/shopcar/GETSHOPCAR  状态200
[福城建设-接口监控平台]:方法POST  路径/search/SEARCHLIST  状态200
[福城建设-接口监控平台]:方法POST  路径/search/SEARCHLIST  状态200
[福城建设-接口监控平台]:方法POST  路径/sort/GETSORTS  状态200
[福城建设-接口监控平台]:方法POST  路径/search/SEARCHRESULT  状态200
[福城建设-接口监控平台]:方法POST  路径/login/LOGINAUTO  状态200
[福城建设-接口监控平台]:方法POST  路径/shop/GETSTOCK  状态200
[福城建设-接口监控平台]:方法POST  路径/shop/GETSHOPBYID  状态200
[福城建设-接口监控平台]:方法POST  路径/login/GETUSERINFO  状态200
[福城建设-接口监控平台]:方法POST  路径/coupon/GETSHOPCOUPON  状态200
[福城建设-接口监控平台]:方法POST  路径/comment/GETFIRST  状态200
[福城建设-接口监控平台]:方法POST  路径/coupon/USERGETCOUPON  状态200
[福城建设-接口监控平台]:方法POST  路径/shopcar/ADDSHOPCAR  状态200
[福城建设-接口监控平台]:方法POST  路径/shopcar/GETSHOPCAR  状态200
[福城建设-接口监控平台]:方法POST  路径/order/CREATEORDERSHOP  状态200
[福城建设-接口监控平台]:方法POST  路径/shopcar/GETSHOPCAR  状态200
[福城建设-接口监控平台]:方法POST  路径/address/GETADDRESS  状态200
[福城建设-接口监控平台]:方法POST  路径/order/GETORDERSHOP  状态200
[福城建设-接口监控平台]:方法POST  路径/order/GETORDERCOUPON  状态200
[福城建设-接口监控平台]:方法POST  路径/receive/GETUSERRECEIVE  状态200
[福城建设-接口监控平台]:方法POST  路径/order/GETORDERCOUNT  状态200
[福城建设-接口监控平台]:方法POST  路径/coupon/GETUSERCOUPON  状态200
[福城建设-接口监控平台]:方法POST  路径/order/GETCENTERORDERINFO  状态200
[福城建设-接口监控平台]:方法POST  路径/address/GETADDRESS  状态200
[福城建设-接口监控平台]:方法POST  路径/order/GETORDERSHOP  状态200
[福城建设-接口监控平台]:方法POST  路径/receive/GETUSERRECEIVE  状态200
[福城建设-接口监控平台]:方法POST  路径/order/GETORDERCOUPON  状态200
[福城建设-接口监控平台]:方法POST  路径/order/PAY  状态200
[福城建设-接口监控平台]:方法POST  路径/order/GETCENTERORDERINFO  状态200
[福城建设-接口监控平台]:方法POST  路径/order/GETUNDELIVER  状态200
[福城建设-接口监控平台]:方法POST  路径/order/GETORDERSHOP  状态200
[福城建设-接口监控平台]:方法POST  路径/order/GETORDERDETAIL  状态200
[福城建设-接口监控平台]:方法POST  路径/order/GETORDERSHOP  状态200
[福城建设-接口监控平台]:方法POST  路径/order/GETORDERDETAIL  状态200
[福城建设-接口监控平台]:方法POST  路径/order/SEND  状态200
[福城建设-接口监控平台]:方法POST  路径/order/GETUNDELIVER  状态200
[福城建设-接口监控平台]:方法POST  路径/login/LOGINAUTO  状态200
[福城建设-接口监控平台]:方法POST  路径/login/GETUSERINFO  状态200
[福城建设-接口监控平台]:方法GET  路径/userHead/20203511381096189.png  状态304
[福城建设-接口监控平台]:方法POST  路径/shopcar/GETSHOPCAR  状态200
[福城建设-接口监控平台]:方法POST  路径/order/GETCENTERORDERINFO  状态200
[福城建设-接口监控平台]:方法POST  路径/order/CONFIRM  状态200
[福城建设-接口监控平台]:方法POST  路径/order/GETORDERSHOP  状态200
[福城建设-接口监控平台]:方法POST  路径/comment/ADDCOMMENT  状态200
[福城建设-接口监控平台]:方法POST  路径/order/GETCENTERORDERINFO  状态200
[福城建设-接口监控平台]:方法POST  路径/coupon/getcoupons  状态200
[福城建设-接口监控平台]:方法POST  路径/ad/GETAD  状态200
[福城建设-接口监控平台]:方法POST  路径/ad/GETAD  状态200
[福城建设-接口监控平台]:方法POST  路径/shop/GETSALE  状态200
[福城建设-接口监控平台]:方法GET  路径/ad/20203321223374318.png  状态304
[福城建设-接口监控平台]:方法GET  路径/ad/2020351294361656.png  状态304
[福城建设-接口监控平台]:方法GET  路径/ad/20202214301056574.png  状态304
[福城建设-接口监控平台]:方法GET  路径/ad/2020242128381744.png  状态304
[福城建设-接口监控平台]:方法GET  路径/ad/20203512222052921.png  状态304
[福城建设-接口监控平台]:方法POST  路径/sort/GETSORT  状态200
[福城建设-接口监控平台]:方法GET  路径/ad/20203511311237947.png  状态304
[福城建设-接口监控平台]:方法GET  路径/ad/2020351117871858.png  状态304
[福城建设-接口监控平台]:方法GET  路径/ad/2020351117275342.png  状态304
[福城建设-接口监控平台]:方法GET  路径/ad/2020351117414984.png  状态304
[福城建设-接口监控平台]:方法GET  路径/shop/2020351274156644.png  状态304
[福城建设-接口监控平台]:方法GET  路径/shop/20203310572046079.png  状态304
[福城建设-接口监控平台]:方法GET  路径/shop/20203513131146895.png  状态200
[福城建设-接口监控平台]:方法POST  路径/search/SEARCHLIST  状态200
[福城建设-接口监控平台]:方法POST  路径/search/SEARCHLIST  状态200
[福城建设-接口监控平台]:方法POST  路径/sort/GETSORTS  状态200
[福城建设-接口监控平台]:方法POST  路径/search/SEARCHRESULT  状态200
[福城建设-接口监控平台]:方法POST  路径/shop/GETSHOPBYID  状态200
[福城建设-接口监控平台]:方法POST  路径/login/LOGINAUTO  状态200
[福城建设-接口监控平台]:方法POST  路径/shop/GETSTOCK  状态200
[福城建设-接口监控平台]:方法POST  路径/coupon/GETSHOPCOUPON  状态200
[福城建设-接口监控平台]:方法POST  路径/login/GETUSERINFO  状态200
[福城建设-接口监控平台]:方法POST  路径/comment/GETFIRST  状态200
[福城建设-接口监控平台]:方法GET  路径//comment/2020331261113624.png  状态200
[福城建设-接口监控平台]:方法GET  路径/loading.gif  状态304
[福城建设-接口监控平台]:方法POST  路径/comment/GETCOMMENT  状态200
[福城建设-接口监控平台]:方法GET  路径/comment/2020331261113624.png  状态200
[福城建设-接口监控平台]:方法POST  路径/ad/GETAD  状态200
[福城建设-接口监控平台]:方法POST  路径/coupon/getcoupons  状态200
[福城建设-接口监控平台]:方法POST  路径/ad/GETAD  状态200
[福城建设-接口监控平台]:方法POST  路径/shop/GETSALE  状态200
[福城建设-接口监控平台]:方法POST  路径/sort/GETSORT  状态200
[福城建设-接口监控平台]:方法GET  路径/fixmodel/UGETFIXBRAND  状态304
[福城建设-接口监控平台]:方法POST  路径/fixmodel/GETMODELBYID  状态200
[福城建设-接口监控平台]:方法POST  路径/address/GETADDRESS  状态200
[福城建设-接口监控平台]:方法POST  路径/order/CREATEFIXORDER  状态200
[福城建设-接口监控平台]:方法POST  路径/order/GETCENTERORDERINFO  状态200
[福城建设-接口监控平台]:方法POST  路径/order/GETUNFIX  状态200
[福城建设-接口监控平台]:方法POST  路径/order/GETFIXORDERDETAIL  状态200
[福城建设-接口监控平台]:方法POST  路径/order/GETFIXORDERDETAIL  状态200
[福城建设-接口监控平台]:方法POST  路径/order/WAITFIX  状态200
[福城建设-接口监控平台]:方法POST  路径/order/GETUNFIX  状态200
[福城建设-接口监控平台]:方法POST  路径/coupon/GETUSERCOUPON  状态200
[福城建设-接口监控平台]:方法POST  路径/order/GETCENTERORDERINFO  状态200
[福城建设-接口监控平台]:方法POST  路径/address/GETADDRESS  状态200
[福城建设-接口监控平台]:方法POST  路径/order/GETFIXORDERITEM  状态200
[福城建设-接口监控平台]:方法POST  路径/receive/GETUSERRECEIVE  状态200
[福城建设-接口监控平台]:方法POST  路径/order/GETORDERCOUPON  状态200
[福城建设-接口监控平台]:方法POST  路径/order/PAY  状态200
[福城建设-接口监控平台]:方法POST  路径/order/GETCENTERORDERINFO  状态200
[福城建设-接口监控平台]:方法POST  路径/fixmodel/GETWAITFIX  状态200
[福城建设-接口监控平台]:方法POST  路径/order/SEND  状态200
[福城建设-接口监控平台]:方法POST  路径/fixmodel/GETWAITFIX  状态200
[福城建设-接口监控平台]:方法POST  路径/coupon/GETUSERCOUPON  状态200
[福城建设-接口监控平台]:方法POST  路径/order/GETCENTERORDERINFO  状态200
[福城建设-接口监控平台]:方法POST  路径/order/CONFIRM  状态200
[福城建设-接口监控平台]:方法POST  路径/order/GETORDERSHOP  状态200
[福城建设-接口监控平台]:方法POST  路径/order/GETCENTERORDERINFO  状态200
[福城建设-接口监控平台]:方法POST  路径/order/GETFIXORDERITEM  状态200
[福城建设-接口监控平台]:方法POST  路径/order/GETORDERDETAIL  状态200
[福城建设-接口监控平台]:方法POST  路径/order/GETCENTERORDERINFO  状态200
[福城建设-接口监控平台]:方法POST  路径/order/GETORDERDETAIL  状态200
[福城建设-接口监控平台]:方法POST  路径/order/GETORDERSHOP  状态200
[福城建设-接口监控平台]:方法POST  路径/sort/GETSORT  状态200
[福城建设-接口监控平台]:方法POST  路径/coupon/getcoupons  状态200
[福城建设-接口监控平台]:方法POST  路径/ad/GETAD  状态200
[福城建设-接口监控平台]:方法POST  路径/ad/GETAD  状态200
[福城建设-接口监控平台]:方法POST  路径/shop/GETSALE  状态200
[福城建设-接口监控平台]:方法POST  路径/order/GETORDERCOUNT  状态200
[福城建设-接口监控平台]:方法POST  路径/login/LOGINAUTO  状态200
[福城建设-接口监控平台]:方法POST  路径/login/GETUSERINFO  状态200
[福城建设-接口监控平台]:方法POST  路径/shopcar/GETSHOPCAR  状态200
[福城建设-接口监控平台]:方法POST  路径/order/GETUSERORDER  状态200
[福城建设-接口监控平台]:方法GET  路径/userHead/default.png  状态200
[福城建设-接口监控平台]:方法GET  路径/userHead/default.png  状态304
[福城建设-接口监控平台]:方法POST  路径/order/GETUSERORDER  状态200
[福城建设-接口监控平台]:方法POST  路径/login/LOGINAUTO  状态200
[福城建设-接口监控平台]:方法POST  路径/login/GETUSERINFO  状态200
[福城建设-接口监控平台]:方法POST  路径/login/LOGINAUTO  状态200
[福城建设-接口监控平台]:方法POST  路径/login/GETUSERINFO  状态200
[福城建设-接口监控平台]:方法POST  路径/login/LOGINAUTO  状态200
[福城建设-接口监控平台]:方法POST  路径/login/GETUSERINFO  状态200
[福城建设-接口监控平台]:方法POST  路径/shopcar/GETSHOPCAR  状态200
[福城建设-接口监控平台]:方法POST  路径/order/GETUSERORDER  状态200
[福城建设-接口监控平台]:方法GET  路径/userHead/default.png  状态304
[福城建设-接口监控平台]:方法POST  路径/order/GETUSERORDER  状态200
[福城建设-接口监控平台]:方法POST  路径/login/LOGINAUTO  状态200
[福城建设-接口监控平台]:方法POST  路径/ad/GETAD  状态200
[福城建设-接口监控平台]:方法POST  路径/ad/GETAD  状态200
[福城建设-接口监控平台]:方法POST  路径/coupon/getcoupons  状态200
[福城建设-接口监控平台]:方法POST  路径/shop/GETSALE  状态200
[福城建设-接口监控平台]:方法POST  路径/sort/GETSORT  状态200
[福城建设-接口监控平台]:方法POST  路径/login/GETUSERINFO  状态200
[福城建设-接口监控平台]:方法POST  路径/shopcar/GETSHOPCAR  状态200
[福城建设-接口监控平台]:方法GET  路径/ad/20203321223374318.png  状态304
[福城建设-接口监控平台]:方法GET  路径/ad/2020351294361656.png  状态304
[福城建设-接口监控平台]:方法GET  路径/ad/20202214301056574.png  状态304
[福城建设-接口监控平台]:方法GET  路径/ad/2020242128381744.png  状态304
[福城建设-接口监控平台]:方法GET  路径/ad/20203512222052921.png  状态304
[福城建设-接口监控平台]:方法GET  路径/ad/20203511311237947.png  状态304
[福城建设-接口监控平台]:方法GET  路径/ad/2020351117414984.png  状态304
[福城建设-接口监控平台]:方法GET  路径/ad/2020351117871858.png  状态304
[福城建设-接口监控平台]:方法GET  路径/ad/2020351117275342.png  状态304
[福城建设-接口监控平台]:方法GET  路径/shop/2020351274156644.png  状态304
[福城建设-接口监控平台]:方法GET  路径/shop/20203310572046079.png  状态304
[福城建设-接口监控平台]:方法GET  路径/userHead/20203511381096189.png  状态304
[福城建设-接口监控平台]:方法GET  路径/shop/20203513131146895.png  状态304
[福城建设-接口监控平台]:方法POST  路径/login/LOGINAUTO  状态200
[福城建设-接口监控平台]:方法POST  路径/login/GETUSERINFO  状态200
[福城建设-接口监控平台]:方法POST  路径/sort/GETSORTS  状态200
[福城建设-接口监控平台]:方法POST  路径/brand/GETBRANDS  状态200
[福城建设-接口监控平台]:方法POST  路径/shop/GETSHOPS  状态200
[福城建设-接口监控平台]:方法POST  路径/login/LOGINU  状态200
[福城建设-接口监控平台]:方法POST  路径/adminlogin/GETADMINSTATE  状态200
[福城建设-接口监控平台]:方法POST  路径/login/GETUSERINFO  状态200
[福城建设-接口监控平台]:方法POST  路径/adminlogin/GETROUTER  状态200
[福城建设-接口监控平台]:方法POST  路径/order/GETORDERCOUNT  状态200
[福城建设-接口监控平台]:方法POST  路径/login/LOGINAUTO  状态200
[福城建设-接口监控平台]:方法POST  路径/login/GETUSERINFO  状态200
[福城建设-接口监控平台]:方法POST  路径/shopcar/GETSHOPCAR  状态200
[福城建设-接口监控平台]:方法POST  路径/order/GETUSERORDER  状态200
[福城建设-接口监控平台]:方法POST  路径/order/GETUSERORDER  状态200
[福城建设-接口监控平台]:方法POST  路径/login/LOGINAUTO  状态200
[福城建设-接口监控平台]:方法POST  路径/login/GETUSERINFO  状态200
[福城建设-接口监控平台]:方法POST  路径/login/LOGINAUTO  状态200
[福城建设-接口监控平台]:方法POST  路径/login/GETUSERINFO  状态200
[福城建设-接口监控平台]:方法POST  路径/shopcar/GETSHOPCAR  状态200
[福城建设-接口监控平台]:方法POST  路径/order/GETUSERORDER  状态200
[福城建设-接口监控平台]:方法POST  路径/order/GETUSERORDER  状态200
[福城建设-接口监控平台]:方法GET  路径/userHead/default.png  状态304
[福城建设-接口监控平台]:方法GET  路径/userHead/default.png  状态200
[福城建设-接口监控平台]:方法GET  路径/userHead/default.png  状态200
[福城建设-接口监控平台]:方法POST  路径/order/GETUSERORDER  状态200
[福城建设-接口监控平台]:方法GET  路径/userHead/default.png  状态200
[福城建设-接口监控平台]:方法POST  路径/order/GETUSERORDER  状态200
[福城建设-接口监控平台]:方法GET  路径/userHead/default.png  状态200
[福城建设-接口监控平台]:方法POST  路径/order/GETUSERORDER  状态200
[福城建设-接口监控平台]:方法POST  路径/order/GETUSERORDER  状态200
[福城建设-接口监控平台]:方法GET  路径/userHead/default.png  状态200
[福城建设-接口监控平台]:方法POST  路径/order/GETUSERORDER  状态200
[福城建设-接口监控平台]:方法GET  路径/userHead/default.png  状态200
[福城建设-接口监控平台]:方法POST  路径/login/LOGINAUTO  状态200
[福城建设-接口监控平台]:方法POST  路径/login/GETUSERINFO  状态200
[福城建设-接口监控平台]:方法POST  路径/order/GETORDERSHOP  状态200
[福城建设-接口监控平台]:方法POST  路径/order/GETORDERDETAIL  状态200
[福城建设-接口监控平台]:方法POST  路径/login/LOGINAUTO  状态200
[福城建设-接口监控平台]:方法POST  路径/login/GETUSERINFO  状态200
[福城建设-接口监控平台]:方法POST  路径/order/GETORDERSHOP  状态200
[福城建设-接口监控平台]:方法POST  路径/order/GETORDERDETAIL  状态200
[福城建设-接口监控平台]:方法GET  路径/userHead/default.png  状态200
[福城建设-接口监控平台]:方法POST  路径/order/GETUSERORDER  状态200
[福城建设-接口监控平台]:方法GET  路径/userHead/default.png  状态200
[福城建设-接口监控平台]:方法POST  路径/order/GETUSERORDER  状态200
[福城建设-接口监控平台]:方法POST  路径/login/LOGINAUTO  状态200
[福城建设-接口监控平台]:方法POST  路径/login/GETUSERINFO  状态200
[福城建设-接口监控平台]:方法POST  路径/order/GETORDERSHOP  状态200
[福城建设-接口监控平台]:方法POST  路径/order/GETORDERDETAIL  状态200
[福城建设-接口监控平台]:方法POST  路径/login/LOGINAUTO  状态200
[福城建设-接口监控平台]:方法POST  路径/login/GETUSERINFO  状态200
[福城建设-接口监控平台]:方法POST  路径/order/GETORDERDETAIL  状态200
[福城建设-接口监控平台]:方法POST  路径/order/GETORDERSHOP  状态200
[福城建设-接口监控平台]:方法POST  路径/login/LOGINAUTO  状态200
[福城建设-接口监控平台]:方法POST  路径/login/GETUSERINFO  状态200
[福城建设-接口监控平台]:方法POST  路径/order/GETORDERSHOP  状态200
[福城建设-接口监控平台]:方法POST  路径/order/GETORDERDETAIL  状态200
[福城建设-接口监控平台]:方法POST  路径/login/LOGINAUTO  状态200
[福城建设-接口监控平台]:方法POST  路径/login/GETUSERINFO  状态200
[福城建设-接口监控平台]:方法POST  路径/order/GETORDERDETAIL  状态200
[福城建设-接口监控平台]:方法POST  路径/order/GETORDERSHOP  状态200
[福城建设-接口监控平台]:方法POST  路径/order/GETORDERSHOP  状态200
[福城建设-接口监控平台]:方法POST  路径/order/GETORDERDETAIL  状态200
[福城建设-接口监控平台]:方法POST  路径/order/GETORDERSHOP  状态200
[福城建设-接口监控平台]:方法POST  路径/order/GETORDERDETAIL  状态200
[福城建设-接口监控平台]:方法POST  路径/order/GETUSERORDER  状态200
[福城建设-接口监控平台]:方法POST  路径/login/LOGINAUTO  状态200
[福城建设-接口监控平台]:方法POST  路径/login/GETUSERINFO  状态200
[福城建设-接口监控平台]:方法POST  路径/order/GETUSERORDER  状态200
[福城建设-接口监控平台]:方法POST  路径/order/GETUSERORDER  状态200
[福城建设-接口监控平台]:方法GET  路径/userHead/default.png  状态200
[福城建设-接口监控平台]:方法GET  路径/userHead/default.png  状态200
[福城建设-接口监控平台]:方法POST  路径/login/LOGINAUTO  状态200
[福城建设-接口监控平台]:方法POST  路径/login/GETUSERINFO  状态200
[福城建设-接口监控平台]:方法POST  路径/shopcar/GETSHOPCAR  状态200
[福城建设-接口监控平台]:方法POST  路径/order/GETUSERORDER  状态200
[福城建设-接口监控平台]:方法POST  路径/order/GETUSERORDER  状态200
[福城建设-接口监控平台]:方法POST  路径/login/LOGINAUTO  状态200
[福城建设-接口监控平台]:方法POST  路径/login/GETUSERINFO  状态200
[福城建设-接口监控平台]:方法POST  路径/login/LOGINAUTO  状态200
[福城建设-接口监控平台]:方法POST  路径/login/GETUSERINFO  状态200
[福城建设-接口监控平台]:方法POST  路径/order/GETUSERORDER  状态200
[福城建设-接口监控平台]:方法POST  路径/order/GETUSERORDER  状态200
[福城建设-接口监控平台]:方法POST  路径/order/GETUSERORDER  状态200
[福城建设-接口监控平台]:方法POST  路径/login/LOGINAUTO  状态200
[福城建设-接口监控平台]:方法POST  路径/login/GETUSERINFO  状态200
[福城建设-接口监控平台]:方法POST  路径/login/LOGINAUTO  状态200
[福城建设-接口监控平台]:方法POST  路径/login/GETUSERINFO  状态200
[福城建设-接口监控平台]:方法POST  路径/shopcar/GETSHOPCAR  状态200
[福城建设-接口监控平台]:方法POST  路径/order/GETUSERORDER  状态200
[福城建设-接口监控平台]:方法POST  路径/order/GETUSERORDER  状态200
[福城建设-接口监控平台]:方法GET  路径/userHead/undefined  状态404
[福城建设-接口监控平台]:方法GET  路径/userHead/undefined  状态404
[福城建设-接口监控平台]:方法GET  路径/userHead/undefined  状态404
[福城建设-接口监控平台]:方法GET  路径/userHead/undefined  状态404
[福城建设-接口监控平台]:方法POST  路径/login/LOGINAUTO  状态200
[福城建设-接口监控平台]:方法POST  路径/login/GETUSERINFO  状态200
[福城建设-接口监控平台]:方法POST  路径/order/GETUSERORDER  状态200
[福城建设-接口监控平台]:方法POST  路径/order/GETUSERORDER  状态200
[福城建设-接口监控平台]:方法POST  路径/login/LOGINAUTO  状态200
[福城建设-接口监控平台]:方法POST  路径/login/GETUSERINFO  状态200
[福城建设-接口监控平台]:方法POST  路径/order/GETUSERORDER  状态200
[福城建设-接口监控平台]:方法POST  路径/order/GETUSERORDER  状态200
[福城建设-接口监控平台]:方法POST  路径/login/LOGINAUTO  状态200
[福城建设-接口监控平台]:方法POST  路径/login/GETUSERINFO  状态200
[福城建设-接口监控平台]:方法POST  路径/order/GETUSERORDER  状态200
[福城建设-接口监控平台]:方法POST  路径/order/GETUSERORDER  状态200
[福城建设-接口监控平台]:方法GET  路径/userHead/undefined  状态404
[福城建设-接口监控平台]:方法GET  路径/userHead/undefined  状态404
[福城建设-接口监控平台]:方法POST  路径/login/LOGINAUTO  状态200
[福城建设-接口监控平台]:方法POST  路径/login/GETUSERINFO  状态200
[福城建设-接口监控平台]:方法POST  路径/order/GETUSERORDER  状态200
[福城建设-接口监控平台]:方法POST  路径/order/GETUSERORDER  状态200
[福城建设-接口监控平台]:方法GET  路径/userHead/20203511381096189.png  状态200
[福城建设-接口监控平台]:方法POST  路径/login/LOGINAUTO  状态200
[福城建设-接口监控平台]:方法POST  路径/login/GETUSERINFO  状态200
[福城建设-接口监控平台]:方法POST  路径/shopcar/GETSHOPCAR  状态200
[福城建设-接口监控平台]:方法POST  路径/order/GETUSERORDER  状态200
[福城建设-接口监控平台]:方法POST  路径/order/GETUSERORDER  状态200
[福城建设-接口监控平台]:方法GET  路径/userHead/20203511381096189.png  状态200
[福城建设-接口监控平台]:方法GET  路径/userHead/20203511381096189.png  状态200
[福城建设-接口监控平台]:方法GET  路径/userHead/20203511381096189.png  状态200
[福城建设-接口监控平台]:方法POST  路径/login/LOGINAUTO  状态200
[福城建设-接口监控平台]:方法POST  路径/login/LOGINU  状态200
[福城建设-接口监控平台]:方法POST  路径/adminlogin/GETADMINSTATE  状态200
[福城建设-接口监控平台]:方法POST  路径/login/GETUSERINFO  状态200
[福城建设-接口监控平台]:方法POST  路径/adminlogin/GETROUTER  状态200
[福城建设-接口监控平台]:方法POST  路径/login/LOGINAUTO  状态200
[福城建设-接口监控平台]:方法POST  路径/login/GETUSERINFO  状态200
[福城建设-接口监控平台]:方法POST  路径/login/LOGINAUTO  状态200
[福城建设-接口监控平台]:方法POST  路径/imgValidator/GET  状态200
[福城建设-接口监控平台]:方法POST  路径/imgValidator/CHECK  状态200
[福城建设-接口监控平台]:方法POST  路径/login/LOGINU  状态200
[福城建设-接口监控平台]:方法POST  路径/login/GETUSERINFO  状态200
[福城建设-接口监控平台]:方法POST  路径/shopcar/GETSHOPCAR  状态200
[福城建设-接口监控平台]:方法GET  路径/userHead/20203511381096189.png  状态200
[福城建设-接口监控平台]:方法POST  路径/sort/GETSORT  状态200
[福城建设-接口监控平台]:方法POST  路径/ad/GETAD  状态200
[福城建设-接口监控平台]:方法GET  路径/ad/2020351117414984.png  状态200
[福城建设-接口监控平台]:方法GET  路径/ad/20203511311237947.png  状态200
[福城建设-接口监控平台]:方法GET  路径/ad/2020351117275342.png  状态200
[福城建设-接口监控平台]:方法GET  路径/ad/2020351117871858.png  状态200
[福城建设-接口监控平台]:方法POST  路径/ad/GETAD  状态200
[福城建设-接口监控平台]:方法POST  路径/coupon/getcoupons  状态200
[福城建设-接口监控平台]:方法POST  路径/shop/GETSALE  状态200
[福城建设-接口监控平台]:方法GET  路径/ad/20202214301056574.png  状态200
[福城建设-接口监控平台]:方法GET  路径/ad/20203321223374318.png  状态200
[福城建设-接口监控平台]:方法GET  路径/ad/2020351294361656.png  状态200
[福城建设-接口监控平台]:方法GET  路径/ad/2020242128381744.png  状态200
[福城建设-接口监控平台]:方法GET  路径/ad/20203512222052921.png  状态200
[福城建设-接口监控平台]:方法GET  路径/shop/20203513131146895.png  状态200
[福城建设-接口监控平台]:方法GET  路径/shop/2020351274156644.png  状态200
[福城建设-接口监控平台]:方法GET  路径/shop/20203310572046079.png  状态200
[福城建设-接口监控平台]:方法GET  路径/shop/20203513131146895.png  状态200
[福城建设-接口监控平台]:方法GET  路径/shop/2020351274156644.png  状态200
[福城建设-接口监控平台]:方法GET  路径/shop/20203310572046079.png  状态200
[福城建设-接口监控平台]:方法GET  路径/userHead/20203511381096189.png  状态200
[福城建设-接口监控平台]:方法POST  路径/order/GETORDERCOUNT  状态200
[福城建设-接口监控平台]:方法POST  路径/login/LOGINAUTO  状态200
[福城建设-接口监控平台]:方法POST  路径/login/GETUSERINFO  状态200
[福城建设-接口监控平台]:方法POST  路径/shopcar/GETSHOPCAR  状态200
[福城建设-接口监控平台]:方法POST  路径/order/GETUSERORDER  状态200
[福城建设-接口监控平台]:方法POST  路径/login/LOGINAUTO  状态200
[福城建设-接口监控平台]:方法POST  路径/login/GETUSERINFO  状态200
[福城建设-接口监控平台]:方法POST  路径/login/LOGINAUTO  状态200
[福城建设-接口监控平台]:方法POST  路径/login/GETUSERINFO  状态200
[福城建设-接口监控平台]:方法POST  路径/shopcar/GETSHOPCAR  状态200
[福城建设-接口监控平台]:方法POST  路径/order/GETUSERORDER  状态200
[福城建设-接口监控平台]:方法POST  路径/order/GETUSERORDER  状态200
[福城建设-接口监控平台]:方法POST  路径/login/LOGINAUTO  状态200
[福城建设-接口监控平台]:方法POST  路径/login/GETUSERINFO  状态200
[福城建设-接口监控平台]:方法POST  路径/order/GETORDERSHOP  状态200
[福城建设-接口监控平台]:方法POST  路径/order/GETORDERDETAIL  状态200
[福城建设-接口监控平台]:方法GET  路径/userHead/20203511381096189.png  状态200
[福城建设-接口监控平台]:方法POST  路径/ad/GETAD  状态200
[福城建设-接口监控平台]:方法POST  路径/sort/GETSORT  状态200
[福城建设-接口监控平台]:方法GET  路径/ad/2020351117871858.png  状态200
[福城建设-接口监控平台]:方法GET  路径/ad/2020351117275342.png  状态200
[福城建设-接口监控平台]:方法GET  路径/ad/2020351117414984.png  状态200
[福城建设-接口监控平台]:方法GET  路径/ad/20203511311237947.png  状态200
[福城建设-接口监控平台]:方法POST  路径/ad/GETAD  状态200
[福城建设-接口监控平台]:方法GET  路径/ad/20203321223374318.png  状态200
[福城建设-接口监控平台]:方法GET  路径/ad/2020351294361656.png  状态200
[福城建设-接口监控平台]:方法GET  路径/ad/20203512222052921.png  状态200
[福城建设-接口监控平台]:方法GET  路径/ad/2020242128381744.png  状态200
[福城建设-接口监控平台]:方法GET  路径/ad/20202214301056574.png  状态200
[福城建设-接口监控平台]:方法POST  路径/coupon/getcoupons  状态200
[福城建设-接口监控平台]:方法POST  路径/shop/GETSALE  状态200
[福城建设-接口监控平台]:方法GET  路径/shop/20203513131146895.png  状态200
[福城建设-接口监控平台]:方法GET  路径/shop/2020351274156644.png  状态200
[福城建设-接口监控平台]:方法GET  路径/shop/20203310572046079.png  状态200
[福城建设-接口监控平台]:方法GET  路径/shop/20203513131146895.png  状态200
[福城建设-接口监控平台]:方法GET  路径/shop/2020351274156644.png  状态200
[福城建设-接口监控平台]:方法GET  路径/shop/20203310572046079.png  状态200
[福城建设-接口监控平台]:方法GET  路径/loading.gif  状态304
