[福城建设-接口监控平台]:方法POST  路径/shop/ADDSHOP  状态200
[福城建设-接口监控平台]:方法POST  路径/sort/GETSORTS  状态200
[福城建设-接口监控平台]:方法POST  路径/brand/GETBRANDS  状态200
[福城建设-接口监控平台]:方法POST  路径/spec/GETSPECS  状态200
[福城建设-接口监控平台]:方法POST  路径/spec/GETSPECS  状态200
[福城建设-接口监控平台]:方法POST  路径/spec/GETSPECS  状态200
[福城建设-接口监控平台]:方法POST  路径/spec/GETSPECS  状态200
[福城建设-接口监控平台]:方法POST  路径/shop/ADDSHOP  状态200
[福城建设-接口监控平台]:方法POST  路径/shop/GETSHOPS  状态-
[福城建设-接口监控平台]:方法POST  路径/shop/GETSHOPS  状态-
[福城建设-接口监控平台]:方法POST  路径/shop/GETSHOPS  状态200
[福城建设-接口监控平台]:方法POST  路径/brand/GETBRANDS  状态200
[福城建设-接口监控平台]:方法POST  路径/sort/GETSORTS  状态200
[福城建设-接口监控平台]:方法POST  路径/shop/ADDSHOP  状态200
[福城建设-接口监控平台]:方法POST  路径/shop/ADDSHOP  状态200
[福城建设-接口监控平台]:方法POST  路径/shop/ADDSHOP  状态200
[福城建设-接口监控平台]:方法POST  路径/spec/GETSPECS  状态200
[福城建设-接口监控平台]:方法POST  路径/spec/GETSPECS  状态200
[福城建设-接口监控平台]:方法POST  路径/shop/ADDSHOP  状态200
[福城建设-接口监控平台]:方法POST  路径/shop/GETSHOPS  状态200
[福城建设-接口监控平台]:方法POST  路径/shop/ADDSHOP  状态200
[福城建设-接口监控平台]:方法POST  路径/shop/GETSHOPS  状态200
[福城建设-接口监控平台]:方法POST  路径/shop/ADDSHOP  状态200
[福城建设-接口监控平台]:方法POST  路径/shop/GETSHOPS  状态200
[福城建设-接口监控平台]:方法POST  路径/shop/ADDSHOP  状态200
[福城建设-接口监控平台]:方法POST  路径/shop/GETSHOPS  状态200
[福城建设-接口监控平台]:方法POST  路径/shop/ADDSHOP  状态200
[福城建设-接口监控平台]:方法POST  路径/shop/ADDSHOP  状态200
[福城建设-接口监控平台]:方法POST  路径/shop/ADDSHOP  状态200
[福城建设-接口监控平台]:方法POST  路径/shop/ADDSHOP  状态200
[福城建设-接口监控平台]:方法POST  路径/shop/GETSHOPS  状态200
[福城建设-接口监控平台]:方法POST  路径/shop/GETSHOPS  状态200
[福城建设-接口监控平台]:方法POST  路径/shop/GETSHOPS  状态200
[福城建设-接口监控平台]:方法POST  路径/shop/ADDSHOP  状态200
[福城建设-接口监控平台]:方法POST  路径/shop/GETSHOPS  状态200
[福城建设-接口监控平台]:方法POST  路径/shop/GETSHOPS  状态200
[福城建设-接口监控平台]:方法POST  路径/shop/GETSHOPS  状态200
[福城建设-接口监控平台]:方法POST  路径/shop/GETSHOPS  状态200
[福城建设-接口监控平台]:方法POST  路径/shop/GETSHOPS  状态200
[福城建设-接口监控平台]:方法POST  路径/shop/GETSHOPS  状态200
[福城建设-接口监控平台]:方法POST  路径/shop/GETSHOPS  状态200
[福城建设-接口监控平台]:方法POST  路径/shop/ADDSHOP  状态200
[福城建设-接口监控平台]:方法POST  路径/shop/GETSHOPS  状态200
[福城建设-接口监控平台]:方法POST  路径/shop/GETSHOPS  状态200
[福城建设-接口监控平台]:方法POST  路径/sort/GETSORTS  状态200
[福城建设-接口监控平台]:方法POST  路径/brand/GETBRANDS  状态200
[福城建设-接口监控平台]:方法POST  路径/spec/GETSPECS  状态200
[福城建设-接口监控平台]:方法POST  路径/spec/GETSPECS  状态200
[福城建设-接口监控平台]:方法POST  路径/spec/GETSPECS  状态200
[福城建设-接口监控平台]:方法POST  路径/shop/ADDSHOP  状态200
[福城建设-接口监控平台]:方法POST  路径/shop/GETSHOPS  状态200
[福城建设-接口监控平台]:方法POST  路径/shop/ADDSHOP  状态200
[福城建设-接口监控平台]:方法POST  路径/shop/GETSHOPS  状态200
[福城建设-接口监控平台]:方法POST  路径/shop/GETSHOPS  状态200
[福城建设-接口监控平台]:方法POST  路径/sort/GETSORTS  状态200
[福城建设-接口监控平台]:方法POST  路径/brand/GETBRANDS  状态200
[福城建设-接口监控平台]:方法POST  路径/spec/GETSPECS  状态200
[福城建设-接口监控平台]:方法POST  路径/spec/GETSPECS  状态200
[福城建设-接口监控平台]:方法POST  路径/spec/GETSPECS  状态200
[福城建设-接口监控平台]:方法POST  路径/spec/GETSPECS  状态200
[福城建设-接口监控平台]:方法POST  路径/spec/ADDSPEC  状态200
[福城建设-接口监控平台]:方法POST  路径/spec/GETSPECS  状态200
[福城建设-接口监控平台]:方法POST  路径/spec/ADDSPEC  状态200
[福城建设-接口监控平台]:方法POST  路径/spec/GETSPECS  状态200
[福城建设-接口监控平台]:方法POST  路径/spec/GETSPECS  状态200
[福城建设-接口监控平台]:方法POST  路径/spec/GETSPECS  状态200
[福城建设-接口监控平台]:方法POST  路径/spec/ADDSPEC  状态200
[福城建设-接口监控平台]:方法POST  路径/spec/GETSPECS  状态200
[福城建设-接口监控平台]:方法POST  路径/spec/ADDSPEC  状态200
[福城建设-接口监控平台]:方法POST  路径/spec/GETSPECS  状态200
[福城建设-接口监控平台]:方法POST  路径/spec/GETSPECS  状态200
[福城建设-接口监控平台]:方法POST  路径/spec/GETSPECS  状态200
[福城建设-接口监控平台]:方法POST  路径/spec/GETSPECS  状态200
[福城建设-接口监控平台]:方法POST  路径/spec/GETSPECS  状态200
[福城建设-接口监控平台]:方法POST  路径/spec/GETSPECS  状态200
[福城建设-接口监控平台]:方法POST  路径/shop/ADDSHOP  状态200
[福城建设-接口监控平台]:方法POST  路径/shop/GETSHOPS  状态200
[福城建设-接口监控平台]:方法POST  路径/shop/GETSHOPS  状态200
[福城建设-接口监控平台]:方法POST  路径/shop/GETSHOPS  状态200
[福城建设-接口监控平台]:方法POST  路径/shop/GETSHOPS  状态200
[福城建设-接口监控平台]:方法POST  路径/sort/GETSORTS  状态200
[福城建设-接口监控平台]:方法POST  路径/brand/GETBRANDS  状态200
[福城建设-接口监控平台]:方法POST  路径/shop/GETSHOPS  状态200
[福城建设-接口监控平台]:方法POST  路径/shop/GETSHOPS  状态200
[福城建设-接口监控平台]:方法POST  路径/shop/GETSHOPS  状态200
[福城建设-接口监控平台]:方法POST  路径/shop/GETSHOPS  状态200
[福城建设-接口监控平台]:方法POST  路径/shop/GETSHOPS  状态200
[福城建设-接口监控平台]:方法POST  路径/shop/GETSHOPS  状态200
[福城建设-接口监控平台]:方法POST  路径/shop/GETSHOPS  状态200
[福城建设-接口监控平台]:方法POST  路径/shop/GETSHOPS  状态200
[福城建设-接口监控平台]:方法POST  路径/sort/GETSORTS  状态200
[福城建设-接口监控平台]:方法POST  路径/brand/GETBRANDS  状态200
[福城建设-接口监控平台]:方法POST  路径/shop/GETSHOPS  状态200
[福城建设-接口监控平台]:方法POST  路径/shop/GETSHOPS  状态200
[福城建设-接口监控平台]:方法POST  路径/sort/GETSORTS  状态200
[福城建设-接口监控平台]:方法POST  路径/brand/GETBRANDS  状态200
[福城建设-接口监控平台]:方法POST  路径/sort/GETSORTS  状态200
[福城建设-接口监控平台]:方法POST  路径/shop/GETSHOPS  状态200
[福城建设-接口监控平台]:方法POST  路径/brand/GETBRANDS  状态200
[福城建设-接口监控平台]:方法POST  路径/sort/GETSORTS  状态200
[福城建设-接口监控平台]:方法POST  路径/brand/GETBRANDS  状态200
[福城建设-接口监控平台]:方法POST  路径/shop/GETSHOPS  状态200
[福城建设-接口监控平台]:方法POST  路径/shop/GETSHOPS  状态200
[福城建设-接口监控平台]:方法POST  路径/shop/GETSHOPS  状态200
[福城建设-接口监控平台]:方法POST  路径/sort/GETSORTS  状态200
[福城建设-接口监控平台]:方法POST  路径/brand/GETBRANDS  状态200
[福城建设-接口监控平台]:方法POST  路径/shop/GETSHOPS  状态200
[福城建设-接口监控平台]:方法POST  路径/sort/GETSORTS  状态200
[福城建设-接口监控平台]:方法POST  路径/brand/GETBRANDS  状态200
[福城建设-接口监控平台]:方法POST  路径/sort/GETSORTS  状态200
[福城建设-接口监控平台]:方法POST  路径/brand/GETBRANDS  状态200
[福城建设-接口监控平台]:方法POST  路径/shop/GETSHOPS  状态200
[福城建设-接口监控平台]:方法POST  路径/shop/GETSHOPS  状态200
[福城建设-接口监控平台]:方法POST  路径/sort/GETSORTS  状态200
[福城建设-接口监控平台]:方法POST  路径/brand/GETBRANDS  状态200
[福城建设-接口监控平台]:方法POST  路径/shop/GETSHOPS  状态200
[福城建设-接口监控平台]:方法POST  路径/shop/GETSHOPS  状态200
[福城建设-接口监控平台]:方法POST  路径/shop/GETSHOPS  状态200
[福城建设-接口监控平台]:方法POST  路径/shop/GETSHOPS  状态200
[福城建设-接口监控平台]:方法POST  路径/shop/GETSHOPS  状态200
[福城建设-接口监控平台]:方法POST  路径/sort/GETSORTS  状态200
[福城建设-接口监控平台]:方法POST  路径/brand/GETBRANDS  状态200
[福城建设-接口监控平台]:方法POST  路径/shop/GETSHOPS  状态200
[福城建设-接口监控平台]:方法POST  路径/shop/GETSHOPS  状态200
[福城建设-接口监控平台]:方法POST  路径/shop/GETSHOPS  状态200
[福城建设-接口监控平台]:方法POST  路径/shop/GETSHOPS  状态200
[福城建设-接口监控平台]:方法POST  路径/shop/GETSHOPS  状态200
[福城建设-接口监控平台]:方法POST  路径/shop/GETSHOPS  状态200
[福城建设-接口监控平台]:方法POST  路径/shop/GETSHOPS  状态200
[福城建设-接口监控平台]:方法POST  路径/shop/GETSHOPS  状态200
[福城建设-接口监控平台]:方法POST  路径/shop/GETSHOPS  状态200
[福城建设-接口监控平台]:方法POST  路径/shop/GETSHOPS  状态200
