[福城建设-接口监控平台]:方法POST  路径/shop/GETSHOPBYID  状态200
[福城建设-接口监控平台]:方法POST  路径/shop/GETSHOPBYID  状态200
[福城建设-接口监控平台]:方法POST  路径/shop/GETSHOPBYID  状态200
[福城建设-接口监控平台]:方法POST  路径/shop/GETSHOPBYID  状态200
[福城建设-接口监控平台]:方法POST  路径/stock/ADDSTOCK  状态-
[福城建设-接口监控平台]:方法POST  路径/stock/ADDSTOCK  状态-
[福城建设-接口监控平台]:方法POST  路径/stock/ADDSTOCK  状态-
[福城建设-接口监控平台]:方法POST  路径/stock/ADDSTOCK  状态-
[福城建设-接口监控平台]:方法POST  路径/stock/ADDSTOCK  状态-
[福城建设-接口监控平台]:方法POST  路径/stock/ADDSTOCK  状态-
[福城建设-接口监控平台]:方法POST  路径/stock/ADDSTOCK  状态-
[福城建设-接口监控平台]:方法POST  路径/stock/ADDSTOCK  状态-
[福城建设-接口监控平台]:方法POST  路径/stock/ADDSTOCK  状态-
[福城建设-接口监控平台]:方法POST  路径/stock/ADDSTOCK  状态-
[福城建设-接口监控平台]:方法POST  路径/stock/ADDSTOCK  状态-
[福城建设-接口监控平台]:方法POST  路径/stock/ADDSTOCK  状态-
[福城建设-接口监控平台]:方法POST  路径/stock/ADDSTOCK  状态-
[福城建设-接口监控平台]:方法POST  路径/stock/ADDSTOCK  状态500
[福城建设-接口监控平台]:方法POST  路径/stock/ADDSTOCK  状态-
[福城建设-接口监控平台]:方法POST  路径/stock/ADDSTOCK  状态-
[福城建设-接口监控平台]:方法POST  路径/stock/ADDSTOCK  状态-
[福城建设-接口监控平台]:方法POST  路径/stock/ADDSTOCK  状态-
[福城建设-接口监控平台]:方法POST  路径/stock/ADDSTOCK  状态-
[福城建设-接口监控平台]:方法POST  路径/stock/ADDSTOCK  状态200
[福城建设-接口监控平台]:方法POST  路径/login/LOGINU  状态200
[福城建设-接口监控平台]:方法POST  路径/adminlogin/GETADMINSTATE  状态200
[福城建设-接口监控平台]:方法POST  路径/login/GETUSERINFO  状态200
[福城建设-接口监控平台]:方法POST  路径/adminlogin/GETROUTER  状态200
[福城建设-接口监控平台]:方法POST  路径/brand/GETBRANDS  状态200
[福城建设-接口监控平台]:方法POST  路径/shop/GETSHOPS  状态200
[福城建设-接口监控平台]:方法POST  路径/sort/GETSORTS  状态200
[福城建设-接口监控平台]:方法POST  路径/shop/GETSHOPBYID  状态200
[福城建设-接口监控平台]:方法POST  路径/stock/ADDSTOCK  状态-
[福城建设-接口监控平台]:方法POST  路径/stock/ADDSTOCK  状态200
[福城建设-接口监控平台]:方法POST  路径/stock/ADDSTOCK  状态200
[福城建设-接口监控平台]:方法POST  路径/shop/GETSHOPBYID  状态200
[福城建设-接口监控平台]:方法POST  路径/shop/GETSHOPBYID  状态200
[福城建设-接口监控平台]:方法POST  路径/stock/GETSTOCKBYID  状态200
[福城建设-接口监控平台]:方法POST  路径/shop/GETSHOPBYID  状态200
[福城建设-接口监控平台]:方法POST  路径/stock/GETSTOCKBYID  状态200
[福城建设-接口监控平台]:方法POST  路径/shop/GETSHOPBYID  状态200
[福城建设-接口监控平台]:方法POST  路径/shop/GETSHOPBYID  状态200
[福城建设-接口监控平台]:方法POST  路径/stock/GETSTOCKBYID  状态200
[福城建设-接口监控平台]:方法POST  路径/shop/GETSHOPBYID  状态200
[福城建设-接口监控平台]:方法POST  路径/stock/GETSTOCKBYID  状态200
[福城建设-接口监控平台]:方法POST  路径/shop/GETSHOPBYID  状态200
[福城建设-接口监控平台]:方法POST  路径/stock/GETSTOCKBYID  状态200
[福城建设-接口监控平台]:方法POST  路径/shop/GETSHOPBYID  状态200
[福城建设-接口监控平台]:方法POST  路径/stock/GETSTOCKBYID  状态200
[福城建设-接口监控平台]:方法POST  路径/shop/GETSHOPBYID  状态200
[福城建设-接口监控平台]:方法POST  路径/stock/GETSTOCKBYID  状态200
[福城建设-接口监控平台]:方法POST  路径/shop/GETSHOPBYID  状态200
[福城建设-接口监控平台]:方法POST  路径/stock/GETSTOCKBYID  状态200
[福城建设-接口监控平台]:方法POST  路径/stock/ADDSTOCK  状态200
[福城建设-接口监控平台]:方法POST  路径/shop/GETSHOPBYID  状态200
[福城建设-接口监控平台]:方法POST  路径/stock/GETSTOCKBYID  状态200
[福城建设-接口监控平台]:方法POST  路径/stock/ADDSTOCK  状态200
[福城建设-接口监控平台]:方法POST  路径/shop/GETSHOPBYID  状态200
[福城建设-接口监控平台]:方法POST  路径/stock/GETSTOCKBYID  状态200
[福城建设-接口监控平台]:方法POST  路径/stock/ADDSTOCK  状态200
[福城建设-接口监控平台]:方法POST  路径/stock/ADDSTOCK  状态200
[福城建设-接口监控平台]:方法POST  路径/shop/GETSHOPBYID  状态200
[福城建设-接口监控平台]:方法POST  路径/stock/GETSTOCKBYID  状态200
[福城建设-接口监控平台]:方法POST  路径/shop/GETSHOPBYID  状态200
[福城建设-接口监控平台]:方法POST  路径/stock/GETSTOCKBYID  状态200
[福城建设-接口监控平台]:方法POST  路径/shop/GETSHOPBYID  状态200
[福城建设-接口监控平台]:方法POST  路径/stock/GETSTOCKBYID  状态200
[福城建设-接口监控平台]:方法POST  路径/shop/GETSHOPBYID  状态200
[福城建设-接口监控平台]:方法POST  路径/stock/GETSTOCKBYID  状态200
[福城建设-接口监控平台]:方法POST  路径/shop/GETSHOPBYID  状态200
[福城建设-接口监控平台]:方法POST  路径/stock/GETSTOCKBYID  状态200
[福城建设-接口监控平台]:方法POST  路径/shop/GETSHOPBYID  状态200
[福城建设-接口监控平台]:方法POST  路径/stock/GETSTOCKBYID  状态200
[福城建设-接口监控平台]:方法POST  路径/shop/GETSHOPBYID  状态200
[福城建设-接口监控平台]:方法POST  路径/stock/GETSTOCKBYID  状态200
[福城建设-接口监控平台]:方法POST  路径/shop/GETSHOPBYID  状态200
[福城建设-接口监控平台]:方法POST  路径/stock/GETSTOCKBYID  状态200
[福城建设-接口监控平台]:方法POST  路径/shop/GETSHOPBYID  状态200
[福城建设-接口监控平台]:方法POST  路径/stock/GETSTOCKBYID  状态200
[福城建设-接口监控平台]:方法POST  路径/shop/GETSHOPBYID  状态200
[福城建设-接口监控平台]:方法POST  路径/stock/GETSTOCKBYID  状态200
[福城建设-接口监控平台]:方法POST  路径/shop/GETSHOPBYID  状态200
[福城建设-接口监控平台]:方法POST  路径/stock/GETSTOCKBYID  状态200
[福城建设-接口监控平台]:方法POST  路径/shop/GETSHOPBYID  状态200
[福城建设-接口监控平台]:方法POST  路径/stock/GETSTOCKBYID  状态200
[福城建设-接口监控平台]:方法POST  路径/shop/GETSHOPBYID  状态200
[福城建设-接口监控平台]:方法POST  路径/stock/GETSTOCKBYID  状态200
[福城建设-接口监控平台]:方法POST  路径/stock/GETSTOCK  状态200
[福城建设-接口监控平台]:方法POST  路径/stock/GETSTOCK  状态200
[福城建设-接口监控平台]:方法POST  路径/stock/GETSTOCK  状态200
[福城建设-接口监控平台]:方法POST  路径/stock/GETSTOCK  状态200
[福城建设-接口监控平台]:方法POST  路径/stock/GETSTOCK  状态200
[福城建设-接口监控平台]:方法POST  路径/stock/GETSTOCK  状态200
[福城建设-接口监控平台]:方法POST  路径/stock/GETSTOCK  状态200
[福城建设-接口监控平台]:方法POST  路径/stock/GETSTOCK  状态200
[福城建设-接口监控平台]:方法POST  路径/shop/GETSHOPBYID  状态200
[福城建设-接口监控平台]:方法POST  路径/stock/GETSTOCKBYID  状态200
[福城建设-接口监控平台]:方法POST  路径/stock/GETSTOCK  状态200
[福城建设-接口监控平台]:方法POST  路径/stock/GETSTOCK  状态200
[福城建设-接口监控平台]:方法POST  路径/shop/GETSHOPBYID  状态200
[福城建设-接口监控平台]:方法POST  路径/stock/GETSTOCKBYID  状态200
[福城建设-接口监控平台]:方法POST  路径/stock/GETSTOCK  状态200
[福城建设-接口监控平台]:方法POST  路径/stock/GETSTOCK  状态200
[福城建设-接口监控平台]:方法POST  路径/stock/GETSTOCK  状态200
[福城建设-接口监控平台]:方法POST  路径/stock/GETSTOCK  状态200
[福城建设-接口监控平台]:方法POST  路径/stock/GETSTOCK  状态200
[福城建设-接口监控平台]:方法POST  路径/stock/GETSTOCK  状态200
[福城建设-接口监控平台]:方法POST  路径/stock/GETSTOCK  状态200
[福城建设-接口监控平台]:方法POST  路径/stock/GETSTOCK  状态200
[福城建设-接口监控平台]:方法POST  路径/stock/GETSTOCK  状态200
[福城建设-接口监控平台]:方法POST  路径/stock/GETSTOCK  状态200
[福城建设-接口监控平台]:方法POST  路径/stock/GETSTOCK  状态200
[福城建设-接口监控平台]:方法POST  路径/stock/GETSTOCK  状态200
[福城建设-接口监控平台]:方法POST  路径/stock/GETSTOCK  状态200
[福城建设-接口监控平台]:方法POST  路径/stock/GETSTOCK  状态200
[福城建设-接口监控平台]:方法POST  路径/stock/GETSTOCK  状态200
[福城建设-接口监控平台]:方法POST  路径/stock/GETSTOCK  状态200
[福城建设-接口监控平台]:方法POST  路径/stock/GETSTOCK  状态200
[福城建设-接口监控平台]:方法POST  路径/stock/GETSTOCK  状态200
[福城建设-接口监控平台]:方法POST  路径/stock/GETSTOCK  状态200
[福城建设-接口监控平台]:方法POST  路径/stock/GETSTOCK  状态200
[福城建设-接口监控平台]:方法POST  路径/stock/GETSTOCK  状态200
[福城建设-接口监控平台]:方法POST  路径/stock/GETSTOCK  状态200
[福城建设-接口监控平台]:方法POST  路径/stock/GETSTOCK  状态200
[福城建设-接口监控平台]:方法POST  路径/stock/GETSTOCK  状态200
[福城建设-接口监控平台]:方法POST  路径/stock/GETSTOCK  状态200
[福城建设-接口监控平台]:方法POST  路径/stock/GETSTOCK  状态200
[福城建设-接口监控平台]:方法POST  路径/stock/UPDATESTOCK  状态200
[福城建设-接口监控平台]:方法POST  路径/stock/GETSTOCKBYID  状态200
[福城建设-接口监控平台]:方法POST  路径/shop/GETSHOPBYID  状态200
[福城建设-接口监控平台]:方法POST  路径/shop/GETSHOPBYID  状态200
[福城建设-接口监控平台]:方法POST  路径/stock/GETSTOCKBYID  状态200
[福城建设-接口监控平台]:方法POST  路径/shop/GETSHOPBYID  状态200
[福城建设-接口监控平台]:方法POST  路径/stock/GETSTOCKBYID  状态200
[福城建设-接口监控平台]:方法POST  路径/shop/GETSHOPBYID  状态200
[福城建设-接口监控平台]:方法POST  路径/stock/GETSTOCKBYID  状态200
[福城建设-接口监控平台]:方法POST  路径/shop/GETSHOPBYID  状态200
[福城建设-接口监控平台]:方法POST  路径/stock/GETSTOCKBYID  状态200
[福城建设-接口监控平台]:方法POST  路径/shop/GETSHOPBYID  状态200
[福城建设-接口监控平台]:方法POST  路径/stock/GETSTOCKBYID  状态200
[福城建设-接口监控平台]:方法POST  路径/shop/GETSHOPBYID  状态200
[福城建设-接口监控平台]:方法POST  路径/stock/GETSTOCKBYID  状态200
[福城建设-接口监控平台]:方法POST  路径/stock/GETSTOCK  状态200
[福城建设-接口监控平台]:方法POST  路径/shop/GETSHOPBYID  状态200
[福城建设-接口监控平台]:方法POST  路径/stock/GETSTOCKBYID  状态200
[福城建设-接口监控平台]:方法POST  路径/shop/GETSHOPBYID  状态200
[福城建设-接口监控平台]:方法POST  路径/stock/GETSTOCKBYID  状态200
[福城建设-接口监控平台]:方法POST  路径/shop/GETSHOPBYID  状态200
[福城建设-接口监控平台]:方法POST  路径/stock/GETSTOCKBYID  状态200
[福城建设-接口监控平台]:方法POST  路径/shop/GETSHOPBYID  状态200
[福城建设-接口监控平台]:方法POST  路径/stock/GETSTOCKBYID  状态200
[福城建设-接口监控平台]:方法POST  路径/shop/GETSHOPBYID  状态200
[福城建设-接口监控平台]:方法POST  路径/stock/GETSTOCKBYID  状态200
[福城建设-接口监控平台]:方法POST  路径/shop/GETSHOPBYID  状态200
[福城建设-接口监控平台]:方法POST  路径/stock/GETSTOCKBYID  状态200
[福城建设-接口监控平台]:方法POST  路径/shop/GETSHOPBYID  状态200
[福城建设-接口监控平台]:方法POST  路径/stock/GETSTOCKBYID  状态200
[福城建设-接口监控平台]:方法POST  路径/shop/GETSHOPBYID  状态200
[福城建设-接口监控平台]:方法POST  路径/stock/GETSTOCKBYID  状态200
[福城建设-接口监控平台]:方法POST  路径/shop/GETSHOPBYID  状态200
[福城建设-接口监控平台]:方法POST  路径/stock/GETSTOCKBYID  状态200
[福城建设-接口监控平台]:方法POST  路径/stock/DELETESTOCK  状态200
[福城建设-接口监控平台]:方法POST  路径/stock/DELETESTOCK  状态200
[福城建设-接口监控平台]:方法POST  路径/shop/GETSHOPBYID  状态200
[福城建设-接口监控平台]:方法POST  路径/stock/GETSTOCKBYID  状态200
[福城建设-接口监控平台]:方法POST  路径/shop/GETSHOPBYID  状态200
[福城建设-接口监控平台]:方法POST  路径/stock/GETSTOCKBYID  状态200
[福城建设-接口监控平台]:方法POST  路径/stock/UPDATESTOCK  状态200
[福城建设-接口监控平台]:方法POST  路径/stock/GETSTOCKBYID  状态200
[福城建设-接口监控平台]:方法POST  路径/stock/DELETESTOCK  状态200
[福城建设-接口监控平台]:方法POST  路径/stock/GETSTOCKBYID  状态200
[福城建设-接口监控平台]:方法POST  路径/stock/DELETESTOCK  状态200
[福城建设-接口监控平台]:方法POST  路径/stock/GETSTOCKBYID  状态200
[福城建设-接口监控平台]:方法POST  路径/shop/GETSHOPBYID  状态200
[福城建设-接口监控平台]:方法POST  路径/stock/GETSTOCKBYID  状态200
[福城建设-接口监控平台]:方法POST  路径/stock/DELETESTOCK  状态200
[福城建设-接口监控平台]:方法POST  路径/stock/GETSTOCKBYID  状态200
[福城建设-接口监控平台]:方法POST  路径/login/LOGINU  状态200
[福城建设-接口监控平台]:方法POST  路径/adminlogin/GETADMINSTATE  状态200
[福城建设-接口监控平台]:方法POST  路径/login/GETUSERINFO  状态200
[福城建设-接口监控平台]:方法POST  路径/adminlogin/GETROUTER  状态200
[福城建设-接口监控平台]:方法POST  路径/spec/GETSPECS  状态200
[福城建设-接口监控平台]:方法POST  路径/sort/GETSORTS  状态200
[福城建设-接口监控平台]:方法POST  路径/brand/GETBRANDS  状态200
[福城建设-接口监控平台]:方法POST  路径/shop/GETSHOPS  状态200
[福城建设-接口监控平台]:方法POST  路径/shop/GETSHOPBYID  状态200
[福城建设-接口监控平台]:方法POST  路径/stock/GETSTOCKBYID  状态200
[福城建设-接口监控平台]:方法POST  路径/sort/GETSORTS  状态200
[福城建设-接口监控平台]:方法POST  路径/brand/GETBRANDS  状态200
[福城建设-接口监控平台]:方法POST  路径/shop/GETSHOPS  状态200
[福城建设-接口监控平台]:方法POST  路径/spec/GETSPECS  状态200
[福城建设-接口监控平台]:方法POST  路径/login/LOGINU  状态200
[福城建设-接口监控平台]:方法POST  路径/adminlogin/GETADMINSTATE  状态200
[福城建设-接口监控平台]:方法POST  路径/login/GETUSERINFO  状态200
[福城建设-接口监控平台]:方法POST  路径/adminlogin/GETROUTER  状态200
[福城建设-接口监控平台]:方法POST  路径/brand/GETBRANDS  状态200
[福城建设-接口监控平台]:方法POST  路径/sort/GETSORTS  状态200
[福城建设-接口监控平台]:方法POST  路径/shop/GETSHOPS  状态200
[福城建设-接口监控平台]:方法POST  路径/sort/GETSORTS  状态200
[福城建设-接口监控平台]:方法POST  路径/brand/GETBRANDS  状态200
[福城建设-接口监控平台]:方法POST  路径/shop/GETSHOPS  状态200
[福城建设-接口监控平台]:方法POST  路径/sort/GETSORTS  状态200
[福城建设-接口监控平台]:方法POST  路径/brand/GETBRANDS  状态200
[福城建设-接口监控平台]:方法POST  路径/shop/GETSHOPS  状态200
[福城建设-接口监控平台]:方法POST  路径/brand/GETBRANDS  状态200
[福城建设-接口监控平台]:方法POST  路径/sort/GETSORTS  状态200
[福城建设-接口监控平台]:方法POST  路径/shop/GETSHOPS  状态200
[福城建设-接口监控平台]:方法POST  路径/sort/GETSORTS  状态200
[福城建设-接口监控平台]:方法POST  路径/brand/GETBRANDS  状态200
[福城建设-接口监控平台]:方法POST  路径/shop/GETSHOPS  状态200
[福城建设-接口监控平台]:方法POST  路径/sort/GETSORTS  状态200
[福城建设-接口监控平台]:方法POST  路径/brand/GETBRANDS  状态200
[福城建设-接口监控平台]:方法POST  路径/shop/GETSHOPS  状态200
[福城建设-接口监控平台]:方法POST  路径/login/LOGINU  状态200
[福城建设-接口监控平台]:方法POST  路径/adminlogin/GETADMINSTATE  状态200
[福城建设-接口监控平台]:方法POST  路径/login/GETUSERINFO  状态200
[福城建设-接口监控平台]:方法POST  路径/adminlogin/GETROUTER  状态200
[福城建设-接口监控平台]:方法POST  路径/sort/GETSORTS  状态200
[福城建设-接口监控平台]:方法POST  路径/brand/GETBRANDS  状态200
[福城建设-接口监控平台]:方法POST  路径/shop/GETSHOPS  状态200
[福城建设-接口监控平台]:方法POST  路径/stock/GETFIXITEMS  状态404
[福城建设-接口监控平台]:方法POST  路径/sort/GETSORTS  状态200
[福城建设-接口监控平台]:方法POST  路径/brand/GETBRANDS  状态200
[福城建设-接口监控平台]:方法POST  路径/stock/GETFIXITEMS  状态404
[福城建设-接口监控平台]:方法POST  路径/brand/GETBRANDS  状态200
[福城建设-接口监控平台]:方法POST  路径/sort/GETSORTS  状态200
[福城建设-接口监控平台]:方法POST  路径/stock/GETFIXITEMS  状态404
[福城建设-接口监控平台]:方法POST  路径/sort/GETSORTS  状态200
[福城建设-接口监控平台]:方法POST  路径/brand/GETBRANDS  状态200
[福城建设-接口监控平台]:方法POST  路径/stock/GETFIXITEMS  状态404
[福城建设-接口监控平台]:方法POST  路径/sort/GETSORTS  状态200
[福城建设-接口监控平台]:方法POST  路径/brand/GETBRANDS  状态200
[福城建设-接口监控平台]:方法POST  路径/fixitem/GETFIXITEMS  状态500
[福城建设-接口监控平台]:方法POST  路径/sort/GETSORTS  状态200
[福城建设-接口监控平台]:方法POST  路径/brand/GETBRANDS  状态200
[福城建设-接口监控平台]:方法POST  路径/sort/GETSORTS  状态200
[福城建设-接口监控平台]:方法POST  路径/brand/GETBRANDS  状态200
[福城建设-接口监控平台]:方法POST  路径/fixitem/GETFIXITEMS  状态200
[福城建设-接口监控平台]:方法POST  路径/sort/GETSORTS  状态200
[福城建设-接口监控平台]:方法POST  路径/brand/GETBRANDS  状态200
[福城建设-接口监控平台]:方法POST  路径/fixitem/GETFIXITEMS  状态200
[福城建设-接口监控平台]:方法POST  路径/sort/GETSORTS  状态200
[福城建设-接口监控平台]:方法POST  路径/fixitem/GETFIXITEMS  状态200
[福城建设-接口监控平台]:方法POST  路径/brand/GETBRANDS  状态200
[福城建设-接口监控平台]:方法POST  路径/fixitem/GETFIXITEMS  状态200
[福城建设-接口监控平台]:方法POST  路径/sort/GETSORTS  状态200
[福城建设-接口监控平台]:方法POST  路径/brand/GETBRANDS  状态200
[福城建设-接口监控平台]:方法POST  路径/sort/GETSORTS  状态200
[福城建设-接口监控平台]:方法POST  路径/brand/GETBRANDS  状态200
[福城建设-接口监控平台]:方法POST  路径/fixitem/GETFIXITEMS  状态200
[福城建设-接口监控平台]:方法POST  路径/sort/GETSORTS  状态200
[福城建设-接口监控平台]:方法POST  路径/fixitem/GETFIXITEMS  状态200
[福城建设-接口监控平台]:方法POST  路径/brand/GETBRANDS  状态200
[福城建设-接口监控平台]:方法POST  路径/fixitem/GETFIXITEMS  状态200
[福城建设-接口监控平台]:方法POST  路径/sort/GETSORTS  状态200
[福城建设-接口监控平台]:方法POST  路径/brand/GETBRANDS  状态200
[福城建设-接口监控平台]:方法POST  路径/sort/GETSORTS  状态200
[福城建设-接口监控平台]:方法POST  路径/fixitem/GETFIXITEMS  状态200
[福城建设-接口监控平台]:方法POST  路径/brand/GETBRANDS  状态200
[福城建设-接口监控平台]:方法POST  路径/sort/GETSORTS  状态200
[福城建设-接口监控平台]:方法POST  路径/fixitem/GETFIXITEMS  状态200
[福城建设-接口监控平台]:方法POST  路径/brand/GETBRANDS  状态200
[福城建设-接口监控平台]:方法POST  路径/fixitem/GETFIXITEMS  状态200
[福城建设-接口监控平台]:方法POST  路径/fixitem/GETFIXITEMS  状态200
[福城建设-接口监控平台]:方法POST  路径/fixitem/GETFIXITEMS  状态200
[福城建设-接口监控平台]:方法POST  路径/fixitem/GETFIXITEMS  状态200
[福城建设-接口监控平台]:方法POST  路径/fixitem/GETFIXITEMS  状态200
[福城建设-接口监控平台]:方法POST  路径/fixitem/GETFIXITEMS  状态200
[福城建设-接口监控平台]:方法POST  路径/login/LOGINU  状态200
[福城建设-接口监控平台]:方法POST  路径/adminlogin/GETADMINSTATE  状态200
[福城建设-接口监控平台]:方法POST  路径/login/GETUSERINFO  状态200
[福城建设-接口监控平台]:方法POST  路径/adminlogin/GETROUTER  状态200
[福城建设-接口监控平台]:方法POST  路径/login/LOGINU  状态200
[福城建设-接口监控平台]:方法POST  路径/adminlogin/GETADMINSTATE  状态200
[福城建设-接口监控平台]:方法POST  路径/login/GETUSERINFO  状态200
[福城建设-接口监控平台]:方法POST  路径/adminlogin/GETROUTER  状态200
[福城建设-接口监控平台]:方法POST  路径/fixitemsort/GETSORTS  状态404
[福城建设-接口监控平台]:方法POST  路径/fixitemsort/GETSORTS  状态404
[福城建设-接口监控平台]:方法POST  路径/fixitemsort/GETSORTS  状态404
[福城建设-接口监控平台]:方法POST  路径/fixitemsort/GETSORTS  状态404
[福城建设-接口监控平台]:方法POST  路径/fixitemsort/GETSORTS  状态404
[福城建设-接口监控平台]:方法POST  路径/fixitemsort/GETSORTS  状态200
[福城建设-接口监控平台]:方法POST  路径/fixitemsort/GETSORTS  状态200
[福城建设-接口监控平台]:方法POST  路径/fixitemsort/ADDSORT  状态200
[福城建设-接口监控平台]:方法POST  路径/login/LOGINU  状态200
[福城建设-接口监控平台]:方法POST  路径/adminlogin/GETADMINSTATE  状态200
[福城建设-接口监控平台]:方法POST  路径/login/GETUSERINFO  状态200
[福城建设-接口监控平台]:方法POST  路径/adminlogin/GETROUTER  状态200
[福城建设-接口监控平台]:方法POST  路径/fixitemsort/ADDSORT  状态200
[福城建设-接口监控平台]:方法POST  路径/login/LOGINU  状态200
[福城建设-接口监控平台]:方法POST  路径/adminlogin/GETADMINSTATE  状态200
[福城建设-接口监控平台]:方法POST  路径/login/GETUSERINFO  状态200
[福城建设-接口监控平台]:方法POST  路径/adminlogin/GETROUTER  状态200
[福城建设-接口监控平台]:方法POST  路径/fixitemsort/ADDSORT  状态200
[福城建设-接口监控平台]:方法POST  路径/fixitemsort/GETSORTS  状态200
[福城建设-接口监控平台]:方法POST  路径/fixitem/GETFIXITEMS  状态200
[福城建设-接口监控平台]:方法POST  路径/fixitem/GETFIXITEMS  状态200
[福城建设-接口监控平台]:方法POST  路径/fixitem/GETFIXITEMS  状态200
[福城建设-接口监控平台]:方法POST  路径/fixitemsort/GETSORTS  状态200
[福城建设-接口监控平台]:方法POST  路径/fixitemsort/GETSORTS  状态200
[福城建设-接口监控平台]:方法POST  路径/fixitemsort/GETSORTS  状态200
[福城建设-接口监控平台]:方法POST  路径/fixitem/ADDFIXITEM  状态200
[福城建设-接口监控平台]:方法POST  路径/fixitem/GETFIXITEMS  状态200
[福城建设-接口监控平台]:方法POST  路径/fixitem/GETFIXITEMS  状态200
[福城建设-接口监控平台]:方法POST  路径/fixitemsort/GETSORTS  状态200
[福城建设-接口监控平台]:方法POST  路径/fixitem/GETFIXITEMS  状态200
[福城建设-接口监控平台]:方法POST  路径/fixitemsort/GETSORTS  状态200
[福城建设-接口监控平台]:方法POST  路径/fixitem/GETFIXITEMS  状态200
[福城建设-接口监控平台]:方法POST  路径/fixitemsort/GETSORTS  状态200
[福城建设-接口监控平台]:方法POST  路径/fixitem/ADDFIXITEM  状态200
[福城建设-接口监控平台]:方法POST  路径/fixitem/GETFIXITEMS  状态200
[福城建设-接口监控平台]:方法POST  路径/fixitem/GETFIXITEMS  状态200
[福城建设-接口监控平台]:方法POST  路径/fixitem/GETFIXITEMS  状态200
[福城建设-接口监控平台]:方法POST  路径/fixitem/GETFIXITEMS  状态200
[福城建设-接口监控平台]:方法POST  路径/fixitemsort/GETSORTS  状态200
[福城建设-接口监控平台]:方法POST  路径/fixitem/GETFIXITEMS  状态200
[福城建设-接口监控平台]:方法POST  路径/fixitem/GETFIXITEMS  状态200
[福城建设-接口监控平台]:方法POST  路径/fixitemsort/GETSORTS  状态200
[福城建设-接口监控平台]:方法POST  路径/fixitem/GETFIXITEMS  状态200
[福城建设-接口监控平台]:方法POST  路径/fixitemsort/GETSORTS  状态200
[福城建设-接口监控平台]:方法POST  路径/fixitem/GETFIXITEMS  状态200
[福城建设-接口监控平台]:方法POST  路径/fixitem/GETFIXITEMS  状态200
[福城建设-接口监控平台]:方法POST  路径/fixitem/GETFIXITEMS  状态200
[福城建设-接口监控平台]:方法POST  路径/fixitemsort/GETSORTS  状态200
[福城建设-接口监控平台]:方法POST  路径/fixitemsort/GETSORTS  状态200
[福城建设-接口监控平台]:方法POST  路径/fixitem/GETFIXITEMS  状态200
[福城建设-接口监控平台]:方法POST  路径/fixitem/GETFIXITEMS  状态200
[福城建设-接口监控平台]:方法POST  路径/fixitemsort/GETSORTS  状态200
[福城建设-接口监控平台]:方法POST  路径/fixitem/GETFIXITEMS  状态200
[福城建设-接口监控平台]:方法POST  路径/fixitemsort/GETSORTS  状态200
[福城建设-接口监控平台]:方法POST  路径/fixitem/GETFIXITEMBYID  状态200
[福城建设-接口监控平台]:方法POST  路径/fixitemsort/GETSORTS  状态200
[福城建设-接口监控平台]:方法POST  路径/fixitem/GETFIXITEMBYID  状态200
[福城建设-接口监控平台]:方法POST  路径/fixitemsort/GETSORTS  状态200
[福城建设-接口监控平台]:方法POST  路径/fixitem/UPDATEFIXITEM  状态200
[福城建设-接口监控平台]:方法POST  路径/login/LOGINU  状态200
[福城建设-接口监控平台]:方法POST  路径/adminlogin/GETADMINSTATE  状态200
[福城建设-接口监控平台]:方法POST  路径/login/GETUSERINFO  状态200
[福城建设-接口监控平台]:方法POST  路径/adminlogin/GETROUTER  状态200
[福城建设-接口监控平台]:方法POST  路径/fixitem/GETFIXITEMS  状态200
[福城建设-接口监控平台]:方法POST  路径/fixitemsort/GETSORTS  状态200
[福城建设-接口监控平台]:方法POST  路径/fixitem/GETFIXITEMBYID  状态200
[福城建设-接口监控平台]:方法POST  路径/fixitemsort/GETSORTS  状态200
[福城建设-接口监控平台]:方法POST  路径/fixitem/UPDATEFIXITEM  状态200
[福城建设-接口监控平台]:方法POST  路径/fixitem/GETFIXITEMS  状态200
[福城建设-接口监控平台]:方法POST  路径/fixitemsort/GETSORTS  状态200
[福城建设-接口监控平台]:方法POST  路径/fixitem/GETFIXITEMBYID  状态200
[福城建设-接口监控平台]:方法POST  路径/fixitemsort/GETSORTS  状态200
[福城建设-接口监控平台]:方法POST  路径/fixitem/GETFIXITEMS  状态200
[福城建设-接口监控平台]:方法POST  路径/fixitem/GETFIXITEMS  状态200
[福城建设-接口监控平台]:方法POST  路径/fixitem/GETFIXITEMS  状态200
[福城建设-接口监控平台]:方法POST  路径/fixitemsort/GETSORTS  状态200
[福城建设-接口监控平台]:方法POST  路径/fixitemsort/GETSORTS  状态200
[福城建设-接口监控平台]:方法POST  路径/fixitemsort/GETSORTS  状态200
[福城建设-接口监控平台]:方法POST  路径/fixitem/ADDFIXITEM  状态200
[福城建设-接口监控平台]:方法POST  路径/login/LOGINU  状态200
[福城建设-接口监控平台]:方法POST  路径/adminlogin/GETADMINSTATE  状态200
[福城建设-接口监控平台]:方法POST  路径/login/GETUSERINFO  状态200
[福城建设-接口监控平台]:方法POST  路径/adminlogin/GETROUTER  状态200
[福城建设-接口监控平台]:方法POST  路径/fixitemsort/GETSORTS  状态200
[福城建设-接口监控平台]:方法POST  路径/fixitem/GETFIXITEMS  状态200
[福城建设-接口监控平台]:方法POST  路径/fixitemsort/GETSORTS  状态200
[福城建设-接口监控平台]:方法POST  路径/fixitem/ADDFIXITEM  状态200
[福城建设-接口监控平台]:方法POST  路径/fixitem/GETFIXITEMS  状态200
[福城建设-接口监控平台]:方法POST  路径/fixitem/GETFIXITEMS  状态200
[福城建设-接口监控平台]:方法POST  路径/fixitem/GETFIXITEMS  状态200
[福城建设-接口监控平台]:方法POST  路径/fixitemsort/GETSORTS  状态200
